<?xml version="1.0" encoding="UTF-8"?>
<testsuite name="io.github.thisisnozaku.charactercreator.controllers.IndexControllerTest" tests="1" skipped="0" failures="1" errors="0" timestamp="2015-11-17T20:44:19" hostname="DamienLaptop-PC" time="0.222">
  <properties/>
  <testcase name="testGettingIndexUnauthenticated" classname="io.github.thisisnozaku.charactercreator.controllers.IndexControllerTest" time="0.222">
    <failure message="java.lang.AssertionError" type="java.lang.AssertionError">java.lang.AssertionError
	at org.junit.Assert.fail(Assert.java:86)
	at org.junit.Assert.assertTrue(Assert.java:41)
	at org.junit.Assert.assertTrue(Assert.java:52)
	at io.github.thisisnozaku.charactercreator.controllers.IndexControllerTest.testGettingIndexUnauthenticated(IndexControllerTest.java:59)
	at sun.reflect.NativeMethodAccessorImpl.invoke0(Native Method)
	at sun.reflect.NativeMethodAccessorImpl.invoke(NativeMethodAccessorImpl.java:62)
	at sun.reflect.DelegatingMethodAccessorImpl.invoke(DelegatingMethodAccessorImpl.java:43)
	at java.lang.reflect.Method.invoke(Method.java:483)
	at org.junit.runners.model.FrameworkMethod$1.runReflectiveCall(FrameworkMethod.java:50)
	at org.junit.internal.runners.model.ReflectiveCallable.run(ReflectiveCallable.java:12)
	at org.junit.runners.model.FrameworkMethod.invokeExplosively(FrameworkMethod.java:47)
	at org.junit.internal.runners.statements.InvokeMethod.evaluate(InvokeMethod.java:17)
	at org.junit.internal.runners.statements.RunBefores.evaluate(RunBefores.java:26)
	at org.springframework.test.context.junit4.statements.RunBeforeTestMethodCallbacks.evaluate(RunBeforeTestMethodCallbacks.java:75)
	at org.springframework.test.context.junit4.statements.RunAfterTestMethodCallbacks.evaluate(RunAfterTestMethodCallbacks.java:86)
	at org.springframework.test.context.junit4.statements.SpringRepeat.evaluate(SpringRepeat.java:70)
	at org.junit.runners.ParentRunner.runLeaf(ParentRunner.java:325)
	at org.springframework.test.context.junit4.SpringJUnit4ClassRunner.runChild(SpringJUnit4ClassRunner.java:224)
	at org.springframework.test.context.junit4.SpringJUnit4ClassRunner.runChild(SpringJUnit4ClassRunner.java:83)
	at org.junit.runners.ParentRunner$3.run(ParentRunner.java:290)
	at org.junit.runners.ParentRunner$1.schedule(ParentRunner.java:71)
	at org.junit.runners.ParentRunner.runChildren(ParentRunner.java:288)
	at org.junit.runners.ParentRunner.access$000(ParentRunner.java:58)
	at org.junit.runners.ParentRunner$2.evaluate(ParentRunner.java:268)
	at org.springframework.test.context.junit4.statements.RunBeforeTestClassCallbacks.evaluate(RunBeforeTestClassCallbacks.java:61)
	at org.springframework.test.context.junit4.statements.RunAfterTestClassCallbacks.evaluate(RunAfterTestClassCallbacks.java:70)
	at org.junit.runners.ParentRunner.run(ParentRunner.java:363)
	at org.springframework.test.context.junit4.SpringJUnit4ClassRunner.run(SpringJUnit4ClassRunner.java:163)
	at org.gradle.api.internal.tasks.testing.junit.JUnitTestClassExecuter.runTestClass(JUnitTestClassExecuter.java:105)
	at org.gradle.api.internal.tasks.testing.junit.JUnitTestClassExecuter.execute(JUnitTestClassExecuter.java:56)
	at org.gradle.api.internal.tasks.testing.junit.JUnitTestClassProcessor.processTestClass(JUnitTestClassProcessor.java:64)
	at org.gradle.api.internal.tasks.testing.SuiteTestClassProcessor.processTestClass(SuiteTestClassProcessor.java:50)
	at sun.reflect.NativeMethodAccessorImpl.invoke0(Native Method)
	at sun.reflect.NativeMethodAccessorImpl.invoke(NativeMethodAccessorImpl.java:62)
	at sun.reflect.DelegatingMethodAccessorImpl.invoke(DelegatingMethodAccessorImpl.java:43)
	at java.lang.reflect.Method.invoke(Method.java:483)
	at org.gradle.messaging.dispatch.ReflectionDispatch.dispatch(ReflectionDispatch.java:35)
	at org.gradle.messaging.dispatch.ReflectionDispatch.dispatch(ReflectionDispatch.java:24)
	at org.gradle.messaging.dispatch.ContextClassLoaderDispatch.dispatch(ContextClassLoaderDispatch.java:32)
	at org.gradle.messaging.dispatch.ProxyDispatchAdapter$DispatchingInvocationHandler.invoke(ProxyDispatchAdapter.java:93)
	at com.sun.proxy.$Proxy2.processTestClass(Unknown Source)
	at org.gradle.api.internal.tasks.testing.worker.TestWorker.processTestClass(TestWorker.java:106)
	at sun.reflect.NativeMethodAccessorImpl.invoke0(Native Method)
	at sun.reflect.NativeMethodAccessorImpl.invoke(NativeMethodAccessorImpl.java:62)
	at sun.reflect.DelegatingMethodAccessorImpl.invoke(DelegatingMethodAccessorImpl.java:43)
	at java.lang.reflect.Method.invoke(Method.java:483)
	at org.gradle.messaging.dispatch.ReflectionDispatch.dispatch(ReflectionDispatch.java:35)
	at org.gradle.messaging.dispatch.ReflectionDispatch.dispatch(ReflectionDispatch.java:24)
	at org.gradle.messaging.remote.internal.hub.MessageHub$Handler.run(MessageHub.java:360)
	at org.gradle.internal.concurrent.ExecutorPolicy$CatchAndRecordFailures.onExecute(ExecutorPolicy.java:54)
	at org.gradle.internal.concurrent.StoppableExecutorImpl$1.run(StoppableExecutorImpl.java:40)
	at java.util.concurrent.ThreadPoolExecutor.runWorker(ThreadPoolExecutor.java:1142)
	at java.util.concurrent.ThreadPoolExecutor$Worker.run(ThreadPoolExecutor.java:617)
	at java.lang.Thread.run(Thread.java:745)
</failure>
  </testcase>
  <system-out><![CDATA[15:44:05.086 [Test worker] DEBUG o.s.t.c.j.SpringJUnit4ClassRunner - SpringJUnit4ClassRunner constructor called with [class io.github.thisisnozaku.charactercreator.controllers.IndexControllerTest]
15:44:05.101 [Test worker] DEBUG o.s.test.context.BootstrapUtils - Instantiating TestContextBootstrapper from class [org.springframework.test.context.web.WebTestContextBootstrapper]
15:44:05.174 [Test worker] DEBUG o.s.t.c.s.AbstractDelegatingSmartContextLoader - Delegating to AnnotationConfigWebContextLoader to process context configuration [ContextConfigurationAttributes@1ac0452b declaringClass = 'io.github.thisisnozaku.charactercreator.controllers.IndexControllerTest', classes = '{class io.github.thisisnozaku.charactercreator.NeoneCoreApplication}', locations = '{}', inheritLocations = true, initializers = '{}', inheritInitializers = true, name = [null], contextLoaderClass = 'org.springframework.test.context.ContextLoader'].
15:44:05.179 [Test worker] DEBUG o.s.t.c.support.ActiveProfilesUtils - Could not find an 'annotation declaring class' for annotation type [org.springframework.test.context.ActiveProfiles] and class [io.github.thisisnozaku.charactercreator.controllers.IndexControllerTest]
15:44:05.189 [Test worker] DEBUG o.s.t.c.w.WebTestContextBootstrapper - @TestExecutionListeners is not present for class [io.github.thisisnozaku.charactercreator.controllers.IndexControllerTest]: using defaults.
15:44:05.209 [Test worker] INFO  o.s.t.c.w.WebTestContextBootstrapper - Loaded default TestExecutionListener class names from location [META-INF/spring.factories]: [org.springframework.test.context.web.ServletTestExecutionListener, org.springframework.test.context.support.DependencyInjectionTestExecutionListener, org.springframework.test.context.support.DirtiesContextTestExecutionListener, org.springframework.test.context.transaction.TransactionalTestExecutionListener, org.springframework.test.context.jdbc.SqlScriptsTestExecutionListener]
15:44:05.270 [Test worker] INFO  o.s.t.c.w.WebTestContextBootstrapper - Using TestExecutionListeners: [org.springframework.test.context.web.ServletTestExecutionListener@7e53998f, org.springframework.test.context.support.DependencyInjectionTestExecutionListener@588de2b5, org.springframework.test.context.support.DirtiesContextTestExecutionListener@1713b4, org.springframework.test.context.transaction.TransactionalTestExecutionListener@2b868390, org.springframework.test.context.jdbc.SqlScriptsTestExecutionListener@497be88e]
15:44:05.287 [Test worker] DEBUG o.s.t.annotation.ProfileValueUtils - Retrieved @ProfileValueSourceConfiguration [null] for test class [io.github.thisisnozaku.charactercreator.controllers.IndexControllerTest]
15:44:05.292 [Test worker] DEBUG o.s.t.annotation.ProfileValueUtils - Retrieved ProfileValueSource type [class org.springframework.test.annotation.SystemProfileValueSource] for class [io.github.thisisnozaku.charactercreator.controllers.IndexControllerTest]
15:44:05.294 [Test worker] DEBUG o.s.t.annotation.ProfileValueUtils - Retrieved @ProfileValueSourceConfiguration [null] for test class [io.github.thisisnozaku.charactercreator.controllers.IndexControllerTest]
15:44:05.294 [Test worker] DEBUG o.s.t.annotation.ProfileValueUtils - Retrieved ProfileValueSource type [class org.springframework.test.annotation.SystemProfileValueSource] for class [io.github.thisisnozaku.charactercreator.controllers.IndexControllerTest]
15:44:05.299 [Test worker] DEBUG o.s.t.annotation.ProfileValueUtils - Retrieved @ProfileValueSourceConfiguration [null] for test class [io.github.thisisnozaku.charactercreator.controllers.IndexControllerTest]
15:44:05.300 [Test worker] DEBUG o.s.t.annotation.ProfileValueUtils - Retrieved ProfileValueSource type [class org.springframework.test.annotation.SystemProfileValueSource] for class [io.github.thisisnozaku.charactercreator.controllers.IndexControllerTest]
15:44:05.304 [Test worker] DEBUG o.s.t.c.s.AbstractDelegatingSmartContextLoader - Delegating to AnnotationConfigWebContextLoader to load context from [WebMergedContextConfiguration@74bdc681 testClass = IndexControllerTest, locations = '{}', classes = '{class io.github.thisisnozaku.charactercreator.NeoneCoreApplication}', contextInitializerClasses = '[]', activeProfiles = '{}', propertySourceLocations = '{}', propertySourceProperties = '{}', resourceBasePath = 'src/main/webapp', contextLoader = 'org.springframework.test.context.web.WebDelegatingSmartContextLoader', parent = [null]].
15:44:05.306 [Test worker] DEBUG o.s.t.c.w.AbstractGenericWebContextLoader - Loading WebApplicationContext for merged context configuration [WebMergedContextConfiguration@74bdc681 testClass = IndexControllerTest, locations = '{}', classes = '{class io.github.thisisnozaku.charactercreator.NeoneCoreApplication}', contextInitializerClasses = '[]', activeProfiles = '{}', propertySourceLocations = '{}', propertySourceProperties = '{}', resourceBasePath = 'src/main/webapp', contextLoader = 'org.springframework.test.context.web.WebDelegatingSmartContextLoader', parent = [null]].
15:44:05.576 [Test worker] DEBUG o.s.w.c.s.StandardServletEnvironment - Adding [servletConfigInitParams] PropertySource with lowest search precedence
15:44:05.577 [Test worker] DEBUG o.s.w.c.s.StandardServletEnvironment - Adding [servletContextInitParams] PropertySource with lowest search precedence
15:44:05.586 [Test worker] DEBUG o.s.w.c.s.StandardServletEnvironment - Adding [systemProperties] PropertySource with lowest search precedence
15:44:05.595 [Test worker] DEBUG o.s.w.c.s.StandardServletEnvironment - Adding [systemEnvironment] PropertySource with lowest search precedence
15:44:05.595 [Test worker] DEBUG o.s.w.c.s.StandardServletEnvironment - Initialized StandardServletEnvironment with PropertySources [servletConfigInitParams,servletContextInitParams,systemProperties,systemEnvironment]
15:44:05.596 [Test worker] DEBUG o.s.t.c.w.AnnotationConfigWebContextLoader - Registering annotated classes: {class io.github.thisisnozaku.charactercreator.NeoneCoreApplication}
15:44:05.712 [Test worker] INFO  o.s.w.c.s.GenericWebApplicationContext - Refreshing org.springframework.web.context.support.GenericWebApplicationContext@69735d79: startup date [Tue Nov 17 15:44:05 EST 2015]; root of context hierarchy
15:44:05.724 [Test worker] DEBUG o.s.w.c.s.StandardServletEnvironment - Replacing [servletContextInitParams] PropertySource with [servletContextInitParams]
15:44:05.725 [Test worker] DEBUG o.s.w.c.s.GenericWebApplicationContext - Bean factory for org.springframework.web.context.support.GenericWebApplicationContext@69735d79: org.springframework.beans.factory.support.DefaultListableBeanFactory@447e689b: defining beans [org.springframework.context.annotation.internalConfigurationAnnotationProcessor,org.springframework.context.annotation.internalAutowiredAnnotationProcessor,org.springframework.context.annotation.internalRequiredAnnotationProcessor,org.springframework.context.annotation.internalCommonAnnotationProcessor,org.springframework.context.annotation.internalPersistenceAnnotationProcessor,neoneCoreApplication]; root of factory hierarchy
15:44:05.759 [Test worker] DEBUG o.s.b.f.s.DefaultListableBeanFactory - Registering scope 'request' with implementation [org.springframework.web.context.request.RequestScope@600c8898]
15:44:05.760 [Test worker] DEBUG o.s.b.f.s.DefaultListableBeanFactory - Registering scope 'session' with implementation [org.springframework.web.context.request.SessionScope@39fe436]
15:44:05.761 [Test worker] DEBUG o.s.b.f.s.DefaultListableBeanFactory - Registering scope 'globalSession' with implementation [org.springframework.web.context.request.SessionScope@7d3f495]
15:44:05.762 [Test worker] DEBUG o.s.b.f.s.DefaultListableBeanFactory - Registering scope 'application' with implementation [org.springframework.web.context.support.ServletContextScope@4aace956]
15:44:05.826 [Test worker] DEBUG o.s.b.f.s.DefaultListableBeanFactory - Creating shared instance of singleton bean 'org.springframework.context.annotation.internalConfigurationAnnotationProcessor'
15:44:05.827 [Test worker] DEBUG o.s.b.f.s.DefaultListableBeanFactory - Creating instance of bean 'org.springframework.context.annotation.internalConfigurationAnnotationProcessor'
15:44:05.915 [Test worker] DEBUG o.s.b.f.s.DefaultListableBeanFactory - Eagerly caching bean 'org.springframework.context.annotation.internalConfigurationAnnotationProcessor' to allow for resolving potential circular references
15:44:05.920 [Test worker] DEBUG o.s.b.f.s.DefaultListableBeanFactory - Finished creating instance of bean 'org.springframework.context.annotation.internalConfigurationAnnotationProcessor'
15:44:05.990 [Test worker] DEBUG o.s.core.env.StandardEnvironment - Adding [systemProperties] PropertySource with lowest search precedence
15:44:05.991 [Test worker] DEBUG o.s.core.env.StandardEnvironment - Adding [systemEnvironment] PropertySource with lowest search precedence
15:44:05.991 [Test worker] DEBUG o.s.core.env.StandardEnvironment - Initialized StandardEnvironment with PropertySources [systemProperties,systemEnvironment]
15:44:05.996 [Test worker] DEBUG o.s.c.a.ClassPathBeanDefinitionScanner - JSR-250 'javax.annotation.ManagedBean' found and supported for component scanning
15:44:06.002 [Test worker] DEBUG o.s.c.a.ClassPathBeanDefinitionScanner - JSR-330 'javax.inject.Named' annotation found and supported for component scanning
15:44:06.037 [Test worker] DEBUG o.s.c.i.s.PathMatchingResourcePatternResolver - Looking for matching resources in directory tree [C:\Users\Damien\IdeaProjects\neone-core\build\classes\test\io\github\thisisnozaku\charactercreator]
15:44:06.038 [Test worker] DEBUG o.s.c.i.s.PathMatchingResourcePatternResolver - Searching directory [C:\Users\Damien\IdeaProjects\neone-core\build\classes\test\io\github\thisisnozaku\charactercreator] for files matching pattern [C:/Users/Damien/IdeaProjects/neone-core/build/classes/test/io/github/thisisnozaku/charactercreator/**/*.class]
15:44:06.042 [Test worker] DEBUG o.s.c.i.s.PathMatchingResourcePatternResolver - Searching directory [C:\Users\Damien\IdeaProjects\neone-core\build\classes\test\io\github\thisisnozaku\charactercreator\controllers] for files matching pattern [C:/Users/Damien/IdeaProjects/neone-core/build/classes/test/io/github/thisisnozaku/charactercreator/**/*.class]
15:44:06.046 [Test worker] DEBUG o.s.c.i.s.PathMatchingResourcePatternResolver - Looking for matching resources in directory tree [C:\Users\Damien\IdeaProjects\neone-core\build\classes\main\io\github\thisisnozaku\charactercreator]
15:44:06.047 [Test worker] DEBUG o.s.c.i.s.PathMatchingResourcePatternResolver - Searching directory [C:\Users\Damien\IdeaProjects\neone-core\build\classes\main\io\github\thisisnozaku\charactercreator] for files matching pattern [C:/Users/Damien/IdeaProjects/neone-core/build/classes/main/io/github/thisisnozaku/charactercreator/**/*.class]
15:44:06.048 [Test worker] DEBUG o.s.c.i.s.PathMatchingResourcePatternResolver - Searching directory [C:\Users\Damien\IdeaProjects\neone-core\build\classes\main\io\github\thisisnozaku\charactercreator\config] for files matching pattern [C:/Users/Damien/IdeaProjects/neone-core/build/classes/main/io/github/thisisnozaku/charactercreator/**/*.class]
15:44:06.057 [Test worker] DEBUG o.s.c.i.s.PathMatchingResourcePatternResolver - Searching directory [C:\Users\Damien\IdeaProjects\neone-core\build\classes\main\io\github\thisisnozaku\charactercreator\controllers] for files matching pattern [C:/Users/Damien/IdeaProjects/neone-core/build/classes/main/io/github/thisisnozaku/charactercreator/**/*.class]
15:44:06.060 [Test worker] DEBUG o.s.c.i.s.PathMatchingResourcePatternResolver - Searching directory [C:\Users\Damien\IdeaProjects\neone-core\build\classes\main\io\github\thisisnozaku\charactercreator\data] for files matching pattern [C:/Users/Damien/IdeaProjects/neone-core/build/classes/main/io/github/thisisnozaku/charactercreator/**/*.class]
15:44:06.061 [Test worker] DEBUG o.s.c.i.s.PathMatchingResourcePatternResolver - Searching directory [C:\Users\Damien\IdeaProjects\neone-core\build\classes\main\io\github\thisisnozaku\charactercreator\model] for files matching pattern [C:/Users/Damien/IdeaProjects/neone-core/build/classes/main/io/github/thisisnozaku/charactercreator/**/*.class]
15:44:06.074 [Test worker] DEBUG o.s.c.i.s.PathMatchingResourcePatternResolver - Resolved location pattern [classpath*:io/github/thisisnozaku/charactercreator/**/*.class] to resources [file [C:\Users\Damien\IdeaProjects\neone-core\build\classes\test\io\github\thisisnozaku\charactercreator\controllers\IndexControllerTest.class], file [C:\Users\Damien\IdeaProjects\neone-core\build\classes\main\io\github\thisisnozaku\charactercreator\config\MongoConfig.class], file [C:\Users\Damien\IdeaProjects\neone-core\build\classes\main\io\github\thisisnozaku\charactercreator\controllers\GameController.class], file [C:\Users\Damien\IdeaProjects\neone-core\build\classes\main\io\github\thisisnozaku\charactercreator\controllers\IndexController.class], file [C:\Users\Damien\IdeaProjects\neone-core\build\classes\main\io\github\thisisnozaku\charactercreator\data\AccountRepository.class], file [C:\Users\Damien\IdeaProjects\neone-core\build\classes\main\io\github\thisisnozaku\charactercreator\model\User.class], file [C:\Users\Damien\IdeaProjects\neone-core\build\classes\main\io\github\thisisnozaku\charactercreator\NeoneCoreApplication.class]]
15:44:06.145 [Test worker] DEBUG o.s.c.a.ClassPathBeanDefinitionScanner - Identified candidate component class: file [C:\Users\Damien\IdeaProjects\neone-core\build\classes\main\io\github\thisisnozaku\charactercreator\controllers\GameController.class]
15:44:06.147 [Test worker] DEBUG o.s.c.a.ClassPathBeanDefinitionScanner - Identified candidate component class: file [C:\Users\Damien\IdeaProjects\neone-core\build\classes\main\io\github\thisisnozaku\charactercreator\controllers\IndexController.class]
15:44:06.515 [Test worker] DEBUG o.s.c.e.PropertySourcesPropertyResolver - Searching for key 'spring.messages.basename' in [servletConfigInitParams]
15:44:06.516 [Test worker] DEBUG o.s.c.e.PropertySourcesPropertyResolver - Searching for key 'spring.messages.basename' in [servletContextInitParams]
15:44:06.516 [Test worker] DEBUG o.s.c.e.PropertySourcesPropertyResolver - Searching for key 'spring.messages.basename' in [systemProperties]
15:44:06.516 [Test worker] DEBUG o.s.c.e.PropertySourcesPropertyResolver - Searching for key 'spring.messages.basename' in [systemEnvironment]
15:44:06.516 [Test worker] DEBUG o.s.c.e.PropertySourcesPropertyResolver - Could not find key 'spring.messages.basename' in any property source. Returning [null]
15:44:06.669 [Test worker] DEBUG o.s.c.i.s.PathMatchingResourcePatternResolver - Looking for matching resources in directory tree [C:\Users\Damien\IdeaProjects\neone-core\build\classes\test]
15:44:06.669 [Test worker] DEBUG o.s.c.i.s.PathMatchingResourcePatternResolver - Searching directory [C:\Users\Damien\IdeaProjects\neone-core\build\classes\test] for files matching pattern [C:/Users/Damien/IdeaProjects/neone-core/build/classes/test/messages*.properties]
15:44:06.670 [Test worker] DEBUG o.s.c.i.s.PathMatchingResourcePatternResolver - Looking for matching resources in directory tree [C:\Users\Damien\IdeaProjects\neone-core\build\classes\main]
15:44:06.671 [Test worker] DEBUG o.s.c.i.s.PathMatchingResourcePatternResolver - Searching directory [C:\Users\Damien\IdeaProjects\neone-core\build\classes\main] for files matching pattern [C:/Users/Damien/IdeaProjects/neone-core/build/classes/main/messages*.properties]
15:44:06.672 [Test worker] DEBUG o.s.c.i.s.PathMatchingResourcePatternResolver - Looking for matching resources in directory tree [C:\Users\Damien\IdeaProjects\neone-core\build\resources\main]
15:44:06.672 [Test worker] DEBUG o.s.c.i.s.PathMatchingResourcePatternResolver - Searching directory [C:\Users\Damien\IdeaProjects\neone-core\build\resources\main] for files matching pattern [C:/Users/Damien/IdeaProjects/neone-core/build/resources/main/messages*.properties]
15:44:06.674 [Test worker] DEBUG o.s.c.i.s.PathMatchingResourcePatternResolver - Looking for matching resources in jar file [file:/C:/Users/Damien/.gradle/caches/2.7/workerMain/gradle-worker.jar]
15:44:06.676 [Test worker] DEBUG o.s.c.i.s.PathMatchingResourcePatternResolver - Looking for matching resources in jar file [file:/C:/Users/Damien/.gradle/caches/modules-2/files-2.1/org.springframework.data/spring-data-mongodb/1.8.1.RELEASE/b90c75c49d1271c06e95ba635b73882237d3c262/spring-data-mongodb-1.8.1.RELEASE.jar]
15:44:06.701 [Test worker] DEBUG o.s.c.i.s.PathMatchingResourcePatternResolver - Looking for matching resources in jar file [file:/C:/Users/Damien/.gradle/caches/modules-2/files-2.1/org.apache.derby/derby/10.12.1.1/75070c744a8e52a7d17b8b476468580309d5cd09/derby-10.12.1.1.jar]
15:44:06.748 [Test worker] DEBUG o.s.c.i.s.PathMatchingResourcePatternResolver - Looking for matching resources in jar file [file:/C:/Users/Damien/.gradle/caches/modules-2/files-2.1/org.aspectj/aspectjrt/1.8.7/c4b70e763194d274477da4da9b05ea913e877268/aspectjrt-1.8.7.jar]
15:44:06.752 [Test worker] DEBUG o.s.c.i.s.PathMatchingResourcePatternResolver - Looking for matching resources in jar file [file:/C:/Users/Damien/.gradle/caches/modules-2/files-2.1/javax.transaction/javax.transaction-api/1.2/d81aff979d603edd90dcd8db2abc1f4ce6479e3e/javax.transaction-api-1.2.jar]
15:44:06.757 [Test worker] DEBUG o.s.c.i.s.PathMatchingResourcePatternResolver - Looking for matching resources in jar file [file:/C:/Users/Damien/.gradle/caches/modules-2/files-2.1/org.springframework.data/spring-data-jpa/1.7.4.RELEASE/922145a12a700b73438b1139dff0e1760de7f712/spring-data-jpa-1.7.4.RELEASE.jar]
15:44:06.763 [Test worker] DEBUG o.s.c.i.s.PathMatchingResourcePatternResolver - Looking for matching resources in jar file [file:/C:/Users/Damien/.gradle/caches/modules-2/files-2.1/org.springframework/spring-aspects/4.1.8.RELEASE/78f15ea237088b92b8ec184c2249544e70a4f7a8/spring-aspects-4.1.8.RELEASE.jar]
15:44:06.765 [Test worker] DEBUG o.s.c.i.s.PathMatchingResourcePatternResolver - Looking for matching resources in jar file [file:/C:/Users/Damien/.gradle/caches/modules-2/files-2.1/com.sun.mail/javax.mail/1.5.4/2dd6b709ca0d35853a6061c83434a9b94533b877/javax.mail-1.5.4.jar]
15:44:06.780 [Test worker] DEBUG o.s.c.i.s.PathMatchingResourcePatternResolver - Looking for matching resources in jar file [file:/C:/Users/Damien/.gradle/caches/modules-2/files-2.1/org.springframework.security/spring-security-config/3.2.8.RELEASE/8802c9514f4e1e65ab1550613b269db1eec900ef/spring-security-config-3.2.8.RELEASE.jar]
15:44:06.784 [Test worker] DEBUG o.s.c.i.s.PathMatchingResourcePatternResolver - Looking for matching resources in jar file [file:/C:/Users/Damien/.gradle/caches/modules-2/files-2.1/org.springframework.security/spring-security-web/3.2.8.RELEASE/55f8d16b6fdfad43eb43e0c3f8b3a269c1997d79/spring-security-web-3.2.8.RELEASE.jar]
15:44:06.793 [Test worker] DEBUG o.s.c.i.s.PathMatchingResourcePatternResolver - Looking for matching resources in jar file [file:/C:/Users/Damien/.gradle/caches/modules-2/files-2.1/org.springframework.social/spring-social-config/1.1.2.RELEASE/baa0f748b2983f96404c57a8e93fe06404dabb84/spring-social-config-1.1.2.RELEASE.jar]
15:44:06.794 [Test worker] DEBUG o.s.c.i.s.PathMatchingResourcePatternResolver - Looking for matching resources in jar file [file:/C:/Users/Damien/.gradle/caches/modules-2/files-2.1/org.springframework.social/spring-social-core/1.1.2.RELEASE/7f4c5965ceb72408278b09d491bb4f7de38b2f8d/spring-social-core-1.1.2.RELEASE.jar]
15:44:06.797 [Test worker] DEBUG o.s.c.i.s.PathMatchingResourcePatternResolver - Looking for matching resources in jar file [file:/C:/Users/Damien/.gradle/caches/modules-2/files-2.1/org.springframework.social/spring-social-web/1.1.2.RELEASE/58959a959e9a55a8dc53d73f33ae3cf7a33943fd/spring-social-web-1.1.2.RELEASE.jar]
15:44:06.801 [Test worker] DEBUG o.s.c.i.s.PathMatchingResourcePatternResolver - Looking for matching resources in jar file [file:/C:/Users/Damien/.gradle/caches/modules-2/files-2.1/org.springframework.social/spring-social-facebook/2.0.2.RELEASE/d7ad18d97aeb322b5381e46c676f5c92e5b1d9a/spring-social-facebook-2.0.2.RELEASE.jar]
15:44:06.806 [Test worker] DEBUG o.s.c.i.s.PathMatchingResourcePatternResolver - Looking for matching resources in jar file [file:/C:/Users/Damien/.gradle/caches/modules-2/files-2.1/org.slf4j/slf4j-api/1.7.13/7fcf30c25b8f4a9379b9dad0d3f487b25272c026/slf4j-api-1.7.13.jar]
15:44:06.807 [Test worker] DEBUG o.s.c.i.s.PathMatchingResourcePatternResolver - Looking for matching resources in jar file [file:/C:/Users/Damien/.gradle/caches/modules-2/files-2.1/org.slf4j/jcl-over-slf4j/1.7.13/d78d2242e14e4182625152d225f76ae52b43491d/jcl-over-slf4j-1.7.13.jar]
15:44:06.818 [Test worker] DEBUG o.s.c.i.s.PathMatchingResourcePatternResolver - Looking for matching resources in jar file [file:/C:/Users/Damien/.gradle/caches/modules-2/files-2.1/junit/junit/4.12/2973d150c0dc1fefe998f834810d68f278ea58ec/junit-4.12.jar]
15:44:06.827 [Test worker] DEBUG o.s.c.i.s.PathMatchingResourcePatternResolver - Looking for matching resources in jar file [file:/C:/Users/Damien/.gradle/caches/modules-2/files-2.1/org.mockito/mockito-core/1.10.19/e8546f5bef4e061d8dd73895b4e8f40e3fe6effe/mockito-core-1.10.19.jar]
15:44:06.844 [Test worker] DEBUG o.s.c.i.s.PathMatchingResourcePatternResolver - Looking for matching resources in jar file [file:/C:/Users/Damien/.gradle/caches/modules-2/files-2.1/org.hamcrest/hamcrest-core/1.3/42a25dc3219429f0e5d060061f71acb49bf010a0/hamcrest-core-1.3.jar]
15:44:06.847 [Test worker] DEBUG o.s.c.i.s.PathMatchingResourcePatternResolver - Looking for matching resources in jar file [file:/C:/Users/Damien/.gradle/caches/modules-2/files-2.1/org.hamcrest/hamcrest-library/1.3/4785a3c21320980282f9f33d0d1264a69040538f/hamcrest-library-1.3.jar]
15:44:06.850 [Test worker] DEBUG o.s.c.i.s.PathMatchingResourcePatternResolver - Looking for matching resources in jar file [file:/C:/Users/Damien/.gradle/caches/modules-2/files-2.1/org.springframework/spring-test/4.1.8.RELEASE/5822c744f47f097e18690155168880f6e0b6151/spring-test-4.1.8.RELEASE.jar]
15:44:06.859 [Test worker] DEBUG o.s.c.i.s.PathMatchingResourcePatternResolver - Looking for matching resources in jar file [file:/C:/Users/Damien/.gradle/caches/modules-2/files-2.1/aopalliance/aopalliance/1.0/235ba8b489512805ac13a8f9ea77a1ca5ebe3e8/aopalliance-1.0.jar]
15:44:06.860 [Test worker] DEBUG o.s.c.i.s.PathMatchingResourcePatternResolver - Looking for matching resources in jar file [file:/C:/Users/Damien/.gradle/caches/modules-2/files-2.1/org.apache.tomcat/tomcat-jdbc/8.0.28/3b322b35a7081d3aa2051d2d8317bdbf09d4853a/tomcat-jdbc-8.0.28.jar]
15:44:06.861 [Test worker] DEBUG o.s.c.i.s.PathMatchingResourcePatternResolver - Looking for matching resources in jar file [file:/C:/Users/Damien/.gradle/caches/modules-2/files-2.1/org.jboss.logging/jboss-logging/3.1.3.GA/64499e907f19e5e1b3fdc02f81440c1832fe3545/jboss-logging-3.1.3.GA.jar]
15:44:06.863 [Test worker] DEBUG o.s.c.i.s.PathMatchingResourcePatternResolver - Looking for matching resources in jar file [file:/C:/Users/Damien/.gradle/caches/modules-2/files-2.1/org.jboss.logging/jboss-logging-annotations/1.2.0.Beta1/2f437f37bb265d9f8f1392823dbca12d2bec06d6/jboss-logging-annotations-1.2.0.Beta1.jar]
15:44:06.864 [Test worker] DEBUG o.s.c.i.s.PathMatchingResourcePatternResolver - Looking for matching resources in jar file [file:/C:/Users/Damien/.gradle/caches/modules-2/files-2.1/dom4j/dom4j/1.6.1/5d3ccc056b6f056dbf0dddfdf43894b9065a8f94/dom4j-1.6.1.jar]
15:44:06.868 [Test worker] DEBUG o.s.c.i.s.PathMatchingResourcePatternResolver - Looking for matching resources in jar file [file:/C:/Users/Damien/.gradle/caches/modules-2/files-2.1/org.hibernate.common/hibernate-commons-annotations/4.0.5.Final/2a581b9edb8168e45060d8bad8b7f46712d2c52c/hibernate-commons-annotations-4.0.5.Final.jar]
15:44:06.869 [Test worker] DEBUG o.s.c.i.s.PathMatchingResourcePatternResolver - Looking for matching resources in jar file [file:/C:/Users/Damien/.gradle/caches/modules-2/files-2.1/org.hibernate.javax.persistence/hibernate-jpa-2.1-api/1.0.0.Final/5e731d961297e5a07290bfaf3db1fbc8bbbf405a/hibernate-jpa-2.1-api-1.0.0.Final.jar]
15:44:06.873 [Test worker] DEBUG o.s.c.i.s.PathMatchingResourcePatternResolver - Looking for matching resources in jar file [file:/C:/Users/Damien/.gradle/caches/modules-2/files-2.1/javax.activation/activation/1.1/e6cb541461c2834bdea3eb920f1884d1eb508b50/activation-1.1.jar]
15:44:06.877 [Test worker] DEBUG o.s.c.i.s.PathMatchingResourcePatternResolver - Looking for matching resources in jar file [file:/C:/Users/Damien/.gradle/caches/modules-2/files-2.1/org.springframework.security/spring-security-core/3.2.8.RELEASE/36028a35ca93f504dfc2484dc12e5b00a42bc54b/spring-security-core-3.2.8.RELEASE.jar]
15:44:06.883 [Test worker] DEBUG o.s.c.i.s.PathMatchingResourcePatternResolver - Looking for matching resources in jar file [file:/C:/Users/Damien/.gradle/caches/modules-2/files-2.1/javax.inject/javax.inject/1/6975da39a7040257bd51d21a231b76c915872d38/javax.inject-1.jar]
15:44:06.884 [Test worker] DEBUG o.s.c.i.s.PathMatchingResourcePatternResolver - Looking for matching resources in jar file [file:/C:/Users/Damien/.gradle/caches/modules-2/files-2.1/javax.validation/validation-api/1.1.0.Final/8613ae82954779d518631e05daa73a6a954817d5/validation-api-1.1.0.Final.jar]
15:44:06.887 [Test worker] DEBUG o.s.c.i.s.PathMatchingResourcePatternResolver - Looking for matching resources in jar file [file:/C:/Users/Damien/.gradle/caches/modules-2/files-2.1/com.fasterxml/classmate/1.0.0/434efef28c81162b17c540e634cffa3bd9b09b4c/classmate-1.0.0.jar]
15:44:06.889 [Test worker] DEBUG o.s.c.i.s.PathMatchingResourcePatternResolver - Looking for matching resources in jar file [file:/C:/Users/Damien/.gradle/caches/modules-2/files-2.1/ognl/ognl/3.0.6/a3665cf8e3426686ee751790f3d1e1ec5705e9dc/ognl-3.0.6.jar]
15:44:06.891 [Test worker] DEBUG o.s.c.i.s.PathMatchingResourcePatternResolver - Looking for matching resources in jar file [file:/C:/Users/Damien/.gradle/caches/modules-2/files-2.1/org.objenesis/objenesis/2.1/87c0ea803b69252868d09308b4618f766f135a96/objenesis-2.1.jar]
15:44:06.892 [Test worker] DEBUG o.s.c.i.s.PathMatchingResourcePatternResolver - Looking for matching resources in jar file [file:/C:/Users/Damien/.gradle/caches/modules-2/files-2.1/org.slf4j/jul-to-slf4j/1.7.12/8811e2e9ab9055e557598dc9aedc64fd43e0ab20/jul-to-slf4j-1.7.12.jar]
15:44:06.899 [Test worker] DEBUG o.s.c.i.s.PathMatchingResourcePatternResolver - Looking for matching resources in jar file [file:/C:/Users/Damien/.gradle/caches/modules-2/files-2.1/org.slf4j/log4j-over-slf4j/1.7.12/d2444c9c7c1923304c25f86c5ee83a79a8166205/log4j-over-slf4j-1.7.12.jar]
15:44:06.908 [Test worker] DEBUG o.s.c.i.s.PathMatchingResourcePatternResolver - Looking for matching resources in jar file [file:/C:/Users/Damien/.gradle/caches/modules-2/files-2.1/org.apache.tomcat/tomcat-juli/8.0.28/924035c8550867c0ae1f16b3e036be8fd2e3424b/tomcat-juli-8.0.28.jar]
15:44:06.909 [Test worker] DEBUG o.s.c.i.s.PathMatchingResourcePatternResolver - Looking for matching resources in jar file [file:/C:/Users/Damien/.gradle/caches/modules-2/files-2.1/antlr/antlr/2.7.7/83cd2cd674a217ade95a4bb83a8a14f351f48bd0/antlr-2.7.7.jar]
15:44:06.912 [Test worker] DEBUG o.s.c.i.s.PathMatchingResourcePatternResolver - Looking for matching resources in jar file [file:/C:/Users/Damien/.gradle/caches/modules-2/files-2.1/org.jboss/jandex/1.1.0.Final/e84a2122e76f0b6503be78094ddf2108057ac15f/jandex-1.1.0.Final.jar]
15:44:06.913 [Test worker] DEBUG o.s.c.i.s.PathMatchingResourcePatternResolver - Looking for matching resources in jar file [file:/C:/Users/Damien/.gradle/caches/modules-2/files-2.1/xml-apis/xml-apis/1.0.b2/3136ca936f64c9d68529f048c2618bd356bf85c9/xml-apis-1.0.b2.jar]
15:44:06.916 [Test worker] DEBUG o.s.c.i.s.PathMatchingResourcePatternResolver - Looking for matching resources in jar file [file:/C:/Users/Damien/.gradle/caches/modules-2/files-2.1/org.mongodb/mongo-java-driver/2.13.0/6b19c1276871001fa85684475db7e4c538046b52/mongo-java-driver-2.13.0.jar]
15:44:06.920 [Test worker] DEBUG o.s.c.i.s.PathMatchingResourcePatternResolver - Resolved location pattern [classpath*:messages*.properties] to resources []
15:44:06.942 [Test worker] DEBUG o.s.b.f.s.DefaultListableBeanFactory - Returning cached instance of singleton bean 'autoConfigurationReport'
15:44:06.950 [Test worker] DEBUG o.s.b.f.s.DefaultListableBeanFactory - Returning cached instance of singleton bean 'autoConfigurationReport'
15:44:06.987 [Test worker] DEBUG o.s.b.f.s.DefaultListableBeanFactory - Returning cached instance of singleton bean 'autoConfigurationReport'
15:44:06.989 [Test worker] DEBUG o.s.b.f.s.DefaultListableBeanFactory - Returning cached instance of singleton bean 'autoConfigurationReport'
15:44:06.995 [Test worker] DEBUG o.s.b.f.s.DefaultListableBeanFactory - Returning cached instance of singleton bean 'autoConfigurationReport'
15:44:07.018 [Test worker] DEBUG o.s.b.f.s.DefaultListableBeanFactory - Returning cached instance of singleton bean 'autoConfigurationReport'
15:44:07.032 [Test worker] DEBUG o.s.b.f.s.DefaultListableBeanFactory - Returning cached instance of singleton bean 'autoConfigurationReport'
15:44:07.038 [Test worker] DEBUG o.s.b.f.s.DefaultListableBeanFactory - Returning cached instance of singleton bean 'autoConfigurationReport'
15:44:07.039 [Test worker] DEBUG o.s.b.f.s.DefaultListableBeanFactory - Returning cached instance of singleton bean 'autoConfigurationReport'
15:44:07.076 [Test worker] DEBUG o.s.b.f.s.DefaultListableBeanFactory - Returning cached instance of singleton bean 'autoConfigurationReport'
15:44:07.077 [Test worker] DEBUG o.s.b.f.s.DefaultListableBeanFactory - Returning cached instance of singleton bean 'autoConfigurationReport'
15:44:07.085 [Test worker] DEBUG o.s.b.f.s.DefaultListableBeanFactory - Returning cached instance of singleton bean 'autoConfigurationReport'
15:44:07.096 [Test worker] DEBUG o.s.b.f.s.DefaultListableBeanFactory - Returning cached instance of singleton bean 'autoConfigurationReport'
15:44:07.105 [Test worker] DEBUG o.s.b.f.s.DefaultListableBeanFactory - Returning cached instance of singleton bean 'autoConfigurationReport'
15:44:07.106 [Test worker] DEBUG o.s.b.f.s.DefaultListableBeanFactory - Returning cached instance of singleton bean 'autoConfigurationReport'
15:44:07.141 [Test worker] DEBUG o.s.b.f.s.DefaultListableBeanFactory - Returning cached instance of singleton bean 'autoConfigurationReport'
15:44:07.143 [Test worker] DEBUG o.s.b.f.s.DefaultListableBeanFactory - Returning cached instance of singleton bean 'autoConfigurationReport'
15:44:07.151 [Test worker] DEBUG o.s.b.f.s.DefaultListableBeanFactory - Returning cached instance of singleton bean 'autoConfigurationReport'
15:44:07.152 [Test worker] DEBUG o.s.b.f.s.DefaultListableBeanFactory - Returning cached instance of singleton bean 'autoConfigurationReport'
15:44:07.174 [Test worker] DEBUG o.s.b.f.s.DefaultListableBeanFactory - Returning cached instance of singleton bean 'autoConfigurationReport'
15:44:07.216 [Test worker] DEBUG o.s.b.f.s.DefaultListableBeanFactory - Returning cached instance of singleton bean 'autoConfigurationReport'
15:44:07.219 [Test worker] DEBUG o.s.b.f.s.DefaultListableBeanFactory - Returning cached instance of singleton bean 'autoConfigurationReport'
15:44:07.224 [Test worker] DEBUG o.s.b.f.s.DefaultListableBeanFactory - Returning cached instance of singleton bean 'autoConfigurationReport'
15:44:07.226 [Test worker] DEBUG o.s.b.f.s.DefaultListableBeanFactory - Returning cached instance of singleton bean 'autoConfigurationReport'
15:44:07.239 [Test worker] DEBUG o.s.b.f.s.DefaultListableBeanFactory - Returning cached instance of singleton bean 'autoConfigurationReport'
15:44:07.242 [Test worker] DEBUG o.s.b.f.s.DefaultListableBeanFactory - Returning cached instance of singleton bean 'autoConfigurationReport'
15:44:07.256 [Test worker] DEBUG o.s.b.f.s.DefaultListableBeanFactory - Returning cached instance of singleton bean 'autoConfigurationReport'
15:44:07.260 [Test worker] DEBUG o.s.b.f.s.DefaultListableBeanFactory - Returning cached instance of singleton bean 'autoConfigurationReport'
15:44:07.264 [Test worker] DEBUG o.s.b.f.s.DefaultListableBeanFactory - Returning cached instance of singleton bean 'autoConfigurationReport'
15:44:07.270 [Test worker] DEBUG o.s.b.f.s.DefaultListableBeanFactory - Returning cached instance of singleton bean 'autoConfigurationReport'
15:44:07.272 [Test worker] DEBUG o.s.b.f.s.DefaultListableBeanFactory - Returning cached instance of singleton bean 'autoConfigurationReport'
15:44:07.295 [Test worker] DEBUG o.s.b.f.s.DefaultListableBeanFactory - Returning cached instance of singleton bean 'autoConfigurationReport'
15:44:07.308 [Test worker] DEBUG o.s.b.f.s.DefaultListableBeanFactory - Returning cached instance of singleton bean 'autoConfigurationReport'
15:44:07.331 [Test worker] DEBUG o.s.b.f.s.DefaultListableBeanFactory - Returning cached instance of singleton bean 'autoConfigurationReport'
15:44:07.345 [Test worker] DEBUG o.s.b.f.s.DefaultListableBeanFactory - Returning cached instance of singleton bean 'autoConfigurationReport'
15:44:07.356 [Test worker] DEBUG o.s.b.f.s.DefaultListableBeanFactory - Returning cached instance of singleton bean 'autoConfigurationReport'
15:44:07.362 [Test worker] DEBUG o.s.b.f.s.DefaultListableBeanFactory - Returning cached instance of singleton bean 'autoConfigurationReport'
15:44:07.373 [Test worker] DEBUG o.s.b.f.s.DefaultListableBeanFactory - Returning cached instance of singleton bean 'autoConfigurationReport'
15:44:07.373 [Test worker] DEBUG o.s.b.f.s.DefaultListableBeanFactory - Returning cached instance of singleton bean 'autoConfigurationReport'
15:44:07.380 [Test worker] DEBUG o.s.b.f.s.DefaultListableBeanFactory - Returning cached instance of singleton bean 'autoConfigurationReport'
15:44:07.390 [Test worker] DEBUG o.s.b.f.s.DefaultListableBeanFactory - Returning cached instance of singleton bean 'autoConfigurationReport'
15:44:07.407 [Test worker] DEBUG o.s.b.f.s.DefaultListableBeanFactory - Returning cached instance of singleton bean 'autoConfigurationReport'
15:44:07.407 [Test worker] DEBUG o.s.b.f.s.DefaultListableBeanFactory - Returning cached instance of singleton bean 'autoConfigurationReport'
15:44:07.409 [Test worker] DEBUG o.s.b.f.s.DefaultListableBeanFactory - Returning cached instance of singleton bean 'autoConfigurationReport'
15:44:07.422 [Test worker] DEBUG o.s.b.f.s.DefaultListableBeanFactory - Returning cached instance of singleton bean 'autoConfigurationReport'
15:44:07.433 [Test worker] DEBUG o.s.b.f.s.DefaultListableBeanFactory - Returning cached instance of singleton bean 'autoConfigurationReport'
15:44:07.436 [Test worker] DEBUG o.s.b.f.s.DefaultListableBeanFactory - Returning cached instance of singleton bean 'autoConfigurationReport'
15:44:07.439 [Test worker] DEBUG o.s.b.f.s.DefaultListableBeanFactory - Returning cached instance of singleton bean 'autoConfigurationReport'
15:44:07.439 [Test worker] DEBUG o.s.b.f.s.DefaultListableBeanFactory - Returning cached instance of singleton bean 'autoConfigurationReport'
15:44:07.456 [Test worker] DEBUG o.s.core.env.StandardEnvironment - Adding [systemProperties] PropertySource with lowest search precedence
15:44:07.456 [Test worker] DEBUG o.s.core.env.StandardEnvironment - Adding [systemEnvironment] PropertySource with lowest search precedence
15:44:07.456 [Test worker] DEBUG o.s.core.env.StandardEnvironment - Initialized StandardEnvironment with PropertySources [systemProperties,systemEnvironment]
15:44:07.460 [Test worker] DEBUG o.s.c.i.s.PathMatchingResourcePatternResolver - Looking for matching resources in jar file [file:/C:/Users/Damien/.gradle/caches/modules-2/files-2.1/org.springframework.data/spring-data-mongodb/1.8.1.RELEASE/b90c75c49d1271c06e95ba635b73882237d3c262/spring-data-mongodb-1.8.1.RELEASE.jar]
15:44:07.527 [Test worker] DEBUG o.s.c.i.s.PathMatchingResourcePatternResolver - Looking for matching resources in jar file [file:/C:/Users/Damien/.gradle/caches/modules-2/files-2.1/org.springframework.data/spring-data-jpa/1.7.4.RELEASE/922145a12a700b73438b1139dff0e1760de7f712/spring-data-jpa-1.7.4.RELEASE.jar]
15:44:07.533 [Test worker] DEBUG o.s.c.i.s.PathMatchingResourcePatternResolver - Looking for matching resources in jar file [file:/C:/Users/Damien/.gradle/caches/modules-2/files-2.1/org.springframework.data/spring-data-commons/1.11.1.RELEASE/bb04a4cba7a44b8822a63e1681eb9667955bc8bf/spring-data-commons-1.11.1.RELEASE.jar]
15:44:07.558 [Test worker] DEBUG o.s.c.i.s.PathMatchingResourcePatternResolver - Resolved location pattern [classpath*:org/springframework/data/**/*.class] to resources [URL [jar:file:/C:/Users/Damien/.gradle/caches/modules-2/files-2.1/org.springframework.data/spring-data-mongodb/1.8.1.RELEASE/b90c75c49d1271c06e95ba635b73882237d3c262/spring-data-mongodb-1.8.1.RELEASE.jar!/org/springframework/data/mongodb/LazyLoadingException.class], URL [jar:file:/C:/Users/Damien/.gradle/caches/modules-2/files-2.1/org.springframework.data/spring-data-mongodb/1.8.1.RELEASE/b90c75c49d1271c06e95ba635b73882237d3c262/spring-data-mongodb-1.8.1.RELEASE.jar!/org/springframework/data/mongodb/InvalidMongoDbApiUsageException.class], URL [jar:file:/C:/Users/Damien/.gradle/caches/modules-2/files-2.1/org.springframework.data/spring-data-mongodb/1.8.1.RELEASE/b90c75c49d1271c06e95ba635b73882237d3c262/spring-data-mongodb-1.8.1.RELEASE.jar!/org/springframework/data/mongodb/util/DBObjectUtils.class], URL [jar:file:/C:/Users/Damien/.gradle/caches/modules-2/files-2.1/org.springframework.data/spring-data-mongodb/1.8.1.RELEASE/b90c75c49d1271c06e95ba635b73882237d3c262/spring-data-mongodb-1.8.1.RELEASE.jar!/org/springframework/data/mongodb/util/MongoClientVersion.class], URL [jar:file:/C:/Users/Damien/.gradle/caches/modules-2/files-2.1/org.springframework.data/spring-data-mongodb/1.8.1.RELEASE/b90c75c49d1271c06e95ba635b73882237d3c262/spring-data-mongodb-1.8.1.RELEASE.jar!/org/springframework/data/mongodb/repository/Near.class], URL [jar:file:/C:/Users/Damien/.gradle/caches/modules-2/files-2.1/org.springframework.data/spring-data-mongodb/1.8.1.RELEASE/b90c75c49d1271c06e95ba635b73882237d3c262/spring-data-mongodb-1.8.1.RELEASE.jar!/org/springframework/data/mongodb/repository/Query.class], URL [jar:file:/C:/Users/Damien/.gradle/caches/modules-2/files-2.1/org.springframework.data/spring-data-mongodb/1.8.1.RELEASE/b90c75c49d1271c06e95ba635b73882237d3c262/spring-data-mongodb-1.8.1.RELEASE.jar!/org/springframework/data/mongodb/repository/query/AbstractMongoQuery$Execution.class], URL [jar:file:/C:/Users/Damien/.gradle/caches/modules-2/files-2.1/org.springframework.data/spring-data-mongodb/1.8.1.RELEASE/b90c75c49d1271c06e95ba635b73882237d3c262/spring-data-mongodb-1.8.1.RELEASE.jar!/org/springframework/data/mongodb/repository/query/AbstractMongoQuery$PagedExecution.class], URL [jar:file:/C:/Users/Damien/.gradle/caches/modules-2/files-2.1/org.springframework.data/spring-data-mongodb/1.8.1.RELEASE/b90c75c49d1271c06e95ba635b73882237d3c262/spring-data-mongodb-1.8.1.RELEASE.jar!/org/springframework/data/mongodb/repository/query/AbstractMongoQuery$SlicedExecution.class], URL [jar:file:/C:/Users/Damien/.gradle/caches/modules-2/files-2.1/org.springframework.data/spring-data-mongodb/1.8.1.RELEASE/b90c75c49d1271c06e95ba635b73882237d3c262/spring-data-mongodb-1.8.1.RELEASE.jar!/org/springframework/data/mongodb/repository/query/MongoParameters.class], URL [jar:file:/C:/Users/Damien/.gradle/caches/modules-2/files-2.1/org.springframework.data/spring-data-mongodb/1.8.1.RELEASE/b90c75c49d1271c06e95ba635b73882237d3c262/spring-data-mongodb-1.8.1.RELEASE.jar!/org/springframework/data/mongodb/repository/query/MongoParameters$MongoParameter.class], URL [jar:file:/C:/Users/Damien/.gradle/caches/modules-2/files-2.1/org.springframework.data/spring-data-mongodb/1.8.1.RELEASE/b90c75c49d1271c06e95ba635b73882237d3c262/spring-data-mongodb-1.8.1.RELEASE.jar!/org/springframework/data/mongodb/repository/query/MongoEntityMetadata.class], URL [jar:file:/C:/Users/Damien/.gradle/caches/modules-2/files-2.1/org.springframework.data/spring-data-mongodb/1.8.1.RELEASE/b90c75c49d1271c06e95ba635b73882237d3c262/spring-data-mongodb-1.8.1.RELEASE.jar!/org/springframework/data/mongodb/repository/query/MongoParameterAccessor.class], URL [jar:file:/C:/Users/Damien/.gradle/caches/modules-2/files-2.1/org.springframework.data/spring-data-mongodb/1.8.1.RELEASE/b90c75c49d1271c06e95ba635b73882237d3c262/spring-data-mongodb-1.8.1.RELEASE.jar!/org/springframework/data/mongodb/repository/query/StringBasedMongoQuery$ParameterBinding.class], URL [jar:file:/C:/Users/Damien/.gradle/caches/modules-2/files-2.1/org.springframework.data/spring-data-mongodb/1.8.1.RELEASE/b90c75c49d1271c06e95ba635b73882237d3c262/spring-data-mongodb-1.8.1.RELEASE.jar!/org/springframework/data/mongodb/repository/query/ConvertingParameterAccessor.class], URL [jar:file:/C:/Users/Damien/.gradle/caches/modules-2/files-2.1/org.springframework.data/spring-data-mongodb/1.8.1.RELEASE/b90c75c49d1271c06e95ba635b73882237d3c262/spring-data-mongodb-1.8.1.RELEASE.jar!/org/springframework/data/mongodb/repository/query/AbstractMongoQuery$1.class], URL [jar:file:/C:/Users/Damien/.gradle/caches/modules-2/files-2.1/org.springframework.data/spring-data-mongodb/1.8.1.RELEASE/b90c75c49d1271c06e95ba635b73882237d3c262/spring-data-mongodb-1.8.1.RELEASE.jar!/org/springframework/data/mongodb/repository/query/PartTreeMongoQuery.class], URL [jar:file:/C:/Users/Damien/.gradle/caches/modules-2/files-2.1/org.springframework.data/spring-data-mongodb/1.8.1.RELEASE/b90c75c49d1271c06e95ba635b73882237d3c262/spring-data-mongodb-1.8.1.RELEASE.jar!/org/springframework/data/mongodb/repository/query/MongoQueryCreator.class], URL [jar:file:/C:/Users/Damien/.gradle/caches/modules-2/files-2.1/org.springframework.data/spring-data-mongodb/1.8.1.RELEASE/b90c75c49d1271c06e95ba635b73882237d3c262/spring-data-mongodb-1.8.1.RELEASE.jar!/org/springframework/data/mongodb/repository/query/MongoQueryMethod.class], URL [jar:file:/C:/Users/Damien/.gradle/caches/modules-2/files-2.1/org.springframework.data/spring-data-mongodb/1.8.1.RELEASE/b90c75c49d1271c06e95ba635b73882237d3c262/spring-data-mongodb-1.8.1.RELEASE.jar!/org/springframework/data/mongodb/repository/query/StringBasedMongoQuery.class], URL [jar:file:/C:/Users/Damien/.gradle/caches/modules-2/files-2.1/org.springframework.data/spring-data-mongodb/1.8.1.RELEASE/b90c75c49d1271c06e95ba635b73882237d3c262/spring-data-mongodb-1.8.1.RELEASE.jar!/org/springframework/data/mongodb/repository/query/AbstractMongoQuery$DeleteExecution.class], URL [jar:file:/C:/Users/Damien/.gradle/caches/modules-2/files-2.1/org.springframework.data/spring-data-mongodb/1.8.1.RELEASE/b90c75c49d1271c06e95ba635b73882237d3c262/spring-data-mongodb-1.8.1.RELEASE.jar!/org/springframework/data/mongodb/repository/query/AbstractMongoQuery$SingleEntityExecution.class], URL [jar:file:/C:/Users/Damien/.gradle/caches/modules-2/files-2.1/org.springframework.data/spring-data-mongodb/1.8.1.RELEASE/b90c75c49d1271c06e95ba635b73882237d3c262/spring-data-mongodb-1.8.1.RELEASE.jar!/org/springframework/data/mongodb/repository/query/MongoEntityInformation.class], URL [jar:file:/C:/Users/Damien/.gradle/caches/modules-2/files-2.1/org.springframework.data/spring-data-mongodb/1.8.1.RELEASE/b90c75c49d1271c06e95ba635b73882237d3c262/spring-data-mongodb-1.8.1.RELEASE.jar!/org/springframework/data/mongodb/repository/query/AbstractMongoQuery.class], URL [jar:file:/C:/Users/Damien/.gradle/caches/modules-2/files-2.1/org.springframework.data/spring-data-mongodb/1.8.1.RELEASE/b90c75c49d1271c06e95ba635b73882237d3c262/spring-data-mongodb-1.8.1.RELEASE.jar!/org/springframework/data/mongodb/repository/query/AbstractMongoQuery$GeoNearExecution.class], URL [jar:file:/C:/Users/Damien/.gradle/caches/modules-2/files-2.1/org.springframework.data/spring-data-mongodb/1.8.1.RELEASE/b90c75c49d1271c06e95ba635b73882237d3c262/spring-data-mongodb-1.8.1.RELEASE.jar!/org/springframework/data/mongodb/repository/query/StringBasedMongoQuery$ParameterBindingParser.class], URL [jar:file:/C:/Users/Damien/.gradle/caches/modules-2/files-2.1/org.springframework.data/spring-data-mongodb/1.8.1.RELEASE/b90c75c49d1271c06e95ba635b73882237d3c262/spring-data-mongodb-1.8.1.RELEASE.jar!/org/springframework/data/mongodb/repository/query/ConvertingParameterAccessor$ConvertingIterator.class], URL [jar:file:/C:/Users/Damien/.gradle/caches/modules-2/files-2.1/org.springframework.data/spring-data-mongodb/1.8.1.RELEASE/b90c75c49d1271c06e95ba635b73882237d3c262/spring-data-mongodb-1.8.1.RELEASE.jar!/org/springframework/data/mongodb/repository/query/AbstractMongoQuery$CollectionExecution.class], URL [jar:file:/C:/Users/Damien/.gradle/caches/modules-2/files-2.1/org.springframework.data/spring-data-mongodb/1.8.1.RELEASE/b90c75c49d1271c06e95ba635b73882237d3c262/spring-data-mongodb-1.8.1.RELEASE.jar!/org/springframework/data/mongodb/repository/query/ConvertingParameterAccessor$PotentiallyConvertingIterator.class], URL [jar:file:/C:/Users/Damien/.gradle/caches/modules-2/files-2.1/org.springframework.data/spring-data-mongodb/1.8.1.RELEASE/b90c75c49d1271c06e95ba635b73882237d3c262/spring-data-mongodb-1.8.1.RELEASE.jar!/org/springframework/data/mongodb/repository/query/MongoParametersParameterAccessor.class], URL [jar:file:/C:/Users/Damien/.gradle/caches/modules-2/files-2.1/org.springframework.data/spring-data-mongodb/1.8.1.RELEASE/b90c75c49d1271c06e95ba635b73882237d3c262/spring-data-mongodb-1.8.1.RELEASE.jar!/org/springframework/data/mongodb/repository/query/SimpleMongoEntityMetadata.class], URL [jar:file:/C:/Users/Damien/.gradle/caches/modules-2/files-2.1/org.springframework.data/spring-data-mongodb/1.8.1.RELEASE/b90c75c49d1271c06e95ba635b73882237d3c262/spring-data-mongodb-1.8.1.RELEASE.jar!/org/springframework/data/mongodb/repository/query/QueryUtils.class], URL [jar:file:/C:/Users/Damien/.gradle/caches/modules-2/files-2.1/org.springframework.data/spring-data-mongodb/1.8.1.RELEASE/b90c75c49d1271c06e95ba635b73882237d3c262/spring-data-mongodb-1.8.1.RELEASE.jar!/org/springframework/data/mongodb/repository/query/AbstractMongoQuery$StreamExecution.class], URL [jar:file:/C:/Users/Damien/.gradle/caches/modules-2/files-2.1/org.springframework.data/spring-data-mongodb/1.8.1.RELEASE/b90c75c49d1271c06e95ba635b73882237d3c262/spring-data-mongodb-1.8.1.RELEASE.jar!/org/springframework/data/mongodb/repository/query/MongoQueryCreator$1.class], URL [jar:file:/C:/Users/Damien/.gradle/caches/modules-2/files-2.1/org.springframework.data/spring-data-mongodb/1.8.1.RELEASE/b90c75c49d1271c06e95ba635b73882237d3c262/spring-data-mongodb-1.8.1.RELEASE.jar!/org/springframework/data/mongodb/repository/cdi/MongoRepositoryBean.class], URL [jar:file:/C:/Users/Damien/.gradle/caches/modules-2/files-2.1/org.springframework.data/spring-data-mongodb/1.8.1.RELEASE/b90c75c49d1271c06e95ba635b73882237d3c262/spring-data-mongodb-1.8.1.RELEASE.jar!/org/springframework/data/mongodb/repository/cdi/MongoRepositoryExtension.class], URL [jar:file:/C:/Users/Damien/.gradle/caches/modules-2/files-2.1/org.springframework.data/spring-data-mongodb/1.8.1.RELEASE/b90c75c49d1271c06e95ba635b73882237d3c262/spring-data-mongodb-1.8.1.RELEASE.jar!/org/springframework/data/mongodb/repository/config/MongoRepositoryConfigNamespaceHandler.class], URL [jar:file:/C:/Users/Damien/.gradle/caches/modules-2/files-2.1/org.springframework.data/spring-data-mongodb/1.8.1.RELEASE/b90c75c49d1271c06e95ba635b73882237d3c262/spring-data-mongodb-1.8.1.RELEASE.jar!/org/springframework/data/mongodb/repository/config/MongoRepositoriesRegistrar.class], URL [jar:file:/C:/Users/Damien/.gradle/caches/modules-2/files-2.1/org.springframework.data/spring-data-mongodb/1.8.1.RELEASE/b90c75c49d1271c06e95ba635b73882237d3c262/spring-data-mongodb-1.8.1.RELEASE.jar!/org/springframework/data/mongodb/repository/config/EnableMongoRepositories.class], URL [jar:file:/C:/Users/Damien/.gradle/caches/modules-2/files-2.1/org.springframework.data/spring-data-mongodb/1.8.1.RELEASE/b90c75c49d1271c06e95ba635b73882237d3c262/spring-data-mongodb-1.8.1.RELEASE.jar!/org/springframework/data/mongodb/repository/config/MongoRepositoryConfigurationExtension.class], URL [jar:file:/C:/Users/Damien/.gradle/caches/modules-2/files-2.1/org.springframework.data/spring-data-mongodb/1.8.1.RELEASE/b90c75c49d1271c06e95ba635b73882237d3c262/spring-data-mongodb-1.8.1.RELEASE.jar!/org/springframework/data/mongodb/repository/support/MongoRepositoryFactory.class], URL [jar:file:/C:/Users/Damien/.gradle/caches/modules-2/files-2.1/org.springframework.data/spring-data-mongodb/1.8.1.RELEASE/b90c75c49d1271c06e95ba635b73882237d3c262/spring-data-mongodb-1.8.1.RELEASE.jar!/org/springframework/data/mongodb/repository/support/MongoRepositoryFactoryBean.class], URL [jar:file:/C:/Users/Damien/.gradle/caches/modules-2/files-2.1/org.springframework.data/spring-data-mongodb/1.8.1.RELEASE/b90c75c49d1271c06e95ba635b73882237d3c262/spring-data-mongodb-1.8.1.RELEASE.jar!/org/springframework/data/mongodb/repository/support/MongoRepositoryFactory$MongoQueryLookupStrategy.class], URL [jar:file:/C:/Users/Damien/.gradle/caches/modules-2/files-2.1/org.springframework.data/spring-data-mongodb/1.8.1.RELEASE/b90c75c49d1271c06e95ba635b73882237d3c262/spring-data-mongodb-1.8.1.RELEASE.jar!/org/springframework/data/mongodb/repository/support/QuerydslRepositorySupport.class], URL [jar:file:/C:/Users/Damien/.gradle/caches/modules-2/files-2.1/org.springframework.data/spring-data-mongodb/1.8.1.RELEASE/b90c75c49d1271c06e95ba635b73882237d3c262/spring-data-mongodb-1.8.1.RELEASE.jar!/org/springframework/data/mongodb/repository/support/MappingMongoEntityInformation.class], URL [jar:file:/C:/Users/Damien/.gradle/caches/modules-2/files-2.1/org.springframework.data/spring-data-mongodb/1.8.1.RELEASE/b90c75c49d1271c06e95ba635b73882237d3c262/spring-data-mongodb-1.8.1.RELEASE.jar!/org/springframework/data/mongodb/repository/support/SimpleMongoRepository.class], URL [jar:file:/C:/Users/Damien/.gradle/caches/modules-2/files-2.1/org.springframework.data/spring-data-mongodb/1.8.1.RELEASE/b90c75c49d1271c06e95ba635b73882237d3c262/spring-data-mongodb-1.8.1.RELEASE.jar!/org/springframework/data/mongodb/repository/support/MongoAnnotationProcessor.class], URL [jar:file:/C:/Users/Damien/.gradle/caches/modules-2/files-2.1/org.springframework.data/spring-data-mongodb/1.8.1.RELEASE/b90c75c49d1271c06e95ba635b73882237d3c262/spring-data-mongodb-1.8.1.RELEASE.jar!/org/springframework/data/mongodb/repository/support/SpringDataMongodbQuery.class], URL [jar:file:/C:/Users/Damien/.gradle/caches/modules-2/files-2.1/org.springframework.data/spring-data-mongodb/1.8.1.RELEASE/b90c75c49d1271c06e95ba635b73882237d3c262/spring-data-mongodb-1.8.1.RELEASE.jar!/org/springframework/data/mongodb/repository/support/SpringDataMongodbQuery$1.class], URL [jar:file:/C:/Users/Damien/.gradle/caches/modules-2/files-2.1/org.springframework.data/spring-data-mongodb/1.8.1.RELEASE/b90c75c49d1271c06e95ba635b73882237d3c262/spring-data-mongodb-1.8.1.RELEASE.jar!/org/springframework/data/mongodb/repository/support/QueryDslMongoRepository.class], URL [jar:file:/C:/Users/Damien/.gradle/caches/modules-2/files-2.1/org.springframework.data/spring-data-mongodb/1.8.1.RELEASE/b90c75c49d1271c06e95ba635b73882237d3c262/spring-data-mongodb-1.8.1.RELEASE.jar!/org/springframework/data/mongodb/repository/support/SpringDataMongodbSerializer.class], URL [jar:file:/C:/Users/Damien/.gradle/caches/modules-2/files-2.1/org.springframework.data/spring-data-mongodb/1.8.1.RELEASE/b90c75c49d1271c06e95ba635b73882237d3c262/spring-data-mongodb-1.8.1.RELEASE.jar!/org/springframework/data/mongodb/repository/support/IndexEnsuringQueryCreationListener.class], URL [jar:file:/C:/Users/Damien/.gradle/caches/modules-2/files-2.1/org.springframework.data/spring-data-mongodb/1.8.1.RELEASE/b90c75c49d1271c06e95ba635b73882237d3c262/spring-data-mongodb-1.8.1.RELEASE.jar!/org/springframework/data/mongodb/repository/MongoRepository.class], URL [jar:file:/C:/Users/Damien/.gradle/caches/modules-2/files-2.1/org.springframework.data/spring-data-mongodb/1.8.1.RELEASE/b90c75c49d1271c06e95ba635b73882237d3c262/spring-data-mongodb-1.8.1.RELEASE.jar!/org/springframework/data/mongodb/repository/Meta.class], URL [jar:file:/C:/Users/Damien/.gradle/caches/modules-2/files-2.1/org.springframework.data/spring-data-mongodb/1.8.1.RELEASE/b90c75c49d1271c06e95ba635b73882237d3c262/spring-data-mongodb-1.8.1.RELEASE.jar!/org/springframework/data/mongodb/gridfs/GridFsResource.class], URL [jar:file:/C:/Users/Damien/.gradle/caches/modules-2/files-2.1/org.springframework.data/spring-data-mongodb/1.8.1.RELEASE/b90c75c49d1271c06e95ba635b73882237d3c262/spring-data-mongodb-1.8.1.RELEASE.jar!/org/springframework/data/mongodb/gridfs/GridFsOperations.class], URL [jar:file:/C:/Users/Damien/.gradle/caches/modules-2/files-2.1/org.springframework.data/spring-data-mongodb/1.8.1.RELEASE/b90c75c49d1271c06e95ba635b73882237d3c262/spring-data-mongodb-1.8.1.RELEASE.jar!/org/springframework/data/mongodb/gridfs/AntPath.class], URL [jar:file:/C:/Users/Damien/.gradle/caches/modules-2/files-2.1/org.springframework.data/spring-data-mongodb/1.8.1.RELEASE/b90c75c49d1271c06e95ba635b73882237d3c262/spring-data-mongodb-1.8.1.RELEASE.jar!/org/springframework/data/mongodb/gridfs/GridFsCriteria.class], URL [jar:file:/C:/Users/Damien/.gradle/caches/modules-2/files-2.1/org.springframework.data/spring-data-mongodb/1.8.1.RELEASE/b90c75c49d1271c06e95ba635b73882237d3c262/spring-data-mongodb-1.8.1.RELEASE.jar!/org/springframework/data/mongodb/gridfs/GridFsTemplate.class], URL [jar:file:/C:/Users/Damien/.gradle/caches/modules-2/files-2.1/org.springframework.data/spring-data-mongodb/1.8.1.RELEASE/b90c75c49d1271c06e95ba635b73882237d3c262/spring-data-mongodb-1.8.1.RELEASE.jar!/org/springframework/data/mongodb/monitor/AssertMetrics.class], URL [jar:file:/C:/Users/Damien/.gradle/caches/modules-2/files-2.1/org.springframework.data/spring-data-mongodb/1.8.1.RELEASE/b90c75c49d1271c06e95ba635b73882237d3c262/spring-data-mongodb-1.8.1.RELEASE.jar!/org/springframework/data/mongodb/monitor/AbstractMonitor.class], URL [jar:file:/C:/Users/Damien/.gradle/caches/modules-2/files-2.1/org.springframework.data/spring-data-mongodb/1.8.1.RELEASE/b90c75c49d1271c06e95ba635b73882237d3c262/spring-data-mongodb-1.8.1.RELEASE.jar!/org/springframework/data/mongodb/monitor/GlobalLockMetrics.class], URL [jar:file:/C:/Users/Damien/.gradle/caches/modules-2/files-2.1/org.springframework.data/spring-data-mongodb/1.8.1.RELEASE/b90c75c49d1271c06e95ba635b73882237d3c262/spring-data-mongodb-1.8.1.RELEASE.jar!/org/springframework/data/mongodb/monitor/ServerInfo.class], URL [jar:file:/C:/Users/Damien/.gradle/caches/modules-2/files-2.1/org.springframework.data/spring-data-mongodb/1.8.1.RELEASE/b90c75c49d1271c06e95ba635b73882237d3c262/spring-data-mongodb-1.8.1.RELEASE.jar!/org/springframework/data/mongodb/monitor/BackgroundFlushingMetrics.class], URL [jar:file:/C:/Users/Damien/.gradle/caches/modules-2/files-2.1/org.springframework.data/spring-data-mongodb/1.8.1.RELEASE/b90c75c49d1271c06e95ba635b73882237d3c262/spring-data-mongodb-1.8.1.RELEASE.jar!/org/springframework/data/mongodb/monitor/BtreeIndexCounters.class], URL [jar:file:/C:/Users/Damien/.gradle/caches/modules-2/files-2.1/org.springframework.data/spring-data-mongodb/1.8.1.RELEASE/b90c75c49d1271c06e95ba635b73882237d3c262/spring-data-mongodb-1.8.1.RELEASE.jar!/org/springframework/data/mongodb/monitor/OperationCounters.class], URL [jar:file:/C:/Users/Damien/.gradle/caches/modules-2/files-2.1/org.springframework.data/spring-data-mongodb/1.8.1.RELEASE/b90c75c49d1271c06e95ba635b73882237d3c262/spring-data-mongodb-1.8.1.RELEASE.jar!/org/springframework/data/mongodb/monitor/MemoryMetrics.class], URL [jar:file:/C:/Users/Damien/.gradle/caches/modules-2/files-2.1/org.springframework.data/spring-data-mongodb/1.8.1.RELEASE/b90c75c49d1271c06e95ba635b73882237d3c262/spring-data-mongodb-1.8.1.RELEASE.jar!/org/springframework/data/mongodb/monitor/ConnectionMetrics.class], URL [jar:file:/C:/Users/Damien/.gradle/caches/modules-2/files-2.1/org.springframework.data/spring-data-mongodb/1.8.1.RELEASE/b90c75c49d1271c06e95ba635b73882237d3c262/spring-data-mongodb-1.8.1.RELEASE.jar!/org/springframework/data/mongodb/MongoCollectionUtils.class], URL [jar:file:/C:/Users/Damien/.gradle/caches/modules-2/files-2.1/org.springframework.data/spring-data-mongodb/1.8.1.RELEASE/b90c75c49d1271c06e95ba635b73882237d3c262/spring-data-mongodb-1.8.1.RELEASE.jar!/org/springframework/data/mongodb/config/StringToWriteConcernConverter.class], URL [jar:file:/C:/Users/Damien/.gradle/caches/modules-2/files-2.1/org.springframework.data/spring-data-mongodb/1.8.1.RELEASE/b90c75c49d1271c06e95ba635b73882237d3c262/spring-data-mongodb-1.8.1.RELEASE.jar!/org/springframework/data/mongodb/config/ReadPreferencePropertyEditor.class], URL [jar:file:/C:/Users/Damien/.gradle/caches/modules-2/files-2.1/org.springframework.data/spring-data-mongodb/1.8.1.RELEASE/b90c75c49d1271c06e95ba635b73882237d3c262/spring-data-mongodb-1.8.1.RELEASE.jar!/org/springframework/data/mongodb/config/ServerAddressPropertyEditor.class], URL [jar:file:/C:/Users/Damien/.gradle/caches/modules-2/files-2.1/org.springframework.data/spring-data-mongodb/1.8.1.RELEASE/b90c75c49d1271c06e95ba635b73882237d3c262/spring-data-mongodb-1.8.1.RELEASE.jar!/org/springframework/data/mongodb/config/MappingMongoConverterParser.class], URL [jar:file:/C:/Users/Damien/.gradle/caches/modules-2/files-2.1/org.springframework.data/spring-data-mongodb/1.8.1.RELEASE/b90c75c49d1271c06e95ba635b73882237d3c262/spring-data-mongodb-1.8.1.RELEASE.jar!/org/springframework/data/mongodb/config/AbstractMongoConfiguration.class], URL [jar:file:/C:/Users/Damien/.gradle/caches/modules-2/files-2.1/org.springframework.data/spring-data-mongodb/1.8.1.RELEASE/b90c75c49d1271c06e95ba635b73882237d3c262/spring-data-mongodb-1.8.1.RELEASE.jar!/org/springframework/data/mongodb/config/MongoNamespaceHandler.class], URL [jar:file:/C:/Users/Damien/.gradle/caches/modules-2/files-2.1/org.springframework.data/spring-data-mongodb/1.8.1.RELEASE/b90c75c49d1271c06e95ba635b73882237d3c262/spring-data-mongodb-1.8.1.RELEASE.jar!/org/springframework/data/mongodb/config/EnableMongoAuditing.class], URL [jar:file:/C:/Users/Damien/.gradle/caches/modules-2/files-2.1/org.springframework.data/spring-data-mongodb/1.8.1.RELEASE/b90c75c49d1271c06e95ba635b73882237d3c262/spring-data-mongodb-1.8.1.RELEASE.jar!/org/springframework/data/mongodb/config/MongoCredentialPropertyEditor.class], URL [jar:file:/C:/Users/Damien/.gradle/caches/modules-2/files-2.1/org.springframework.data/spring-data-mongodb/1.8.1.RELEASE/b90c75c49d1271c06e95ba635b73882237d3c262/spring-data-mongodb-1.8.1.RELEASE.jar!/org/springframework/data/mongodb/config/GridFsTemplateParser.class], URL [jar:file:/C:/Users/Damien/.gradle/caches/modules-2/files-2.1/org.springframework.data/spring-data-mongodb/1.8.1.RELEASE/b90c75c49d1271c06e95ba635b73882237d3c262/spring-data-mongodb-1.8.1.RELEASE.jar!/org/springframework/data/mongodb/config/MongoClientParser.class], URL [jar:file:/C:/Users/Damien/.gradle/caches/modules-2/files-2.1/org.springframework.data/spring-data-mongodb/1.8.1.RELEASE/b90c75c49d1271c06e95ba635b73882237d3c262/spring-data-mongodb-1.8.1.RELEASE.jar!/org/springframework/data/mongodb/config/MappingMongoConverterParser$NegatingFilter.class], URL [jar:file:/C:/Users/Damien/.gradle/caches/modules-2/files-2.1/org.springframework.data/spring-data-mongodb/1.8.1.RELEASE/b90c75c49d1271c06e95ba635b73882237d3c262/spring-data-mongodb-1.8.1.RELEASE.jar!/org/springframework/data/mongodb/config/MongoDbFactoryParser.class], URL [jar:file:/C:/Users/Damien/.gradle/caches/modules-2/files-2.1/org.springframework.data/spring-data-mongodb/1.8.1.RELEASE/b90c75c49d1271c06e95ba635b73882237d3c262/spring-data-mongodb-1.8.1.RELEASE.jar!/org/springframework/data/mongodb/config/MongoAuditingBeanDefinitionParser.class], URL [jar:file:/C:/Users/Damien/.gradle/caches/modules-2/files-2.1/org.springframework.data/spring-data-mongodb/1.8.1.RELEASE/b90c75c49d1271c06e95ba635b73882237d3c262/spring-data-mongodb-1.8.1.RELEASE.jar!/org/springframework/data/mongodb/config/BeanNames.class], URL [jar:file:/C:/Users/Damien/.gradle/caches/modules-2/files-2.1/org.springframework.data/spring-data-mongodb/1.8.1.RELEASE/b90c75c49d1271c06e95ba635b73882237d3c262/spring-data-mongodb-1.8.1.RELEASE.jar!/org/springframework/data/mongodb/config/MongoJmxParser.class], URL [jar:file:/C:/Users/Damien/.gradle/caches/modules-2/files-2.1/org.springframework.data/spring-data-mongodb/1.8.1.RELEASE/b90c75c49d1271c06e95ba635b73882237d3c262/spring-data-mongodb-1.8.1.RELEASE.jar!/org/springframework/data/mongodb/config/WriteConcernPropertyEditor.class], URL [jar:file:/C:/Users/Damien/.gradle/caches/modules-2/files-2.1/org.springframework.data/spring-data-mongodb/1.8.1.RELEASE/b90c75c49d1271c06e95ba635b73882237d3c262/spring-data-mongodb-1.8.1.RELEASE.jar!/org/springframework/data/mongodb/config/MongoAuditingRegistrar.class], URL [jar:file:/C:/Users/Damien/.gradle/caches/modules-2/files-2.1/org.springframework.data/spring-data-mongodb/1.8.1.RELEASE/b90c75c49d1271c06e95ba635b73882237d3c262/spring-data-mongodb-1.8.1.RELEASE.jar!/org/springframework/data/mongodb/config/MongoParsingUtils.class], URL [jar:file:/C:/Users/Damien/.gradle/caches/modules-2/files-2.1/org.springframework.data/spring-data-mongodb/1.8.1.RELEASE/b90c75c49d1271c06e95ba635b73882237d3c262/spring-data-mongodb-1.8.1.RELEASE.jar!/org/springframework/data/mongodb/config/MongoParser.class], URL [jar:file:/C:/Users/Damien/.gradle/caches/modules-2/files-2.1/org.springframework.data/spring-data-mongodb/1.8.1.RELEASE/b90c75c49d1271c06e95ba635b73882237d3c262/spring-data-mongodb-1.8.1.RELEASE.jar!/org/springframework/data/mongodb/config/MongoTemplateParser.class], URL [jar:file:/C:/Users/Damien/.gradle/caches/modules-2/files-2.1/org.springframework.data/spring-data-mongodb/1.8.1.RELEASE/b90c75c49d1271c06e95ba635b73882237d3c262/spring-data-mongodb-1.8.1.RELEASE.jar!/org/springframework/data/mongodb/UncategorizedMongoDbException.class], URL [jar:file:/C:/Users/Damien/.gradle/caches/modules-2/files-2.1/org.springframework.data/spring-data-mongodb/1.8.1.RELEASE/b90c75c49d1271c06e95ba635b73882237d3c262/spring-data-mongodb-1.8.1.RELEASE.jar!/org/springframework/data/mongodb/MongoDbFactory.class], URL [jar:file:/C:/Users/Damien/.gradle/caches/modules-2/files-2.1/org.springframework.data/spring-data-mongodb/1.8.1.RELEASE/b90c75c49d1271c06e95ba635b73882237d3c262/spring-data-mongodb-1.8.1.RELEASE.jar!/org/springframework/data/mongodb/CannotGetMongoDbConnectionException.class], URL [jar:file:/C:/Users/Damien/.gradle/caches/modules-2/files-2.1/org.springframework.data/spring-data-mongodb/1.8.1.RELEASE/b90c75c49d1271c06e95ba635b73882237d3c262/spring-data-mongodb-1.8.1.RELEASE.jar!/org/springframework/data/mongodb/core/MongoTemplate$13.class], URL [jar:file:/C:/Users/Damien/.gradle/caches/modules-2/files-2.1/org.springframework.data/spring-data-mongodb/1.8.1.RELEASE/b90c75c49d1271c06e95ba635b73882237d3c262/spring-data-mongodb-1.8.1.RELEASE.jar!/org/springframework/data/mongodb/core/mapping/BasicMongoPersistentProperty.class], URL [jar:file:/C:/Users/Damien/.gradle/caches/modules-2/files-2.1/org.springframework.data/spring-data-mongodb/1.8.1.RELEASE/b90c75c49d1271c06e95ba635b73882237d3c262/spring-data-mongodb-1.8.1.RELEASE.jar!/org/springframework/data/mongodb/core/mapping/MongoPersistentProperty.class], URL [jar:file:/C:/Users/Damien/.gradle/caches/modules-2/files-2.1/org.springframework.data/spring-data-mongodb/1.8.1.RELEASE/b90c75c49d1271c06e95ba635b73882237d3c262/spring-data-mongodb-1.8.1.RELEASE.jar!/org/springframework/data/mongodb/core/mapping/MongoPersistentProperty$PropertyToFieldNameConverter.class], URL [jar:file:/C:/Users/Damien/.gradle/caches/modules-2/files-2.1/org.springframework.data/spring-data-mongodb/1.8.1.RELEASE/b90c75c49d1271c06e95ba635b73882237d3c262/spring-data-mongodb-1.8.1.RELEASE.jar!/org/springframework/data/mongodb/core/mapping/BasicMongoPersistentEntity$MongoPersistentPropertyComparator.class], URL [jar:file:/C:/Users/Damien/.gradle/caches/modules-2/files-2.1/org.springframework.data/spring-data-mongodb/1.8.1.RELEASE/b90c75c49d1271c06e95ba635b73882237d3c262/spring-data-mongodb-1.8.1.RELEASE.jar!/org/springframework/data/mongodb/core/mapping/TextScore.class], URL [jar:file:/C:/Users/Damien/.gradle/caches/modules-2/files-2.1/org.springframework.data/spring-data-mongodb/1.8.1.RELEASE/b90c75c49d1271c06e95ba635b73882237d3c262/spring-data-mongodb-1.8.1.RELEASE.jar!/org/springframework/data/mongodb/core/mapping/DBRef.class], URL [jar:file:/C:/Users/Damien/.gradle/caches/modules-2/files-2.1/org.springframework.data/spring-data-mongodb/1.8.1.RELEASE/b90c75c49d1271c06e95ba635b73882237d3c262/spring-data-mongodb-1.8.1.RELEASE.jar!/org/springframework/data/mongodb/core/mapping/BasicMongoPersistentEntity$AssertFieldNameUniquenessHandler.class], URL [jar:file:/C:/Users/Damien/.gradle/caches/modules-2/files-2.1/org.springframework.data/spring-data-mongodb/1.8.1.RELEASE/b90c75c49d1271c06e95ba635b73882237d3c262/spring-data-mongodb-1.8.1.RELEASE.jar!/org/springframework/data/mongodb/core/mapping/BasicMongoPersistentEntity$PropertyTypeAssertionHandler.class], URL [jar:file:/C:/Users/Damien/.gradle/caches/modules-2/files-2.1/org.springframework.data/spring-data-mongodb/1.8.1.RELEASE/b90c75c49d1271c06e95ba635b73882237d3c262/spring-data-mongodb-1.8.1.RELEASE.jar!/org/springframework/data/mongodb/core/mapping/BasicMongoPersistentEntity.class], URL [jar:file:/C:/Users/Damien/.gradle/caches/modules-2/files-2.1/org.springframework.data/spring-data-mongodb/1.8.1.RELEASE/b90c75c49d1271c06e95ba635b73882237d3c262/spring-data-mongodb-1.8.1.RELEASE.jar!/org/springframework/data/mongodb/core/mapping/MongoPersistentEntity.class], URL [jar:file:/C:/Users/Damien/.gradle/caches/modules-2/files-2.1/org.springframework.data/spring-data-mongodb/1.8.1.RELEASE/b90c75c49d1271c06e95ba635b73882237d3c262/spring-data-mongodb-1.8.1.RELEASE.jar!/org/springframework/data/mongodb/core/mapping/BasicMongoPersistentEntity$1.class], URL [jar:file:/C:/Users/Damien/.gradle/caches/modules-2/files-2.1/org.springframework.data/spring-data-mongodb/1.8.1.RELEASE/b90c75c49d1271c06e95ba635b73882237d3c262/spring-data-mongodb-1.8.1.RELEASE.jar!/org/springframework/data/mongodb/core/mapping/MongoMappingContext.class], URL [jar:file:/C:/Users/Damien/.gradle/caches/modules-2/files-2.1/org.springframework.data/spring-data-mongodb/1.8.1.RELEASE/b90c75c49d1271c06e95ba635b73882237d3c262/spring-data-mongodb-1.8.1.RELEASE.jar!/org/springframework/data/mongodb/core/mapping/Document.class], URL [jar:file:/C:/Users/Damien/.gradle/caches/modules-2/files-2.1/org.springframework.data/spring-data-mongodb/1.8.1.RELEASE/b90c75c49d1271c06e95ba635b73882237d3c262/spring-data-mongodb-1.8.1.RELEASE.jar!/org/springframework/data/mongodb/core/mapping/Language.class], URL [jar:file:/C:/Users/Damien/.gradle/caches/modules-2/files-2.1/org.springframework.data/spring-data-mongodb/1.8.1.RELEASE/b90c75c49d1271c06e95ba635b73882237d3c262/spring-data-mongodb-1.8.1.RELEASE.jar!/org/springframework/data/mongodb/core/mapping/Version.class], URL [jar:file:/C:/Users/Damien/.gradle/caches/modules-2/files-2.1/org.springframework.data/spring-data-mongodb/1.8.1.RELEASE/b90c75c49d1271c06e95ba635b73882237d3c262/spring-data-mongodb-1.8.1.RELEASE.jar!/org/springframework/data/mongodb/core/mapping/MongoSimpleTypes.class], URL [jar:file:/C:/Users/Damien/.gradle/caches/modules-2/files-2.1/org.springframework.data/spring-data-mongodb/1.8.1.RELEASE/b90c75c49d1271c06e95ba635b73882237d3c262/spring-data-mongodb-1.8.1.RELEASE.jar!/org/springframework/data/mongodb/core/mapping/event/AbstractMongoEventListener.class], URL [jar:file:/C:/Users/Damien/.gradle/caches/modules-2/files-2.1/org.springframework.data/spring-data-mongodb/1.8.1.RELEASE/b90c75c49d1271c06e95ba635b73882237d3c262/spring-data-mongodb-1.8.1.RELEASE.jar!/org/springframework/data/mongodb/core/mapping/event/AfterSaveEvent.class], URL [jar:file:/C:/Users/Damien/.gradle/caches/modules-2/files-2.1/org.springframework.data/spring-data-mongodb/1.8.1.RELEASE/b90c75c49d1271c06e95ba635b73882237d3c262/spring-data-mongodb-1.8.1.RELEASE.jar!/org/springframework/data/mongodb/core/mapping/event/BeforeSaveEvent.class], URL [jar:file:/C:/Users/Damien/.gradle/caches/modules-2/files-2.1/org.springframework.data/spring-data-mongodb/1.8.1.RELEASE/b90c75c49d1271c06e95ba635b73882237d3c262/spring-data-mongodb-1.8.1.RELEASE.jar!/org/springframework/data/mongodb/core/mapping/event/AfterConvertEvent.class], URL [jar:file:/C:/Users/Damien/.gradle/caches/modules-2/files-2.1/org.springframework.data/spring-data-mongodb/1.8.1.RELEASE/b90c75c49d1271c06e95ba635b73882237d3c262/spring-data-mongodb-1.8.1.RELEASE.jar!/org/springframework/data/mongodb/core/mapping/event/AfterDeleteEvent.class], URL [jar:file:/C:/Users/Damien/.gradle/caches/modules-2/files-2.1/org.springframework.data/spring-data-mongodb/1.8.1.RELEASE/b90c75c49d1271c06e95ba635b73882237d3c262/spring-data-mongodb-1.8.1.RELEASE.jar!/org/springframework/data/mongodb/core/mapping/event/LoggingEventListener.class], URL [jar:file:/C:/Users/Damien/.gradle/caches/modules-2/files-2.1/org.springframework.data/spring-data-mongodb/1.8.1.RELEASE/b90c75c49d1271c06e95ba635b73882237d3c262/spring-data-mongodb-1.8.1.RELEASE.jar!/org/springframework/data/mongodb/core/mapping/event/MongoMappingEvent.class], URL [jar:file:/C:/Users/Damien/.gradle/caches/modules-2/files-2.1/org.springframework.data/spring-data-mongodb/1.8.1.RELEASE/b90c75c49d1271c06e95ba635b73882237d3c262/spring-data-mongodb-1.8.1.RELEASE.jar!/org/springframework/data/mongodb/core/mapping/event/AbstractDeleteEvent.class], URL [jar:file:/C:/Users/Damien/.gradle/caches/modules-2/files-2.1/org.springframework.data/spring-data-mongodb/1.8.1.RELEASE/b90c75c49d1271c06e95ba635b73882237d3c262/spring-data-mongodb-1.8.1.RELEASE.jar!/org/springframework/data/mongodb/core/mapping/event/BeforeConvertEvent.class], URL [jar:file:/C:/Users/Damien/.gradle/caches/modules-2/files-2.1/org.springframework.data/spring-data-mongodb/1.8.1.RELEASE/b90c75c49d1271c06e95ba635b73882237d3c262/spring-data-mongodb-1.8.1.RELEASE.jar!/org/springframework/data/mongodb/core/mapping/event/ValidatingMongoEventListener.class], URL [jar:file:/C:/Users/Damien/.gradle/caches/modules-2/files-2.1/org.springframework.data/spring-data-mongodb/1.8.1.RELEASE/b90c75c49d1271c06e95ba635b73882237d3c262/spring-data-mongodb-1.8.1.RELEASE.jar!/org/springframework/data/mongodb/core/mapping/event/AfterLoadEvent.class], URL [jar:file:/C:/Users/Damien/.gradle/caches/modules-2/files-2.1/org.springframework.data/spring-data-mongodb/1.8.1.RELEASE/b90c75c49d1271c06e95ba635b73882237d3c262/spring-data-mongodb-1.8.1.RELEASE.jar!/org/springframework/data/mongodb/core/mapping/event/AuditingEventListener.class], URL [jar:file:/C:/Users/Damien/.gradle/caches/modules-2/files-2.1/org.springframework.data/spring-data-mongodb/1.8.1.RELEASE/b90c75c49d1271c06e95ba635b73882237d3c262/spring-data-mongodb-1.8.1.RELEASE.jar!/org/springframework/data/mongodb/core/mapping/event/BeforeDeleteEvent.class], URL [jar:file:/C:/Users/Damien/.gradle/caches/modules-2/files-2.1/org.springframework.data/spring-data-mongodb/1.8.1.RELEASE/b90c75c49d1271c06e95ba635b73882237d3c262/spring-data-mongodb-1.8.1.RELEASE.jar!/org/springframework/data/mongodb/core/mapping/CachingMongoPersistentProperty.class], URL [jar:file:/C:/Users/Damien/.gradle/caches/modules-2/files-2.1/org.springframework.data/spring-data-mongodb/1.8.1.RELEASE/b90c75c49d1271c06e95ba635b73882237d3c262/spring-data-mongodb-1.8.1.RELEASE.jar!/org/springframework/data/mongodb/core/mapping/Field.class], URL [jar:file:/C:/Users/Damien/.gradle/caches/modules-2/files-2.1/org.springframework.data/spring-data-mongodb/1.8.1.RELEASE/b90c75c49d1271c06e95ba635b73882237d3c262/spring-data-mongodb-1.8.1.RELEASE.jar!/org/springframework/data/mongodb/core/GeoJsonConfiguration.class], URL [jar:file:/C:/Users/Damien/.gradle/caches/modules-2/files-2.1/org.springframework.data/spring-data-mongodb/1.8.1.RELEASE/b90c75c49d1271c06e95ba635b73882237d3c262/spring-data-mongodb-1.8.1.RELEASE.jar!/org/springframework/data/mongodb/core/DefaultIndexOperations$4.class], URL [jar:file:/C:/Users/Damien/.gradle/caches/modules-2/files-2.1/org.springframework.data/spring-data-mongodb/1.8.1.RELEASE/b90c75c49d1271c06e95ba635b73882237d3c262/spring-data-mongodb-1.8.1.RELEASE.jar!/org/springframework/data/mongodb/core/MongoTemplate$CloseableIterableCursorAdapter.class], URL [jar:file:/C:/Users/Damien/.gradle/caches/modules-2/files-2.1/org.springframework.data/spring-data-mongodb/1.8.1.RELEASE/b90c75c49d1271c06e95ba635b73882237d3c262/spring-data-mongodb-1.8.1.RELEASE.jar!/org/springframework/data/mongodb/core/geo/GeoJsonPolygon.class], URL [jar:file:/C:/Users/Damien/.gradle/caches/modules-2/files-2.1/org.springframework.data/spring-data-mongodb/1.8.1.RELEASE/b90c75c49d1271c06e95ba635b73882237d3c262/spring-data-mongodb-1.8.1.RELEASE.jar!/org/springframework/data/mongodb/core/geo/GeoJsonModule$GeoJsonPointDeserializer.class], URL [jar:file:/C:/Users/Damien/.gradle/caches/modules-2/files-2.1/org.springframework.data/spring-data-mongodb/1.8.1.RELEASE/b90c75c49d1271c06e95ba635b73882237d3c262/spring-data-mongodb-1.8.1.RELEASE.jar!/org/springframework/data/mongodb/core/geo/GeoJsonPoint.class], URL [jar:file:/C:/Users/Damien/.gradle/caches/modules-2/files-2.1/org.springframework.data/spring-data-mongodb/1.8.1.RELEASE/b90c75c49d1271c06e95ba635b73882237d3c262/spring-data-mongodb-1.8.1.RELEASE.jar!/org/springframework/data/mongodb/core/geo/GeoJsonLineString.class], URL [jar:file:/C:/Users/Damien/.gradle/caches/modules-2/files-2.1/org.springframework.data/spring-data-mongodb/1.8.1.RELEASE/b90c75c49d1271c06e95ba635b73882237d3c262/spring-data-mongodb-1.8.1.RELEASE.jar!/org/springframework/data/mongodb/core/geo/GeoJsonModule$GeoJsonDeserializer.class], URL [jar:file:/C:/Users/Damien/.gradle/caches/modules-2/files-2.1/org.springframework.data/spring-data-mongodb/1.8.1.RELEASE/b90c75c49d1271c06e95ba635b73882237d3c262/spring-data-mongodb-1.8.1.RELEASE.jar!/org/springframework/data/mongodb/core/geo/GeoJsonModule$GeoJsonLineStringDeserializer.class], URL [jar:file:/C:/Users/Damien/.gradle/caches/modules-2/files-2.1/org.springframework.data/spring-data-mongodb/1.8.1.RELEASE/b90c75c49d1271c06e95ba635b73882237d3c262/spring-data-mongodb-1.8.1.RELEASE.jar!/org/springframework/data/mongodb/core/geo/GeoJson.class], URL [jar:file:/C:/Users/Damien/.gradle/caches/modules-2/files-2.1/org.springframework.data/spring-data-mongodb/1.8.1.RELEASE/b90c75c49d1271c06e95ba635b73882237d3c262/spring-data-mongodb-1.8.1.RELEASE.jar!/org/springframework/data/mongodb/core/geo/Sphere.class], URL [jar:file:/C:/Users/Damien/.gradle/caches/modules-2/files-2.1/org.springframework.data/spring-data-mongodb/1.8.1.RELEASE/b90c75c49d1271c06e95ba635b73882237d3c262/spring-data-mongodb-1.8.1.RELEASE.jar!/org/springframework/data/mongodb/core/geo/GeoJsonModule.class], URL [jar:file:/C:/Users/Damien/.gradle/caches/modules-2/files-2.1/org.springframework.data/spring-data-mongodb/1.8.1.RELEASE/b90c75c49d1271c06e95ba635b73882237d3c262/spring-data-mongodb-1.8.1.RELEASE.jar!/org/springframework/data/mongodb/core/geo/GeoJsonGeometryCollection.class], URL [jar:file:/C:/Users/Damien/.gradle/caches/modules-2/files-2.1/org.springframework.data/spring-data-mongodb/1.8.1.RELEASE/b90c75c49d1271c06e95ba635b73882237d3c262/spring-data-mongodb-1.8.1.RELEASE.jar!/org/springframework/data/mongodb/core/geo/GeoJsonModule$GeoJsonPolygonDeserializer.class], URL [jar:file:/C:/Users/Damien/.gradle/caches/modules-2/files-2.1/org.springframework.data/spring-data-mongodb/1.8.1.RELEASE/b90c75c49d1271c06e95ba635b73882237d3c262/spring-data-mongodb-1.8.1.RELEASE.jar!/org/springframework/data/mongodb/core/geo/GeoJsonModule$1.class], URL [jar:file:/C:/Users/Damien/.gradle/caches/modules-2/files-2.1/org.springframework.data/spring-data-mongodb/1.8.1.RELEASE/b90c75c49d1271c06e95ba635b73882237d3c262/spring-data-mongodb-1.8.1.RELEASE.jar!/org/springframework/data/mongodb/core/geo/GeoJsonModule$GeoJsonMultiLineStringDeserializer.class], URL [jar:file:/C:/Users/Damien/.gradle/caches/modules-2/files-2.1/org.springframework.data/spring-data-mongodb/1.8.1.RELEASE/b90c75c49d1271c06e95ba635b73882237d3c262/spring-data-mongodb-1.8.1.RELEASE.jar!/org/springframework/data/mongodb/core/geo/GeoJsonMultiLineString.class], URL [jar:file:/C:/Users/Damien/.gradle/caches/modules-2/files-2.1/org.springframework.data/spring-data-mongodb/1.8.1.RELEASE/b90c75c49d1271c06e95ba635b73882237d3c262/spring-data-mongodb-1.8.1.RELEASE.jar!/org/springframework/data/mongodb/core/geo/GeoJsonMultiPoint.class], URL [jar:file:/C:/Users/Damien/.gradle/caches/modules-2/files-2.1/org.springframework.data/spring-data-mongodb/1.8.1.RELEASE/b90c75c49d1271c06e95ba635b73882237d3c262/spring-data-mongodb-1.8.1.RELEASE.jar!/org/springframework/data/mongodb/core/geo/GeoJsonMultiPolygon.class], URL [jar:file:/C:/Users/Damien/.gradle/caches/modules-2/files-2.1/org.springframework.data/spring-data-mongodb/1.8.1.RELEASE/b90c75c49d1271c06e95ba635b73882237d3c262/spring-data-mongodb-1.8.1.RELEASE.jar!/org/springframework/data/mongodb/core/geo/GeoJsonModule$GeoJsonMultiPointDeserializer.class], URL [jar:file:/C:/Users/Damien/.gradle/caches/modules-2/files-2.1/org.springframework.data/spring-data-mongodb/1.8.1.RELEASE/b90c75c49d1271c06e95ba635b73882237d3c262/spring-data-mongodb-1.8.1.RELEASE.jar!/org/springframework/data/mongodb/core/geo/GeoJsonModule$GeoJsonMultiPolygonDeserializer.class], URL [jar:file:/C:/Users/Damien/.gradle/caches/modules-2/files-2.1/org.springframework.data/spring-data-mongodb/1.8.1.RELEASE/b90c75c49d1271c06e95ba635b73882237d3c262/spring-data-mongodb-1.8.1.RELEASE.jar!/org/springframework/data/mongodb/core/MongoExceptionTranslator$MongoDbErrorCodes.class], URL [jar:file:/C:/Users/Damien/.gradle/caches/modules-2/files-2.1/org.springframework.data/spring-data-mongodb/1.8.1.RELEASE/b90c75c49d1271c06e95ba635b73882237d3c262/spring-data-mongodb-1.8.1.RELEASE.jar!/org/springframework/data/mongodb/core/ScriptOperations.class], URL [jar:file:/C:/Users/Damien/.gradle/caches/modules-2/files-2.1/org.springframework.data/spring-data-mongodb/1.8.1.RELEASE/b90c75c49d1271c06e95ba635b73882237d3c262/spring-data-mongodb-1.8.1.RELEASE.jar!/org/springframework/data/mongodb/core/MongoTemplate$1.class], URL [jar:file:/C:/Users/Damien/.gradle/caches/modules-2/files-2.1/org.springframework.data/spring-data-mongodb/1.8.1.RELEASE/b90c75c49d1271c06e95ba635b73882237d3c262/spring-data-mongodb-1.8.1.RELEASE.jar!/org/springframework/data/mongodb/core/MongoAdmin.class], URL [jar:file:/C:/Users/Damien/.gradle/caches/modules-2/files-2.1/org.springframework.data/spring-data-mongodb/1.8.1.RELEASE/b90c75c49d1271c06e95ba635b73882237d3c262/spring-data-mongodb-1.8.1.RELEASE.jar!/org/springframework/data/mongodb/core/MongoSynchronization.class], URL [jar:file:/C:/Users/Damien/.gradle/caches/modules-2/files-2.1/org.springframework.data/spring-data-mongodb/1.8.1.RELEASE/b90c75c49d1271c06e95ba635b73882237d3c262/spring-data-mongodb-1.8.1.RELEASE.jar!/org/springframework/data/mongodb/core/MongoTemplate$15.class], URL [jar:file:/C:/Users/Damien/.gradle/caches/modules-2/files-2.1/org.springframework.data/spring-data-mongodb/1.8.1.RELEASE/b90c75c49d1271c06e95ba635b73882237d3c262/spring-data-mongodb-1.8.1.RELEASE.jar!/org/springframework/data/mongodb/core/MongoTemplate$12.class], URL [jar:file:/C:/Users/Damien/.gradle/caches/modules-2/files-2.1/org.springframework.data/spring-data-mongodb/1.8.1.RELEASE/b90c75c49d1271c06e95ba635b73882237d3c262/spring-data-mongodb-1.8.1.RELEASE.jar!/org/springframework/data/mongodb/core/MongoTemplate$3.class], URL [jar:file:/C:/Users/Damien/.gradle/caches/modules-2/files-2.1/org.springframework.data/spring-data-mongodb/1.8.1.RELEASE/b90c75c49d1271c06e95ba635b73882237d3c262/spring-data-mongodb-1.8.1.RELEASE.jar!/org/springframework/data/mongodb/core/MongoTemplate$ReadDbObjectCallback.class], URL [jar:file:/C:/Users/Damien/.gradle/caches/modules-2/files-2.1/org.springframework.data/spring-data-mongodb/1.8.1.RELEASE/b90c75c49d1271c06e95ba635b73882237d3c262/spring-data-mongodb-1.8.1.RELEASE.jar!/org/springframework/data/mongodb/core/ReflectiveDbInvoker.class], URL [jar:file:/C:/Users/Damien/.gradle/caches/modules-2/files-2.1/org.springframework.data/spring-data-mongodb/1.8.1.RELEASE/b90c75c49d1271c06e95ba635b73882237d3c262/spring-data-mongodb-1.8.1.RELEASE.jar!/org/springframework/data/mongodb/core/MongoTemplate$11.class], URL [jar:file:/C:/Users/Damien/.gradle/caches/modules-2/files-2.1/org.springframework.data/spring-data-mongodb/1.8.1.RELEASE/b90c75c49d1271c06e95ba635b73882237d3c262/spring-data-mongodb-1.8.1.RELEASE.jar!/org/springframework/data/mongodb/core/MongoTemplate$FindCallback.class], URL [jar:file:/C:/Users/Damien/.gradle/caches/modules-2/files-2.1/org.springframework.data/spring-data-mongodb/1.8.1.RELEASE/b90c75c49d1271c06e95ba635b73882237d3c262/spring-data-mongodb-1.8.1.RELEASE.jar!/org/springframework/data/mongodb/core/MongoClientFactoryBean.class], URL [jar:file:/C:/Users/Damien/.gradle/caches/modules-2/files-2.1/org.springframework.data/spring-data-mongodb/1.8.1.RELEASE/b90c75c49d1271c06e95ba635b73882237d3c262/spring-data-mongodb-1.8.1.RELEASE.jar!/org/springframework/data/mongodb/core/ReflectiveWriteConcernInvoker.class], URL [jar:file:/C:/Users/Damien/.gradle/caches/modules-2/files-2.1/org.springframework.data/spring-data-mongodb/1.8.1.RELEASE/b90c75c49d1271c06e95ba635b73882237d3c262/spring-data-mongodb-1.8.1.RELEASE.jar!/org/springframework/data/mongodb/core/query/Update$Modifiers.class], URL [jar:file:/C:/Users/Damien/.gradle/caches/modules-2/files-2.1/org.springframework.data/spring-data-mongodb/1.8.1.RELEASE/b90c75c49d1271c06e95ba635b73882237d3c262/spring-data-mongodb-1.8.1.RELEASE.jar!/org/springframework/data/mongodb/core/query/Update$Position.class], URL [jar:file:/C:/Users/Damien/.gradle/caches/modules-2/files-2.1/org.springframework.data/spring-data-mongodb/1.8.1.RELEASE/b90c75c49d1271c06e95ba635b73882237d3c262/spring-data-mongodb-1.8.1.RELEASE.jar!/org/springframework/data/mongodb/core/query/Update.class], URL [jar:file:/C:/Users/Damien/.gradle/caches/modules-2/files-2.1/org.springframework.data/spring-data-mongodb/1.8.1.RELEASE/b90c75c49d1271c06e95ba635b73882237d3c262/spring-data-mongodb-1.8.1.RELEASE.jar!/org/springframework/data/mongodb/core/query/Update$Each.class], URL [jar:file:/C:/Users/Damien/.gradle/caches/modules-2/files-2.1/org.springframework.data/spring-data-mongodb/1.8.1.RELEASE/b90c75c49d1271c06e95ba635b73882237d3c262/spring-data-mongodb-1.8.1.RELEASE.jar!/org/springframework/data/mongodb/core/query/Query.class], URL [jar:file:/C:/Users/Damien/.gradle/caches/modules-2/files-2.1/org.springframework.data/spring-data-mongodb/1.8.1.RELEASE/b90c75c49d1271c06e95ba635b73882237d3c262/spring-data-mongodb-1.8.1.RELEASE.jar!/org/springframework/data/mongodb/core/query/TextQuery.class], URL [jar:file:/C:/Users/Damien/.gradle/caches/modules-2/files-2.1/org.springframework.data/spring-data-mongodb/1.8.1.RELEASE/b90c75c49d1271c06e95ba635b73882237d3c262/spring-data-mongodb-1.8.1.RELEASE.jar!/org/springframework/data/mongodb/core/query/Update$AddToSetBuilder.class], URL [jar:file:/C:/Users/Damien/.gradle/caches/modules-2/files-2.1/org.springframework.data/spring-data-mongodb/1.8.1.RELEASE/b90c75c49d1271c06e95ba635b73882237d3c262/spring-data-mongodb-1.8.1.RELEASE.jar!/org/springframework/data/mongodb/core/query/Update$PushOperatorBuilder.class], URL [jar:file:/C:/Users/Damien/.gradle/caches/modules-2/files-2.1/org.springframework.data/spring-data-mongodb/1.8.1.RELEASE/b90c75c49d1271c06e95ba635b73882237d3c262/spring-data-mongodb-1.8.1.RELEASE.jar!/org/springframework/data/mongodb/core/query/Order$1.class], URL [jar:file:/C:/Users/Damien/.gradle/caches/modules-2/files-2.1/org.springframework.data/spring-data-mongodb/1.8.1.RELEASE/b90c75c49d1271c06e95ba635b73882237d3c262/spring-data-mongodb-1.8.1.RELEASE.jar!/org/springframework/data/mongodb/core/query/SerializationUtils$2.class], URL [jar:file:/C:/Users/Damien/.gradle/caches/modules-2/files-2.1/org.springframework.data/spring-data-mongodb/1.8.1.RELEASE/b90c75c49d1271c06e95ba635b73882237d3c262/spring-data-mongodb-1.8.1.RELEASE.jar!/org/springframework/data/mongodb/core/query/Update$PositionModifier.class], URL [jar:file:/C:/Users/Damien/.gradle/caches/modules-2/files-2.1/org.springframework.data/spring-data-mongodb/1.8.1.RELEASE/b90c75c49d1271c06e95ba635b73882237d3c262/spring-data-mongodb-1.8.1.RELEASE.jar!/org/springframework/data/mongodb/core/query/Update$BitwiseOperatorBuilder$BitwiseOperator.class], URL [jar:file:/C:/Users/Damien/.gradle/caches/modules-2/files-2.1/org.springframework.data/spring-data-mongodb/1.8.1.RELEASE/b90c75c49d1271c06e95ba635b73882237d3c262/spring-data-mongodb-1.8.1.RELEASE.jar!/org/springframework/data/mongodb/core/query/Update$Modifier.class], URL [jar:file:/C:/Users/Damien/.gradle/caches/modules-2/files-2.1/org.springframework.data/spring-data-mongodb/1.8.1.RELEASE/b90c75c49d1271c06e95ba635b73882237d3c262/spring-data-mongodb-1.8.1.RELEASE.jar!/org/springframework/data/mongodb/core/query/BasicQuery.class], URL [jar:file:/C:/Users/Damien/.gradle/caches/modules-2/files-2.1/org.springframework.data/spring-data-mongodb/1.8.1.RELEASE/b90c75c49d1271c06e95ba635b73882237d3c262/spring-data-mongodb-1.8.1.RELEASE.jar!/org/springframework/data/mongodb/core/query/Term$Type.class], URL [jar:file:/C:/Users/Damien/.gradle/caches/modules-2/files-2.1/org.springframework.data/spring-data-mongodb/1.8.1.RELEASE/b90c75c49d1271c06e95ba635b73882237d3c262/spring-data-mongodb-1.8.1.RELEASE.jar!/org/springframework/data/mongodb/core/query/SerializationUtils$1.class], URL [jar:file:/C:/Users/Damien/.gradle/caches/modules-2/files-2.1/org.springframework.data/spring-data-mongodb/1.8.1.RELEASE/b90c75c49d1271c06e95ba635b73882237d3c262/spring-data-mongodb-1.8.1.RELEASE.jar!/org/springframework/data/mongodb/core/query/Term.class], URL [jar:file:/C:/Users/Damien/.gradle/caches/modules-2/files-2.1/org.springframework.data/spring-data-mongodb/1.8.1.RELEASE/b90c75c49d1271c06e95ba635b73882237d3c262/spring-data-mongodb-1.8.1.RELEASE.jar!/org/springframework/data/mongodb/core/query/BasicUpdate.class], URL [jar:file:/C:/Users/Damien/.gradle/caches/modules-2/files-2.1/org.springframework.data/spring-data-mongodb/1.8.1.RELEASE/b90c75c49d1271c06e95ba635b73882237d3c262/spring-data-mongodb-1.8.1.RELEASE.jar!/org/springframework/data/mongodb/core/query/SerializationUtils.class], URL [jar:file:/C:/Users/Damien/.gradle/caches/modules-2/files-2.1/org.springframework.data/spring-data-mongodb/1.8.1.RELEASE/b90c75c49d1271c06e95ba635b73882237d3c262/spring-data-mongodb-1.8.1.RELEASE.jar!/org/springframework/data/mongodb/core/query/TextCriteria.class], URL [jar:file:/C:/Users/Damien/.gradle/caches/modules-2/files-2.1/org.springframework.data/spring-data-mongodb/1.8.1.RELEASE/b90c75c49d1271c06e95ba635b73882237d3c262/spring-data-mongodb-1.8.1.RELEASE.jar!/org/springframework/data/mongodb/core/query/Criteria.class], URL [jar:file:/C:/Users/Damien/.gradle/caches/modules-2/files-2.1/org.springframework.data/spring-data-mongodb/1.8.1.RELEASE/b90c75c49d1271c06e95ba635b73882237d3c262/spring-data-mongodb-1.8.1.RELEASE.jar!/org/springframework/data/mongodb/core/query/Order.class], URL [jar:file:/C:/Users/Damien/.gradle/caches/modules-2/files-2.1/org.springframework.data/spring-data-mongodb/1.8.1.RELEASE/b90c75c49d1271c06e95ba635b73882237d3c262/spring-data-mongodb-1.8.1.RELEASE.jar!/org/springframework/data/mongodb/core/query/CriteriaDefinition.class], URL [jar:file:/C:/Users/Damien/.gradle/caches/modules-2/files-2.1/org.springframework.data/spring-data-mongodb/1.8.1.RELEASE/b90c75c49d1271c06e95ba635b73882237d3c262/spring-data-mongodb-1.8.1.RELEASE.jar!/org/springframework/data/mongodb/core/query/Update$BitwiseOperatorBuilder.class], URL [jar:file:/C:/Users/Damien/.gradle/caches/modules-2/files-2.1/org.springframework.data/spring-data-mongodb/1.8.1.RELEASE/b90c75c49d1271c06e95ba635b73882237d3c262/spring-data-mongodb-1.8.1.RELEASE.jar!/org/springframework/data/mongodb/core/query/Order$2.class], URL [jar:file:/C:/Users/Damien/.gradle/caches/modules-2/files-2.1/org.springframework.data/spring-data-mongodb/1.8.1.RELEASE/b90c75c49d1271c06e95ba635b73882237d3c262/spring-data-mongodb-1.8.1.RELEASE.jar!/org/springframework/data/mongodb/core/query/Meta$MetaKey.class], URL [jar:file:/C:/Users/Damien/.gradle/caches/modules-2/files-2.1/org.springframework.data/spring-data-mongodb/1.8.1.RELEASE/b90c75c49d1271c06e95ba635b73882237d3c262/spring-data-mongodb-1.8.1.RELEASE.jar!/org/springframework/data/mongodb/core/query/Meta.class], URL [jar:file:/C:/Users/Damien/.gradle/caches/modules-2/files-2.1/org.springframework.data/spring-data-mongodb/1.8.1.RELEASE/b90c75c49d1271c06e95ba635b73882237d3c262/spring-data-mongodb-1.8.1.RELEASE.jar!/org/springframework/data/mongodb/core/query/NearQuery.class], URL [jar:file:/C:/Users/Damien/.gradle/caches/modules-2/files-2.1/org.springframework.data/spring-data-mongodb/1.8.1.RELEASE/b90c75c49d1271c06e95ba635b73882237d3c262/spring-data-mongodb-1.8.1.RELEASE.jar!/org/springframework/data/mongodb/core/query/GeoCommand.class], URL [jar:file:/C:/Users/Damien/.gradle/caches/modules-2/files-2.1/org.springframework.data/spring-data-mongodb/1.8.1.RELEASE/b90c75c49d1271c06e95ba635b73882237d3c262/spring-data-mongodb-1.8.1.RELEASE.jar!/org/springframework/data/mongodb/core/query/Field.class], URL [jar:file:/C:/Users/Damien/.gradle/caches/modules-2/files-2.1/org.springframework.data/spring-data-mongodb/1.8.1.RELEASE/b90c75c49d1271c06e95ba635b73882237d3c262/spring-data-mongodb-1.8.1.RELEASE.jar!/org/springframework/data/mongodb/core/MongoTemplate.class], URL [jar:file:/C:/Users/Damien/.gradle/caches/modules-2/files-2.1/org.springframework.data/spring-data-mongodb/1.8.1.RELEASE/b90c75c49d1271c06e95ba635b73882237d3c262/spring-data-mongodb-1.8.1.RELEASE.jar!/org/springframework/data/mongodb/core/convert/QueryMapper.class], URL [jar:file:/C:/Users/Damien/.gradle/caches/modules-2/files-2.1/org.springframework.data/spring-data-mongodb/1.8.1.RELEASE/b90c75c49d1271c06e95ba635b73882237d3c262/spring-data-mongodb-1.8.1.RELEASE.jar!/org/springframework/data/mongodb/core/convert/DefaultDbRefResolver$LazyLoadingInterceptor.class], URL [jar:file:/C:/Users/Damien/.gradle/caches/modules-2/files-2.1/org.springframework.data/spring-data-mongodb/1.8.1.RELEASE/b90c75c49d1271c06e95ba635b73882237d3c262/spring-data-mongodb-1.8.1.RELEASE.jar!/org/springframework/data/mongodb/core/convert/CustomConversions$2.class], URL [jar:file:/C:/Users/Damien/.gradle/caches/modules-2/files-2.1/org.springframework.data/spring-data-mongodb/1.8.1.RELEASE/b90c75c49d1271c06e95ba635b73882237d3c262/spring-data-mongodb-1.8.1.RELEASE.jar!/org/springframework/data/mongodb/core/convert/MappingMongoConverter$NestedDocument.class], URL [jar:file:/C:/Users/Damien/.gradle/caches/modules-2/files-2.1/org.springframework.data/spring-data-mongodb/1.8.1.RELEASE/b90c75c49d1271c06e95ba635b73882237d3c262/spring-data-mongodb-1.8.1.RELEASE.jar!/org/springframework/data/mongodb/core/convert/DBObjectAccessor.class], URL [jar:file:/C:/Users/Damien/.gradle/caches/modules-2/files-2.1/org.springframework.data/spring-data-mongodb/1.8.1.RELEASE/b90c75c49d1271c06e95ba635b73882237d3c262/spring-data-mongodb-1.8.1.RELEASE.jar!/org/springframework/data/mongodb/core/convert/CustomConversions.class], URL [jar:file:/C:/Users/Damien/.gradle/caches/modules-2/files-2.1/org.springframework.data/spring-data-mongodb/1.8.1.RELEASE/b90c75c49d1271c06e95ba635b73882237d3c262/spring-data-mongodb-1.8.1.RELEASE.jar!/org/springframework/data/mongodb/core/convert/QueryMapper$MetadataBackedField$PositionParameterRetainingPropertyKeyConverter.class], URL [jar:file:/C:/Users/Damien/.gradle/caches/modules-2/files-2.1/org.springframework.data/spring-data-mongodb/1.8.1.RELEASE/b90c75c49d1271c06e95ba635b73882237d3c262/spring-data-mongodb-1.8.1.RELEASE.jar!/org/springframework/data/mongodb/core/convert/QueryMapper$MetaMapping.class], URL [jar:file:/C:/Users/Damien/.gradle/caches/modules-2/files-2.1/org.springframework.data/spring-data-mongodb/1.8.1.RELEASE/b90c75c49d1271c06e95ba635b73882237d3c262/spring-data-mongodb-1.8.1.RELEASE.jar!/org/springframework/data/mongodb/core/convert/GeoConverters$CircleToDbObjectConverter.class], URL [jar:file:/C:/Users/Damien/.gradle/caches/modules-2/files-2.1/org.springframework.data/spring-data-mongodb/1.8.1.RELEASE/b90c75c49d1271c06e95ba635b73882237d3c262/spring-data-mongodb-1.8.1.RELEASE.jar!/org/springframework/data/mongodb/core/convert/DefaultDbRefResolverCallback.class], URL [jar:file:/C:/Users/Damien/.gradle/caches/modules-2/files-2.1/org.springframework.data/spring-data-mongodb/1.8.1.RELEASE/b90c75c49d1271c06e95ba635b73882237d3c262/spring-data-mongodb-1.8.1.RELEASE.jar!/org/springframework/data/mongodb/core/convert/GeoConverters$DbObjectToSphereConverter.class], URL [jar:file:/C:/Users/Damien/.gradle/caches/modules-2/files-2.1/org.springframework.data/spring-data-mongodb/1.8.1.RELEASE/b90c75c49d1271c06e95ba635b73882237d3c262/spring-data-mongodb-1.8.1.RELEASE.jar!/org/springframework/data/mongodb/core/convert/DbRefResolver.class], URL [jar:file:/C:/Users/Damien/.gradle/caches/modules-2/files-2.1/org.springframework.data/spring-data-mongodb/1.8.1.RELEASE/b90c75c49d1271c06e95ba635b73882237d3c262/spring-data-mongodb-1.8.1.RELEASE.jar!/org/springframework/data/mongodb/core/convert/GeoConverters$DbObjectToGeoJsonGeometryCollectionConverter.class], URL [jar:file:/C:/Users/Damien/.gradle/caches/modules-2/files-2.1/org.springframework.data/spring-data-mongodb/1.8.1.RELEASE/b90c75c49d1271c06e95ba635b73882237d3c262/spring-data-mongodb-1.8.1.RELEASE.jar!/org/springframework/data/mongodb/core/convert/MongoConverters$BigIntegerToStringConverter.class], URL [jar:file:/C:/Users/Damien/.gradle/caches/modules-2/files-2.1/org.springframework.data/spring-data-mongodb/1.8.1.RELEASE/b90c75c49d1271c06e95ba635b73882237d3c262/spring-data-mongodb-1.8.1.RELEASE.jar!/org/springframework/data/mongodb/core/convert/MongoWriter.class], URL [jar:file:/C:/Users/Damien/.gradle/caches/modules-2/files-2.1/org.springframework.data/spring-data-mongodb/1.8.1.RELEASE/b90c75c49d1271c06e95ba635b73882237d3c262/spring-data-mongodb-1.8.1.RELEASE.jar!/org/springframework/data/mongodb/core/convert/MappingMongoConverter$4.class], URL [jar:file:/C:/Users/Damien/.gradle/caches/modules-2/files-2.1/org.springframework.data/spring-data-mongodb/1.8.1.RELEASE/b90c75c49d1271c06e95ba635b73882237d3c262/spring-data-mongodb-1.8.1.RELEASE.jar!/org/springframework/data/mongodb/core/convert/ValueResolver.class], URL [jar:file:/C:/Users/Damien/.gradle/caches/modules-2/files-2.1/org.springframework.data/spring-data-mongodb/1.8.1.RELEASE/b90c75c49d1271c06e95ba635b73882237d3c262/spring-data-mongodb-1.8.1.RELEASE.jar!/org/springframework/data/mongodb/core/convert/GeoConverters$DbObjectToPolygonConverter.class], URL [jar:file:/C:/Users/Damien/.gradle/caches/modules-2/files-2.1/org.springframework.data/spring-data-mongodb/1.8.1.RELEASE/b90c75c49d1271c06e95ba635b73882237d3c262/spring-data-mongodb-1.8.1.RELEASE.jar!/org/springframework/data/mongodb/core/convert/MongoConverters$URLToStringConverter.class], URL [jar:file:/C:/Users/Damien/.gradle/caches/modules-2/files-2.1/org.springframework.data/spring-data-mongodb/1.8.1.RELEASE/b90c75c49d1271c06e95ba635b73882237d3c262/spring-data-mongodb-1.8.1.RELEASE.jar!/org/springframework/data/mongodb/core/convert/MongoConverters$BigIntegerToObjectIdConverter.class], URL [jar:file:/C:/Users/Damien/.gradle/caches/modules-2/files-2.1/org.springframework.data/spring-data-mongodb/1.8.1.RELEASE/b90c75c49d1271c06e95ba635b73882237d3c262/spring-data-mongodb-1.8.1.RELEASE.jar!/org/springframework/data/mongodb/core/convert/GeoConverters$DbObjectToGeoJsonLineStringConverter.class], URL [jar:file:/C:/Users/Damien/.gradle/caches/modules-2/files-2.1/org.springframework.data/spring-data-mongodb/1.8.1.RELEASE/b90c75c49d1271c06e95ba635b73882237d3c262/spring-data-mongodb-1.8.1.RELEASE.jar!/org/springframework/data/mongodb/core/convert/DefaultDbRefProxyHandler.class], URL [jar:file:/C:/Users/Damien/.gradle/caches/modules-2/files-2.1/org.springframework.data/spring-data-mongodb/1.8.1.RELEASE/b90c75c49d1271c06e95ba635b73882237d3c262/spring-data-mongodb-1.8.1.RELEASE.jar!/org/springframework/data/mongodb/core/convert/GeoConverters$BoxToDbObjectConverter.class], URL [jar:file:/C:/Users/Damien/.gradle/caches/modules-2/files-2.1/org.springframework.data/spring-data-mongodb/1.8.1.RELEASE/b90c75c49d1271c06e95ba635b73882237d3c262/spring-data-mongodb-1.8.1.RELEASE.jar!/org/springframework/data/mongodb/core/convert/ReflectiveDBRefResolver.class], URL [jar:file:/C:/Users/Damien/.gradle/caches/modules-2/files-2.1/org.springframework.data/spring-data-mongodb/1.8.1.RELEASE/b90c75c49d1271c06e95ba635b73882237d3c262/spring-data-mongodb-1.8.1.RELEASE.jar!/org/springframework/data/mongodb/core/convert/GeoConverters.class], URL [jar:file:/C:/Users/Damien/.gradle/caches/modules-2/files-2.1/org.springframework.data/spring-data-mongodb/1.8.1.RELEASE/b90c75c49d1271c06e95ba635b73882237d3c262/spring-data-mongodb-1.8.1.RELEASE.jar!/org/springframework/data/mongodb/core/convert/DefaultMongoTypeMapper$DBObjectTypeAliasAccessor.class], URL [jar:file:/C:/Users/Damien/.gradle/caches/modules-2/files-2.1/org.springframework.data/spring-data-mongodb/1.8.1.RELEASE/b90c75c49d1271c06e95ba635b73882237d3c262/spring-data-mongodb-1.8.1.RELEASE.jar!/org/springframework/data/mongodb/core/convert/GeoConverters$GeoJsonToDbObjectConverter.class], URL [jar:file:/C:/Users/Damien/.gradle/caches/modules-2/files-2.1/org.springframework.data/spring-data-mongodb/1.8.1.RELEASE/b90c75c49d1271c06e95ba635b73882237d3c262/spring-data-mongodb-1.8.1.RELEASE.jar!/org/springframework/data/mongodb/core/convert/UpdateMapper$MetadataBackedUpdateField$UpdateAssociationConverter.class], URL [jar:file:/C:/Users/Damien/.gradle/caches/modules-2/files-2.1/org.springframework.data/spring-data-mongodb/1.8.1.RELEASE/b90c75c49d1271c06e95ba635b73882237d3c262/spring-data-mongodb-1.8.1.RELEASE.jar!/org/springframework/data/mongodb/core/convert/DbRefProxyHandler.class], URL [jar:file:/C:/Users/Damien/.gradle/caches/modules-2/files-2.1/org.springframework.data/spring-data-mongodb/1.8.1.RELEASE/b90c75c49d1271c06e95ba635b73882237d3c262/spring-data-mongodb-1.8.1.RELEASE.jar!/org/springframework/data/mongodb/core/convert/MappingMongoConverter$1.class], URL [jar:file:/C:/Users/Damien/.gradle/caches/modules-2/files-2.1/org.springframework.data/spring-data-mongodb/1.8.1.RELEASE/b90c75c49d1271c06e95ba635b73882237d3c262/spring-data-mongodb-1.8.1.RELEASE.jar!/org/springframework/data/mongodb/core/convert/GeoConverters$GeoJsonPointToDbObjectConverter.class], URL [jar:file:/C:/Users/Damien/.gradle/caches/modules-2/files-2.1/org.springframework.data/spring-data-mongodb/1.8.1.RELEASE/b90c75c49d1271c06e95ba635b73882237d3c262/spring-data-mongodb-1.8.1.RELEASE.jar!/org/springframework/data/mongodb/core/convert/MongoConverters$NamedMongoScriptToDBObjectConverter.class], URL [jar:file:/C:/Users/Damien/.gradle/caches/modules-2/files-2.1/org.springframework.data/spring-data-mongodb/1.8.1.RELEASE/b90c75c49d1271c06e95ba635b73882237d3c262/spring-data-mongodb-1.8.1.RELEASE.jar!/org/springframework/data/mongodb/core/convert/MappingMongoConverter$MongoDbPropertyValueProvider.class], URL [jar:file:/C:/Users/Damien/.gradle/caches/modules-2/files-2.1/org.springframework.data/spring-data-mongodb/1.8.1.RELEASE/b90c75c49d1271c06e95ba635b73882237d3c262/spring-data-mongodb-1.8.1.RELEASE.jar!/org/springframework/data/mongodb/core/convert/MongoConverter.class], URL [jar:file:/C:/Users/Damien/.gradle/caches/modules-2/files-2.1/org.springframework.data/spring-data-mongodb/1.8.1.RELEASE/b90c75c49d1271c06e95ba635b73882237d3c262/spring-data-mongodb-1.8.1.RELEASE.jar!/org/springframework/data/mongodb/core/convert/ObjectPath$ObjectPathItem.class], URL [jar:file:/C:/Users/Damien/.gradle/caches/modules-2/files-2.1/org.springframework.data/spring-data-mongodb/1.8.1.RELEASE/b90c75c49d1271c06e95ba635b73882237d3c262/spring-data-mongodb-1.8.1.RELEASE.jar!/org/springframework/data/mongodb/core/convert/GeoConverters$DbObjectToGeoJsonMultiPointConverter.class], URL [jar:file:/C:/Users/Damien/.gradle/caches/modules-2/files-2.1/org.springframework.data/spring-data-mongodb/1.8.1.RELEASE/b90c75c49d1271c06e95ba635b73882237d3c262/spring-data-mongodb-1.8.1.RELEASE.jar!/org/springframework/data/mongodb/core/convert/DefaultMongoTypeMapper.class], URL [jar:file:/C:/Users/Damien/.gradle/caches/modules-2/files-2.1/org.springframework.data/spring-data-mongodb/1.8.1.RELEASE/b90c75c49d1271c06e95ba635b73882237d3c262/spring-data-mongodb-1.8.1.RELEASE.jar!/org/springframework/data/mongodb/core/convert/MongoConverters$TermToStringConverter.class], URL [jar:file:/C:/Users/Damien/.gradle/caches/modules-2/files-2.1/org.springframework.data/spring-data-mongodb/1.8.1.RELEASE/b90c75c49d1271c06e95ba635b73882237d3c262/spring-data-mongodb-1.8.1.RELEASE.jar!/org/springframework/data/mongodb/core/convert/GeoConverters$GeoJsonPolygonToDbObjectConverter.class], URL [jar:file:/C:/Users/Damien/.gradle/caches/modules-2/files-2.1/org.springframework.data/spring-data-mongodb/1.8.1.RELEASE/b90c75c49d1271c06e95ba635b73882237d3c262/spring-data-mongodb-1.8.1.RELEASE.jar!/org/springframework/data/mongodb/core/convert/ConverterRegistration.class], URL [jar:file:/C:/Users/Damien/.gradle/caches/modules-2/files-2.1/org.springframework.data/spring-data-mongodb/1.8.1.RELEASE/b90c75c49d1271c06e95ba635b73882237d3c262/spring-data-mongodb-1.8.1.RELEASE.jar!/org/springframework/data/mongodb/core/convert/CustomConversions$CustomToStringConverter.class], URL [jar:file:/C:/Users/Damien/.gradle/caches/modules-2/files-2.1/org.springframework.data/spring-data-mongodb/1.8.1.RELEASE/b90c75c49d1271c06e95ba635b73882237d3c262/spring-data-mongodb-1.8.1.RELEASE.jar!/org/springframework/data/mongodb/core/convert/GeoConverters$DbObjectToGeoJsonMultiPolygonConverter.class], URL [jar:file:/C:/Users/Damien/.gradle/caches/modules-2/files-2.1/org.springframework.data/spring-data-mongodb/1.8.1.RELEASE/b90c75c49d1271c06e95ba635b73882237d3c262/spring-data-mongodb-1.8.1.RELEASE.jar!/org/springframework/data/mongodb/core/convert/QueryMapper$Field.class], URL [jar:file:/C:/Users/Damien/.gradle/caches/modules-2/files-2.1/org.springframework.data/spring-data-mongodb/1.8.1.RELEASE/b90c75c49d1271c06e95ba635b73882237d3c262/spring-data-mongodb-1.8.1.RELEASE.jar!/org/springframework/data/mongodb/core/convert/MongoConverters$ObjectIdToBigIntegerConverter.class], URL [jar:file:/C:/Users/Damien/.gradle/caches/modules-2/files-2.1/org.springframework.data/spring-data-mongodb/1.8.1.RELEASE/b90c75c49d1271c06e95ba635b73882237d3c262/spring-data-mongodb-1.8.1.RELEASE.jar!/org/springframework/data/mongodb/core/convert/GeoConverters$DbObjectToGeoJsonPolygonConverter.class], URL [jar:file:/C:/Users/Damien/.gradle/caches/modules-2/files-2.1/org.springframework.data/spring-data-mongodb/1.8.1.RELEASE/b90c75c49d1271c06e95ba635b73882237d3c262/spring-data-mongodb-1.8.1.RELEASE.jar!/org/springframework/data/mongodb/core/convert/QueryMapper$MetadataBackedField.class], URL [jar:file:/C:/Users/Damien/.gradle/caches/modules-2/files-2.1/org.springframework.data/spring-data-mongodb/1.8.1.RELEASE/b90c75c49d1271c06e95ba635b73882237d3c262/spring-data-mongodb-1.8.1.RELEASE.jar!/org/springframework/data/mongodb/core/convert/MongoConverters$StringToURLConverter.class], URL [jar:file:/C:/Users/Damien/.gradle/caches/modules-2/files-2.1/org.springframework.data/spring-data-mongodb/1.8.1.RELEASE/b90c75c49d1271c06e95ba635b73882237d3c262/spring-data-mongodb-1.8.1.RELEASE.jar!/org/springframework/data/mongodb/core/convert/MongoConverters$DBObjectToStringConverter.class], URL [jar:file:/C:/Users/Damien/.gradle/caches/modules-2/files-2.1/org.springframework.data/spring-data-mongodb/1.8.1.RELEASE/b90c75c49d1271c06e95ba635b73882237d3c262/spring-data-mongodb-1.8.1.RELEASE.jar!/org/springframework/data/mongodb/core/convert/MongoConverters$DBObjectToNamedMongoScriptCoverter.class], URL [jar:file:/C:/Users/Damien/.gradle/caches/modules-2/files-2.1/org.springframework.data/spring-data-mongodb/1.8.1.RELEASE/b90c75c49d1271c06e95ba635b73882237d3c262/spring-data-mongodb-1.8.1.RELEASE.jar!/org/springframework/data/mongodb/core/convert/CustomConversions$3.class], URL [jar:file:/C:/Users/Damien/.gradle/caches/modules-2/files-2.1/org.springframework.data/spring-data-mongodb/1.8.1.RELEASE/b90c75c49d1271c06e95ba635b73882237d3c262/spring-data-mongodb-1.8.1.RELEASE.jar!/org/springframework/data/mongodb/core/convert/CustomConversions$Producer.class], URL [jar:file:/C:/Users/Damien/.gradle/caches/modules-2/files-2.1/org.springframework.data/spring-data-mongodb/1.8.1.RELEASE/b90c75c49d1271c06e95ba635b73882237d3c262/spring-data-mongodb-1.8.1.RELEASE.jar!/org/springframework/data/mongodb/core/convert/DbRefResolverCallback.class], URL [jar:file:/C:/Users/Damien/.gradle/caches/modules-2/files-2.1/org.springframework.data/spring-data-mongodb/1.8.1.RELEASE/b90c75c49d1271c06e95ba635b73882237d3c262/spring-data-mongodb-1.8.1.RELEASE.jar!/org/springframework/data/mongodb/core/convert/UpdateMapper$MetadataBackedUpdateField.class], URL [jar:file:/C:/Users/Damien/.gradle/caches/modules-2/files-2.1/org.springframework.data/spring-data-mongodb/1.8.1.RELEASE/b90c75c49d1271c06e95ba635b73882237d3c262/spring-data-mongodb-1.8.1.RELEASE.jar!/org/springframework/data/mongodb/core/convert/GeoConverters$GeoCommandToDbObjectConverter.class], URL [jar:file:/C:/Users/Damien/.gradle/caches/modules-2/files-2.1/org.springframework.data/spring-data-mongodb/1.8.1.RELEASE/b90c75c49d1271c06e95ba635b73882237d3c262/spring-data-mongodb-1.8.1.RELEASE.jar!/org/springframework/data/mongodb/core/convert/MongoConverters$StringToBigIntegerConverter.class], URL [jar:file:/C:/Users/Damien/.gradle/caches/modules-2/files-2.1/org.springframework.data/spring-data-mongodb/1.8.1.RELEASE/b90c75c49d1271c06e95ba635b73882237d3c262/spring-data-mongodb-1.8.1.RELEASE.jar!/org/springframework/data/mongodb/core/convert/UpdateMapper.class], URL [jar:file:/C:/Users/Damien/.gradle/caches/modules-2/files-2.1/org.springframework.data/spring-data-mongodb/1.8.1.RELEASE/b90c75c49d1271c06e95ba635b73882237d3c262/spring-data-mongodb-1.8.1.RELEASE.jar!/org/springframework/data/mongodb/core/convert/GeoConverters$SphereToDbObjectConverter.class], URL [jar:file:/C:/Users/Damien/.gradle/caches/modules-2/files-2.1/org.springframework.data/spring-data-mongodb/1.8.1.RELEASE/b90c75c49d1271c06e95ba635b73882237d3c262/spring-data-mongodb-1.8.1.RELEASE.jar!/org/springframework/data/mongodb/core/convert/MappingMongoConverter$3.class], URL [jar:file:/C:/Users/Damien/.gradle/caches/modules-2/files-2.1/org.springframework.data/spring-data-mongodb/1.8.1.RELEASE/b90c75c49d1271c06e95ba635b73882237d3c262/spring-data-mongodb-1.8.1.RELEASE.jar!/org/springframework/data/mongodb/core/convert/MappingMongoConverter$ConverterAwareSpELExpressionParameterValueProvider.class], URL [jar:file:/C:/Users/Damien/.gradle/caches/modules-2/files-2.1/org.springframework.data/spring-data-mongodb/1.8.1.RELEASE/b90c75c49d1271c06e95ba635b73882237d3c262/spring-data-mongodb-1.8.1.RELEASE.jar!/org/springframework/data/mongodb/core/convert/GeoConverters$DbObjectToGeoJsonMultiLineStringConverter.class], URL [jar:file:/C:/Users/Damien/.gradle/caches/modules-2/files-2.1/org.springframework.data/spring-data-mongodb/1.8.1.RELEASE/b90c75c49d1271c06e95ba635b73882237d3c262/spring-data-mongodb-1.8.1.RELEASE.jar!/org/springframework/data/mongodb/core/convert/CustomConversions$1.class], URL [jar:file:/C:/Users/Damien/.gradle/caches/modules-2/files-2.1/org.springframework.data/spring-data-mongodb/1.8.1.RELEASE/b90c75c49d1271c06e95ba635b73882237d3c262/spring-data-mongodb-1.8.1.RELEASE.jar!/org/springframework/data/mongodb/core/convert/MongoConverters$StringToBigDecimalConverter.class], URL [jar:file:/C:/Users/Damien/.gradle/caches/modules-2/files-2.1/org.springframework.data/spring-data-mongodb/1.8.1.RELEASE/b90c75c49d1271c06e95ba635b73882237d3c262/spring-data-mongodb-1.8.1.RELEASE.jar!/org/springframework/data/mongodb/core/convert/GeoConverters$PolygonToDbObjectConverter.class], URL [jar:file:/C:/Users/Damien/.gradle/caches/modules-2/files-2.1/org.springframework.data/spring-data-mongodb/1.8.1.RELEASE/b90c75c49d1271c06e95ba635b73882237d3c262/spring-data-mongodb-1.8.1.RELEASE.jar!/org/springframework/data/mongodb/core/convert/GeoConverters$DbObjectToCircleConverter.class], URL [jar:file:/C:/Users/Damien/.gradle/caches/modules-2/files-2.1/org.springframework.data/spring-data-mongodb/1.8.1.RELEASE/b90c75c49d1271c06e95ba635b73882237d3c262/spring-data-mongodb-1.8.1.RELEASE.jar!/org/springframework/data/mongodb/core/convert/ObjectPath.class], URL [jar:file:/C:/Users/Damien/.gradle/caches/modules-2/files-2.1/org.springframework.data/spring-data-mongodb/1.8.1.RELEASE/b90c75c49d1271c06e95ba635b73882237d3c262/spring-data-mongodb-1.8.1.RELEASE.jar!/org/springframework/data/mongodb/core/convert/MappingMongoConverter.class], URL [jar:file:/C:/Users/Damien/.gradle/caches/modules-2/files-2.1/org.springframework.data/spring-data-mongodb/1.8.1.RELEASE/b90c75c49d1271c06e95ba635b73882237d3c262/spring-data-mongodb-1.8.1.RELEASE.jar!/org/springframework/data/mongodb/core/convert/AbstractMongoConverter.class], URL [jar:file:/C:/Users/Damien/.gradle/caches/modules-2/files-2.1/org.springframework.data/spring-data-mongodb/1.8.1.RELEASE/b90c75c49d1271c06e95ba635b73882237d3c262/spring-data-mongodb-1.8.1.RELEASE.jar!/org/springframework/data/mongodb/core/convert/MongoConverters$BigDecimalToStringConverter.class], URL [jar:file:/C:/Users/Damien/.gradle/caches/modules-2/files-2.1/org.springframework.data/spring-data-mongodb/1.8.1.RELEASE/b90c75c49d1271c06e95ba635b73882237d3c262/spring-data-mongodb-1.8.1.RELEASE.jar!/org/springframework/data/mongodb/core/convert/MongoConverters$StringToObjectIdConverter.class], URL [jar:file:/C:/Users/Damien/.gradle/caches/modules-2/files-2.1/org.springframework.data/spring-data-mongodb/1.8.1.RELEASE/b90c75c49d1271c06e95ba635b73882237d3c262/spring-data-mongodb-1.8.1.RELEASE.jar!/org/springframework/data/mongodb/core/convert/MongoTypeMapper.class], URL [jar:file:/C:/Users/Damien/.gradle/caches/modules-2/files-2.1/org.springframework.data/spring-data-mongodb/1.8.1.RELEASE/b90c75c49d1271c06e95ba635b73882237d3c262/spring-data-mongodb-1.8.1.RELEASE.jar!/org/springframework/data/mongodb/core/convert/GeoConverters$DbObjectToGeoJsonPointConverter.class], URL [jar:file:/C:/Users/Damien/.gradle/caches/modules-2/files-2.1/org.springframework.data/spring-data-mongodb/1.8.1.RELEASE/b90c75c49d1271c06e95ba635b73882237d3c262/spring-data-mongodb-1.8.1.RELEASE.jar!/org/springframework/data/mongodb/core/convert/QueryMapper$MetadataBackedField$KeyMapper.class], URL [jar:file:/C:/Users/Damien/.gradle/caches/modules-2/files-2.1/org.springframework.data/spring-data-mongodb/1.8.1.RELEASE/b90c75c49d1271c06e95ba635b73882237d3c262/spring-data-mongodb-1.8.1.RELEASE.jar!/org/springframework/data/mongodb/core/convert/DefaultDbRefResolver.class], URL [jar:file:/C:/Users/Damien/.gradle/caches/modules-2/files-2.1/org.springframework.data/spring-data-mongodb/1.8.1.RELEASE/b90c75c49d1271c06e95ba635b73882237d3c262/spring-data-mongodb-1.8.1.RELEASE.jar!/org/springframework/data/mongodb/core/convert/MappingMongoConverter$2.class], URL [jar:file:/C:/Users/Damien/.gradle/caches/modules-2/files-2.1/org.springframework.data/spring-data-mongodb/1.8.1.RELEASE/b90c75c49d1271c06e95ba635b73882237d3c262/spring-data-mongodb-1.8.1.RELEASE.jar!/org/springframework/data/mongodb/core/convert/MongoConverters$ObjectIdToStringConverter.class], URL [jar:file:/C:/Users/Damien/.gradle/caches/modules-2/files-2.1/org.springframework.data/spring-data-mongodb/1.8.1.RELEASE/b90c75c49d1271c06e95ba635b73882237d3c262/spring-data-mongodb-1.8.1.RELEASE.jar!/org/springframework/data/mongodb/core/convert/GeoConverters$PointToDbObjectConverter.class], URL [jar:file:/C:/Users/Damien/.gradle/caches/modules-2/files-2.1/org.springframework.data/spring-data-mongodb/1.8.1.RELEASE/b90c75c49d1271c06e95ba635b73882237d3c262/spring-data-mongodb-1.8.1.RELEASE.jar!/org/springframework/data/mongodb/core/convert/QueryMapper$AssociationConverter.class], URL [jar:file:/C:/Users/Damien/.gradle/caches/modules-2/files-2.1/org.springframework.data/spring-data-mongodb/1.8.1.RELEASE/b90c75c49d1271c06e95ba635b73882237d3c262/spring-data-mongodb-1.8.1.RELEASE.jar!/org/springframework/data/mongodb/core/convert/DBObjectPropertyAccessor.class], URL [jar:file:/C:/Users/Damien/.gradle/caches/modules-2/files-2.1/org.springframework.data/spring-data-mongodb/1.8.1.RELEASE/b90c75c49d1271c06e95ba635b73882237d3c262/spring-data-mongodb-1.8.1.RELEASE.jar!/org/springframework/data/mongodb/core/convert/MongoConverters.class], URL [jar:file:/C:/Users/Damien/.gradle/caches/modules-2/files-2.1/org.springframework.data/spring-data-mongodb/1.8.1.RELEASE/b90c75c49d1271c06e95ba635b73882237d3c262/spring-data-mongodb-1.8.1.RELEASE.jar!/org/springframework/data/mongodb/core/convert/GeoConverters$DbObjectToBoxConverter.class], URL [jar:file:/C:/Users/Damien/.gradle/caches/modules-2/files-2.1/org.springframework.data/spring-data-mongodb/1.8.1.RELEASE/b90c75c49d1271c06e95ba635b73882237d3c262/spring-data-mongodb-1.8.1.RELEASE.jar!/org/springframework/data/mongodb/core/convert/QueryMapper$Keyword.class], URL [jar:file:/C:/Users/Damien/.gradle/caches/modules-2/files-2.1/org.springframework.data/spring-data-mongodb/1.8.1.RELEASE/b90c75c49d1271c06e95ba635b73882237d3c262/spring-data-mongodb-1.8.1.RELEASE.jar!/org/springframework/data/mongodb/core/convert/LazyLoadingProxy.class], URL [jar:file:/C:/Users/Damien/.gradle/caches/modules-2/files-2.1/org.springframework.data/spring-data-mongodb/1.8.1.RELEASE/b90c75c49d1271c06e95ba635b73882237d3c262/spring-data-mongodb-1.8.1.RELEASE.jar!/org/springframework/data/mongodb/core/convert/GeoConverters$DbObjectToPointConverter.class], URL [jar:file:/C:/Users/Damien/.gradle/caches/modules-2/files-2.1/org.springframework.data/spring-data-mongodb/1.8.1.RELEASE/b90c75c49d1271c06e95ba635b73882237d3c262/spring-data-mongodb-1.8.1.RELEASE.jar!/org/springframework/data/mongodb/core/DefaultScriptOperations.class], URL [jar:file:/C:/Users/Damien/.gradle/caches/modules-2/files-2.1/org.springframework.data/spring-data-mongodb/1.8.1.RELEASE/b90c75c49d1271c06e95ba635b73882237d3c262/spring-data-mongodb-1.8.1.RELEASE.jar!/org/springframework/data/mongodb/core/DefaultScriptOperations$2.class], URL [jar:file:/C:/Users/Damien/.gradle/caches/modules-2/files-2.1/org.springframework.data/spring-data-mongodb/1.8.1.RELEASE/b90c75c49d1271c06e95ba635b73882237d3c262/spring-data-mongodb-1.8.1.RELEASE.jar!/org/springframework/data/mongodb/core/spel/ExpressionNode$1.class], URL [jar:file:/C:/Users/Damien/.gradle/caches/modules-2/files-2.1/org.springframework.data/spring-data-mongodb/1.8.1.RELEASE/b90c75c49d1271c06e95ba635b73882237d3c262/spring-data-mongodb-1.8.1.RELEASE.jar!/org/springframework/data/mongodb/core/spel/MethodReferenceNode.class], URL [jar:file:/C:/Users/Damien/.gradle/caches/modules-2/files-2.1/org.springframework.data/spring-data-mongodb/1.8.1.RELEASE/b90c75c49d1271c06e95ba635b73882237d3c262/spring-data-mongodb-1.8.1.RELEASE.jar!/org/springframework/data/mongodb/core/spel/OperatorNode.class], URL [jar:file:/C:/Users/Damien/.gradle/caches/modules-2/files-2.1/org.springframework.data/spring-data-mongodb/1.8.1.RELEASE/b90c75c49d1271c06e95ba635b73882237d3c262/spring-data-mongodb-1.8.1.RELEASE.jar!/org/springframework/data/mongodb/core/spel/ExpressionTransformationContextSupport.class], URL [jar:file:/C:/Users/Damien/.gradle/caches/modules-2/files-2.1/org.springframework.data/spring-data-mongodb/1.8.1.RELEASE/b90c75c49d1271c06e95ba635b73882237d3c262/spring-data-mongodb-1.8.1.RELEASE.jar!/org/springframework/data/mongodb/core/spel/ExpressionNode.class], URL [jar:file:/C:/Users/Damien/.gradle/caches/modules-2/files-2.1/org.springframework.data/spring-data-mongodb/1.8.1.RELEASE/b90c75c49d1271c06e95ba635b73882237d3c262/spring-data-mongodb-1.8.1.RELEASE.jar!/org/springframework/data/mongodb/core/spel/ExpressionTransformer.class], URL [jar:file:/C:/Users/Damien/.gradle/caches/modules-2/files-2.1/org.springframework.data/spring-data-mongodb/1.8.1.RELEASE/b90c75c49d1271c06e95ba635b73882237d3c262/spring-data-mongodb-1.8.1.RELEASE.jar!/org/springframework/data/mongodb/core/spel/LiteralNode.class], URL [jar:file:/C:/Users/Damien/.gradle/caches/modules-2/files-2.1/org.springframework.data/spring-data-mongodb/1.8.1.RELEASE/b90c75c49d1271c06e95ba635b73882237d3c262/spring-data-mongodb-1.8.1.RELEASE.jar!/org/springframework/data/mongodb/core/MongoTemplate$FindAndRemoveCallback.class], URL [jar:file:/C:/Users/Damien/.gradle/caches/modules-2/files-2.1/org.springframework.data/spring-data-mongodb/1.8.1.RELEASE/b90c75c49d1271c06e95ba635b73882237d3c262/spring-data-mongodb-1.8.1.RELEASE.jar!/org/springframework/data/mongodb/core/DefaultIndexOperations$2.class], URL [jar:file:/C:/Users/Damien/.gradle/caches/modules-2/files-2.1/org.springframework.data/spring-data-mongodb/1.8.1.RELEASE/b90c75c49d1271c06e95ba635b73882237d3c262/spring-data-mongodb-1.8.1.RELEASE.jar!/org/springframework/data/mongodb/core/MongoAction.class], URL [jar:file:/C:/Users/Damien/.gradle/caches/modules-2/files-2.1/org.springframework.data/spring-data-mongodb/1.8.1.RELEASE/b90c75c49d1271c06e95ba635b73882237d3c262/spring-data-mongodb-1.8.1.RELEASE.jar!/org/springframework/data/mongodb/core/CursorPreparer.class], URL [jar:file:/C:/Users/Damien/.gradle/caches/modules-2/files-2.1/org.springframework.data/spring-data-mongodb/1.8.1.RELEASE/b90c75c49d1271c06e95ba635b73882237d3c262/spring-data-mongodb-1.8.1.RELEASE.jar!/org/springframework/data/mongodb/core/FindAndModifyOptions.class], URL [jar:file:/C:/Users/Damien/.gradle/caches/modules-2/files-2.1/org.springframework.data/spring-data-mongodb/1.8.1.RELEASE/b90c75c49d1271c06e95ba635b73882237d3c262/spring-data-mongodb-1.8.1.RELEASE.jar!/org/springframework/data/mongodb/core/index/GeoSpatialIndexType.class], URL [jar:file:/C:/Users/Damien/.gradle/caches/modules-2/files-2.1/org.springframework.data/spring-data-mongodb/1.8.1.RELEASE/b90c75c49d1271c06e95ba635b73882237d3c262/spring-data-mongodb-1.8.1.RELEASE.jar!/org/springframework/data/mongodb/core/index/IndexInfo.class], URL [jar:file:/C:/Users/Damien/.gradle/caches/modules-2/files-2.1/org.springframework.data/spring-data-mongodb/1.8.1.RELEASE/b90c75c49d1271c06e95ba635b73882237d3c262/spring-data-mongodb-1.8.1.RELEASE.jar!/org/springframework/data/mongodb/core/index/TextIndexDefinition.class], URL [jar:file:/C:/Users/Damien/.gradle/caches/modules-2/files-2.1/org.springframework.data/spring-data-mongodb/1.8.1.RELEASE/b90c75c49d1271c06e95ba635b73882237d3c262/spring-data-mongodb-1.8.1.RELEASE.jar!/org/springframework/data/mongodb/core/index/GeospatialIndex.class], URL [jar:file:/C:/Users/Damien/.gradle/caches/modules-2/files-2.1/org.springframework.data/spring-data-mongodb/1.8.1.RELEASE/b90c75c49d1271c06e95ba635b73882237d3c262/spring-data-mongodb-1.8.1.RELEASE.jar!/org/springframework/data/mongodb/core/index/MongoPersistentEntityIndexResolver$TextIndexIncludeOptions.class], URL [jar:file:/C:/Users/Damien/.gradle/caches/modules-2/files-2.1/org.springframework.data/spring-data-mongodb/1.8.1.RELEASE/b90c75c49d1271c06e95ba635b73882237d3c262/spring-data-mongodb-1.8.1.RELEASE.jar!/org/springframework/data/mongodb/core/index/MongoMappingEventPublisher.class], URL [jar:file:/C:/Users/Damien/.gradle/caches/modules-2/files-2.1/org.springframework.data/spring-data-mongodb/1.8.1.RELEASE/b90c75c49d1271c06e95ba635b73882237d3c262/spring-data-mongodb-1.8.1.RELEASE.jar!/org/springframework/data/mongodb/core/index/MongoPersistentEntityIndexResolver.class], URL [jar:file:/C:/Users/Damien/.gradle/caches/modules-2/files-2.1/org.springframework.data/spring-data-mongodb/1.8.1.RELEASE/b90c75c49d1271c06e95ba635b73882237d3c262/spring-data-mongodb-1.8.1.RELEASE.jar!/org/springframework/data/mongodb/core/index/MongoPersistentEntityIndexCreator.class], URL [jar:file:/C:/Users/Damien/.gradle/caches/modules-2/files-2.1/org.springframework.data/spring-data-mongodb/1.8.1.RELEASE/b90c75c49d1271c06e95ba635b73882237d3c262/spring-data-mongodb-1.8.1.RELEASE.jar!/org/springframework/data/mongodb/core/index/CompoundIndexes.class], URL [jar:file:/C:/Users/Damien/.gradle/caches/modules-2/files-2.1/org.springframework.data/spring-data-mongodb/1.8.1.RELEASE/b90c75c49d1271c06e95ba635b73882237d3c262/spring-data-mongodb-1.8.1.RELEASE.jar!/org/springframework/data/mongodb/core/index/IndexDefinition.class], URL [jar:file:/C:/Users/Damien/.gradle/caches/modules-2/files-2.1/org.springframework.data/spring-data-mongodb/1.8.1.RELEASE/b90c75c49d1271c06e95ba635b73882237d3c262/spring-data-mongodb-1.8.1.RELEASE.jar!/org/springframework/data/mongodb/core/index/IndexPredicate.class], URL [jar:file:/C:/Users/Damien/.gradle/caches/modules-2/files-2.1/org.springframework.data/spring-data-mongodb/1.8.1.RELEASE/b90c75c49d1271c06e95ba635b73882237d3c262/spring-data-mongodb-1.8.1.RELEASE.jar!/org/springframework/data/mongodb/core/index/MongoPersistentEntityIndexResolver$CycleGuard.class], URL [jar:file:/C:/Users/Damien/.gradle/caches/modules-2/files-2.1/org.springframework.data/spring-data-mongodb/1.8.1.RELEASE/b90c75c49d1271c06e95ba635b73882237d3c262/spring-data-mongodb-1.8.1.RELEASE.jar!/org/springframework/data/mongodb/core/index/MongoPersistentEntityIndexResolver$TextIndexIncludeOptions$IncludeStrategy.class], URL [jar:file:/C:/Users/Damien/.gradle/caches/modules-2/files-2.1/org.springframework.data/spring-data-mongodb/1.8.1.RELEASE/b90c75c49d1271c06e95ba635b73882237d3c262/spring-data-mongodb-1.8.1.RELEASE.jar!/org/springframework/data/mongodb/core/index/MongoPersistentEntityIndexResolver$1.class], URL [jar:file:/C:/Users/Damien/.gradle/caches/modules-2/files-2.1/org.springframework.data/spring-data-mongodb/1.8.1.RELEASE/b90c75c49d1271c06e95ba635b73882237d3c262/spring-data-mongodb-1.8.1.RELEASE.jar!/org/springframework/data/mongodb/core/index/TextIndexDefinition$TextIndexDefinitionBuilder.class], URL [jar:file:/C:/Users/Damien/.gradle/caches/modules-2/files-2.1/org.springframework.data/spring-data-mongodb/1.8.1.RELEASE/b90c75c49d1271c06e95ba635b73882237d3c262/spring-data-mongodb-1.8.1.RELEASE.jar!/org/springframework/data/mongodb/core/index/GeoSpatialIndexed.class], URL [jar:file:/C:/Users/Damien/.gradle/caches/modules-2/files-2.1/org.springframework.data/spring-data-mongodb/1.8.1.RELEASE/b90c75c49d1271c06e95ba635b73882237d3c262/spring-data-mongodb-1.8.1.RELEASE.jar!/org/springframework/data/mongodb/core/index/MongoPersistentEntityIndexResolver$IndexDefinitionHolder.class], URL [jar:file:/C:/Users/Damien/.gradle/caches/modules-2/files-2.1/org.springframework.data/spring-data-mongodb/1.8.1.RELEASE/b90c75c49d1271c06e95ba635b73882237d3c262/spring-data-mongodb-1.8.1.RELEASE.jar!/org/springframework/data/mongodb/core/index/GeospatialIndex$1.class], URL [jar:file:/C:/Users/Damien/.gradle/caches/modules-2/files-2.1/org.springframework.data/spring-data-mongodb/1.8.1.RELEASE/b90c75c49d1271c06e95ba635b73882237d3c262/spring-data-mongodb-1.8.1.RELEASE.jar!/org/springframework/data/mongodb/core/index/CompoundIndex.class], URL [jar:file:/C:/Users/Damien/.gradle/caches/modules-2/files-2.1/org.springframework.data/spring-data-mongodb/1.8.1.RELEASE/b90c75c49d1271c06e95ba635b73882237d3c262/spring-data-mongodb-1.8.1.RELEASE.jar!/org/springframework/data/mongodb/core/index/IndexField$Type.class], URL [jar:file:/C:/Users/Damien/.gradle/caches/modules-2/files-2.1/org.springframework.data/spring-data-mongodb/1.8.1.RELEASE/b90c75c49d1271c06e95ba635b73882237d3c262/spring-data-mongodb-1.8.1.RELEASE.jar!/org/springframework/data/mongodb/core/index/IndexResolver.class], URL [jar:file:/C:/Users/Damien/.gradle/caches/modules-2/files-2.1/org.springframework.data/spring-data-mongodb/1.8.1.RELEASE/b90c75c49d1271c06e95ba635b73882237d3c262/spring-data-mongodb-1.8.1.RELEASE.jar!/org/springframework/data/mongodb/core/index/Index.class], URL [jar:file:/C:/Users/Damien/.gradle/caches/modules-2/files-2.1/org.springframework.data/spring-data-mongodb/1.8.1.RELEASE/b90c75c49d1271c06e95ba635b73882237d3c262/spring-data-mongodb-1.8.1.RELEASE.jar!/org/springframework/data/mongodb/core/index/IndexField.class], URL [jar:file:/C:/Users/Damien/.gradle/caches/modules-2/files-2.1/org.springframework.data/spring-data-mongodb/1.8.1.RELEASE/b90c75c49d1271c06e95ba635b73882237d3c262/spring-data-mongodb-1.8.1.RELEASE.jar!/org/springframework/data/mongodb/core/index/MongoPersistentEntityIndexResolver$CyclicPropertyReferenceException.class], URL [jar:file:/C:/Users/Damien/.gradle/caches/modules-2/files-2.1/org.springframework.data/spring-data-mongodb/1.8.1.RELEASE/b90c75c49d1271c06e95ba635b73882237d3c262/spring-data-mongodb-1.8.1.RELEASE.jar!/org/springframework/data/mongodb/core/index/Indexed.class], URL [jar:file:/C:/Users/Damien/.gradle/caches/modules-2/files-2.1/org.springframework.data/spring-data-mongodb/1.8.1.RELEASE/b90c75c49d1271c06e95ba635b73882237d3c262/spring-data-mongodb-1.8.1.RELEASE.jar!/org/springframework/data/mongodb/core/index/MongoPersistentEntityIndexResolver$CycleGuard$Path.class], URL [jar:file:/C:/Users/Damien/.gradle/caches/modules-2/files-2.1/org.springframework.data/spring-data-mongodb/1.8.1.RELEASE/b90c75c49d1271c06e95ba635b73882237d3c262/spring-data-mongodb-1.8.1.RELEASE.jar!/org/springframework/data/mongodb/core/index/MongoPersistentEntityIndexResolver$2.class], URL [jar:file:/C:/Users/Damien/.gradle/caches/modules-2/files-2.1/org.springframework.data/spring-data-mongodb/1.8.1.RELEASE/b90c75c49d1271c06e95ba635b73882237d3c262/spring-data-mongodb-1.8.1.RELEASE.jar!/org/springframework/data/mongodb/core/index/Index$Duplicates.class], URL [jar:file:/C:/Users/Damien/.gradle/caches/modules-2/files-2.1/org.springframework.data/spring-data-mongodb/1.8.1.RELEASE/b90c75c49d1271c06e95ba635b73882237d3c262/spring-data-mongodb-1.8.1.RELEASE.jar!/org/springframework/data/mongodb/core/index/TextIndexDefinition$TextIndexedFieldSpec.class], URL [jar:file:/C:/Users/Damien/.gradle/caches/modules-2/files-2.1/org.springframework.data/spring-data-mongodb/1.8.1.RELEASE/b90c75c49d1271c06e95ba635b73882237d3c262/spring-data-mongodb-1.8.1.RELEASE.jar!/org/springframework/data/mongodb/core/index/MongoPersistentEntityIndexResolver$3.class], URL [jar:file:/C:/Users/Damien/.gradle/caches/modules-2/files-2.1/org.springframework.data/spring-data-mongodb/1.8.1.RELEASE/b90c75c49d1271c06e95ba635b73882237d3c262/spring-data-mongodb-1.8.1.RELEASE.jar!/org/springframework/data/mongodb/core/index/IndexDirection.class], URL [jar:file:/C:/Users/Damien/.gradle/caches/modules-2/files-2.1/org.springframework.data/spring-data-mongodb/1.8.1.RELEASE/b90c75c49d1271c06e95ba635b73882237d3c262/spring-data-mongodb-1.8.1.RELEASE.jar!/org/springframework/data/mongodb/core/index/CompoundIndexDefinition.class], URL [jar:file:/C:/Users/Damien/.gradle/caches/modules-2/files-2.1/org.springframework.data/spring-data-mongodb/1.8.1.RELEASE/b90c75c49d1271c06e95ba635b73882237d3c262/spring-data-mongodb-1.8.1.RELEASE.jar!/org/springframework/data/mongodb/core/index/MongoPersistentEntityIndexResolver$4.class], URL [jar:file:/C:/Users/Damien/.gradle/caches/modules-2/files-2.1/org.springframework.data/spring-data-mongodb/1.8.1.RELEASE/b90c75c49d1271c06e95ba635b73882237d3c262/spring-data-mongodb-1.8.1.RELEASE.jar!/org/springframework/data/mongodb/core/index/TextIndexed.class], URL [jar:file:/C:/Users/Damien/.gradle/caches/modules-2/files-2.1/org.springframework.data/spring-data-mongodb/1.8.1.RELEASE/b90c75c49d1271c06e95ba635b73882237d3c262/spring-data-mongodb-1.8.1.RELEASE.jar!/org/springframework/data/mongodb/core/ReflectiveMongoOptionsInvoker.class], URL [jar:file:/C:/Users/Damien/.gradle/caches/modules-2/files-2.1/org.springframework.data/spring-data-mongodb/1.8.1.RELEASE/b90c75c49d1271c06e95ba635b73882237d3c262/spring-data-mongodb-1.8.1.RELEASE.jar!/org/springframework/data/mongodb/core/MongoTemplate$9.class], URL [jar:file:/C:/Users/Damien/.gradle/caches/modules-2/files-2.1/org.springframework.data/spring-data-mongodb/1.8.1.RELEASE/b90c75c49d1271c06e95ba635b73882237d3c262/spring-data-mongodb-1.8.1.RELEASE.jar!/org/springframework/data/mongodb/core/MongoDbUtils.class], URL [jar:file:/C:/Users/Damien/.gradle/caches/modules-2/files-2.1/org.springframework.data/spring-data-mongodb/1.8.1.RELEASE/b90c75c49d1271c06e95ba635b73882237d3c262/spring-data-mongodb-1.8.1.RELEASE.jar!/org/springframework/data/mongodb/core/MongoClientOptionsFactoryBean.class], URL [jar:file:/C:/Users/Damien/.gradle/caches/modules-2/files-2.1/org.springframework.data/spring-data-mongodb/1.8.1.RELEASE/b90c75c49d1271c06e95ba635b73882237d3c262/spring-data-mongodb-1.8.1.RELEASE.jar!/org/springframework/data/mongodb/core/MongoTemplate$6.class], URL [jar:file:/C:/Users/Damien/.gradle/caches/modules-2/files-2.1/org.springframework.data/spring-data-mongodb/1.8.1.RELEASE/b90c75c49d1271c06e95ba635b73882237d3c262/spring-data-mongodb-1.8.1.RELEASE.jar!/org/springframework/data/mongodb/core/ReflectiveDBCollectionInvoker.class], URL [jar:file:/C:/Users/Damien/.gradle/caches/modules-2/files-2.1/org.springframework.data/spring-data-mongodb/1.8.1.RELEASE/b90c75c49d1271c06e95ba635b73882237d3c262/spring-data-mongodb-1.8.1.RELEASE.jar!/org/springframework/data/mongodb/core/DbHolder.class], URL [jar:file:/C:/Users/Damien/.gradle/caches/modules-2/files-2.1/org.springframework.data/spring-data-mongodb/1.8.1.RELEASE/b90c75c49d1271c06e95ba635b73882237d3c262/spring-data-mongodb-1.8.1.RELEASE.jar!/org/springframework/data/mongodb/core/MongoTemplate$16.class], URL [jar:file:/C:/Users/Damien/.gradle/caches/modules-2/files-2.1/org.springframework.data/spring-data-mongodb/1.8.1.RELEASE/b90c75c49d1271c06e95ba635b73882237d3c262/spring-data-mongodb-1.8.1.RELEASE.jar!/org/springframework/data/mongodb/core/MongoTemplate$DbObjectCallback.class], URL [jar:file:/C:/Users/Damien/.gradle/caches/modules-2/files-2.1/org.springframework.data/spring-data-mongodb/1.8.1.RELEASE/b90c75c49d1271c06e95ba635b73882237d3c262/spring-data-mongodb-1.8.1.RELEASE.jar!/org/springframework/data/mongodb/core/DefaultIndexOperations$1.class], URL [jar:file:/C:/Users/Damien/.gradle/caches/modules-2/files-2.1/org.springframework.data/spring-data-mongodb/1.8.1.RELEASE/b90c75c49d1271c06e95ba635b73882237d3c262/spring-data-mongodb-1.8.1.RELEASE.jar!/org/springframework/data/mongodb/core/MongoOptionsFactoryBean.class], URL [jar:file:/C:/Users/Damien/.gradle/caches/modules-2/files-2.1/org.springframework.data/spring-data-mongodb/1.8.1.RELEASE/b90c75c49d1271c06e95ba635b73882237d3c262/spring-data-mongodb-1.8.1.RELEASE.jar!/org/springframework/data/mongodb/core/MongoTemplate$5.class], URL [jar:file:/C:/Users/Damien/.gradle/caches/modules-2/files-2.1/org.springframework.data/spring-data-mongodb/1.8.1.RELEASE/b90c75c49d1271c06e95ba635b73882237d3c262/spring-data-mongodb-1.8.1.RELEASE.jar!/org/springframework/data/mongodb/core/DbCallback.class], URL [jar:file:/C:/Users/Damien/.gradle/caches/modules-2/files-2.1/org.springframework.data/spring-data-mongodb/1.8.1.RELEASE/b90c75c49d1271c06e95ba635b73882237d3c262/spring-data-mongodb-1.8.1.RELEASE.jar!/org/springframework/data/mongodb/core/MongoTemplate$GeoNearResultDbObjectCallback.class], URL [jar:file:/C:/Users/Damien/.gradle/caches/modules-2/files-2.1/org.springframework.data/spring-data-mongodb/1.8.1.RELEASE/b90c75c49d1271c06e95ba635b73882237d3c262/spring-data-mongodb-1.8.1.RELEASE.jar!/org/springframework/data/mongodb/core/IndexOperations.class], URL [jar:file:/C:/Users/Damien/.gradle/caches/modules-2/files-2.1/org.springframework.data/spring-data-mongodb/1.8.1.RELEASE/b90c75c49d1271c06e95ba635b73882237d3c262/spring-data-mongodb-1.8.1.RELEASE.jar!/org/springframework/data/mongodb/core/MongoTemplate$FindOneCallback.class], URL [jar:file:/C:/Users/Damien/.gradle/caches/modules-2/files-2.1/org.springframework.data/spring-data-mongodb/1.8.1.RELEASE/b90c75c49d1271c06e95ba635b73882237d3c262/spring-data-mongodb-1.8.1.RELEASE.jar!/org/springframework/data/mongodb/core/DefaultScriptOperations$1.class], URL [jar:file:/C:/Users/Damien/.gradle/caches/modules-2/files-2.1/org.springframework.data/spring-data-mongodb/1.8.1.RELEASE/b90c75c49d1271c06e95ba635b73882237d3c262/spring-data-mongodb-1.8.1.RELEASE.jar!/org/springframework/data/mongodb/core/MongoTemplate$FindAndModifyCallback.class], URL [jar:file:/C:/Users/Damien/.gradle/caches/modules-2/files-2.1/org.springframework.data/spring-data-mongodb/1.8.1.RELEASE/b90c75c49d1271c06e95ba635b73882237d3c262/spring-data-mongodb-1.8.1.RELEASE.jar!/org/springframework/data/mongodb/core/DocumentCallbackHandler.class], URL [jar:file:/C:/Users/Damien/.gradle/caches/modules-2/files-2.1/org.springframework.data/spring-data-mongodb/1.8.1.RELEASE/b90c75c49d1271c06e95ba635b73882237d3c262/spring-data-mongodb-1.8.1.RELEASE.jar!/org/springframework/data/mongodb/core/MongoDataIntegrityViolationException.class], URL [jar:file:/C:/Users/Damien/.gradle/caches/modules-2/files-2.1/org.springframework.data/spring-data-mongodb/1.8.1.RELEASE/b90c75c49d1271c06e95ba635b73882237d3c262/spring-data-mongodb-1.8.1.RELEASE.jar!/org/springframework/data/mongodb/core/DefaultIndexOperations.class], URL [jar:file:/C:/Users/Damien/.gradle/caches/modules-2/files-2.1/org.springframework.data/spring-data-mongodb/1.8.1.RELEASE/b90c75c49d1271c06e95ba635b73882237d3c262/spring-data-mongodb-1.8.1.RELEASE.jar!/org/springframework/data/mongodb/core/MongoTemplate$10.class], URL [jar:file:/C:/Users/Damien/.gradle/caches/modules-2/files-2.1/org.springframework.data/spring-data-mongodb/1.8.1.RELEASE/b90c75c49d1271c06e95ba635b73882237d3c262/spring-data-mongodb-1.8.1.RELEASE.jar!/org/springframework/data/mongodb/core/ReflectiveWriteResultInvoker.class], URL [jar:file:/C:/Users/Damien/.gradle/caches/modules-2/files-2.1/org.springframework.data/spring-data-mongodb/1.8.1.RELEASE/b90c75c49d1271c06e95ba635b73882237d3c262/spring-data-mongodb-1.8.1.RELEASE.jar!/org/springframework/data/mongodb/core/MongoOperations.class], URL [jar:file:/C:/Users/Damien/.gradle/caches/modules-2/files-2.1/org.springframework.data/spring-data-mongodb/1.8.1.RELEASE/b90c75c49d1271c06e95ba635b73882237d3c262/spring-data-mongodb-1.8.1.RELEASE.jar!/org/springframework/data/mongodb/core/DefaultIndexOperations$3.class], URL [jar:file:/C:/Users/Damien/.gradle/caches/modules-2/files-2.1/org.springframework.data/spring-data-mongodb/1.8.1.RELEASE/b90c75c49d1271c06e95ba635b73882237d3c262/spring-data-mongodb-1.8.1.RELEASE.jar!/org/springframework/data/mongodb/core/MongoExceptionTranslator.class], URL [jar:file:/C:/Users/Damien/.gradle/caches/modules-2/files-2.1/org.springframework.data/spring-data-mongodb/1.8.1.RELEASE/b90c75c49d1271c06e95ba635b73882237d3c262/spring-data-mongodb-1.8.1.RELEASE.jar!/org/springframework/data/mongodb/core/MongoTemplate$4.class], URL [jar:file:/C:/Users/Damien/.gradle/caches/modules-2/files-2.1/org.springframework.data/spring-data-mongodb/1.8.1.RELEASE/b90c75c49d1271c06e95ba635b73882237d3c262/spring-data-mongodb-1.8.1.RELEASE.jar!/org/springframework/data/mongodb/core/MongoTemplate$QueryCursorPreparer.class], URL [jar:file:/C:/Users/Damien/.gradle/caches/modules-2/files-2.1/org.springframework.data/spring-data-mongodb/1.8.1.RELEASE/b90c75c49d1271c06e95ba635b73882237d3c262/spring-data-mongodb-1.8.1.RELEASE.jar!/org/springframework/data/mongodb/core/WriteResultChecking.class], URL [jar:file:/C:/Users/Damien/.gradle/caches/modules-2/files-2.1/org.springframework.data/spring-data-mongodb/1.8.1.RELEASE/b90c75c49d1271c06e95ba635b73882237d3c262/spring-data-mongodb-1.8.1.RELEASE.jar!/org/springframework/data/mongodb/core/MongoTemplate$7.class], URL [jar:file:/C:/Users/Damien/.gradle/caches/modules-2/files-2.1/org.springframework.data/spring-data-mongodb/1.8.1.RELEASE/b90c75c49d1271c06e95ba635b73882237d3c262/spring-data-mongodb-1.8.1.RELEASE.jar!/org/springframework/data/mongodb/core/MongoTemplate$8.class], URL [jar:file:/C:/Users/Damien/.gradle/caches/modules-2/files-2.1/org.springframework.data/spring-data-mongodb/1.8.1.RELEASE/b90c75c49d1271c06e95ba635b73882237d3c262/spring-data-mongodb-1.8.1.RELEASE.jar!/org/springframework/data/mongodb/core/MongoTemplate$UnwrapAndReadDbObjectCallback.class], URL [jar:file:/C:/Users/Damien/.gradle/caches/modules-2/files-2.1/org.springframework.data/spring-data-mongodb/1.8.1.RELEASE/b90c75c49d1271c06e95ba635b73882237d3c262/spring-data-mongodb-1.8.1.RELEASE.jar!/org/springframework/data/mongodb/core/MongoFactoryBean.class], URL [jar:file:/C:/Users/Damien/.gradle/caches/modules-2/files-2.1/org.springframework.data/spring-data-mongodb/1.8.1.RELEASE/b90c75c49d1271c06e95ba635b73882237d3c262/spring-data-mongodb-1.8.1.RELEASE.jar!/org/springframework/data/mongodb/core/MongoTemplate$2.class], URL [jar:file:/C:/Users/Damien/.gradle/caches/modules-2/files-2.1/org.springframework.data/spring-data-mongodb/1.8.1.RELEASE/b90c75c49d1271c06e95ba635b73882237d3c262/spring-data-mongodb-1.8.1.RELEASE.jar!/org/springframework/data/mongodb/core/SimpleMongoDbFactory.class], URL [jar:file:/C:/Users/Damien/.gradle/caches/modules-2/files-2.1/org.springframework.data/spring-data-mongodb/1.8.1.RELEASE/b90c75c49d1271c06e95ba635b73882237d3c262/spring-data-mongodb-1.8.1.RELEASE.jar!/org/springframework/data/mongodb/core/CollectionCallback.class], URL [jar:file:/C:/Users/Damien/.gradle/caches/modules-2/files-2.1/org.springframework.data/spring-data-mongodb/1.8.1.RELEASE/b90c75c49d1271c06e95ba635b73882237d3c262/spring-data-mongodb-1.8.1.RELEASE.jar!/org/springframework/data/mongodb/core/MongoTemplate$DefaultWriteConcernResolver.class], URL [jar:file:/C:/Users/Damien/.gradle/caches/modules-2/files-2.1/org.springframework.data/spring-data-mongodb/1.8.1.RELEASE/b90c75c49d1271c06e95ba635b73882237d3c262/spring-data-mongodb-1.8.1.RELEASE.jar!/org/springframework/data/mongodb/core/MongoTemplate$14.class], URL [jar:file:/C:/Users/Damien/.gradle/caches/modules-2/files-2.1/org.springframework.data/spring-data-mongodb/1.8.1.RELEASE/b90c75c49d1271c06e95ba635b73882237d3c262/spring-data-mongodb-1.8.1.RELEASE.jar!/org/springframework/data/mongodb/core/WriteConcernResolver.class], URL [jar:file:/C:/Users/Damien/.gradle/caches/modules-2/files-2.1/org.springframework.data/spring-data-mongodb/1.8.1.RELEASE/b90c75c49d1271c06e95ba635b73882237d3c262/spring-data-mongodb-1.8.1.RELEASE.jar!/org/springframework/data/mongodb/core/script/ExecutableMongoScript.class], URL [jar:file:/C:/Users/Damien/.gradle/caches/modules-2/files-2.1/org.springframework.data/spring-data-mongodb/1.8.1.RELEASE/b90c75c49d1271c06e95ba635b73882237d3c262/spring-data-mongodb-1.8.1.RELEASE.jar!/org/springframework/data/mongodb/core/script/NamedMongoScript.class], URL [jar:file:/C:/Users/Damien/.gradle/caches/modules-2/files-2.1/org.springframework.data/spring-data-mongodb/1.8.1.RELEASE/b90c75c49d1271c06e95ba635b73882237d3c262/spring-data-mongodb-1.8.1.RELEASE.jar!/org/springframework/data/mongodb/core/ReflectiveMapReduceInvoker.class], URL [jar:file:/C:/Users/Damien/.gradle/caches/modules-2/files-2.1/org.springframework.data/spring-data-mongodb/1.8.1.RELEASE/b90c75c49d1271c06e95ba635b73882237d3c262/spring-data-mongodb-1.8.1.RELEASE.jar!/org/springframework/data/mongodb/core/MongoAdminOperations.class], URL [jar:file:/C:/Users/Damien/.gradle/caches/modules-2/files-2.1/org.springframework.data/spring-data-mongodb/1.8.1.RELEASE/b90c75c49d1271c06e95ba635b73882237d3c262/spring-data-mongodb-1.8.1.RELEASE.jar!/org/springframework/data/mongodb/core/CollectionOptions.class], URL [jar:file:/C:/Users/Damien/.gradle/caches/modules-2/files-2.1/org.springframework.data/spring-data-mongodb/1.8.1.RELEASE/b90c75c49d1271c06e95ba635b73882237d3c262/spring-data-mongodb-1.8.1.RELEASE.jar!/org/springframework/data/mongodb/core/mapreduce/MapReduceOptions.class], URL [jar:file:/C:/Users/Damien/.gradle/caches/modules-2/files-2.1/org.springframework.data/spring-data-mongodb/1.8.1.RELEASE/b90c75c49d1271c06e95ba635b73882237d3c262/spring-data-mongodb-1.8.1.RELEASE.jar!/org/springframework/data/mongodb/core/mapreduce/MapReduceCounts.class], URL [jar:file:/C:/Users/Damien/.gradle/caches/modules-2/files-2.1/org.springframework.data/spring-data-mongodb/1.8.1.RELEASE/b90c75c49d1271c06e95ba635b73882237d3c262/spring-data-mongodb-1.8.1.RELEASE.jar!/org/springframework/data/mongodb/core/mapreduce/GroupByResults.class], URL [jar:file:/C:/Users/Damien/.gradle/caches/modules-2/files-2.1/org.springframework.data/spring-data-mongodb/1.8.1.RELEASE/b90c75c49d1271c06e95ba635b73882237d3c262/spring-data-mongodb-1.8.1.RELEASE.jar!/org/springframework/data/mongodb/core/mapreduce/MapReduceOptions$1.class], URL [jar:file:/C:/Users/Damien/.gradle/caches/modules-2/files-2.1/org.springframework.data/spring-data-mongodb/1.8.1.RELEASE/b90c75c49d1271c06e95ba635b73882237d3c262/spring-data-mongodb-1.8.1.RELEASE.jar!/org/springframework/data/mongodb/core/mapreduce/MapReduceResults.class], URL [jar:file:/C:/Users/Damien/.gradle/caches/modules-2/files-2.1/org.springframework.data/spring-data-mongodb/1.8.1.RELEASE/b90c75c49d1271c06e95ba635b73882237d3c262/spring-data-mongodb-1.8.1.RELEASE.jar!/org/springframework/data/mongodb/core/mapreduce/GroupBy.class], URL [jar:file:/C:/Users/Damien/.gradle/caches/modules-2/files-2.1/org.springframework.data/spring-data-mongodb/1.8.1.RELEASE/b90c75c49d1271c06e95ba635b73882237d3c262/spring-data-mongodb-1.8.1.RELEASE.jar!/org/springframework/data/mongodb/core/mapreduce/MapReduceTiming.class], URL [jar:file:/C:/Users/Damien/.gradle/caches/modules-2/files-2.1/org.springframework.data/spring-data-mongodb/1.8.1.RELEASE/b90c75c49d1271c06e95ba635b73882237d3c262/spring-data-mongodb-1.8.1.RELEASE.jar!/org/springframework/data/mongodb/core/MongoActionOperation.class], URL [jar:file:/C:/Users/Damien/.gradle/caches/modules-2/files-2.1/org.springframework.data/spring-data-mongodb/1.8.1.RELEASE/b90c75c49d1271c06e95ba635b73882237d3c262/spring-data-mongodb-1.8.1.RELEASE.jar!/org/springframework/data/mongodb/core/aggregation/ProjectionOperation$Projection.class], URL [jar:file:/C:/Users/Damien/.gradle/caches/modules-2/files-2.1/org.springframework.data/spring-data-mongodb/1.8.1.RELEASE/b90c75c49d1271c06e95ba635b73882237d3c262/spring-data-mongodb-1.8.1.RELEASE.jar!/org/springframework/data/mongodb/core/aggregation/UnwindOperation.class], URL [jar:file:/C:/Users/Damien/.gradle/caches/modules-2/files-2.1/org.springframework.data/spring-data-mongodb/1.8.1.RELEASE/b90c75c49d1271c06e95ba635b73882237d3c262/spring-data-mongodb-1.8.1.RELEASE.jar!/org/springframework/data/mongodb/core/aggregation/SpelExpressionTransformer$CompoundExpressionNodeConversion.class], URL [jar:file:/C:/Users/Damien/.gradle/caches/modules-2/files-2.1/org.springframework.data/spring-data-mongodb/1.8.1.RELEASE/b90c75c49d1271c06e95ba635b73882237d3c262/spring-data-mongodb-1.8.1.RELEASE.jar!/org/springframework/data/mongodb/core/aggregation/ProjectionOperation$ProjectionOperationBuilder$NestedFieldProjection.class], URL [jar:file:/C:/Users/Damien/.gradle/caches/modules-2/files-2.1/org.springframework.data/spring-data-mongodb/1.8.1.RELEASE/b90c75c49d1271c06e95ba635b73882237d3c262/spring-data-mongodb-1.8.1.RELEASE.jar!/org/springframework/data/mongodb/core/aggregation/Aggregation$NoOpAggregationOperationContext.class], URL [jar:file:/C:/Users/Damien/.gradle/caches/modules-2/files-2.1/org.springframework.data/spring-data-mongodb/1.8.1.RELEASE/b90c75c49d1271c06e95ba635b73882237d3c262/spring-data-mongodb-1.8.1.RELEASE.jar!/org/springframework/data/mongodb/core/aggregation/AggregationFunctionExpressions.class], URL [jar:file:/C:/Users/Damien/.gradle/caches/modules-2/files-2.1/org.springframework.data/spring-data-mongodb/1.8.1.RELEASE/b90c75c49d1271c06e95ba635b73882237d3c262/spring-data-mongodb-1.8.1.RELEASE.jar!/org/springframework/data/mongodb/core/aggregation/FieldsExposingAggregationOperation.class], URL [jar:file:/C:/Users/Damien/.gradle/caches/modules-2/files-2.1/org.springframework.data/spring-data-mongodb/1.8.1.RELEASE/b90c75c49d1271c06e95ba635b73882237d3c262/spring-data-mongodb-1.8.1.RELEASE.jar!/org/springframework/data/mongodb/core/aggregation/SpelExpressionTransformer$LiteralNodeConversion.class], URL [jar:file:/C:/Users/Damien/.gradle/caches/modules-2/files-2.1/org.springframework.data/spring-data-mongodb/1.8.1.RELEASE/b90c75c49d1271c06e95ba635b73882237d3c262/spring-data-mongodb-1.8.1.RELEASE.jar!/org/springframework/data/mongodb/core/aggregation/SortOperation.class], URL [jar:file:/C:/Users/Damien/.gradle/caches/modules-2/files-2.1/org.springframework.data/spring-data-mongodb/1.8.1.RELEASE/b90c75c49d1271c06e95ba635b73882237d3c262/spring-data-mongodb-1.8.1.RELEASE.jar!/org/springframework/data/mongodb/core/aggregation/GroupOperation$1.class], URL [jar:file:/C:/Users/Damien/.gradle/caches/modules-2/files-2.1/org.springframework.data/spring-data-mongodb/1.8.1.RELEASE/b90c75c49d1271c06e95ba635b73882237d3c262/spring-data-mongodb-1.8.1.RELEASE.jar!/org/springframework/data/mongodb/core/aggregation/GroupOperation$GroupOperationBuilder.class], URL [jar:file:/C:/Users/Damien/.gradle/caches/modules-2/files-2.1/org.springframework.data/spring-data-mongodb/1.8.1.RELEASE/b90c75c49d1271c06e95ba635b73882237d3c262/spring-data-mongodb-1.8.1.RELEASE.jar!/org/springframework/data/mongodb/core/aggregation/ProjectionOperation$ProjectionOperationBuilder$OperationProjection$1.class], URL [jar:file:/C:/Users/Damien/.gradle/caches/modules-2/files-2.1/org.springframework.data/spring-data-mongodb/1.8.1.RELEASE/b90c75c49d1271c06e95ba635b73882237d3c262/spring-data-mongodb-1.8.1.RELEASE.jar!/org/springframework/data/mongodb/core/aggregation/AggregationOperationContext.class], URL [jar:file:/C:/Users/Damien/.gradle/caches/modules-2/files-2.1/org.springframework.data/spring-data-mongodb/1.8.1.RELEASE/b90c75c49d1271c06e95ba635b73882237d3c262/spring-data-mongodb-1.8.1.RELEASE.jar!/org/springframework/data/mongodb/core/aggregation/SpelExpressionTransformer$IndexerNodeConversion.class], URL [jar:file:/C:/Users/Damien/.gradle/caches/modules-2/files-2.1/org.springframework.data/spring-data-mongodb/1.8.1.RELEASE/b90c75c49d1271c06e95ba635b73882237d3c262/spring-data-mongodb-1.8.1.RELEASE.jar!/org/springframework/data/mongodb/core/aggregation/Fields.class], URL [jar:file:/C:/Users/Damien/.gradle/caches/modules-2/files-2.1/org.springframework.data/spring-data-mongodb/1.8.1.RELEASE/b90c75c49d1271c06e95ba635b73882237d3c262/spring-data-mongodb-1.8.1.RELEASE.jar!/org/springframework/data/mongodb/core/aggregation/AggregationOptions$Builder.class], URL [jar:file:/C:/Users/Damien/.gradle/caches/modules-2/files-2.1/org.springframework.data/spring-data-mongodb/1.8.1.RELEASE/b90c75c49d1271c06e95ba635b73882237d3c262/spring-data-mongodb-1.8.1.RELEASE.jar!/org/springframework/data/mongodb/core/aggregation/ProjectionOperation$ProjectionOperationBuilder.class], URL [jar:file:/C:/Users/Damien/.gradle/caches/modules-2/files-2.1/org.springframework.data/spring-data-mongodb/1.8.1.RELEASE/b90c75c49d1271c06e95ba635b73882237d3c262/spring-data-mongodb-1.8.1.RELEASE.jar!/org/springframework/data/mongodb/core/aggregation/SkipOperation.class], URL [jar:file:/C:/Users/Damien/.gradle/caches/modules-2/files-2.1/org.springframework.data/spring-data-mongodb/1.8.1.RELEASE/b90c75c49d1271c06e95ba635b73882237d3c262/spring-data-mongodb-1.8.1.RELEASE.jar!/org/springframework/data/mongodb/core/aggregation/Aggregation$1.class], URL [jar:file:/C:/Users/Damien/.gradle/caches/modules-2/files-2.1/org.springframework.data/spring-data-mongodb/1.8.1.RELEASE/b90c75c49d1271c06e95ba635b73882237d3c262/spring-data-mongodb-1.8.1.RELEASE.jar!/org/springframework/data/mongodb/core/aggregation/SpelExpressionTransformer$MethodReferenceNodeConversion.class], URL [jar:file:/C:/Users/Damien/.gradle/caches/modules-2/files-2.1/org.springframework.data/spring-data-mongodb/1.8.1.RELEASE/b90c75c49d1271c06e95ba635b73882237d3c262/spring-data-mongodb-1.8.1.RELEASE.jar!/org/springframework/data/mongodb/core/aggregation/Fields$AggregationField.class], URL [jar:file:/C:/Users/Damien/.gradle/caches/modules-2/files-2.1/org.springframework.data/spring-data-mongodb/1.8.1.RELEASE/b90c75c49d1271c06e95ba635b73882237d3c262/spring-data-mongodb-1.8.1.RELEASE.jar!/org/springframework/data/mongodb/core/aggregation/LimitOperation.class], URL [jar:file:/C:/Users/Damien/.gradle/caches/modules-2/files-2.1/org.springframework.data/spring-data-mongodb/1.8.1.RELEASE/b90c75c49d1271c06e95ba635b73882237d3c262/spring-data-mongodb-1.8.1.RELEASE.jar!/org/springframework/data/mongodb/core/aggregation/ExposedFields$FieldReference.class], URL [jar:file:/C:/Users/Damien/.gradle/caches/modules-2/files-2.1/org.springframework.data/spring-data-mongodb/1.8.1.RELEASE/b90c75c49d1271c06e95ba635b73882237d3c262/spring-data-mongodb-1.8.1.RELEASE.jar!/org/springframework/data/mongodb/core/aggregation/ProjectionOperation$ProjectionOperationBuilder$FieldProjection.class], URL [jar:file:/C:/Users/Damien/.gradle/caches/modules-2/files-2.1/org.springframework.data/spring-data-mongodb/1.8.1.RELEASE/b90c75c49d1271c06e95ba635b73882237d3c262/spring-data-mongodb-1.8.1.RELEASE.jar!/org/springframework/data/mongodb/core/aggregation/ProjectionOperation.class], URL [jar:file:/C:/Users/Damien/.gradle/caches/modules-2/files-2.1/org.springframework.data/spring-data-mongodb/1.8.1.RELEASE/b90c75c49d1271c06e95ba635b73882237d3c262/spring-data-mongodb-1.8.1.RELEASE.jar!/org/springframework/data/mongodb/core/aggregation/ProjectionOperation$ExpressionProjectionOperationBuilder.class], URL [jar:file:/C:/Users/Damien/.gradle/caches/modules-2/files-2.1/org.springframework.data/spring-data-mongodb/1.8.1.RELEASE/b90c75c49d1271c06e95ba635b73882237d3c262/spring-data-mongodb-1.8.1.RELEASE.jar!/org/springframework/data/mongodb/core/aggregation/SpelExpressionTransformer$InlineListNodeConversion.class], URL [jar:file:/C:/Users/Damien/.gradle/caches/modules-2/files-2.1/org.springframework.data/spring-data-mongodb/1.8.1.RELEASE/b90c75c49d1271c06e95ba635b73882237d3c262/spring-data-mongodb-1.8.1.RELEASE.jar!/org/springframework/data/mongodb/core/aggregation/MatchOperation.class], URL [jar:file:/C:/Users/Damien/.gradle/caches/modules-2/files-2.1/org.springframework.data/spring-data-mongodb/1.8.1.RELEASE/b90c75c49d1271c06e95ba635b73882237d3c262/spring-data-mongodb-1.8.1.RELEASE.jar!/org/springframework/data/mongodb/core/aggregation/ExposedFieldsAggregationOperationContext.class], URL [jar:file:/C:/Users/Damien/.gradle/caches/modules-2/files-2.1/org.springframework.data/spring-data-mongodb/1.8.1.RELEASE/b90c75c49d1271c06e95ba635b73882237d3c262/spring-data-mongodb-1.8.1.RELEASE.jar!/org/springframework/data/mongodb/core/aggregation/AggregationExpressionTransformer.class], URL [jar:file:/C:/Users/Damien/.gradle/caches/modules-2/files-2.1/org.springframework.data/spring-data-mongodb/1.8.1.RELEASE/b90c75c49d1271c06e95ba635b73882237d3c262/spring-data-mongodb-1.8.1.RELEASE.jar!/org/springframework/data/mongodb/core/aggregation/AggregationResults.class], URL [jar:file:/C:/Users/Damien/.gradle/caches/modules-2/files-2.1/org.springframework.data/spring-data-mongodb/1.8.1.RELEASE/b90c75c49d1271c06e95ba635b73882237d3c262/spring-data-mongodb-1.8.1.RELEASE.jar!/org/springframework/data/mongodb/core/aggregation/GroupOperation$Operation.class], URL [jar:file:/C:/Users/Damien/.gradle/caches/modules-2/files-2.1/org.springframework.data/spring-data-mongodb/1.8.1.RELEASE/b90c75c49d1271c06e95ba635b73882237d3c262/spring-data-mongodb-1.8.1.RELEASE.jar!/org/springframework/data/mongodb/core/aggregation/GeoNearOperation.class], URL [jar:file:/C:/Users/Damien/.gradle/caches/modules-2/files-2.1/org.springframework.data/spring-data-mongodb/1.8.1.RELEASE/b90c75c49d1271c06e95ba635b73882237d3c262/spring-data-mongodb-1.8.1.RELEASE.jar!/org/springframework/data/mongodb/core/aggregation/SpelExpressionTransformer.class], URL [jar:file:/C:/Users/Damien/.gradle/caches/modules-2/files-2.1/org.springframework.data/spring-data-mongodb/1.8.1.RELEASE/b90c75c49d1271c06e95ba635b73882237d3c262/spring-data-mongodb-1.8.1.RELEASE.jar!/org/springframework/data/mongodb/core/aggregation/ProjectionOperation$1.class], URL [jar:file:/C:/Users/Damien/.gradle/caches/modules-2/files-2.1/org.springframework.data/spring-data-mongodb/1.8.1.RELEASE/b90c75c49d1271c06e95ba635b73882237d3c262/spring-data-mongodb-1.8.1.RELEASE.jar!/org/springframework/data/mongodb/core/aggregation/SpelExpressionTransformer$OperatorNodeConversion.class], URL [jar:file:/C:/Users/Damien/.gradle/caches/modules-2/files-2.1/org.springframework.data/spring-data-mongodb/1.8.1.RELEASE/b90c75c49d1271c06e95ba635b73882237d3c262/spring-data-mongodb-1.8.1.RELEASE.jar!/org/springframework/data/mongodb/core/aggregation/GroupOperation.class], URL [jar:file:/C:/Users/Damien/.gradle/caches/modules-2/files-2.1/org.springframework.data/spring-data-mongodb/1.8.1.RELEASE/b90c75c49d1271c06e95ba635b73882237d3c262/spring-data-mongodb-1.8.1.RELEASE.jar!/org/springframework/data/mongodb/core/aggregation/ProjectionOperation$ProjectionOperationBuilder$PreviousOperationProjection.class], URL [jar:file:/C:/Users/Damien/.gradle/caches/modules-2/files-2.1/org.springframework.data/spring-data-mongodb/1.8.1.RELEASE/b90c75c49d1271c06e95ba635b73882237d3c262/spring-data-mongodb-1.8.1.RELEASE.jar!/org/springframework/data/mongodb/core/aggregation/TypeBasedAggregationOperationContext.class], URL [jar:file:/C:/Users/Damien/.gradle/caches/modules-2/files-2.1/org.springframework.data/spring-data-mongodb/1.8.1.RELEASE/b90c75c49d1271c06e95ba635b73882237d3c262/spring-data-mongodb-1.8.1.RELEASE.jar!/org/springframework/data/mongodb/core/aggregation/AggregationExpression.class], URL [jar:file:/C:/Users/Damien/.gradle/caches/modules-2/files-2.1/org.springframework.data/spring-data-mongodb/1.8.1.RELEASE/b90c75c49d1271c06e95ba635b73882237d3c262/spring-data-mongodb-1.8.1.RELEASE.jar!/org/springframework/data/mongodb/core/aggregation/Aggregation.class], URL [jar:file:/C:/Users/Damien/.gradle/caches/modules-2/files-2.1/org.springframework.data/spring-data-mongodb/1.8.1.RELEASE/b90c75c49d1271c06e95ba635b73882237d3c262/spring-data-mongodb-1.8.1.RELEASE.jar!/org/springframework/data/mongodb/core/aggregation/GroupOperation$GroupOps.class], URL [jar:file:/C:/Users/Damien/.gradle/caches/modules-2/files-2.1/org.springframework.data/spring-data-mongodb/1.8.1.RELEASE/b90c75c49d1271c06e95ba635b73882237d3c262/spring-data-mongodb-1.8.1.RELEASE.jar!/org/springframework/data/mongodb/core/aggregation/SpelExpressionTransformer$ExpressionNodeConversion.class], URL [jar:file:/C:/Users/Damien/.gradle/caches/modules-2/files-2.1/org.springframework.data/spring-data-mongodb/1.8.1.RELEASE/b90c75c49d1271c06e95ba635b73882237d3c262/spring-data-mongodb-1.8.1.RELEASE.jar!/org/springframework/data/mongodb/core/aggregation/ProjectionOperation$AbstractProjectionOperationBuilder.class], URL [jar:file:/C:/Users/Damien/.gradle/caches/modules-2/files-2.1/org.springframework.data/spring-data-mongodb/1.8.1.RELEASE/b90c75c49d1271c06e95ba635b73882237d3c262/spring-data-mongodb-1.8.1.RELEASE.jar!/org/springframework/data/mongodb/core/aggregation/ExposedFields$ExposedField.class], URL [jar:file:/C:/Users/Damien/.gradle/caches/modules-2/files-2.1/org.springframework.data/spring-data-mongodb/1.8.1.RELEASE/b90c75c49d1271c06e95ba635b73882237d3c262/spring-data-mongodb-1.8.1.RELEASE.jar!/org/springframework/data/mongodb/core/aggregation/Aggregation$SystemVariable.class], URL [jar:file:/C:/Users/Damien/.gradle/caches/modules-2/files-2.1/org.springframework.data/spring-data-mongodb/1.8.1.RELEASE/b90c75c49d1271c06e95ba635b73882237d3c262/spring-data-mongodb-1.8.1.RELEASE.jar!/org/springframework/data/mongodb/core/aggregation/AggregationOptions.class], URL [jar:file:/C:/Users/Damien/.gradle/caches/modules-2/files-2.1/org.springframework.data/spring-data-mongodb/1.8.1.RELEASE/b90c75c49d1271c06e95ba635b73882237d3c262/spring-data-mongodb-1.8.1.RELEASE.jar!/org/springframework/data/mongodb/core/aggregation/ProjectionOperation$ExpressionProjection.class], URL [jar:file:/C:/Users/Damien/.gradle/caches/modules-2/files-2.1/org.springframework.data/spring-data-mongodb/1.8.1.RELEASE/b90c75c49d1271c06e95ba635b73882237d3c262/spring-data-mongodb-1.8.1.RELEASE.jar!/org/springframework/data/mongodb/core/aggregation/AggregationExpressionTransformer$AggregationExpressionTransformationContext.class], URL [jar:file:/C:/Users/Damien/.gradle/caches/modules-2/files-2.1/org.springframework.data/spring-data-mongodb/1.8.1.RELEASE/b90c75c49d1271c06e95ba635b73882237d3c262/spring-data-mongodb-1.8.1.RELEASE.jar!/org/springframework/data/mongodb/core/aggregation/AggregationFunctionExpressions$FunctionExpression.class], URL [jar:file:/C:/Users/Damien/.gradle/caches/modules-2/files-2.1/org.springframework.data/spring-data-mongodb/1.8.1.RELEASE/b90c75c49d1271c06e95ba635b73882237d3c262/spring-data-mongodb-1.8.1.RELEASE.jar!/org/springframework/data/mongodb/core/aggregation/ExposedFields.class], URL [jar:file:/C:/Users/Damien/.gradle/caches/modules-2/files-2.1/org.springframework.data/spring-data-mongodb/1.8.1.RELEASE/b90c75c49d1271c06e95ba635b73882237d3c262/spring-data-mongodb-1.8.1.RELEASE.jar!/org/springframework/data/mongodb/core/aggregation/ProjectionOperation$ExpressionProjectionOperationBuilder$ExpressionProjection.class], URL [jar:file:/C:/Users/Damien/.gradle/caches/modules-2/files-2.1/org.springframework.data/spring-data-mongodb/1.8.1.RELEASE/b90c75c49d1271c06e95ba635b73882237d3c262/spring-data-mongodb-1.8.1.RELEASE.jar!/org/springframework/data/mongodb/core/aggregation/GroupOperation$Keyword.class], URL [jar:file:/C:/Users/Damien/.gradle/caches/modules-2/files-2.1/org.springframework.data/spring-data-mongodb/1.8.1.RELEASE/b90c75c49d1271c06e95ba635b73882237d3c262/spring-data-mongodb-1.8.1.RELEASE.jar!/org/springframework/data/mongodb/core/aggregation/SpelExpressionTransformer$PropertyOrFieldReferenceNodeConversion.class], URL [jar:file:/C:/Users/Damien/.gradle/caches/modules-2/files-2.1/org.springframework.data/spring-data-mongodb/1.8.1.RELEASE/b90c75c49d1271c06e95ba635b73882237d3c262/spring-data-mongodb-1.8.1.RELEASE.jar!/org/springframework/data/mongodb/core/aggregation/TypedAggregation.class], URL [jar:file:/C:/Users/Damien/.gradle/caches/modules-2/files-2.1/org.springframework.data/spring-data-mongodb/1.8.1.RELEASE/b90c75c49d1271c06e95ba635b73882237d3c262/spring-data-mongodb-1.8.1.RELEASE.jar!/org/springframework/data/mongodb/core/aggregation/AggregationOperation.class], URL [jar:file:/C:/Users/Damien/.gradle/caches/modules-2/files-2.1/org.springframework.data/spring-data-mongodb/1.8.1.RELEASE/b90c75c49d1271c06e95ba635b73882237d3c262/spring-data-mongodb-1.8.1.RELEASE.jar!/org/springframework/data/mongodb/core/aggregation/ProjectionOperation$ProjectionOperationBuilder$OperationProjection.class], URL [jar:file:/C:/Users/Damien/.gradle/caches/modules-2/files-2.1/org.springframework.data/spring-data-mongodb/1.8.1.RELEASE/b90c75c49d1271c06e95ba635b73882237d3c262/spring-data-mongodb-1.8.1.RELEASE.jar!/org/springframework/data/mongodb/core/aggregation/Field.class], URL [jar:file:/C:/Users/Damien/.gradle/caches/modules-2/files-2.1/org.springframework.data/spring-data-mongodb/1.8.1.RELEASE/b90c75c49d1271c06e95ba635b73882237d3c262/spring-data-mongodb-1.8.1.RELEASE.jar!/org/springframework/data/mongodb/core/aggregation/ProjectionOperation$ExpressionProjectionOperationBuilder$1.class], URL [jar:file:/C:/Users/Damien/.gradle/caches/modules-2/files-2.1/org.springframework.data/spring-data-jpa/1.7.4.RELEASE/922145a12a700b73438b1139dff0e1760de7f712/spring-data-jpa-1.7.4.RELEASE.jar!/org/springframework/data/jpa/mapping/JpaPersistentProperty.class], URL [jar:file:/C:/Users/Damien/.gradle/caches/modules-2/files-2.1/org.springframework.data/spring-data-jpa/1.7.4.RELEASE/922145a12a700b73438b1139dff0e1760de7f712/spring-data-jpa-1.7.4.RELEASE.jar!/org/springframework/data/jpa/mapping/JpaPersistentPropertyImpl.class], URL [jar:file:/C:/Users/Damien/.gradle/caches/modules-2/files-2.1/org.springframework.data/spring-data-jpa/1.7.4.RELEASE/922145a12a700b73438b1139dff0e1760de7f712/spring-data-jpa-1.7.4.RELEASE.jar!/org/springframework/data/jpa/mapping/JpaPersistentEntityImpl.class], URL [jar:file:/C:/Users/Damien/.gradle/caches/modules-2/files-2.1/org.springframework.data/spring-data-jpa/1.7.4.RELEASE/922145a12a700b73438b1139dff0e1760de7f712/spring-data-jpa-1.7.4.RELEASE.jar!/org/springframework/data/jpa/mapping/JpaMetamodelMappingContext.class], URL [jar:file:/C:/Users/Damien/.gradle/caches/modules-2/files-2.1/org.springframework.data/spring-data-jpa/1.7.4.RELEASE/922145a12a700b73438b1139dff0e1760de7f712/spring-data-jpa-1.7.4.RELEASE.jar!/org/springframework/data/jpa/mapping/JpaPersistentEntity.class], URL [jar:file:/C:/Users/Damien/.gradle/caches/modules-2/files-2.1/org.springframework.data/spring-data-jpa/1.7.4.RELEASE/922145a12a700b73438b1139dff0e1760de7f712/spring-data-jpa-1.7.4.RELEASE.jar!/org/springframework/data/jpa/util/BeanDefinitionUtils$EntityManagerFactoryBeanDefinition.class], URL [jar:file:/C:/Users/Damien/.gradle/caches/modules-2/files-2.1/org.springframework.data/spring-data-jpa/1.7.4.RELEASE/922145a12a700b73438b1139dff0e1760de7f712/spring-data-jpa-1.7.4.RELEASE.jar!/org/springframework/data/jpa/util/BeanDefinitionUtils.class], URL [jar:file:/C:/Users/Damien/.gradle/caches/modules-2/files-2.1/org.springframework.data/spring-data-jpa/1.7.4.RELEASE/922145a12a700b73438b1139dff0e1760de7f712/spring-data-jpa-1.7.4.RELEASE.jar!/org/springframework/data/jpa/repository/utils/JpaClassUtils.class], URL [jar:file:/C:/Users/Damien/.gradle/caches/modules-2/files-2.1/org.springframework.data/spring-data-jpa/1.7.4.RELEASE/922145a12a700b73438b1139dff0e1760de7f712/spring-data-jpa-1.7.4.RELEASE.jar!/org/springframework/data/jpa/repository/Query.class], URL [jar:file:/C:/Users/Damien/.gradle/caches/modules-2/files-2.1/org.springframework.data/spring-data-jpa/1.7.4.RELEASE/922145a12a700b73438b1139dff0e1760de7f712/spring-data-jpa-1.7.4.RELEASE.jar!/org/springframework/data/jpa/repository/query/ParameterMetadataProvider$1.class], URL [jar:file:/C:/Users/Damien/.gradle/caches/modules-2/files-2.1/org.springframework.data/spring-data-jpa/1.7.4.RELEASE/922145a12a700b73438b1139dff0e1760de7f712/spring-data-jpa-1.7.4.RELEASE.jar!/org/springframework/data/jpa/repository/query/StringQuery.class], URL [jar:file:/C:/Users/Damien/.gradle/caches/modules-2/files-2.1/org.springframework.data/spring-data-jpa/1.7.4.RELEASE/922145a12a700b73438b1139dff0e1760de7f712/spring-data-jpa-1.7.4.RELEASE.jar!/org/springframework/data/jpa/repository/query/JpaQueryExecution.class], URL [jar:file:/C:/Users/Damien/.gradle/caches/modules-2/files-2.1/org.springframework.data/spring-data-jpa/1.7.4.RELEASE/922145a12a700b73438b1139dff0e1760de7f712/spring-data-jpa-1.7.4.RELEASE.jar!/org/springframework/data/jpa/repository/query/JpaQueryLookupStrategy$AbstractQueryLookupStrategy.class], URL [jar:file:/C:/Users/Damien/.gradle/caches/modules-2/files-2.1/org.springframework.data/spring-data-jpa/1.7.4.RELEASE/922145a12a700b73438b1139dff0e1760de7f712/spring-data-jpa-1.7.4.RELEASE.jar!/org/springframework/data/jpa/repository/query/JpaResultConverters$BlobToByteArrayConverter.class], URL [jar:file:/C:/Users/Damien/.gradle/caches/modules-2/files-2.1/org.springframework.data/spring-data-jpa/1.7.4.RELEASE/922145a12a700b73438b1139dff0e1760de7f712/spring-data-jpa-1.7.4.RELEASE.jar!/org/springframework/data/jpa/repository/query/JpaQueryLookupStrategy$CreateQueryLookupStrategy.class], URL [jar:file:/C:/Users/Damien/.gradle/caches/modules-2/files-2.1/org.springframework.data/spring-data-jpa/1.7.4.RELEASE/922145a12a700b73438b1139dff0e1760de7f712/spring-data-jpa-1.7.4.RELEASE.jar!/org/springframework/data/jpa/repository/query/JpaResultConverters.class], URL [jar:file:/C:/Users/Damien/.gradle/caches/modules-2/files-2.1/org.springframework.data/spring-data-jpa/1.7.4.RELEASE/922145a12a700b73438b1139dff0e1760de7f712/spring-data-jpa-1.7.4.RELEASE.jar!/org/springframework/data/jpa/repository/query/JpaQueryExecution$SingleEntityExecution.class], URL [jar:file:/C:/Users/Damien/.gradle/caches/modules-2/files-2.1/org.springframework.data/spring-data-jpa/1.7.4.RELEASE/922145a12a700b73438b1139dff0e1760de7f712/spring-data-jpa-1.7.4.RELEASE.jar!/org/springframework/data/jpa/repository/query/AbstractStringBasedJpaQuery.class], URL [jar:file:/C:/Users/Damien/.gradle/caches/modules-2/files-2.1/org.springframework.data/spring-data-jpa/1.7.4.RELEASE/922145a12a700b73438b1139dff0e1760de7f712/spring-data-jpa-1.7.4.RELEASE.jar!/org/springframework/data/jpa/repository/query/StoredProcedureAttributeSource$1.class], URL [jar:file:/C:/Users/Damien/.gradle/caches/modules-2/files-2.1/org.springframework.data/spring-data-jpa/1.7.4.RELEASE/922145a12a700b73438b1139dff0e1760de7f712/spring-data-jpa-1.7.4.RELEASE.jar!/org/springframework/data/jpa/repository/query/SpelExpressionStringQueryParameterBinder.class], URL [jar:file:/C:/Users/Damien/.gradle/caches/modules-2/files-2.1/org.springframework.data/spring-data-jpa/1.7.4.RELEASE/922145a12a700b73438b1139dff0e1760de7f712/spring-data-jpa-1.7.4.RELEASE.jar!/org/springframework/data/jpa/repository/query/JpaQueryExecution$ProcedureExecution.class], URL [jar:file:/C:/Users/Damien/.gradle/caches/modules-2/files-2.1/org.springframework.data/spring-data-jpa/1.7.4.RELEASE/922145a12a700b73438b1139dff0e1760de7f712/spring-data-jpa-1.7.4.RELEASE.jar!/org/springframework/data/jpa/repository/query/StringQuery$InParameterBinding.class], URL [jar:file:/C:/Users/Damien/.gradle/caches/modules-2/files-2.1/org.springframework.data/spring-data-jpa/1.7.4.RELEASE/922145a12a700b73438b1139dff0e1760de7f712/spring-data-jpa-1.7.4.RELEASE.jar!/org/springframework/data/jpa/repository/query/JpaQueryExecution$SlicedExecution.class], URL [jar:file:/C:/Users/Damien/.gradle/caches/modules-2/files-2.1/org.springframework.data/spring-data-jpa/1.7.4.RELEASE/922145a12a700b73438b1139dff0e1760de7f712/spring-data-jpa-1.7.4.RELEASE.jar!/org/springframework/data/jpa/repository/query/StringQueryParameterBinder.class], URL [jar:file:/C:/Users/Damien/.gradle/caches/modules-2/files-2.1/org.springframework.data/spring-data-jpa/1.7.4.RELEASE/922145a12a700b73438b1139dff0e1760de7f712/spring-data-jpa-1.7.4.RELEASE.jar!/org/springframework/data/jpa/repository/query/StringQuery$LikeParameterBinding.class], URL [jar:file:/C:/Users/Damien/.gradle/caches/modules-2/files-2.1/org.springframework.data/spring-data-jpa/1.7.4.RELEASE/922145a12a700b73438b1139dff0e1760de7f712/spring-data-jpa-1.7.4.RELEASE.jar!/org/springframework/data/jpa/repository/query/StringQuery$ParameterBinding.class], URL [jar:file:/C:/Users/Damien/.gradle/caches/modules-2/files-2.1/org.springframework.data/spring-data-jpa/1.7.4.RELEASE/922145a12a700b73438b1139dff0e1760de7f712/spring-data-jpa-1.7.4.RELEASE.jar!/org/springframework/data/jpa/repository/query/JpaParameters.class], URL [jar:file:/C:/Users/Damien/.gradle/caches/modules-2/files-2.1/org.springframework.data/spring-data-jpa/1.7.4.RELEASE/922145a12a700b73438b1139dff0e1760de7f712/spring-data-jpa-1.7.4.RELEASE.jar!/org/springframework/data/jpa/repository/query/JpaQueryCreator.class], URL [jar:file:/C:/Users/Damien/.gradle/caches/modules-2/files-2.1/org.springframework.data/spring-data-jpa/1.7.4.RELEASE/922145a12a700b73438b1139dff0e1760de7f712/spring-data-jpa-1.7.4.RELEASE.jar!/org/springframework/data/jpa/repository/query/JpaQueryExecution$DeleteExecution.class], URL [jar:file:/C:/Users/Damien/.gradle/caches/modules-2/files-2.1/org.springframework.data/spring-data-jpa/1.7.4.RELEASE/922145a12a700b73438b1139dff0e1760de7f712/spring-data-jpa-1.7.4.RELEASE.jar!/org/springframework/data/jpa/repository/query/CriteriaQueryParameterBinder.class], URL [jar:file:/C:/Users/Damien/.gradle/caches/modules-2/files-2.1/org.springframework.data/spring-data-jpa/1.7.4.RELEASE/922145a12a700b73438b1139dff0e1760de7f712/spring-data-jpa-1.7.4.RELEASE.jar!/org/springframework/data/jpa/repository/query/JpaQueryLookupStrategy.class], URL [jar:file:/C:/Users/Damien/.gradle/caches/modules-2/files-2.1/org.springframework.data/spring-data-jpa/1.7.4.RELEASE/922145a12a700b73438b1139dff0e1760de7f712/spring-data-jpa-1.7.4.RELEASE.jar!/org/springframework/data/jpa/repository/query/QueryExtractor.class], URL [jar:file:/C:/Users/Damien/.gradle/caches/modules-2/files-2.1/org.springframework.data/spring-data-jpa/1.7.4.RELEASE/922145a12a700b73438b1139dff0e1760de7f712/spring-data-jpa-1.7.4.RELEASE.jar!/org/springframework/data/jpa/repository/query/StringQuery$1.class], URL [jar:file:/C:/Users/Damien/.gradle/caches/modules-2/files-2.1/org.springframework.data/spring-data-jpa/1.7.4.RELEASE/922145a12a700b73438b1139dff0e1760de7f712/spring-data-jpa-1.7.4.RELEASE.jar!/org/springframework/data/jpa/repository/query/JpaQueryLookupStrategy$DeclaredQueryLookupStrategy.class], URL [jar:file:/C:/Users/Damien/.gradle/caches/modules-2/files-2.1/org.springframework.data/spring-data-jpa/1.7.4.RELEASE/922145a12a700b73438b1139dff0e1760de7f712/spring-data-jpa-1.7.4.RELEASE.jar!/org/springframework/data/jpa/repository/query/JpaQueryExecution$CollectionExecution.class], URL [jar:file:/C:/Users/Damien/.gradle/caches/modules-2/files-2.1/org.springframework.data/spring-data-jpa/1.7.4.RELEASE/922145a12a700b73438b1139dff0e1760de7f712/spring-data-jpa-1.7.4.RELEASE.jar!/org/springframework/data/jpa/repository/query/JpaQueryExecution$PagedExecution.class], URL [jar:file:/C:/Users/Damien/.gradle/caches/modules-2/files-2.1/org.springframework.data/spring-data-jpa/1.7.4.RELEASE/922145a12a700b73438b1139dff0e1760de7f712/spring-data-jpa-1.7.4.RELEASE.jar!/org/springframework/data/jpa/repository/query/JpaQueryLookupStrategy$CreateIfNotFoundQueryLookupStrategy.class], URL [jar:file:/C:/Users/Damien/.gradle/caches/modules-2/files-2.1/org.springframework.data/spring-data-jpa/1.7.4.RELEASE/922145a12a700b73438b1139dff0e1760de7f712/spring-data-jpa-1.7.4.RELEASE.jar!/org/springframework/data/jpa/repository/query/SimpleJpaQuery.class], URL [jar:file:/C:/Users/Damien/.gradle/caches/modules-2/files-2.1/org.springframework.data/spring-data-jpa/1.7.4.RELEASE/922145a12a700b73438b1139dff0e1760de7f712/spring-data-jpa-1.7.4.RELEASE.jar!/org/springframework/data/jpa/repository/query/StoredProcedureAttributes.class], URL [jar:file:/C:/Users/Damien/.gradle/caches/modules-2/files-2.1/org.springframework.data/spring-data-jpa/1.7.4.RELEASE/922145a12a700b73438b1139dff0e1760de7f712/spring-data-jpa-1.7.4.RELEASE.jar!/org/springframework/data/jpa/repository/query/AbstractJpaQuery.class], URL [jar:file:/C:/Users/Damien/.gradle/caches/modules-2/files-2.1/org.springframework.data/spring-data-jpa/1.7.4.RELEASE/922145a12a700b73438b1139dff0e1760de7f712/spring-data-jpa-1.7.4.RELEASE.jar!/org/springframework/data/jpa/repository/query/JpaEntityGraph.class], URL [jar:file:/C:/Users/Damien/.gradle/caches/modules-2/files-2.1/org.springframework.data/spring-data-jpa/1.7.4.RELEASE/922145a12a700b73438b1139dff0e1760de7f712/spring-data-jpa-1.7.4.RELEASE.jar!/org/springframework/data/jpa/repository/query/ParameterMetadataProvider$ParameterMetadata.class], URL [jar:file:/C:/Users/Damien/.gradle/caches/modules-2/files-2.1/org.springframework.data/spring-data-jpa/1.7.4.RELEASE/922145a12a700b73438b1139dff0e1760de7f712/spring-data-jpa-1.7.4.RELEASE.jar!/org/springframework/data/jpa/repository/query/Jpa21Utils.class], URL [jar:file:/C:/Users/Damien/.gradle/caches/modules-2/files-2.1/org.springframework.data/spring-data-jpa/1.7.4.RELEASE/922145a12a700b73438b1139dff0e1760de7f712/spring-data-jpa-1.7.4.RELEASE.jar!/org/springframework/data/jpa/repository/query/InvalidJpaQueryMethodException.class], URL [jar:file:/C:/Users/Damien/.gradle/caches/modules-2/files-2.1/org.springframework.data/spring-data-jpa/1.7.4.RELEASE/922145a12a700b73438b1139dff0e1760de7f712/spring-data-jpa-1.7.4.RELEASE.jar!/org/springframework/data/jpa/repository/query/PartTreeJpaQuery$CountQueryPreparer.class], URL [jar:file:/C:/Users/Damien/.gradle/caches/modules-2/files-2.1/org.springframework.data/spring-data-jpa/1.7.4.RELEASE/922145a12a700b73438b1139dff0e1760de7f712/spring-data-jpa-1.7.4.RELEASE.jar!/org/springframework/data/jpa/repository/query/JpaQueryCreator$PredicateBuilder.class], URL [jar:file:/C:/Users/Damien/.gradle/caches/modules-2/files-2.1/org.springframework.data/spring-data-jpa/1.7.4.RELEASE/922145a12a700b73438b1139dff0e1760de7f712/spring-data-jpa-1.7.4.RELEASE.jar!/org/springframework/data/jpa/repository/query/JpaEntityMetadata.class], URL [jar:file:/C:/Users/Damien/.gradle/caches/modules-2/files-2.1/org.springframework.data/spring-data-jpa/1.7.4.RELEASE/922145a12a700b73438b1139dff0e1760de7f712/spring-data-jpa-1.7.4.RELEASE.jar!/org/springframework/data/jpa/repository/query/PartTreeJpaQuery$QueryPreparer.class], URL [jar:file:/C:/Users/Damien/.gradle/caches/modules-2/files-2.1/org.springframework.data/spring-data-jpa/1.7.4.RELEASE/922145a12a700b73438b1139dff0e1760de7f712/spring-data-jpa-1.7.4.RELEASE.jar!/org/springframework/data/jpa/repository/query/NativeJpaQuery.class], URL [jar:file:/C:/Users/Damien/.gradle/caches/modules-2/files-2.1/org.springframework.data/spring-data-jpa/1.7.4.RELEASE/922145a12a700b73438b1139dff0e1760de7f712/spring-data-jpa-1.7.4.RELEASE.jar!/org/springframework/data/jpa/repository/query/ExpressionBasedStringQuery.class], URL [jar:file:/C:/Users/Damien/.gradle/caches/modules-2/files-2.1/org.springframework.data/spring-data-jpa/1.7.4.RELEASE/922145a12a700b73438b1139dff0e1760de7f712/spring-data-jpa-1.7.4.RELEASE.jar!/org/springframework/data/jpa/repository/query/JpaQueryFactory.class], URL [jar:file:/C:/Users/Damien/.gradle/caches/modules-2/files-2.1/org.springframework.data/spring-data-jpa/1.7.4.RELEASE/922145a12a700b73438b1139dff0e1760de7f712/spring-data-jpa-1.7.4.RELEASE.jar!/org/springframework/data/jpa/repository/query/JpaQueryCreator$1.class], URL [jar:file:/C:/Users/Damien/.gradle/caches/modules-2/files-2.1/org.springframework.data/spring-data-jpa/1.7.4.RELEASE/922145a12a700b73438b1139dff0e1760de7f712/spring-data-jpa-1.7.4.RELEASE.jar!/org/springframework/data/jpa/repository/query/JpaQueryMethod.class], URL [jar:file:/C:/Users/Damien/.gradle/caches/modules-2/files-2.1/org.springframework.data/spring-data-jpa/1.7.4.RELEASE/922145a12a700b73438b1139dff0e1760de7f712/spring-data-jpa-1.7.4.RELEASE.jar!/org/springframework/data/jpa/repository/query/JpaParameters$JpaParameter.class], URL [jar:file:/C:/Users/Damien/.gradle/caches/modules-2/files-2.1/org.springframework.data/spring-data-jpa/1.7.4.RELEASE/922145a12a700b73438b1139dff0e1760de7f712/spring-data-jpa-1.7.4.RELEASE.jar!/org/springframework/data/jpa/repository/query/PartTreeJpaQuery.class], URL [jar:file:/C:/Users/Damien/.gradle/caches/modules-2/files-2.1/org.springframework.data/spring-data-jpa/1.7.4.RELEASE/922145a12a700b73438b1139dff0e1760de7f712/spring-data-jpa-1.7.4.RELEASE.jar!/org/springframework/data/jpa/repository/query/Procedure.class], URL [jar:file:/C:/Users/Damien/.gradle/caches/modules-2/files-2.1/org.springframework.data/spring-data-jpa/1.7.4.RELEASE/922145a12a700b73438b1139dff0e1760de7f712/spring-data-jpa-1.7.4.RELEASE.jar!/org/springframework/data/jpa/repository/query/StoredProcedureJpaQuery.class], URL [jar:file:/C:/Users/Damien/.gradle/caches/modules-2/files-2.1/org.springframework.data/spring-data-jpa/1.7.4.RELEASE/922145a12a700b73438b1139dff0e1760de7f712/spring-data-jpa-1.7.4.RELEASE.jar!/org/springframework/data/jpa/repository/query/JpaQueryLookupStrategy$1.class], URL [jar:file:/C:/Users/Damien/.gradle/caches/modules-2/files-2.1/org.springframework.data/spring-data-jpa/1.7.4.RELEASE/922145a12a700b73438b1139dff0e1760de7f712/spring-data-jpa-1.7.4.RELEASE.jar!/org/springframework/data/jpa/repository/query/JpaQueryExecution$ModifyingExecution.class], URL [jar:file:/C:/Users/Damien/.gradle/caches/modules-2/files-2.1/org.springframework.data/spring-data-jpa/1.7.4.RELEASE/922145a12a700b73438b1139dff0e1760de7f712/spring-data-jpa-1.7.4.RELEASE.jar!/org/springframework/data/jpa/repository/query/ParameterMetadataProvider.class], URL [jar:file:/C:/Users/Damien/.gradle/caches/modules-2/files-2.1/org.springframework.data/spring-data-jpa/1.7.4.RELEASE/922145a12a700b73438b1139dff0e1760de7f712/spring-data-jpa-1.7.4.RELEASE.jar!/org/springframework/data/jpa/repository/query/JpaCountQueryCreator.class], URL [jar:file:/C:/Users/Damien/.gradle/caches/modules-2/files-2.1/org.springframework.data/spring-data-jpa/1.7.4.RELEASE/922145a12a700b73438b1139dff0e1760de7f712/spring-data-jpa-1.7.4.RELEASE.jar!/org/springframework/data/jpa/repository/query/StringQuery$ParameterBindingParser.class], URL [jar:file:/C:/Users/Damien/.gradle/caches/modules-2/files-2.1/org.springframework.data/spring-data-jpa/1.7.4.RELEASE/922145a12a700b73438b1139dff0e1760de7f712/spring-data-jpa-1.7.4.RELEASE.jar!/org/springframework/data/jpa/repository/query/QueryUtils.class], URL [jar:file:/C:/Users/Damien/.gradle/caches/modules-2/files-2.1/org.springframework.data/spring-data-jpa/1.7.4.RELEASE/922145a12a700b73438b1139dff0e1760de7f712/spring-data-jpa-1.7.4.RELEASE.jar!/org/springframework/data/jpa/repository/query/NamedQuery.class], URL [jar:file:/C:/Users/Damien/.gradle/caches/modules-2/files-2.1/org.springframework.data/spring-data-jpa/1.7.4.RELEASE/922145a12a700b73438b1139dff0e1760de7f712/spring-data-jpa-1.7.4.RELEASE.jar!/org/springframework/data/jpa/repository/query/DefaultJpaEntityMetadata.class], URL [jar:file:/C:/Users/Damien/.gradle/caches/modules-2/files-2.1/org.springframework.data/spring-data-jpa/1.7.4.RELEASE/922145a12a700b73438b1139dff0e1760de7f712/spring-data-jpa-1.7.4.RELEASE.jar!/org/springframework/data/jpa/repository/query/StringQuery$ParameterBindingParser$ParameterBindingType.class], URL [jar:file:/C:/Users/Damien/.gradle/caches/modules-2/files-2.1/org.springframework.data/spring-data-jpa/1.7.4.RELEASE/922145a12a700b73438b1139dff0e1760de7f712/spring-data-jpa-1.7.4.RELEASE.jar!/org/springframework/data/jpa/repository/query/ParameterBinder.class], URL [jar:file:/C:/Users/Damien/.gradle/caches/modules-2/files-2.1/org.springframework.data/spring-data-jpa/1.7.4.RELEASE/922145a12a700b73438b1139dff0e1760de7f712/spring-data-jpa-1.7.4.RELEASE.jar!/org/springframework/data/jpa/repository/query/StoredProcedureAttributeSource.class], URL [jar:file:/C:/Users/Damien/.gradle/caches/modules-2/files-2.1/org.springframework.data/spring-data-jpa/1.7.4.RELEASE/922145a12a700b73438b1139dff0e1760de7f712/spring-data-jpa-1.7.4.RELEASE.jar!/org/springframework/data/jpa/repository/EntityGraph$EntityGraphType.class], URL [jar:file:/C:/Users/Damien/.gradle/caches/modules-2/files-2.1/org.springframework.data/spring-data-jpa/1.7.4.RELEASE/922145a12a700b73438b1139dff0e1760de7f712/spring-data-jpa-1.7.4.RELEASE.jar!/org/springframework/data/jpa/repository/QueryHints.class], URL [jar:file:/C:/Users/Damien/.gradle/caches/modules-2/files-2.1/org.springframework.data/spring-data-jpa/1.7.4.RELEASE/922145a12a700b73438b1139dff0e1760de7f712/spring-data-jpa-1.7.4.RELEASE.jar!/org/springframework/data/jpa/repository/JpaSpecificationExecutor.class], URL [jar:file:/C:/Users/Damien/.gradle/caches/modules-2/files-2.1/org.springframework.data/spring-data-jpa/1.7.4.RELEASE/922145a12a700b73438b1139dff0e1760de7f712/spring-data-jpa-1.7.4.RELEASE.jar!/org/springframework/data/jpa/repository/Lock.class], URL [jar:file:/C:/Users/Damien/.gradle/caches/modules-2/files-2.1/org.springframework.data/spring-data-jpa/1.7.4.RELEASE/922145a12a700b73438b1139dff0e1760de7f712/spring-data-jpa-1.7.4.RELEASE.jar!/org/springframework/data/jpa/repository/cdi/JpaRepositoryBean.class], URL [jar:file:/C:/Users/Damien/.gradle/caches/modules-2/files-2.1/org.springframework.data/spring-data-jpa/1.7.4.RELEASE/922145a12a700b73438b1139dff0e1760de7f712/spring-data-jpa-1.7.4.RELEASE.jar!/org/springframework/data/jpa/repository/cdi/JpaRepositoryExtension.class], URL [jar:file:/C:/Users/Damien/.gradle/caches/modules-2/files-2.1/org.springframework.data/spring-data-jpa/1.7.4.RELEASE/922145a12a700b73438b1139dff0e1760de7f712/spring-data-jpa-1.7.4.RELEASE.jar!/org/springframework/data/jpa/repository/Modifying.class], URL [jar:file:/C:/Users/Damien/.gradle/caches/modules-2/files-2.1/org.springframework.data/spring-data-jpa/1.7.4.RELEASE/922145a12a700b73438b1139dff0e1760de7f712/spring-data-jpa-1.7.4.RELEASE.jar!/org/springframework/data/jpa/repository/config/AuditingBeanDefinitionParser$SpringConfiguredBeanDefinitionParser.class], URL [jar:file:/C:/Users/Damien/.gradle/caches/modules-2/files-2.1/org.springframework.data/spring-data-jpa/1.7.4.RELEASE/922145a12a700b73438b1139dff0e1760de7f712/spring-data-jpa-1.7.4.RELEASE.jar!/org/springframework/data/jpa/repository/config/EnableJpaAuditing.class], URL [jar:file:/C:/Users/Damien/.gradle/caches/modules-2/files-2.1/org.springframework.data/spring-data-jpa/1.7.4.RELEASE/922145a12a700b73438b1139dff0e1760de7f712/spring-data-jpa-1.7.4.RELEASE.jar!/org/springframework/data/jpa/repository/config/AuditingBeanDefinitionParser.class], URL [jar:file:/C:/Users/Damien/.gradle/caches/modules-2/files-2.1/org.springframework.data/spring-data-jpa/1.7.4.RELEASE/922145a12a700b73438b1139dff0e1760de7f712/spring-data-jpa-1.7.4.RELEASE.jar!/org/springframework/data/jpa/repository/config/JpaAuditingRegistrar.class], URL [jar:file:/C:/Users/Damien/.gradle/caches/modules-2/files-2.1/org.springframework.data/spring-data-jpa/1.7.4.RELEASE/922145a12a700b73438b1139dff0e1760de7f712/spring-data-jpa-1.7.4.RELEASE.jar!/org/springframework/data/jpa/repository/config/EnableJpaRepositories.class], URL [jar:file:/C:/Users/Damien/.gradle/caches/modules-2/files-2.1/org.springframework.data/spring-data-jpa/1.7.4.RELEASE/922145a12a700b73438b1139dff0e1760de7f712/spring-data-jpa-1.7.4.RELEASE.jar!/org/springframework/data/jpa/repository/config/AuditingBeanDefinitionParser$1.class], URL [jar:file:/C:/Users/Damien/.gradle/caches/modules-2/files-2.1/org.springframework.data/spring-data-jpa/1.7.4.RELEASE/922145a12a700b73438b1139dff0e1760de7f712/spring-data-jpa-1.7.4.RELEASE.jar!/org/springframework/data/jpa/repository/config/JpaRepositoriesRegistrar.class], URL [jar:file:/C:/Users/Damien/.gradle/caches/modules-2/files-2.1/org.springframework.data/spring-data-jpa/1.7.4.RELEASE/922145a12a700b73438b1139dff0e1760de7f712/spring-data-jpa-1.7.4.RELEASE.jar!/org/springframework/data/jpa/repository/config/JpaRepositoryConfigExtension.class], URL [jar:file:/C:/Users/Damien/.gradle/caches/modules-2/files-2.1/org.springframework.data/spring-data-jpa/1.7.4.RELEASE/922145a12a700b73438b1139dff0e1760de7f712/spring-data-jpa-1.7.4.RELEASE.jar!/org/springframework/data/jpa/repository/config/BeanDefinitionNames.class], URL [jar:file:/C:/Users/Damien/.gradle/caches/modules-2/files-2.1/org.springframework.data/spring-data-jpa/1.7.4.RELEASE/922145a12a700b73438b1139dff0e1760de7f712/spring-data-jpa-1.7.4.RELEASE.jar!/org/springframework/data/jpa/repository/config/JpaRepositoryNameSpaceHandler.class], URL [jar:file:/C:/Users/Damien/.gradle/caches/modules-2/files-2.1/org.springframework.data/spring-data-jpa/1.7.4.RELEASE/922145a12a700b73438b1139dff0e1760de7f712/spring-data-jpa-1.7.4.RELEASE.jar!/org/springframework/data/jpa/repository/config/JpaMetamodelMappingContextFactoryBean.class], URL [jar:file:/C:/Users/Damien/.gradle/caches/modules-2/files-2.1/org.springframework.data/spring-data-jpa/1.7.4.RELEASE/922145a12a700b73438b1139dff0e1760de7f712/spring-data-jpa-1.7.4.RELEASE.jar!/org/springframework/data/jpa/repository/JpaRepository.class], URL [jar:file:/C:/Users/Damien/.gradle/caches/modules-2/files-2.1/org.springframework.data/spring-data-jpa/1.7.4.RELEASE/922145a12a700b73438b1139dff0e1760de7f712/spring-data-jpa-1.7.4.RELEASE.jar!/org/springframework/data/jpa/repository/EntityGraph.class], URL [jar:file:/C:/Users/Damien/.gradle/caches/modules-2/files-2.1/org.springframework.data/spring-data-jpa/1.7.4.RELEASE/922145a12a700b73438b1139dff0e1760de7f712/spring-data-jpa-1.7.4.RELEASE.jar!/org/springframework/data/jpa/repository/support/Querydsl$1.class], URL [jar:file:/C:/Users/Damien/.gradle/caches/modules-2/files-2.1/org.springframework.data/spring-data-jpa/1.7.4.RELEASE/922145a12a700b73438b1139dff0e1760de7f712/spring-data-jpa-1.7.4.RELEASE.jar!/org/springframework/data/jpa/repository/support/CrudMethodMetadataPostProcessor$ThreadBoundTargetSource.class], URL [jar:file:/C:/Users/Damien/.gradle/caches/modules-2/files-2.1/org.springframework.data/spring-data-jpa/1.7.4.RELEASE/922145a12a700b73438b1139dff0e1760de7f712/spring-data-jpa-1.7.4.RELEASE.jar!/org/springframework/data/jpa/repository/support/JpaPersistableEntityInformation.class], URL [jar:file:/C:/Users/Damien/.gradle/caches/modules-2/files-2.1/org.springframework.data/spring-data-jpa/1.7.4.RELEASE/922145a12a700b73438b1139dff0e1760de7f712/spring-data-jpa-1.7.4.RELEASE.jar!/org/springframework/data/jpa/repository/support/PersistenceProvider$4.class], URL [jar:file:/C:/Users/Damien/.gradle/caches/modules-2/files-2.1/org.springframework.data/spring-data-jpa/1.7.4.RELEASE/922145a12a700b73438b1139dff0e1760de7f712/spring-data-jpa-1.7.4.RELEASE.jar!/org/springframework/data/jpa/repository/support/CrudMethodMetadataPostProcessor.class], URL [jar:file:/C:/Users/Damien/.gradle/caches/modules-2/files-2.1/org.springframework.data/spring-data-jpa/1.7.4.RELEASE/922145a12a700b73438b1139dff0e1760de7f712/spring-data-jpa-1.7.4.RELEASE.jar!/org/springframework/data/jpa/repository/support/CrudMethodMetadataPostProcessor$1.class], URL [jar:file:/C:/Users/Damien/.gradle/caches/modules-2/files-2.1/org.springframework.data/spring-data-jpa/1.7.4.RELEASE/922145a12a700b73438b1139dff0e1760de7f712/spring-data-jpa-1.7.4.RELEASE.jar!/org/springframework/data/jpa/repository/support/JpaEntityInformation.class], URL [jar:file:/C:/Users/Damien/.gradle/caches/modules-2/files-2.1/org.springframework.data/spring-data-jpa/1.7.4.RELEASE/922145a12a700b73438b1139dff0e1760de7f712/spring-data-jpa-1.7.4.RELEASE.jar!/org/springframework/data/jpa/repository/support/JpaMetamodelEntityInformation.class], URL [jar:file:/C:/Users/Damien/.gradle/caches/modules-2/files-2.1/org.springframework.data/spring-data-jpa/1.7.4.RELEASE/922145a12a700b73438b1139dff0e1760de7f712/spring-data-jpa-1.7.4.RELEASE.jar!/org/springframework/data/jpa/repository/support/JpaMetamodelEntityInformation$IdMetadata.class], URL [jar:file:/C:/Users/Damien/.gradle/caches/modules-2/files-2.1/org.springframework.data/spring-data-jpa/1.7.4.RELEASE/922145a12a700b73438b1139dff0e1760de7f712/spring-data-jpa-1.7.4.RELEASE.jar!/org/springframework/data/jpa/repository/support/JpaEntityInformationSupport.class], URL [jar:file:/C:/Users/Damien/.gradle/caches/modules-2/files-2.1/org.springframework.data/spring-data-jpa/1.7.4.RELEASE/922145a12a700b73438b1139dff0e1760de7f712/spring-data-jpa-1.7.4.RELEASE.jar!/org/springframework/data/jpa/repository/support/PersistenceProvider$3.class], URL [jar:file:/C:/Users/Damien/.gradle/caches/modules-2/files-2.1/org.springframework.data/spring-data-jpa/1.7.4.RELEASE/922145a12a700b73438b1139dff0e1760de7f712/spring-data-jpa-1.7.4.RELEASE.jar!/org/springframework/data/jpa/repository/support/QueryDslRepositorySupport.class], URL [jar:file:/C:/Users/Damien/.gradle/caches/modules-2/files-2.1/org.springframework.data/spring-data-jpa/1.7.4.RELEASE/922145a12a700b73438b1139dff0e1760de7f712/spring-data-jpa-1.7.4.RELEASE.jar!/org/springframework/data/jpa/repository/support/JpaRepositoryFactory.class], URL [jar:file:/C:/Users/Damien/.gradle/caches/modules-2/files-2.1/org.springframework.data/spring-data-jpa/1.7.4.RELEASE/922145a12a700b73438b1139dff0e1760de7f712/spring-data-jpa-1.7.4.RELEASE.jar!/org/springframework/data/jpa/repository/support/CrudMethodMetadataPostProcessor$DefaultCrudMethodMetadata.class], URL [jar:file:/C:/Users/Damien/.gradle/caches/modules-2/files-2.1/org.springframework.data/spring-data-jpa/1.7.4.RELEASE/922145a12a700b73438b1139dff0e1760de7f712/spring-data-jpa-1.7.4.RELEASE.jar!/org/springframework/data/jpa/repository/support/PersistenceProvider.class], URL [jar:file:/C:/Users/Damien/.gradle/caches/modules-2/files-2.1/org.springframework.data/spring-data-jpa/1.7.4.RELEASE/922145a12a700b73438b1139dff0e1760de7f712/spring-data-jpa-1.7.4.RELEASE.jar!/org/springframework/data/jpa/repository/support/SimpleJpaRepository.class], URL [jar:file:/C:/Users/Damien/.gradle/caches/modules-2/files-2.1/org.springframework.data/spring-data-jpa/1.7.4.RELEASE/922145a12a700b73438b1139dff0e1760de7f712/spring-data-jpa-1.7.4.RELEASE.jar!/org/springframework/data/jpa/repository/support/CrudMethodMetadataPostProcessor$CrudMethodMetadataPopulatingMethodIntercceptor.class], URL [jar:file:/C:/Users/Damien/.gradle/caches/modules-2/files-2.1/org.springframework.data/spring-data-jpa/1.7.4.RELEASE/922145a12a700b73438b1139dff0e1760de7f712/spring-data-jpa-1.7.4.RELEASE.jar!/org/springframework/data/jpa/repository/support/Querydsl.class], URL [jar:file:/C:/Users/Damien/.gradle/caches/modules-2/files-2.1/org.springframework.data/spring-data-jpa/1.7.4.RELEASE/922145a12a700b73438b1139dff0e1760de7f712/spring-data-jpa-1.7.4.RELEASE.jar!/org/springframework/data/jpa/repository/support/CrudMethodMetadata.class], URL [jar:file:/C:/Users/Damien/.gradle/caches/modules-2/files-2.1/org.springframework.data/spring-data-jpa/1.7.4.RELEASE/922145a12a700b73438b1139dff0e1760de7f712/spring-data-jpa-1.7.4.RELEASE.jar!/org/springframework/data/jpa/repository/support/EntityManagerBeanDefinitionRegistrarPostProcessor.class], URL [jar:file:/C:/Users/Damien/.gradle/caches/modules-2/files-2.1/org.springframework.data/spring-data-jpa/1.7.4.RELEASE/922145a12a700b73438b1139dff0e1760de7f712/spring-data-jpa-1.7.4.RELEASE.jar!/org/springframework/data/jpa/repository/support/JpaMetamodelEntityInformation$IdentifierDerivingDirectFieldAccessFallbackBeanWrapper.class], URL [jar:file:/C:/Users/Damien/.gradle/caches/modules-2/files-2.1/org.springframework.data/spring-data-jpa/1.7.4.RELEASE/922145a12a700b73438b1139dff0e1760de7f712/spring-data-jpa-1.7.4.RELEASE.jar!/org/springframework/data/jpa/repository/support/PersistenceProvider$1.class], URL [jar:file:/C:/Users/Damien/.gradle/caches/modules-2/files-2.1/org.springframework.data/spring-data-jpa/1.7.4.RELEASE/922145a12a700b73438b1139dff0e1760de7f712/spring-data-jpa-1.7.4.RELEASE.jar!/org/springframework/data/jpa/repository/support/QueryDslJpaRepository.class], URL [jar:file:/C:/Users/Damien/.gradle/caches/modules-2/files-2.1/org.springframework.data/spring-data-jpa/1.7.4.RELEASE/922145a12a700b73438b1139dff0e1760de7f712/spring-data-jpa-1.7.4.RELEASE.jar!/org/springframework/data/jpa/repository/support/PersistenceProvider$2.class], URL [jar:file:/C:/Users/Damien/.gradle/caches/modules-2/files-2.1/org.springframework.data/spring-data-jpa/1.7.4.RELEASE/922145a12a700b73438b1139dff0e1760de7f712/spring-data-jpa-1.7.4.RELEASE.jar!/org/springframework/data/jpa/repository/support/JpaRepositoryFactoryBean.class], URL [jar:file:/C:/Users/Damien/.gradle/caches/modules-2/files-2.1/org.springframework.data/spring-data-jpa/1.7.4.RELEASE/922145a12a700b73438b1139dff0e1760de7f712/spring-data-jpa-1.7.4.RELEASE.jar!/org/springframework/data/jpa/repository/support/PersistenceProvider$Constants.class], URL [jar:file:/C:/Users/Damien/.gradle/caches/modules-2/files-2.1/org.springframework.data/spring-data-jpa/1.7.4.RELEASE/922145a12a700b73438b1139dff0e1760de7f712/spring-data-jpa-1.7.4.RELEASE.jar!/org/springframework/data/jpa/repository/support/SimpleJpaRepository$ByIdsSpecification.class], URL [jar:file:/C:/Users/Damien/.gradle/caches/modules-2/files-2.1/org.springframework.data/spring-data-jpa/1.7.4.RELEASE/922145a12a700b73438b1139dff0e1760de7f712/spring-data-jpa-1.7.4.RELEASE.jar!/org/springframework/data/jpa/repository/Temporal.class], URL [jar:file:/C:/Users/Damien/.gradle/caches/modules-2/files-2.1/org.springframework.data/spring-data-jpa/1.7.4.RELEASE/922145a12a700b73438b1139dff0e1760de7f712/spring-data-jpa-1.7.4.RELEASE.jar!/org/springframework/data/jpa/domain/JpaSort.class], URL [jar:file:/C:/Users/Damien/.gradle/caches/modules-2/files-2.1/org.springframework.data/spring-data-jpa/1.7.4.RELEASE/922145a12a700b73438b1139dff0e1760de7f712/spring-data-jpa-1.7.4.RELEASE.jar!/org/springframework/data/jpa/domain/Specification.class], URL [jar:file:/C:/Users/Damien/.gradle/caches/modules-2/files-2.1/org.springframework.data/spring-data-jpa/1.7.4.RELEASE/922145a12a700b73438b1139dff0e1760de7f712/spring-data-jpa-1.7.4.RELEASE.jar!/org/springframework/data/jpa/domain/JpaSort$1.class], URL [jar:file:/C:/Users/Damien/.gradle/caches/modules-2/files-2.1/org.springframework.data/spring-data-jpa/1.7.4.RELEASE/922145a12a700b73438b1139dff0e1760de7f712/spring-data-jpa-1.7.4.RELEASE.jar!/org/springframework/data/jpa/domain/Specifications$CompositionType$2.class], URL [jar:file:/C:/Users/Damien/.gradle/caches/modules-2/files-2.1/org.springframework.data/spring-data-jpa/1.7.4.RELEASE/922145a12a700b73438b1139dff0e1760de7f712/spring-data-jpa-1.7.4.RELEASE.jar!/org/springframework/data/jpa/domain/QAbstractAuditable.class], URL [jar:file:/C:/Users/Damien/.gradle/caches/modules-2/files-2.1/org.springframework.data/spring-data-jpa/1.7.4.RELEASE/922145a12a700b73438b1139dff0e1760de7f712/spring-data-jpa-1.7.4.RELEASE.jar!/org/springframework/data/jpa/domain/AbstractAuditable.class], URL [jar:file:/C:/Users/Damien/.gradle/caches/modules-2/files-2.1/org.springframework.data/spring-data-jpa/1.7.4.RELEASE/922145a12a700b73438b1139dff0e1760de7f712/spring-data-jpa-1.7.4.RELEASE.jar!/org/springframework/data/jpa/domain/QAbstractPersistable.class], URL [jar:file:/C:/Users/Damien/.gradle/caches/modules-2/files-2.1/org.springframework.data/spring-data-jpa/1.7.4.RELEASE/922145a12a700b73438b1139dff0e1760de7f712/spring-data-jpa-1.7.4.RELEASE.jar!/org/springframework/data/jpa/domain/Specifications$CompositionType$1.class], URL [jar:file:/C:/Users/Damien/.gradle/caches/modules-2/files-2.1/org.springframework.data/spring-data-jpa/1.7.4.RELEASE/922145a12a700b73438b1139dff0e1760de7f712/spring-data-jpa-1.7.4.RELEASE.jar!/org/springframework/data/jpa/domain/Specifications$CompositionType.class], URL [jar:file:/C:/Users/Damien/.gradle/caches/modules-2/files-2.1/org.springframework.data/spring-data-jpa/1.7.4.RELEASE/922145a12a700b73438b1139dff0e1760de7f712/spring-data-jpa-1.7.4.RELEASE.jar!/org/springframework/data/jpa/domain/Specifications.class], URL [jar:file:/C:/Users/Damien/.gradle/caches/modules-2/files-2.1/org.springframework.data/spring-data-jpa/1.7.4.RELEASE/922145a12a700b73438b1139dff0e1760de7f712/spring-data-jpa-1.7.4.RELEASE.jar!/org/springframework/data/jpa/domain/Specifications$ComposedSpecification.class], URL [jar:file:/C:/Users/Damien/.gradle/caches/modules-2/files-2.1/org.springframework.data/spring-data-jpa/1.7.4.RELEASE/922145a12a700b73438b1139dff0e1760de7f712/spring-data-jpa-1.7.4.RELEASE.jar!/org/springframework/data/jpa/domain/AbstractAuditable_.class], URL [jar:file:/C:/Users/Damien/.gradle/caches/modules-2/files-2.1/org.springframework.data/spring-data-jpa/1.7.4.RELEASE/922145a12a700b73438b1139dff0e1760de7f712/spring-data-jpa-1.7.4.RELEASE.jar!/org/springframework/data/jpa/domain/support/AuditingBeanFactoryPostProcessor.class], URL [jar:file:/C:/Users/Damien/.gradle/caches/modules-2/files-2.1/org.springframework.data/spring-data-jpa/1.7.4.RELEASE/922145a12a700b73438b1139dff0e1760de7f712/spring-data-jpa-1.7.4.RELEASE.jar!/org/springframework/data/jpa/domain/support/AuditingEntityListener.class], URL [jar:file:/C:/Users/Damien/.gradle/caches/modules-2/files-2.1/org.springframework.data/spring-data-jpa/1.7.4.RELEASE/922145a12a700b73438b1139dff0e1760de7f712/spring-data-jpa-1.7.4.RELEASE.jar!/org/springframework/data/jpa/domain/Specifications$1.class], URL [jar:file:/C:/Users/Damien/.gradle/caches/modules-2/files-2.1/org.springframework.data/spring-data-jpa/1.7.4.RELEASE/922145a12a700b73438b1139dff0e1760de7f712/spring-data-jpa-1.7.4.RELEASE.jar!/org/springframework/data/jpa/domain/JpaSort$Path.class], URL [jar:file:/C:/Users/Damien/.gradle/caches/modules-2/files-2.1/org.springframework.data/spring-data-jpa/1.7.4.RELEASE/922145a12a700b73438b1139dff0e1760de7f712/spring-data-jpa-1.7.4.RELEASE.jar!/org/springframework/data/jpa/domain/AbstractPersistable.class], URL [jar:file:/C:/Users/Damien/.gradle/caches/modules-2/files-2.1/org.springframework.data/spring-data-jpa/1.7.4.RELEASE/922145a12a700b73438b1139dff0e1760de7f712/spring-data-jpa-1.7.4.RELEASE.jar!/org/springframework/data/jpa/domain/Specifications$NegatedSpecification.class], URL [jar:file:/C:/Users/Damien/.gradle/caches/modules-2/files-2.1/org.springframework.data/spring-data-jpa/1.7.4.RELEASE/922145a12a700b73438b1139dff0e1760de7f712/spring-data-jpa-1.7.4.RELEASE.jar!/org/springframework/data/jpa/domain/AbstractPersistable_.class], URL [jar:file:/C:/Users/Damien/.gradle/caches/modules-2/files-2.1/org.springframework.data/spring-data-jpa/1.7.4.RELEASE/922145a12a700b73438b1139dff0e1760de7f712/spring-data-jpa-1.7.4.RELEASE.jar!/org/springframework/data/jpa/support/ClasspathScanningPersistenceUnitPostProcessor.class], URL [jar:file:/C:/Users/Damien/.gradle/caches/modules-2/files-2.1/org.springframework.data/spring-data-jpa/1.7.4.RELEASE/922145a12a700b73438b1139dff0e1760de7f712/spring-data-jpa-1.7.4.RELEASE.jar!/org/springframework/data/jpa/support/MergingPersistenceUnitManager.class], URL [jar:file:/C:/Users/Damien/.gradle/caches/modules-2/files-2.1/org.springframework.data/spring-data-commons/1.11.1.RELEASE/bb04a4cba7a44b8822a63e1681eb9667955bc8bf/spring-data-commons-1.11.1.RELEASE.jar!/org/springframework/data/history/AnnotationRevisionMetadata.class], URL [jar:file:/C:/Users/Damien/.gradle/caches/modules-2/files-2.1/org.springframework.data/spring-data-commons/1.11.1.RELEASE/bb04a4cba7a44b8822a63e1681eb9667955bc8bf/spring-data-commons-1.11.1.RELEASE.jar!/org/springframework/data/history/Revisions.class], URL [jar:file:/C:/Users/Damien/.gradle/caches/modules-2/files-2.1/org.springframework.data/spring-data-commons/1.11.1.RELEASE/bb04a4cba7a44b8822a63e1681eb9667955bc8bf/spring-data-commons-1.11.1.RELEASE.jar!/org/springframework/data/history/RevisionMetadata.class], URL [jar:file:/C:/Users/Damien/.gradle/caches/modules-2/files-2.1/org.springframework.data/spring-data-commons/1.11.1.RELEASE/bb04a4cba7a44b8822a63e1681eb9667955bc8bf/spring-data-commons-1.11.1.RELEASE.jar!/org/springframework/data/history/Revision.class], URL [jar:file:/C:/Users/Damien/.gradle/caches/modules-2/files-2.1/org.springframework.data/spring-data-commons/1.11.1.RELEASE/bb04a4cba7a44b8822a63e1681eb9667955bc8bf/spring-data-commons-1.11.1.RELEASE.jar!/org/springframework/data/mapping/model/SimpleTypeHolder.class], URL [jar:file:/C:/Users/Damien/.gradle/caches/modules-2/files-2.1/org.springframework.data/spring-data-commons/1.11.1.RELEASE/bb04a4cba7a44b8822a63e1681eb9667955bc8bf/spring-data-commons-1.11.1.RELEASE.jar!/org/springframework/data/mapping/model/SpELExpressionEvaluator.class], URL [jar:file:/C:/Users/Damien/.gradle/caches/modules-2/files-2.1/org.springframework.data/spring-data-commons/1.11.1.RELEASE/bb04a4cba7a44b8822a63e1681eb9667955bc8bf/spring-data-commons-1.11.1.RELEASE.jar!/org/springframework/data/mapping/model/CamelCaseAbbreviatingFieldNamingStrategy.class], URL [jar:file:/C:/Users/Damien/.gradle/caches/modules-2/files-2.1/org.springframework.data/spring-data-commons/1.11.1.RELEASE/bb04a4cba7a44b8822a63e1681eb9667955bc8bf/spring-data-commons-1.11.1.RELEASE.jar!/org/springframework/data/mapping/model/MutablePersistentEntity.class], URL [jar:file:/C:/Users/Damien/.gradle/caches/modules-2/files-2.1/org.springframework.data/spring-data-commons/1.11.1.RELEASE/bb04a4cba7a44b8822a63e1681eb9667955bc8bf/spring-data-commons-1.11.1.RELEASE.jar!/org/springframework/data/mapping/model/AnnotationBasedPersistentProperty.class], URL [jar:file:/C:/Users/Damien/.gradle/caches/modules-2/files-2.1/org.springframework.data/spring-data-commons/1.11.1.RELEASE/bb04a4cba7a44b8822a63e1681eb9667955bc8bf/spring-data-commons-1.11.1.RELEASE.jar!/org/springframework/data/mapping/model/MappingInstantiationException.class], URL [jar:file:/C:/Users/Damien/.gradle/caches/modules-2/files-2.1/org.springframework.data/spring-data-commons/1.11.1.RELEASE/bb04a4cba7a44b8822a63e1681eb9667955bc8bf/spring-data-commons-1.11.1.RELEASE.jar!/org/springframework/data/mapping/model/DefaultSpELExpressionEvaluator.class], URL [jar:file:/C:/Users/Damien/.gradle/caches/modules-2/files-2.1/org.springframework.data/spring-data-commons/1.11.1.RELEASE/bb04a4cba7a44b8822a63e1681eb9667955bc8bf/spring-data-commons-1.11.1.RELEASE.jar!/org/springframework/data/mapping/model/BeanWrapper.class], URL [jar:file:/C:/Users/Damien/.gradle/caches/modules-2/files-2.1/org.springframework.data/spring-data-commons/1.11.1.RELEASE/bb04a4cba7a44b8822a63e1681eb9667955bc8bf/spring-data-commons-1.11.1.RELEASE.jar!/org/springframework/data/mapping/model/PropertyNameFieldNamingStrategy.class], URL [jar:file:/C:/Users/Damien/.gradle/caches/modules-2/files-2.1/org.springframework.data/spring-data-commons/1.11.1.RELEASE/bb04a4cba7a44b8822a63e1681eb9667955bc8bf/spring-data-commons-1.11.1.RELEASE.jar!/org/springframework/data/mapping/model/PersistentEntityParameterValueProvider.class], URL [jar:file:/C:/Users/Damien/.gradle/caches/modules-2/files-2.1/org.springframework.data/spring-data-commons/1.11.1.RELEASE/bb04a4cba7a44b8822a63e1681eb9667955bc8bf/spring-data-commons-1.11.1.RELEASE.jar!/org/springframework/data/mapping/model/PropertyValueProvider.class], URL [jar:file:/C:/Users/Damien/.gradle/caches/modules-2/files-2.1/org.springframework.data/spring-data-commons/1.11.1.RELEASE/bb04a4cba7a44b8822a63e1681eb9667955bc8bf/spring-data-commons-1.11.1.RELEASE.jar!/org/springframework/data/mapping/model/BasicPersistentEntity.class], URL [jar:file:/C:/Users/Damien/.gradle/caches/modules-2/files-2.1/org.springframework.data/spring-data-commons/1.11.1.RELEASE/bb04a4cba7a44b8822a63e1681eb9667955bc8bf/spring-data-commons-1.11.1.RELEASE.jar!/org/springframework/data/mapping/model/ConvertingPropertyAccessor.class], URL [jar:file:/C:/Users/Damien/.gradle/caches/modules-2/files-2.1/org.springframework.data/spring-data-commons/1.11.1.RELEASE/bb04a4cba7a44b8822a63e1681eb9667955bc8bf/spring-data-commons-1.11.1.RELEASE.jar!/org/springframework/data/mapping/model/BasicPersistentEntity$AssociationComparator.class], URL [jar:file:/C:/Users/Damien/.gradle/caches/modules-2/files-2.1/org.springframework.data/spring-data-commons/1.11.1.RELEASE/bb04a4cba7a44b8822a63e1681eb9667955bc8bf/spring-data-commons-1.11.1.RELEASE.jar!/org/springframework/data/mapping/model/AbstractPersistentProperty.class], URL [jar:file:/C:/Users/Damien/.gradle/caches/modules-2/files-2.1/org.springframework.data/spring-data-commons/1.11.1.RELEASE/bb04a4cba7a44b8822a63e1681eb9667955bc8bf/spring-data-commons-1.11.1.RELEASE.jar!/org/springframework/data/mapping/model/SpELExpressionParameterValueProvider.class], URL [jar:file:/C:/Users/Damien/.gradle/caches/modules-2/files-2.1/org.springframework.data/spring-data-commons/1.11.1.RELEASE/bb04a4cba7a44b8822a63e1681eb9667955bc8bf/spring-data-commons-1.11.1.RELEASE.jar!/org/springframework/data/mapping/model/BasicPersistentEntity$NullReturningIdentifierAccessor.class], URL [jar:file:/C:/Users/Damien/.gradle/caches/modules-2/files-2.1/org.springframework.data/spring-data-commons/1.11.1.RELEASE/bb04a4cba7a44b8822a63e1681eb9667955bc8bf/spring-data-commons-1.11.1.RELEASE.jar!/org/springframework/data/mapping/model/IllegalMappingException.class], URL [jar:file:/C:/Users/Damien/.gradle/caches/modules-2/files-2.1/org.springframework.data/spring-data-commons/1.11.1.RELEASE/bb04a4cba7a44b8822a63e1681eb9667955bc8bf/spring-data-commons-1.11.1.RELEASE.jar!/org/springframework/data/mapping/model/SnakeCaseFieldNamingStrategy.class], URL [jar:file:/C:/Users/Damien/.gradle/caches/modules-2/files-2.1/org.springframework.data/spring-data-commons/1.11.1.RELEASE/bb04a4cba7a44b8822a63e1681eb9667955bc8bf/spring-data-commons-1.11.1.RELEASE.jar!/org/springframework/data/mapping/model/PreferredConstructorDiscoverer.class], URL [jar:file:/C:/Users/Damien/.gradle/caches/modules-2/files-2.1/org.springframework.data/spring-data-commons/1.11.1.RELEASE/bb04a4cba7a44b8822a63e1681eb9667955bc8bf/spring-data-commons-1.11.1.RELEASE.jar!/org/springframework/data/mapping/model/CamelCaseSplittingFieldNamingStrategy.class], URL [jar:file:/C:/Users/Damien/.gradle/caches/modules-2/files-2.1/org.springframework.data/spring-data-commons/1.11.1.RELEASE/bb04a4cba7a44b8822a63e1681eb9667955bc8bf/spring-data-commons-1.11.1.RELEASE.jar!/org/springframework/data/mapping/model/IdPropertyIdentifierAccessor.class], URL [jar:file:/C:/Users/Damien/.gradle/caches/modules-2/files-2.1/org.springframework.data/spring-data-commons/1.11.1.RELEASE/bb04a4cba7a44b8822a63e1681eb9667955bc8bf/spring-data-commons-1.11.1.RELEASE.jar!/org/springframework/data/mapping/model/SpELContext.class], URL [jar:file:/C:/Users/Damien/.gradle/caches/modules-2/files-2.1/org.springframework.data/spring-data-commons/1.11.1.RELEASE/bb04a4cba7a44b8822a63e1681eb9667955bc8bf/spring-data-commons-1.11.1.RELEASE.jar!/org/springframework/data/mapping/model/MappingException.class], URL [jar:file:/C:/Users/Damien/.gradle/caches/modules-2/files-2.1/org.springframework.data/spring-data-commons/1.11.1.RELEASE/bb04a4cba7a44b8822a63e1681eb9667955bc8bf/spring-data-commons-1.11.1.RELEASE.jar!/org/springframework/data/mapping/model/ParameterValueProvider.class], URL [jar:file:/C:/Users/Damien/.gradle/caches/modules-2/files-2.1/org.springframework.data/spring-data-commons/1.11.1.RELEASE/bb04a4cba7a44b8822a63e1681eb9667955bc8bf/spring-data-commons-1.11.1.RELEASE.jar!/org/springframework/data/mapping/model/FieldNamingStrategy.class], URL [jar:file:/C:/Users/Damien/.gradle/caches/modules-2/files-2.1/org.springframework.data/spring-data-commons/1.11.1.RELEASE/bb04a4cba7a44b8822a63e1681eb9667955bc8bf/spring-data-commons-1.11.1.RELEASE.jar!/org/springframework/data/mapping/PropertyPath$1.class], URL [jar:file:/C:/Users/Damien/.gradle/caches/modules-2/files-2.1/org.springframework.data/spring-data-commons/1.11.1.RELEASE/bb04a4cba7a44b8822a63e1681eb9667955bc8bf/spring-data-commons-1.11.1.RELEASE.jar!/org/springframework/data/mapping/context/AbstractMappingContext$PersistentPropertyFilter.class], URL [jar:file:/C:/Users/Damien/.gradle/caches/modules-2/files-2.1/org.springframework.data/spring-data-commons/1.11.1.RELEASE/bb04a4cba7a44b8822a63e1681eb9667955bc8bf/spring-data-commons-1.11.1.RELEASE.jar!/org/springframework/data/mapping/context/MappingContextEvent.class], URL [jar:file:/C:/Users/Damien/.gradle/caches/modules-2/files-2.1/org.springframework.data/spring-data-commons/1.11.1.RELEASE/bb04a4cba7a44b8822a63e1681eb9667955bc8bf/spring-data-commons-1.11.1.RELEASE.jar!/org/springframework/data/mapping/context/PersistentPropertyPath.class], URL [jar:file:/C:/Users/Damien/.gradle/caches/modules-2/files-2.1/org.springframework.data/spring-data-commons/1.11.1.RELEASE/bb04a4cba7a44b8822a63e1681eb9667955bc8bf/spring-data-commons-1.11.1.RELEASE.jar!/org/springframework/data/mapping/context/MappingContextIsNewStrategyFactory.class], URL [jar:file:/C:/Users/Damien/.gradle/caches/modules-2/files-2.1/org.springframework.data/spring-data-commons/1.11.1.RELEASE/bb04a4cba7a44b8822a63e1681eb9667955bc8bf/spring-data-commons-1.11.1.RELEASE.jar!/org/springframework/data/mapping/context/MappingContextIsNewStrategyFactory$PropertyIsNullOrZeroNumberIsNewStrategy.class], URL [jar:file:/C:/Users/Damien/.gradle/caches/modules-2/files-2.1/org.springframework.data/spring-data-commons/1.11.1.RELEASE/bb04a4cba7a44b8822a63e1681eb9667955bc8bf/spring-data-commons-1.11.1.RELEASE.jar!/org/springframework/data/mapping/context/MappingContextIsNewStrategyFactory$PropertyIsNullIsNewStrategy.class], URL [jar:file:/C:/Users/Damien/.gradle/caches/modules-2/files-2.1/org.springframework.data/spring-data-commons/1.11.1.RELEASE/bb04a4cba7a44b8822a63e1681eb9667955bc8bf/spring-data-commons-1.11.1.RELEASE.jar!/org/springframework/data/mapping/context/DefaultPersistentPropertyPath$PropertyNameConverter.class], URL [jar:file:/C:/Users/Damien/.gradle/caches/modules-2/files-2.1/org.springframework.data/spring-data-commons/1.11.1.RELEASE/bb04a4cba7a44b8822a63e1681eb9667955bc8bf/spring-data-commons-1.11.1.RELEASE.jar!/org/springframework/data/mapping/context/AbstractMappingContext$PersistentPropertyCreator.class], URL [jar:file:/C:/Users/Damien/.gradle/caches/modules-2/files-2.1/org.springframework.data/spring-data-commons/1.11.1.RELEASE/bb04a4cba7a44b8822a63e1681eb9667955bc8bf/spring-data-commons-1.11.1.RELEASE.jar!/org/springframework/data/mapping/context/AbstractMappingContext.class], URL [jar:file:/C:/Users/Damien/.gradle/caches/modules-2/files-2.1/org.springframework.data/spring-data-commons/1.11.1.RELEASE/bb04a4cba7a44b8822a63e1681eb9667955bc8bf/spring-data-commons-1.11.1.RELEASE.jar!/org/springframework/data/mapping/context/InvalidPersistentPropertyPath.class], URL [jar:file:/C:/Users/Damien/.gradle/caches/modules-2/files-2.1/org.springframework.data/spring-data-commons/1.11.1.RELEASE/bb04a4cba7a44b8822a63e1681eb9667955bc8bf/spring-data-commons-1.11.1.RELEASE.jar!/org/springframework/data/mapping/context/AbstractMappingContext$1.class], URL [jar:file:/C:/Users/Damien/.gradle/caches/modules-2/files-2.1/org.springframework.data/spring-data-commons/1.11.1.RELEASE/bb04a4cba7a44b8822a63e1681eb9667955bc8bf/spring-data-commons-1.11.1.RELEASE.jar!/org/springframework/data/mapping/context/MappingContextIsNewStrategyFactory$PersistentPropertyInspectingIsNewStrategy.class], URL [jar:file:/C:/Users/Damien/.gradle/caches/modules-2/files-2.1/org.springframework.data/spring-data-commons/1.11.1.RELEASE/bb04a4cba7a44b8822a63e1681eb9667955bc8bf/spring-data-commons-1.11.1.RELEASE.jar!/org/springframework/data/mapping/context/MappingContext.class], URL [jar:file:/C:/Users/Damien/.gradle/caches/modules-2/files-2.1/org.springframework.data/spring-data-commons/1.11.1.RELEASE/bb04a4cba7a44b8822a63e1681eb9667955bc8bf/spring-data-commons-1.11.1.RELEASE.jar!/org/springframework/data/mapping/context/AbstractMappingContext$PersistentPropertyFilter$PropertyMatch.class], URL [jar:file:/C:/Users/Damien/.gradle/caches/modules-2/files-2.1/org.springframework.data/spring-data-commons/1.11.1.RELEASE/bb04a4cba7a44b8822a63e1681eb9667955bc8bf/spring-data-commons-1.11.1.RELEASE.jar!/org/springframework/data/mapping/context/DefaultPersistentPropertyPath.class], URL [jar:file:/C:/Users/Damien/.gradle/caches/modules-2/files-2.1/org.springframework.data/spring-data-commons/1.11.1.RELEASE/bb04a4cba7a44b8822a63e1681eb9667955bc8bf/spring-data-commons-1.11.1.RELEASE.jar!/org/springframework/data/mapping/context/PersistentEntities.class], URL [jar:file:/C:/Users/Damien/.gradle/caches/modules-2/files-2.1/org.springframework.data/spring-data-commons/1.11.1.RELEASE/bb04a4cba7a44b8822a63e1681eb9667955bc8bf/spring-data-commons-1.11.1.RELEASE.jar!/org/springframework/data/mapping/PersistentProperty.class], URL [jar:file:/C:/Users/Damien/.gradle/caches/modules-2/files-2.1/org.springframework.data/spring-data-commons/1.11.1.RELEASE/bb04a4cba7a44b8822a63e1681eb9667955bc8bf/spring-data-commons-1.11.1.RELEASE.jar!/org/springframework/data/mapping/PreferredConstructor.class], URL [jar:file:/C:/Users/Damien/.gradle/caches/modules-2/files-2.1/org.springframework.data/spring-data-commons/1.11.1.RELEASE/bb04a4cba7a44b8822a63e1681eb9667955bc8bf/spring-data-commons-1.11.1.RELEASE.jar!/org/springframework/data/mapping/Association.class], URL [jar:file:/C:/Users/Damien/.gradle/caches/modules-2/files-2.1/org.springframework.data/spring-data-commons/1.11.1.RELEASE/bb04a4cba7a44b8822a63e1681eb9667955bc8bf/spring-data-commons-1.11.1.RELEASE.jar!/org/springframework/data/mapping/SimplePropertyHandler.class], URL [jar:file:/C:/Users/Damien/.gradle/caches/modules-2/files-2.1/org.springframework.data/spring-data-commons/1.11.1.RELEASE/bb04a4cba7a44b8822a63e1681eb9667955bc8bf/spring-data-commons-1.11.1.RELEASE.jar!/org/springframework/data/mapping/IdentifierAccessor.class], URL [jar:file:/C:/Users/Damien/.gradle/caches/modules-2/files-2.1/org.springframework.data/spring-data-commons/1.11.1.RELEASE/bb04a4cba7a44b8822a63e1681eb9667955bc8bf/spring-data-commons-1.11.1.RELEASE.jar!/org/springframework/data/mapping/PersistentPropertyAccessor.class], URL [jar:file:/C:/Users/Damien/.gradle/caches/modules-2/files-2.1/org.springframework.data/spring-data-commons/1.11.1.RELEASE/bb04a4cba7a44b8822a63e1681eb9667955bc8bf/spring-data-commons-1.11.1.RELEASE.jar!/org/springframework/data/mapping/PropertyPath.class], URL [jar:file:/C:/Users/Damien/.gradle/caches/modules-2/files-2.1/org.springframework.data/spring-data-commons/1.11.1.RELEASE/bb04a4cba7a44b8822a63e1681eb9667955bc8bf/spring-data-commons-1.11.1.RELEASE.jar!/org/springframework/data/mapping/PropertyHandler.class], URL [jar:file:/C:/Users/Damien/.gradle/caches/modules-2/files-2.1/org.springframework.data/spring-data-commons/1.11.1.RELEASE/bb04a4cba7a44b8822a63e1681eb9667955bc8bf/spring-data-commons-1.11.1.RELEASE.jar!/org/springframework/data/mapping/PropertyReferenceException.class], URL [jar:file:/C:/Users/Damien/.gradle/caches/modules-2/files-2.1/org.springframework.data/spring-data-commons/1.11.1.RELEASE/bb04a4cba7a44b8822a63e1681eb9667955bc8bf/spring-data-commons-1.11.1.RELEASE.jar!/org/springframework/data/mapping/AssociationHandler.class], URL [jar:file:/C:/Users/Damien/.gradle/caches/modules-2/files-2.1/org.springframework.data/spring-data-commons/1.11.1.RELEASE/bb04a4cba7a44b8822a63e1681eb9667955bc8bf/spring-data-commons-1.11.1.RELEASE.jar!/org/springframework/data/mapping/PersistentEntity.class], URL [jar:file:/C:/Users/Damien/.gradle/caches/modules-2/files-2.1/org.springframework.data/spring-data-commons/1.11.1.RELEASE/bb04a4cba7a44b8822a63e1681eb9667955bc8bf/spring-data-commons-1.11.1.RELEASE.jar!/org/springframework/data/mapping/PreferredConstructor$Parameter.class], URL [jar:file:/C:/Users/Damien/.gradle/caches/modules-2/files-2.1/org.springframework.data/spring-data-commons/1.11.1.RELEASE/bb04a4cba7a44b8822a63e1681eb9667955bc8bf/spring-data-commons-1.11.1.RELEASE.jar!/org/springframework/data/mapping/SimpleAssociationHandler.class], URL [jar:file:/C:/Users/Damien/.gradle/caches/modules-2/files-2.1/org.springframework.data/spring-data-commons/1.11.1.RELEASE/bb04a4cba7a44b8822a63e1681eb9667955bc8bf/spring-data-commons-1.11.1.RELEASE.jar!/org/springframework/data/geo/GeoModule$DistanceMixin.class], URL [jar:file:/C:/Users/Damien/.gradle/caches/modules-2/files-2.1/org.springframework.data/spring-data-commons/1.11.1.RELEASE/bb04a4cba7a44b8822a63e1681eb9667955bc8bf/spring-data-commons-1.11.1.RELEASE.jar!/org/springframework/data/geo/GeoPage.class], URL [jar:file:/C:/Users/Damien/.gradle/caches/modules-2/files-2.1/org.springframework.data/spring-data-commons/1.11.1.RELEASE/bb04a4cba7a44b8822a63e1681eb9667955bc8bf/spring-data-commons-1.11.1.RELEASE.jar!/org/springframework/data/geo/CustomMetric.class], URL [jar:file:/C:/Users/Damien/.gradle/caches/modules-2/files-2.1/org.springframework.data/spring-data-commons/1.11.1.RELEASE/bb04a4cba7a44b8822a63e1681eb9667955bc8bf/spring-data-commons-1.11.1.RELEASE.jar!/org/springframework/data/geo/GeoModule.class], URL [jar:file:/C:/Users/Damien/.gradle/caches/modules-2/files-2.1/org.springframework.data/spring-data-commons/1.11.1.RELEASE/bb04a4cba7a44b8822a63e1681eb9667955bc8bf/spring-data-commons-1.11.1.RELEASE.jar!/org/springframework/data/geo/GeoModule$PointMixin.class], URL [jar:file:/C:/Users/Damien/.gradle/caches/modules-2/files-2.1/org.springframework.data/spring-data-commons/1.11.1.RELEASE/bb04a4cba7a44b8822a63e1681eb9667955bc8bf/spring-data-commons-1.11.1.RELEASE.jar!/org/springframework/data/geo/GeoResults.class], URL [jar:file:/C:/Users/Damien/.gradle/caches/modules-2/files-2.1/org.springframework.data/spring-data-commons/1.11.1.RELEASE/bb04a4cba7a44b8822a63e1681eb9667955bc8bf/spring-data-commons-1.11.1.RELEASE.jar!/org/springframework/data/geo/Distance.class], URL [jar:file:/C:/Users/Damien/.gradle/caches/modules-2/files-2.1/org.springframework.data/spring-data-commons/1.11.1.RELEASE/bb04a4cba7a44b8822a63e1681eb9667955bc8bf/spring-data-commons-1.11.1.RELEASE.jar!/org/springframework/data/geo/GeoModule$CircleMixin.class], URL [jar:file:/C:/Users/Damien/.gradle/caches/modules-2/files-2.1/org.springframework.data/spring-data-commons/1.11.1.RELEASE/bb04a4cba7a44b8822a63e1681eb9667955bc8bf/spring-data-commons-1.11.1.RELEASE.jar!/org/springframework/data/geo/Circle.class], URL [jar:file:/C:/Users/Damien/.gradle/caches/modules-2/files-2.1/org.springframework.data/spring-data-commons/1.11.1.RELEASE/bb04a4cba7a44b8822a63e1681eb9667955bc8bf/spring-data-commons-1.11.1.RELEASE.jar!/org/springframework/data/geo/GeoModule$PolygonMixin.class], URL [jar:file:/C:/Users/Damien/.gradle/caches/modules-2/files-2.1/org.springframework.data/spring-data-commons/1.11.1.RELEASE/bb04a4cba7a44b8822a63e1681eb9667955bc8bf/spring-data-commons-1.11.1.RELEASE.jar!/org/springframework/data/geo/Polygon.class], URL [jar:file:/C:/Users/Damien/.gradle/caches/modules-2/files-2.1/org.springframework.data/spring-data-commons/1.11.1.RELEASE/bb04a4cba7a44b8822a63e1681eb9667955bc8bf/spring-data-commons-1.11.1.RELEASE.jar!/org/springframework/data/geo/Metrics.class], URL [jar:file:/C:/Users/Damien/.gradle/caches/modules-2/files-2.1/org.springframework.data/spring-data-commons/1.11.1.RELEASE/bb04a4cba7a44b8822a63e1681eb9667955bc8bf/spring-data-commons-1.11.1.RELEASE.jar!/org/springframework/data/geo/Point.class], URL [jar:file:/C:/Users/Damien/.gradle/caches/modules-2/files-2.1/org.springframework.data/spring-data-commons/1.11.1.RELEASE/bb04a4cba7a44b8822a63e1681eb9667955bc8bf/spring-data-commons-1.11.1.RELEASE.jar!/org/springframework/data/geo/Box.class], URL [jar:file:/C:/Users/Damien/.gradle/caches/modules-2/files-2.1/org.springframework.data/spring-data-commons/1.11.1.RELEASE/bb04a4cba7a44b8822a63e1681eb9667955bc8bf/spring-data-commons-1.11.1.RELEASE.jar!/org/springframework/data/geo/format/PointFormatter.class], URL [jar:file:/C:/Users/Damien/.gradle/caches/modules-2/files-2.1/org.springframework.data/spring-data-commons/1.11.1.RELEASE/bb04a4cba7a44b8822a63e1681eb9667955bc8bf/spring-data-commons-1.11.1.RELEASE.jar!/org/springframework/data/geo/format/DistanceFormatter.class], URL [jar:file:/C:/Users/Damien/.gradle/caches/modules-2/files-2.1/org.springframework.data/spring-data-commons/1.11.1.RELEASE/bb04a4cba7a44b8822a63e1681eb9667955bc8bf/spring-data-commons-1.11.1.RELEASE.jar!/org/springframework/data/geo/Metric.class], URL [jar:file:/C:/Users/Damien/.gradle/caches/modules-2/files-2.1/org.springframework.data/spring-data-commons/1.11.1.RELEASE/bb04a4cba7a44b8822a63e1681eb9667955bc8bf/spring-data-commons-1.11.1.RELEASE.jar!/org/springframework/data/geo/GeoResult.class], URL [jar:file:/C:/Users/Damien/.gradle/caches/modules-2/files-2.1/org.springframework.data/spring-data-commons/1.11.1.RELEASE/bb04a4cba7a44b8822a63e1681eb9667955bc8bf/spring-data-commons-1.11.1.RELEASE.jar!/org/springframework/data/geo/GeoModule$BoxMixin.class], URL [jar:file:/C:/Users/Damien/.gradle/caches/modules-2/files-2.1/org.springframework.data/spring-data-commons/1.11.1.RELEASE/bb04a4cba7a44b8822a63e1681eb9667955bc8bf/spring-data-commons-1.11.1.RELEASE.jar!/org/springframework/data/geo/Shape.class], URL [jar:file:/C:/Users/Damien/.gradle/caches/modules-2/files-2.1/org.springframework.data/spring-data-commons/1.11.1.RELEASE/bb04a4cba7a44b8822a63e1681eb9667955bc8bf/spring-data-commons-1.11.1.RELEASE.jar!/org/springframework/data/web/MapDataBinder$MapPropertyAccessor$PropertyTraversingMapAccessor.class], URL [jar:file:/C:/Users/Damien/.gradle/caches/modules-2/files-2.1/org.springframework.data/spring-data-commons/1.11.1.RELEASE/bb04a4cba7a44b8822a63e1681eb9667955bc8bf/spring-data-commons-1.11.1.RELEASE.jar!/org/springframework/data/web/PageableDefault.class], URL [jar:file:/C:/Users/Damien/.gradle/caches/modules-2/files-2.1/org.springframework.data/spring-data-commons/1.11.1.RELEASE/bb04a4cba7a44b8822a63e1681eb9667955bc8bf/spring-data-commons-1.11.1.RELEASE.jar!/org/springframework/data/web/MapDataBinder.class], URL [jar:file:/C:/Users/Damien/.gradle/caches/modules-2/files-2.1/org.springframework.data/spring-data-commons/1.11.1.RELEASE/bb04a4cba7a44b8822a63e1681eb9667955bc8bf/spring-data-commons-1.11.1.RELEASE.jar!/org/springframework/data/web/PageableHandlerMethodArgumentResolver.class], URL [jar:file:/C:/Users/Damien/.gradle/caches/modules-2/files-2.1/org.springframework.data/spring-data-commons/1.11.1.RELEASE/bb04a4cba7a44b8822a63e1681eb9667955bc8bf/spring-data-commons-1.11.1.RELEASE.jar!/org/springframework/data/web/SpringDataAnnotationUtils.class], URL [jar:file:/C:/Users/Damien/.gradle/caches/modules-2/files-2.1/org.springframework.data/spring-data-commons/1.11.1.RELEASE/bb04a4cba7a44b8822a63e1681eb9667955bc8bf/spring-data-commons-1.11.1.RELEASE.jar!/org/springframework/data/web/ProxyingHandlerMethodArgumentResolver.class], URL [jar:file:/C:/Users/Damien/.gradle/caches/modules-2/files-2.1/org.springframework.data/spring-data-commons/1.11.1.RELEASE/bb04a4cba7a44b8822a63e1681eb9667955bc8bf/spring-data-commons-1.11.1.RELEASE.jar!/org/springframework/data/web/querydsl/QuerydslPredicateArgumentResolver.class], URL [jar:file:/C:/Users/Damien/.gradle/caches/modules-2/files-2.1/org.springframework.data/spring-data-commons/1.11.1.RELEASE/bb04a4cba7a44b8822a63e1681eb9667955bc8bf/spring-data-commons-1.11.1.RELEASE.jar!/org/springframework/data/web/PagedResourcesAssemblerArgumentResolver.class], URL [jar:file:/C:/Users/Damien/.gradle/caches/modules-2/files-2.1/org.springframework.data/spring-data-commons/1.11.1.RELEASE/bb04a4cba7a44b8822a63e1681eb9667955bc8bf/spring-data-commons-1.11.1.RELEASE.jar!/org/springframework/data/web/SortHandlerMethodArgumentResolver.class], URL [jar:file:/C:/Users/Damien/.gradle/caches/modules-2/files-2.1/org.springframework.data/spring-data-commons/1.11.1.RELEASE/bb04a4cba7a44b8822a63e1681eb9667955bc8bf/spring-data-commons-1.11.1.RELEASE.jar!/org/springframework/data/web/PagedResourcesAssembler$SimplePagedResourceAssembler.class], URL [jar:file:/C:/Users/Damien/.gradle/caches/modules-2/files-2.1/org.springframework.data/spring-data-commons/1.11.1.RELEASE/bb04a4cba7a44b8822a63e1681eb9667955bc8bf/spring-data-commons-1.11.1.RELEASE.jar!/org/springframework/data/web/MapDataBinder$MapPropertyAccessor.class], URL [jar:file:/C:/Users/Damien/.gradle/caches/modules-2/files-2.1/org.springframework.data/spring-data-commons/1.11.1.RELEASE/bb04a4cba7a44b8822a63e1681eb9667955bc8bf/spring-data-commons-1.11.1.RELEASE.jar!/org/springframework/data/web/SortDefault.class], URL [jar:file:/C:/Users/Damien/.gradle/caches/modules-2/files-2.1/org.springframework.data/spring-data-commons/1.11.1.RELEASE/bb04a4cba7a44b8822a63e1681eb9667955bc8bf/spring-data-commons-1.11.1.RELEASE.jar!/org/springframework/data/web/HateoasPageableHandlerMethodArgumentResolver.class], URL [jar:file:/C:/Users/Damien/.gradle/caches/modules-2/files-2.1/org.springframework.data/spring-data-commons/1.11.1.RELEASE/bb04a4cba7a44b8822a63e1681eb9667955bc8bf/spring-data-commons-1.11.1.RELEASE.jar!/org/springframework/data/web/HateoasSortHandlerMethodArgumentResolver.class], URL [jar:file:/C:/Users/Damien/.gradle/caches/modules-2/files-2.1/org.springframework.data/spring-data-commons/1.11.1.RELEASE/bb04a4cba7a44b8822a63e1681eb9667955bc8bf/spring-data-commons-1.11.1.RELEASE.jar!/org/springframework/data/web/config/SpringDataWebConfiguration.class], URL [jar:file:/C:/Users/Damien/.gradle/caches/modules-2/files-2.1/org.springframework.data/spring-data-commons/1.11.1.RELEASE/bb04a4cba7a44b8822a63e1681eb9667955bc8bf/spring-data-commons-1.11.1.RELEASE.jar!/org/springframework/data/web/config/EnableSpringDataWebSupport$SpringDataWebConfigurationImportSelector.class], URL [jar:file:/C:/Users/Damien/.gradle/caches/modules-2/files-2.1/org.springframework.data/spring-data-commons/1.11.1.RELEASE/bb04a4cba7a44b8822a63e1681eb9667955bc8bf/spring-data-commons-1.11.1.RELEASE.jar!/org/springframework/data/web/config/SpringDataJacksonConfiguration.class], URL [jar:file:/C:/Users/Damien/.gradle/caches/modules-2/files-2.1/org.springframework.data/spring-data-commons/1.11.1.RELEASE/bb04a4cba7a44b8822a63e1681eb9667955bc8bf/spring-data-commons-1.11.1.RELEASE.jar!/org/springframework/data/web/config/EnableSpringDataWebSupport$QuerydslActivator.class], URL [jar:file:/C:/Users/Damien/.gradle/caches/modules-2/files-2.1/org.springframework.data/spring-data-commons/1.11.1.RELEASE/bb04a4cba7a44b8822a63e1681eb9667955bc8bf/spring-data-commons-1.11.1.RELEASE.jar!/org/springframework/data/web/config/EnableSpringDataWebSupport.class], URL [jar:file:/C:/Users/Damien/.gradle/caches/modules-2/files-2.1/org.springframework.data/spring-data-commons/1.11.1.RELEASE/bb04a4cba7a44b8822a63e1681eb9667955bc8bf/spring-data-commons-1.11.1.RELEASE.jar!/org/springframework/data/web/config/HateoasAwareSpringDataWebConfiguration.class], URL [jar:file:/C:/Users/Damien/.gradle/caches/modules-2/files-2.1/org.springframework.data/spring-data-commons/1.11.1.RELEASE/bb04a4cba7a44b8822a63e1681eb9667955bc8bf/spring-data-commons-1.11.1.RELEASE.jar!/org/springframework/data/web/config/QuerydslWebConfiguration.class], URL [jar:file:/C:/Users/Damien/.gradle/caches/modules-2/files-2.1/org.springframework.data/spring-data-commons/1.11.1.RELEASE/bb04a4cba7a44b8822a63e1681eb9667955bc8bf/spring-data-commons-1.11.1.RELEASE.jar!/org/springframework/data/web/config/SpringDataWebConfigurationMixin.class], URL [jar:file:/C:/Users/Damien/.gradle/caches/modules-2/files-2.1/org.springframework.data/spring-data-commons/1.11.1.RELEASE/bb04a4cba7a44b8822a63e1681eb9667955bc8bf/spring-data-commons-1.11.1.RELEASE.jar!/org/springframework/data/web/SortDefault$SortDefaults.class], URL [jar:file:/C:/Users/Damien/.gradle/caches/modules-2/files-2.1/org.springframework.data/spring-data-commons/1.11.1.RELEASE/bb04a4cba7a44b8822a63e1681eb9667955bc8bf/spring-data-commons-1.11.1.RELEASE.jar!/org/springframework/data/web/PagedResourcesAssembler.class], URL [jar:file:/C:/Users/Damien/.gradle/caches/modules-2/files-2.1/org.springframework.data/spring-data-commons/1.11.1.RELEASE/bb04a4cba7a44b8822a63e1681eb9667955bc8bf/spring-data-commons-1.11.1.RELEASE.jar!/org/springframework/data/web/SortHandlerMethodArgumentResolver$ExpressionBuilder.class], URL [jar:file:/C:/Users/Damien/.gradle/caches/modules-2/files-2.1/org.springframework.data/spring-data-commons/1.11.1.RELEASE/bb04a4cba7a44b8822a63e1681eb9667955bc8bf/spring-data-commons-1.11.1.RELEASE.jar!/org/springframework/data/web/PagedResourcesAssembler$1.class], URL [jar:file:/C:/Users/Damien/.gradle/caches/modules-2/files-2.1/org.springframework.data/spring-data-commons/1.11.1.RELEASE/bb04a4cba7a44b8822a63e1681eb9667955bc8bf/spring-data-commons-1.11.1.RELEASE.jar!/org/springframework/data/web/MethodParameterAwarePagedResourcesAssembler.class], URL [jar:file:/C:/Users/Damien/.gradle/caches/modules-2/files-2.1/org.springframework.data/spring-data-commons/1.11.1.RELEASE/bb04a4cba7a44b8822a63e1681eb9667955bc8bf/spring-data-commons-1.11.1.RELEASE.jar!/org/springframework/data/util/ReflectionUtils$DescribedFieldFilter.class], URL [jar:file:/C:/Users/Damien/.gradle/caches/modules-2/files-2.1/org.springframework.data/spring-data-commons/1.11.1.RELEASE/bb04a4cba7a44b8822a63e1681eb9667955bc8bf/spring-data-commons-1.11.1.RELEASE.jar!/org/springframework/data/util/TypeVariableTypeInformation.class], URL [jar:file:/C:/Users/Damien/.gradle/caches/modules-2/files-2.1/org.springframework.data/spring-data-commons/1.11.1.RELEASE/bb04a4cba7a44b8822a63e1681eb9667955bc8bf/spring-data-commons-1.11.1.RELEASE.jar!/org/springframework/data/util/StreamUtils.class], URL [jar:file:/C:/Users/Damien/.gradle/caches/modules-2/files-2.1/org.springframework.data/spring-data-commons/1.11.1.RELEASE/bb04a4cba7a44b8822a63e1681eb9667955bc8bf/spring-data-commons-1.11.1.RELEASE.jar!/org/springframework/data/util/TypeDiscoverer$SyntheticParamterizedType.class], URL [jar:file:/C:/Users/Damien/.gradle/caches/modules-2/files-2.1/org.springframework.data/spring-data-commons/1.11.1.RELEASE/bb04a4cba7a44b8822a63e1681eb9667955bc8bf/spring-data-commons-1.11.1.RELEASE.jar!/org/springframework/data/util/AnnotatedTypeScanner.class], URL [jar:file:/C:/Users/Damien/.gradle/caches/modules-2/files-2.1/org.springframework.data/spring-data-commons/1.11.1.RELEASE/bb04a4cba7a44b8822a63e1681eb9667955bc8bf/spring-data-commons-1.11.1.RELEASE.jar!/org/springframework/data/util/GenericArrayTypeInformation.class], URL [jar:file:/C:/Users/Damien/.gradle/caches/modules-2/files-2.1/org.springframework.data/spring-data-commons/1.11.1.RELEASE/bb04a4cba7a44b8822a63e1681eb9667955bc8bf/spring-data-commons-1.11.1.RELEASE.jar!/org/springframework/data/util/ReflectionUtils$1.class], URL [jar:file:/C:/Users/Damien/.gradle/caches/modules-2/files-2.1/org.springframework.data/spring-data-commons/1.11.1.RELEASE/bb04a4cba7a44b8822a63e1681eb9667955bc8bf/spring-data-commons-1.11.1.RELEASE.jar!/org/springframework/data/util/StreamUtils$CloseableIteratorDisposingRunnable.class], URL [jar:file:/C:/Users/Damien/.gradle/caches/modules-2/files-2.1/org.springframework.data/spring-data-commons/1.11.1.RELEASE/bb04a4cba7a44b8822a63e1681eb9667955bc8bf/spring-data-commons-1.11.1.RELEASE.jar!/org/springframework/data/util/ParsingUtils.class], URL [jar:file:/C:/Users/Damien/.gradle/caches/modules-2/files-2.1/org.springframework.data/spring-data-commons/1.11.1.RELEASE/bb04a4cba7a44b8822a63e1681eb9667955bc8bf/spring-data-commons-1.11.1.RELEASE.jar!/org/springframework/data/util/ParentTypeAwareTypeInformation.class], URL [jar:file:/C:/Users/Damien/.gradle/caches/modules-2/files-2.1/org.springframework.data/spring-data-commons/1.11.1.RELEASE/bb04a4cba7a44b8822a63e1681eb9667955bc8bf/spring-data-commons-1.11.1.RELEASE.jar!/org/springframework/data/util/AnnotationDetectionMethodCallback.class], URL [jar:file:/C:/Users/Damien/.gradle/caches/modules-2/files-2.1/org.springframework.data/spring-data-commons/1.11.1.RELEASE/bb04a4cba7a44b8822a63e1681eb9667955bc8bf/spring-data-commons-1.11.1.RELEASE.jar!/org/springframework/data/util/ParameterizedTypeInformation.class], URL [jar:file:/C:/Users/Damien/.gradle/caches/modules-2/files-2.1/org.springframework.data/spring-data-commons/1.11.1.RELEASE/bb04a4cba7a44b8822a63e1681eb9667955bc8bf/spring-data-commons-1.11.1.RELEASE.jar!/org/springframework/data/util/CacheValue.class], URL [jar:file:/C:/Users/Damien/.gradle/caches/modules-2/files-2.1/org.springframework.data/spring-data-commons/1.11.1.RELEASE/bb04a4cba7a44b8822a63e1681eb9667955bc8bf/spring-data-commons-1.11.1.RELEASE.jar!/org/springframework/data/util/TypeInformation.class], URL [jar:file:/C:/Users/Damien/.gradle/caches/modules-2/files-2.1/org.springframework.data/spring-data-commons/1.11.1.RELEASE/bb04a4cba7a44b8822a63e1681eb9667955bc8bf/spring-data-commons-1.11.1.RELEASE.jar!/org/springframework/data/util/ClassTypeInformation.class], URL [jar:file:/C:/Users/Damien/.gradle/caches/modules-2/files-2.1/org.springframework.data/spring-data-commons/1.11.1.RELEASE/bb04a4cba7a44b8822a63e1681eb9667955bc8bf/spring-data-commons-1.11.1.RELEASE.jar!/org/springframework/data/util/AnnotatedTypeScanner$InterfaceAwareScanner.class], URL [jar:file:/C:/Users/Damien/.gradle/caches/modules-2/files-2.1/org.springframework.data/spring-data-commons/1.11.1.RELEASE/bb04a4cba7a44b8822a63e1681eb9667955bc8bf/spring-data-commons-1.11.1.RELEASE.jar!/org/springframework/data/util/DirectFieldAccessFallbackBeanWrapper.class], URL [jar:file:/C:/Users/Damien/.gradle/caches/modules-2/files-2.1/org.springframework.data/spring-data-commons/1.11.1.RELEASE/bb04a4cba7a44b8822a63e1681eb9667955bc8bf/spring-data-commons-1.11.1.RELEASE.jar!/org/springframework/data/util/TypeDiscoverer.class], URL [jar:file:/C:/Users/Damien/.gradle/caches/modules-2/files-2.1/org.springframework.data/spring-data-commons/1.11.1.RELEASE/bb04a4cba7a44b8822a63e1681eb9667955bc8bf/spring-data-commons-1.11.1.RELEASE.jar!/org/springframework/data/util/AnnotationDetectionFieldCallback.class], URL [jar:file:/C:/Users/Damien/.gradle/caches/modules-2/files-2.1/org.springframework.data/spring-data-commons/1.11.1.RELEASE/bb04a4cba7a44b8822a63e1681eb9667955bc8bf/spring-data-commons-1.11.1.RELEASE.jar!/org/springframework/data/util/Version.class], URL [jar:file:/C:/Users/Damien/.gradle/caches/modules-2/files-2.1/org.springframework.data/spring-data-commons/1.11.1.RELEASE/bb04a4cba7a44b8822a63e1681eb9667955bc8bf/spring-data-commons-1.11.1.RELEASE.jar!/org/springframework/data/util/ReflectionUtils$AnnotationFieldFilter.class], URL [jar:file:/C:/Users/Damien/.gradle/caches/modules-2/files-2.1/org.springframework.data/spring-data-commons/1.11.1.RELEASE/bb04a4cba7a44b8822a63e1681eb9667955bc8bf/spring-data-commons-1.11.1.RELEASE.jar!/org/springframework/data/util/CloseableIterator.class], URL [jar:file:/C:/Users/Damien/.gradle/caches/modules-2/files-2.1/org.springframework.data/spring-data-commons/1.11.1.RELEASE/bb04a4cba7a44b8822a63e1681eb9667955bc8bf/spring-data-commons-1.11.1.RELEASE.jar!/org/springframework/data/util/ReflectionUtils.class], URL [jar:file:/C:/Users/Damien/.gradle/caches/modules-2/files-2.1/org.springframework.data/spring-data-commons/1.11.1.RELEASE/bb04a4cba7a44b8822a63e1681eb9667955bc8bf/spring-data-commons-1.11.1.RELEASE.jar!/org/springframework/data/convert/ConfigurableTypeInformationMapper.class], URL [jar:file:/C:/Users/Damien/.gradle/caches/modules-2/files-2.1/org.springframework.data/spring-data-commons/1.11.1.RELEASE/bb04a4cba7a44b8822a63e1681eb9667955bc8bf/spring-data-commons-1.11.1.RELEASE.jar!/org/springframework/data/convert/ThreeTenBackPortConverters.class], URL [jar:file:/C:/Users/Damien/.gradle/caches/modules-2/files-2.1/org.springframework.data/spring-data-commons/1.11.1.RELEASE/bb04a4cba7a44b8822a63e1681eb9667955bc8bf/spring-data-commons-1.11.1.RELEASE.jar!/org/springframework/data/convert/ClassGeneratingEntityInstantiator$ObjectInstantiatorClassGenerator$1.class], URL [jar:file:/C:/Users/Damien/.gradle/caches/modules-2/files-2.1/org.springframework.data/spring-data-commons/1.11.1.RELEASE/bb04a4cba7a44b8822a63e1681eb9667955bc8bf/spring-data-commons-1.11.1.RELEASE.jar!/org/springframework/data/convert/WritingConverter.class], URL [jar:file:/C:/Users/Damien/.gradle/caches/modules-2/files-2.1/org.springframework.data/spring-data-commons/1.11.1.RELEASE/bb04a4cba7a44b8822a63e1681eb9667955bc8bf/spring-data-commons-1.11.1.RELEASE.jar!/org/springframework/data/convert/Jsr310Converters$LocalDateTimeToDateConverter.class], URL [jar:file:/C:/Users/Damien/.gradle/caches/modules-2/files-2.1/org.springframework.data/spring-data-commons/1.11.1.RELEASE/bb04a4cba7a44b8822a63e1681eb9667955bc8bf/spring-data-commons-1.11.1.RELEASE.jar!/org/springframework/data/convert/Jsr310Converters$InstantToDateConverter.class], URL [jar:file:/C:/Users/Damien/.gradle/caches/modules-2/files-2.1/org.springframework.data/spring-data-commons/1.11.1.RELEASE/bb04a4cba7a44b8822a63e1681eb9667955bc8bf/spring-data-commons-1.11.1.RELEASE.jar!/org/springframework/data/convert/ReflectionEntityInstantiator.class], URL [jar:file:/C:/Users/Damien/.gradle/caches/modules-2/files-2.1/org.springframework.data/spring-data-commons/1.11.1.RELEASE/bb04a4cba7a44b8822a63e1681eb9667955bc8bf/spring-data-commons-1.11.1.RELEASE.jar!/org/springframework/data/convert/TypeInformationMapper.class], URL [jar:file:/C:/Users/Damien/.gradle/caches/modules-2/files-2.1/org.springframework.data/spring-data-commons/1.11.1.RELEASE/bb04a4cba7a44b8822a63e1681eb9667955bc8bf/spring-data-commons-1.11.1.RELEASE.jar!/org/springframework/data/convert/BytecodeGeneratingEntityInstantiator.class], URL [jar:file:/C:/Users/Damien/.gradle/caches/modules-2/files-2.1/org.springframework.data/spring-data-commons/1.11.1.RELEASE/bb04a4cba7a44b8822a63e1681eb9667955bc8bf/spring-data-commons-1.11.1.RELEASE.jar!/org/springframework/data/convert/BytecodeGeneratingEntityInstantiator$ObjectInstantiator.class], URL [jar:file:/C:/Users/Damien/.gradle/caches/modules-2/files-2.1/org.springframework.data/spring-data-commons/1.11.1.RELEASE/bb04a4cba7a44b8822a63e1681eb9667955bc8bf/spring-data-commons-1.11.1.RELEASE.jar!/org/springframework/data/convert/ThreeTenBackPortConverters$LocalTimeToDateConverter.class], URL [jar:file:/C:/Users/Damien/.gradle/caches/modules-2/files-2.1/org.springframework.data/spring-data-commons/1.11.1.RELEASE/bb04a4cba7a44b8822a63e1681eb9667955bc8bf/spring-data-commons-1.11.1.RELEASE.jar!/org/springframework/data/convert/TypeAliasAccessor.class], URL [jar:file:/C:/Users/Damien/.gradle/caches/modules-2/files-2.1/org.springframework.data/spring-data-commons/1.11.1.RELEASE/bb04a4cba7a44b8822a63e1681eb9667955bc8bf/spring-data-commons-1.11.1.RELEASE.jar!/org/springframework/data/convert/Jsr310Converters$LocalDateToDateConverter.class], URL [jar:file:/C:/Users/Damien/.gradle/caches/modules-2/files-2.1/org.springframework.data/spring-data-commons/1.11.1.RELEASE/bb04a4cba7a44b8822a63e1681eb9667955bc8bf/spring-data-commons-1.11.1.RELEASE.jar!/org/springframework/data/convert/DefaultTypeMapper.class], URL [jar:file:/C:/Users/Damien/.gradle/caches/modules-2/files-2.1/org.springframework.data/spring-data-commons/1.11.1.RELEASE/bb04a4cba7a44b8822a63e1681eb9667955bc8bf/spring-data-commons-1.11.1.RELEASE.jar!/org/springframework/data/convert/EntityReader.class], URL [jar:file:/C:/Users/Damien/.gradle/caches/modules-2/files-2.1/org.springframework.data/spring-data-commons/1.11.1.RELEASE/bb04a4cba7a44b8822a63e1681eb9667955bc8bf/spring-data-commons-1.11.1.RELEASE.jar!/org/springframework/data/convert/MappingContextTypeInformationMapper.class], URL [jar:file:/C:/Users/Damien/.gradle/caches/modules-2/files-2.1/org.springframework.data/spring-data-commons/1.11.1.RELEASE/bb04a4cba7a44b8822a63e1681eb9667955bc8bf/spring-data-commons-1.11.1.RELEASE.jar!/org/springframework/data/convert/JodaTimeConverters$LocalDateTimeToDateConverter.class], URL [jar:file:/C:/Users/Damien/.gradle/caches/modules-2/files-2.1/org.springframework.data/spring-data-commons/1.11.1.RELEASE/bb04a4cba7a44b8822a63e1681eb9667955bc8bf/spring-data-commons-1.11.1.RELEASE.jar!/org/springframework/data/convert/TypeMapper.class], URL [jar:file:/C:/Users/Damien/.gradle/caches/modules-2/files-2.1/org.springframework.data/spring-data-commons/1.11.1.RELEASE/bb04a4cba7a44b8822a63e1681eb9667955bc8bf/spring-data-commons-1.11.1.RELEASE.jar!/org/springframework/data/convert/ThreeTenBackPortConverters$DateToLocalDateConverter.class], URL [jar:file:/C:/Users/Damien/.gradle/caches/modules-2/files-2.1/org.springframework.data/spring-data-commons/1.11.1.RELEASE/bb04a4cba7a44b8822a63e1681eb9667955bc8bf/spring-data-commons-1.11.1.RELEASE.jar!/org/springframework/data/convert/Jsr310Converters$DateToLocalDateConverter.class], URL [jar:file:/C:/Users/Damien/.gradle/caches/modules-2/files-2.1/org.springframework.data/spring-data-commons/1.11.1.RELEASE/bb04a4cba7a44b8822a63e1681eb9667955bc8bf/spring-data-commons-1.11.1.RELEASE.jar!/org/springframework/data/convert/SimpleTypeInformationMapper.class], URL [jar:file:/C:/Users/Damien/.gradle/caches/modules-2/files-2.1/org.springframework.data/spring-data-commons/1.11.1.RELEASE/bb04a4cba7a44b8822a63e1681eb9667955bc8bf/spring-data-commons-1.11.1.RELEASE.jar!/org/springframework/data/convert/JodaTimeConverters$DateToDateMidnightConverter.class], URL [jar:file:/C:/Users/Damien/.gradle/caches/modules-2/files-2.1/org.springframework.data/spring-data-commons/1.11.1.RELEASE/bb04a4cba7a44b8822a63e1681eb9667955bc8bf/spring-data-commons-1.11.1.RELEASE.jar!/org/springframework/data/convert/JodaTimeConverters$DateToLocalDateTimeConverter.class], URL [jar:file:/C:/Users/Damien/.gradle/caches/modules-2/files-2.1/org.springframework.data/spring-data-commons/1.11.1.RELEASE/bb04a4cba7a44b8822a63e1681eb9667955bc8bf/spring-data-commons-1.11.1.RELEASE.jar!/org/springframework/data/convert/ThreeTenBackPortConverters$DateToLocalDateTimeConverter.class], URL [jar:file:/C:/Users/Damien/.gradle/caches/modules-2/files-2.1/org.springframework.data/spring-data-commons/1.11.1.RELEASE/bb04a4cba7a44b8822a63e1681eb9667955bc8bf/spring-data-commons-1.11.1.RELEASE.jar!/org/springframework/data/convert/JodaTimeConverters$DateToLocalDateConverter.class], URL [jar:file:/C:/Users/Damien/.gradle/caches/modules-2/files-2.1/org.springframework.data/spring-data-commons/1.11.1.RELEASE/bb04a4cba7a44b8822a63e1681eb9667955bc8bf/spring-data-commons-1.11.1.RELEASE.jar!/org/springframework/data/convert/EntityConverter.class], URL [jar:file:/C:/Users/Damien/.gradle/caches/modules-2/files-2.1/org.springframework.data/spring-data-commons/1.11.1.RELEASE/bb04a4cba7a44b8822a63e1681eb9667955bc8bf/spring-data-commons-1.11.1.RELEASE.jar!/org/springframework/data/convert/EntityInstantiators.class], URL [jar:file:/C:/Users/Damien/.gradle/caches/modules-2/files-2.1/org.springframework.data/spring-data-commons/1.11.1.RELEASE/bb04a4cba7a44b8822a63e1681eb9667955bc8bf/spring-data-commons-1.11.1.RELEASE.jar!/org/springframework/data/convert/ClassGeneratingEntityInstantiator$EntityInstantiatorAdapter.class], URL [jar:file:/C:/Users/Damien/.gradle/caches/modules-2/files-2.1/org.springframework.data/spring-data-commons/1.11.1.RELEASE/bb04a4cba7a44b8822a63e1681eb9667955bc8bf/spring-data-commons-1.11.1.RELEASE.jar!/org/springframework/data/convert/ThreeTenBackPortConverters$LocalDateTimeToDateConverter.class], URL [jar:file:/C:/Users/Damien/.gradle/caches/modules-2/files-2.1/org.springframework.data/spring-data-commons/1.11.1.RELEASE/bb04a4cba7a44b8822a63e1681eb9667955bc8bf/spring-data-commons-1.11.1.RELEASE.jar!/org/springframework/data/convert/Jsr310Converters$DateToLocalDateTimeConverter.class], URL [jar:file:/C:/Users/Damien/.gradle/caches/modules-2/files-2.1/org.springframework.data/spring-data-commons/1.11.1.RELEASE/bb04a4cba7a44b8822a63e1681eb9667955bc8bf/spring-data-commons-1.11.1.RELEASE.jar!/org/springframework/data/convert/JodaTimeConverters$DateMidnightToDateConverter.class], URL [jar:file:/C:/Users/Damien/.gradle/caches/modules-2/files-2.1/org.springframework.data/spring-data-commons/1.11.1.RELEASE/bb04a4cba7a44b8822a63e1681eb9667955bc8bf/spring-data-commons-1.11.1.RELEASE.jar!/org/springframework/data/convert/ClassGeneratingEntityInstantiator$ObjectInstantiatorClassGenerator$ByteArrayClassLoader.class], URL [jar:file:/C:/Users/Damien/.gradle/caches/modules-2/files-2.1/org.springframework.data/spring-data-commons/1.11.1.RELEASE/bb04a4cba7a44b8822a63e1681eb9667955bc8bf/spring-data-commons-1.11.1.RELEASE.jar!/org/springframework/data/convert/JodaTimeConverters$LocalDateToDateConverter.class], URL [jar:file:/C:/Users/Damien/.gradle/caches/modules-2/files-2.1/org.springframework.data/spring-data-commons/1.11.1.RELEASE/bb04a4cba7a44b8822a63e1681eb9667955bc8bf/spring-data-commons-1.11.1.RELEASE.jar!/org/springframework/data/convert/Jsr310Converters$DateToInstantConverter.class], URL [jar:file:/C:/Users/Damien/.gradle/caches/modules-2/files-2.1/org.springframework.data/spring-data-commons/1.11.1.RELEASE/bb04a4cba7a44b8822a63e1681eb9667955bc8bf/spring-data-commons-1.11.1.RELEASE.jar!/org/springframework/data/convert/ClassGeneratingEntityInstantiator$1.class], URL [jar:file:/C:/Users/Damien/.gradle/caches/modules-2/files-2.1/org.springframework.data/spring-data-commons/1.11.1.RELEASE/bb04a4cba7a44b8822a63e1681eb9667955bc8bf/spring-data-commons-1.11.1.RELEASE.jar!/org/springframework/data/convert/ReadingConverter.class], URL [jar:file:/C:/Users/Damien/.gradle/caches/modules-2/files-2.1/org.springframework.data/spring-data-commons/1.11.1.RELEASE/bb04a4cba7a44b8822a63e1681eb9667955bc8bf/spring-data-commons-1.11.1.RELEASE.jar!/org/springframework/data/convert/ClassGeneratingEntityInstantiator$ObjectInstantiatorClassGenerator.class], URL [jar:file:/C:/Users/Damien/.gradle/caches/modules-2/files-2.1/org.springframework.data/spring-data-commons/1.11.1.RELEASE/bb04a4cba7a44b8822a63e1681eb9667955bc8bf/spring-data-commons-1.11.1.RELEASE.jar!/org/springframework/data/convert/ThreeTenBackPortConverters$LocalDateToDateConverter.class], URL [jar:file:/C:/Users/Damien/.gradle/caches/modules-2/files-2.1/org.springframework.data/spring-data-commons/1.11.1.RELEASE/bb04a4cba7a44b8822a63e1681eb9667955bc8bf/spring-data-commons-1.11.1.RELEASE.jar!/org/springframework/data/convert/Jsr310Converters$LocalTimeToDateConverter.class], URL [jar:file:/C:/Users/Damien/.gradle/caches/modules-2/files-2.1/org.springframework.data/spring-data-commons/1.11.1.RELEASE/bb04a4cba7a44b8822a63e1681eb9667955bc8bf/spring-data-commons-1.11.1.RELEASE.jar!/org/springframework/data/convert/JodaTimeConverters.class], URL [jar:file:/C:/Users/Damien/.gradle/caches/modules-2/files-2.1/org.springframework.data/spring-data-commons/1.11.1.RELEASE/bb04a4cba7a44b8822a63e1681eb9667955bc8bf/spring-data-commons-1.11.1.RELEASE.jar!/org/springframework/data/convert/ThreeTenBackPortConverters$DateToInstantConverter.class], URL [jar:file:/C:/Users/Damien/.gradle/caches/modules-2/files-2.1/org.springframework.data/spring-data-commons/1.11.1.RELEASE/bb04a4cba7a44b8822a63e1681eb9667955bc8bf/spring-data-commons-1.11.1.RELEASE.jar!/org/springframework/data/convert/ClassGeneratingEntityInstantiator.class], URL [jar:file:/C:/Users/Damien/.gradle/caches/modules-2/files-2.1/org.springframework.data/spring-data-commons/1.11.1.RELEASE/bb04a4cba7a44b8822a63e1681eb9667955bc8bf/spring-data-commons-1.11.1.RELEASE.jar!/org/springframework/data/convert/EntityWriter.class], URL [jar:file:/C:/Users/Damien/.gradle/caches/modules-2/files-2.1/org.springframework.data/spring-data-commons/1.11.1.RELEASE/bb04a4cba7a44b8822a63e1681eb9667955bc8bf/spring-data-commons-1.11.1.RELEASE.jar!/org/springframework/data/convert/JodaTimeConverters$DateTimeToDateConverter.class], URL [jar:file:/C:/Users/Damien/.gradle/caches/modules-2/files-2.1/org.springframework.data/spring-data-commons/1.11.1.RELEASE/bb04a4cba7a44b8822a63e1681eb9667955bc8bf/spring-data-commons-1.11.1.RELEASE.jar!/org/springframework/data/convert/JodaTimeConverters$DateToDateTimeConverter.class], URL [jar:file:/C:/Users/Damien/.gradle/caches/modules-2/files-2.1/org.springframework.data/spring-data-commons/1.11.1.RELEASE/bb04a4cba7a44b8822a63e1681eb9667955bc8bf/spring-data-commons-1.11.1.RELEASE.jar!/org/springframework/data/convert/ThreeTenBackPortConverters$InstantToDateConverter.class], URL [jar:file:/C:/Users/Damien/.gradle/caches/modules-2/files-2.1/org.springframework.data/spring-data-commons/1.11.1.RELEASE/bb04a4cba7a44b8822a63e1681eb9667955bc8bf/spring-data-commons-1.11.1.RELEASE.jar!/org/springframework/data/convert/Jsr310Converters$DateToLocalTimeConverter.class], URL [jar:file:/C:/Users/Damien/.gradle/caches/modules-2/files-2.1/org.springframework.data/spring-data-commons/1.11.1.RELEASE/bb04a4cba7a44b8822a63e1681eb9667955bc8bf/spring-data-commons-1.11.1.RELEASE.jar!/org/springframework/data/convert/Jsr310Converters.class], URL [jar:file:/C:/Users/Damien/.gradle/caches/modules-2/files-2.1/org.springframework.data/spring-data-commons/1.11.1.RELEASE/bb04a4cba7a44b8822a63e1681eb9667955bc8bf/spring-data-commons-1.11.1.RELEASE.jar!/org/springframework/data/convert/ClassGeneratingEntityInstantiator$ObjectInstantiator.class], URL [jar:file:/C:/Users/Damien/.gradle/caches/modules-2/files-2.1/org.springframework.data/spring-data-commons/1.11.1.RELEASE/bb04a4cba7a44b8822a63e1681eb9667955bc8bf/spring-data-commons-1.11.1.RELEASE.jar!/org/springframework/data/convert/EntityInstantiator.class], URL [jar:file:/C:/Users/Damien/.gradle/caches/modules-2/files-2.1/org.springframework.data/spring-data-commons/1.11.1.RELEASE/bb04a4cba7a44b8822a63e1681eb9667955bc8bf/spring-data-commons-1.11.1.RELEASE.jar!/org/springframework/data/convert/ThreeTenBackPortConverters$DateToLocalTimeConverter.class], URL [jar:file:/C:/Users/Damien/.gradle/caches/modules-2/files-2.1/org.springframework.data/spring-data-commons/1.11.1.RELEASE/bb04a4cba7a44b8822a63e1681eb9667955bc8bf/spring-data-commons-1.11.1.RELEASE.jar!/org/springframework/data/crossstore/ChangeSetBacked.class], URL [jar:file:/C:/Users/Damien/.gradle/caches/modules-2/files-2.1/org.springframework.data/spring-data-commons/1.11.1.RELEASE/bb04a4cba7a44b8822a63e1681eb9667955bc8bf/spring-data-commons-1.11.1.RELEASE.jar!/org/springframework/data/crossstore/ChangeSet.class], URL [jar:file:/C:/Users/Damien/.gradle/caches/modules-2/files-2.1/org.springframework.data/spring-data-commons/1.11.1.RELEASE/bb04a4cba7a44b8822a63e1681eb9667955bc8bf/spring-data-commons-1.11.1.RELEASE.jar!/org/springframework/data/crossstore/HashMapChangeSet.class], URL [jar:file:/C:/Users/Damien/.gradle/caches/modules-2/files-2.1/org.springframework.data/spring-data-commons/1.11.1.RELEASE/bb04a4cba7a44b8822a63e1681eb9667955bc8bf/spring-data-commons-1.11.1.RELEASE.jar!/org/springframework/data/crossstore/ChangeSetBackedTransactionSynchronization.class], URL [jar:file:/C:/Users/Damien/.gradle/caches/modules-2/files-2.1/org.springframework.data/spring-data-commons/1.11.1.RELEASE/bb04a4cba7a44b8822a63e1681eb9667955bc8bf/spring-data-commons-1.11.1.RELEASE.jar!/org/springframework/data/crossstore/ChangeSetPersister.class], URL [jar:file:/C:/Users/Damien/.gradle/caches/modules-2/files-2.1/org.springframework.data/spring-data-commons/1.11.1.RELEASE/bb04a4cba7a44b8822a63e1681eb9667955bc8bf/spring-data-commons-1.11.1.RELEASE.jar!/org/springframework/data/crossstore/ChangeSetPersister$NotFoundException.class], URL [jar:file:/C:/Users/Damien/.gradle/caches/modules-2/files-2.1/org.springframework.data/spring-data-commons/1.11.1.RELEASE/bb04a4cba7a44b8822a63e1681eb9667955bc8bf/spring-data-commons-1.11.1.RELEASE.jar!/org/springframework/data/repository/history/support/RevisionEntityInformation.class], URL [jar:file:/C:/Users/Damien/.gradle/caches/modules-2/files-2.1/org.springframework.data/spring-data-commons/1.11.1.RELEASE/bb04a4cba7a44b8822a63e1681eb9667955bc8bf/spring-data-commons-1.11.1.RELEASE.jar!/org/springframework/data/repository/history/RevisionRepository.class], URL [jar:file:/C:/Users/Damien/.gradle/caches/modules-2/files-2.1/org.springframework.data/spring-data-commons/1.11.1.RELEASE/bb04a4cba7a44b8822a63e1681eb9667955bc8bf/spring-data-commons-1.11.1.RELEASE.jar!/org/springframework/data/repository/RepositoryDefinition.class], URL [jar:file:/C:/Users/Damien/.gradle/caches/modules-2/files-2.1/org.springframework.data/spring-data-commons/1.11.1.RELEASE/bb04a4cba7a44b8822a63e1681eb9667955bc8bf/spring-data-commons-1.11.1.RELEASE.jar!/org/springframework/data/repository/NoRepositoryBean.class], URL [jar:file:/C:/Users/Damien/.gradle/caches/modules-2/files-2.1/org.springframework.data/spring-data-commons/1.11.1.RELEASE/bb04a4cba7a44b8822a63e1681eb9667955bc8bf/spring-data-commons-1.11.1.RELEASE.jar!/org/springframework/data/repository/CrudRepository.class], URL [jar:file:/C:/Users/Damien/.gradle/caches/modules-2/files-2.1/org.springframework.data/spring-data-commons/1.11.1.RELEASE/bb04a4cba7a44b8822a63e1681eb9667955bc8bf/spring-data-commons-1.11.1.RELEASE.jar!/org/springframework/data/repository/PagingAndSortingRepository.class], URL [jar:file:/C:/Users/Damien/.gradle/caches/modules-2/files-2.1/org.springframework.data/spring-data-commons/1.11.1.RELEASE/bb04a4cba7a44b8822a63e1681eb9667955bc8bf/spring-data-commons-1.11.1.RELEASE.jar!/org/springframework/data/repository/query/ParameterAccessor.class], URL [jar:file:/C:/Users/Damien/.gradle/caches/modules-2/files-2.1/org.springframework.data/spring-data-commons/1.11.1.RELEASE/bb04a4cba7a44b8822a63e1681eb9667955bc8bf/spring-data-commons-1.11.1.RELEASE.jar!/org/springframework/data/repository/query/EvaluationContextExtensionInformation.class], URL [jar:file:/C:/Users/Damien/.gradle/caches/modules-2/files-2.1/org.springframework.data/spring-data-commons/1.11.1.RELEASE/bb04a4cba7a44b8822a63e1681eb9667955bc8bf/spring-data-commons-1.11.1.RELEASE.jar!/org/springframework/data/repository/query/parser/PartTree$Subject.class], URL [jar:file:/C:/Users/Damien/.gradle/caches/modules-2/files-2.1/org.springframework.data/spring-data-commons/1.11.1.RELEASE/bb04a4cba7a44b8822a63e1681eb9667955bc8bf/spring-data-commons-1.11.1.RELEASE.jar!/org/springframework/data/repository/query/parser/Part$IgnoreCaseType.class], URL [jar:file:/C:/Users/Damien/.gradle/caches/modules-2/files-2.1/org.springframework.data/spring-data-commons/1.11.1.RELEASE/bb04a4cba7a44b8822a63e1681eb9667955bc8bf/spring-data-commons-1.11.1.RELEASE.jar!/org/springframework/data/repository/query/parser/Part$Type.class], URL [jar:file:/C:/Users/Damien/.gradle/caches/modules-2/files-2.1/org.springframework.data/spring-data-commons/1.11.1.RELEASE/bb04a4cba7a44b8822a63e1681eb9667955bc8bf/spring-data-commons-1.11.1.RELEASE.jar!/org/springframework/data/repository/query/parser/Part.class], URL [jar:file:/C:/Users/Damien/.gradle/caches/modules-2/files-2.1/org.springframework.data/spring-data-commons/1.11.1.RELEASE/bb04a4cba7a44b8822a63e1681eb9667955bc8bf/spring-data-commons-1.11.1.RELEASE.jar!/org/springframework/data/repository/query/parser/AbstractQueryCreator.class], URL [jar:file:/C:/Users/Damien/.gradle/caches/modules-2/files-2.1/org.springframework.data/spring-data-commons/1.11.1.RELEASE/bb04a4cba7a44b8822a63e1681eb9667955bc8bf/spring-data-commons-1.11.1.RELEASE.jar!/org/springframework/data/repository/query/parser/PartTree.class], URL [jar:file:/C:/Users/Damien/.gradle/caches/modules-2/files-2.1/org.springframework.data/spring-data-commons/1.11.1.RELEASE/bb04a4cba7a44b8822a63e1681eb9667955bc8bf/spring-data-commons-1.11.1.RELEASE.jar!/org/springframework/data/repository/query/parser/PartTree$Predicate.class], URL [jar:file:/C:/Users/Damien/.gradle/caches/modules-2/files-2.1/org.springframework.data/spring-data-commons/1.11.1.RELEASE/bb04a4cba7a44b8822a63e1681eb9667955bc8bf/spring-data-commons-1.11.1.RELEASE.jar!/org/springframework/data/repository/query/parser/OrderBySource.class], URL [jar:file:/C:/Users/Damien/.gradle/caches/modules-2/files-2.1/org.springframework.data/spring-data-commons/1.11.1.RELEASE/bb04a4cba7a44b8822a63e1681eb9667955bc8bf/spring-data-commons-1.11.1.RELEASE.jar!/org/springframework/data/repository/query/parser/PartTree$OrPart.class], URL [jar:file:/C:/Users/Damien/.gradle/caches/modules-2/files-2.1/org.springframework.data/spring-data-commons/1.11.1.RELEASE/bb04a4cba7a44b8822a63e1681eb9667955bc8bf/spring-data-commons-1.11.1.RELEASE.jar!/org/springframework/data/repository/query/ExtensionAwareEvaluationContextProvider$EvaluationContextExtensionAdapter.class], URL [jar:file:/C:/Users/Damien/.gradle/caches/modules-2/files-2.1/org.springframework.data/spring-data-commons/1.11.1.RELEASE/bb04a4cba7a44b8822a63e1681eb9667955bc8bf/spring-data-commons-1.11.1.RELEASE.jar!/org/springframework/data/repository/query/QueryLookupStrategy$Key.class], URL [jar:file:/C:/Users/Damien/.gradle/caches/modules-2/files-2.1/org.springframework.data/spring-data-commons/1.11.1.RELEASE/bb04a4cba7a44b8822a63e1681eb9667955bc8bf/spring-data-commons-1.11.1.RELEASE.jar!/org/springframework/data/repository/query/ParametersParameterAccessor$1.class], URL [jar:file:/C:/Users/Damien/.gradle/caches/modules-2/files-2.1/org.springframework.data/spring-data-commons/1.11.1.RELEASE/bb04a4cba7a44b8822a63e1681eb9667955bc8bf/spring-data-commons-1.11.1.RELEASE.jar!/org/springframework/data/repository/query/EvaluationContextExtensionInformation$RootObjectInformation$1.class], URL [jar:file:/C:/Users/Damien/.gradle/caches/modules-2/files-2.1/org.springframework.data/spring-data-commons/1.11.1.RELEASE/bb04a4cba7a44b8822a63e1681eb9667955bc8bf/spring-data-commons-1.11.1.RELEASE.jar!/org/springframework/data/repository/query/DefaultParameters.class], URL [jar:file:/C:/Users/Damien/.gradle/caches/modules-2/files-2.1/org.springframework.data/spring-data-commons/1.11.1.RELEASE/bb04a4cba7a44b8822a63e1681eb9667955bc8bf/spring-data-commons-1.11.1.RELEASE.jar!/org/springframework/data/repository/query/EvaluationContextExtensionInformation$ExtensionTypeInformation.class], URL [jar:file:/C:/Users/Damien/.gradle/caches/modules-2/files-2.1/org.springframework.data/spring-data-commons/1.11.1.RELEASE/bb04a4cba7a44b8822a63e1681eb9667955bc8bf/spring-data-commons-1.11.1.RELEASE.jar!/org/springframework/data/repository/query/EvaluationContextExtensionInformation$1.class], URL [jar:file:/C:/Users/Damien/.gradle/caches/modules-2/files-2.1/org.springframework.data/spring-data-commons/1.11.1.RELEASE/bb04a4cba7a44b8822a63e1681eb9667955bc8bf/spring-data-commons-1.11.1.RELEASE.jar!/org/springframework/data/repository/query/Parameter.class], URL [jar:file:/C:/Users/Damien/.gradle/caches/modules-2/files-2.1/org.springframework.data/spring-data-commons/1.11.1.RELEASE/bb04a4cba7a44b8822a63e1681eb9667955bc8bf/spring-data-commons-1.11.1.RELEASE.jar!/org/springframework/data/repository/query/QueryMethod.class], URL [jar:file:/C:/Users/Damien/.gradle/caches/modules-2/files-2.1/org.springframework.data/spring-data-commons/1.11.1.RELEASE/bb04a4cba7a44b8822a63e1681eb9667955bc8bf/spring-data-commons-1.11.1.RELEASE.jar!/org/springframework/data/repository/query/Param.class], URL [jar:file:/C:/Users/Damien/.gradle/caches/modules-2/files-2.1/org.springframework.data/spring-data-commons/1.11.1.RELEASE/bb04a4cba7a44b8822a63e1681eb9667955bc8bf/spring-data-commons-1.11.1.RELEASE.jar!/org/springframework/data/repository/query/ParametersParameterAccessor$BindableParameterIterator.class], URL [jar:file:/C:/Users/Damien/.gradle/caches/modules-2/files-2.1/org.springframework.data/spring-data-commons/1.11.1.RELEASE/bb04a4cba7a44b8822a63e1681eb9667955bc8bf/spring-data-commons-1.11.1.RELEASE.jar!/org/springframework/data/repository/query/ParametersParameterAccessor.class], URL [jar:file:/C:/Users/Damien/.gradle/caches/modules-2/files-2.1/org.springframework.data/spring-data-commons/1.11.1.RELEASE/bb04a4cba7a44b8822a63e1681eb9667955bc8bf/spring-data-commons-1.11.1.RELEASE.jar!/org/springframework/data/repository/query/EvaluationContextExtensionInformation$ExtensionTypeInformation$1.class], URL [jar:file:/C:/Users/Damien/.gradle/caches/modules-2/files-2.1/org.springframework.data/spring-data-commons/1.11.1.RELEASE/bb04a4cba7a44b8822a63e1681eb9667955bc8bf/spring-data-commons-1.11.1.RELEASE.jar!/org/springframework/data/repository/query/spi/EvaluationContextExtension.class], URL [jar:file:/C:/Users/Damien/.gradle/caches/modules-2/files-2.1/org.springframework.data/spring-data-commons/1.11.1.RELEASE/bb04a4cba7a44b8822a63e1681eb9667955bc8bf/spring-data-commons-1.11.1.RELEASE.jar!/org/springframework/data/repository/query/spi/Function.class], URL [jar:file:/C:/Users/Damien/.gradle/caches/modules-2/files-2.1/org.springframework.data/spring-data-commons/1.11.1.RELEASE/bb04a4cba7a44b8822a63e1681eb9667955bc8bf/spring-data-commons-1.11.1.RELEASE.jar!/org/springframework/data/repository/query/spi/EvaluationContextExtensionSupport.class], URL [jar:file:/C:/Users/Damien/.gradle/caches/modules-2/files-2.1/org.springframework.data/spring-data-commons/1.11.1.RELEASE/bb04a4cba7a44b8822a63e1681eb9667955bc8bf/spring-data-commons-1.11.1.RELEASE.jar!/org/springframework/data/repository/query/EvaluationContextExtensionInformation$ExtensionTypeInformation$PublicMethodAndFieldFilter.class], URL [jar:file:/C:/Users/Damien/.gradle/caches/modules-2/files-2.1/org.springframework.data/spring-data-commons/1.11.1.RELEASE/bb04a4cba7a44b8822a63e1681eb9667955bc8bf/spring-data-commons-1.11.1.RELEASE.jar!/org/springframework/data/repository/query/ExtensionAwareEvaluationContextProvider.class], URL [jar:file:/C:/Users/Damien/.gradle/caches/modules-2/files-2.1/org.springframework.data/spring-data-commons/1.11.1.RELEASE/bb04a4cba7a44b8822a63e1681eb9667955bc8bf/spring-data-commons-1.11.1.RELEASE.jar!/org/springframework/data/repository/query/EvaluationContextProvider.class], URL [jar:file:/C:/Users/Damien/.gradle/caches/modules-2/files-2.1/org.springframework.data/spring-data-commons/1.11.1.RELEASE/bb04a4cba7a44b8822a63e1681eb9667955bc8bf/spring-data-commons-1.11.1.RELEASE.jar!/org/springframework/data/repository/query/QueryLookupStrategy.class], URL [jar:file:/C:/Users/Damien/.gradle/caches/modules-2/files-2.1/org.springframework.data/spring-data-commons/1.11.1.RELEASE/bb04a4cba7a44b8822a63e1681eb9667955bc8bf/spring-data-commons-1.11.1.RELEASE.jar!/org/springframework/data/repository/query/ParameterOutOfBoundsException.class], URL [jar:file:/C:/Users/Damien/.gradle/caches/modules-2/files-2.1/org.springframework.data/spring-data-commons/1.11.1.RELEASE/bb04a4cba7a44b8822a63e1681eb9667955bc8bf/spring-data-commons-1.11.1.RELEASE.jar!/org/springframework/data/repository/query/RepositoryQuery.class], URL [jar:file:/C:/Users/Damien/.gradle/caches/modules-2/files-2.1/org.springframework.data/spring-data-commons/1.11.1.RELEASE/bb04a4cba7a44b8822a63e1681eb9667955bc8bf/spring-data-commons-1.11.1.RELEASE.jar!/org/springframework/data/repository/query/EvaluationContextExtensionInformation$RootObjectInformation$2.class], URL [jar:file:/C:/Users/Damien/.gradle/caches/modules-2/files-2.1/org.springframework.data/spring-data-commons/1.11.1.RELEASE/bb04a4cba7a44b8822a63e1681eb9667955bc8bf/spring-data-commons-1.11.1.RELEASE.jar!/org/springframework/data/repository/query/QueryCreationException.class], URL [jar:file:/C:/Users/Damien/.gradle/caches/modules-2/files-2.1/org.springframework.data/spring-data-commons/1.11.1.RELEASE/bb04a4cba7a44b8822a63e1681eb9667955bc8bf/spring-data-commons-1.11.1.RELEASE.jar!/org/springframework/data/repository/query/EvaluationContextExtensionInformation$RootObjectInformation.class], URL [jar:file:/C:/Users/Damien/.gradle/caches/modules-2/files-2.1/org.springframework.data/spring-data-commons/1.11.1.RELEASE/bb04a4cba7a44b8822a63e1681eb9667955bc8bf/spring-data-commons-1.11.1.RELEASE.jar!/org/springframework/data/repository/query/ExtensionAwareEvaluationContextProvider$ExtensionAwarePropertyAccessor.class], URL [jar:file:/C:/Users/Damien/.gradle/caches/modules-2/files-2.1/org.springframework.data/spring-data-commons/1.11.1.RELEASE/bb04a4cba7a44b8822a63e1681eb9667955bc8bf/spring-data-commons-1.11.1.RELEASE.jar!/org/springframework/data/repository/query/Parameters.class], URL [jar:file:/C:/Users/Damien/.gradle/caches/modules-2/files-2.1/org.springframework.data/spring-data-commons/1.11.1.RELEASE/bb04a4cba7a44b8822a63e1681eb9667955bc8bf/spring-data-commons-1.11.1.RELEASE.jar!/org/springframework/data/repository/query/ExtensionAwareEvaluationContextProvider$FunctionMethodExecutor.class], URL [jar:file:/C:/Users/Damien/.gradle/caches/modules-2/files-2.1/org.springframework.data/spring-data-commons/1.11.1.RELEASE/bb04a4cba7a44b8822a63e1681eb9667955bc8bf/spring-data-commons-1.11.1.RELEASE.jar!/org/springframework/data/repository/query/DefaultEvaluationContextProvider.class], URL [jar:file:/C:/Users/Damien/.gradle/caches/modules-2/files-2.1/org.springframework.data/spring-data-commons/1.11.1.RELEASE/bb04a4cba7a44b8822a63e1681eb9667955bc8bf/spring-data-commons-1.11.1.RELEASE.jar!/org/springframework/data/repository/query/QueryMethod$1.class], URL [jar:file:/C:/Users/Damien/.gradle/caches/modules-2/files-2.1/org.springframework.data/spring-data-commons/1.11.1.RELEASE/bb04a4cba7a44b8822a63e1681eb9667955bc8bf/spring-data-commons-1.11.1.RELEASE.jar!/org/springframework/data/repository/util/QueryExecutionConverters$NullableWrapperToGuavaOptionalConverter.class], URL [jar:file:/C:/Users/Damien/.gradle/caches/modules-2/files-2.1/org.springframework.data/spring-data-commons/1.11.1.RELEASE/bb04a4cba7a44b8822a63e1681eb9667955bc8bf/spring-data-commons-1.11.1.RELEASE.jar!/org/springframework/data/repository/util/ClassUtils.class], URL [jar:file:/C:/Users/Damien/.gradle/caches/modules-2/files-2.1/org.springframework.data/spring-data-commons/1.11.1.RELEASE/bb04a4cba7a44b8822a63e1681eb9667955bc8bf/spring-data-commons-1.11.1.RELEASE.jar!/org/springframework/data/repository/util/QueryExecutionConverters$NullableWrapperToCompletableFutureConverter.class], URL [jar:file:/C:/Users/Damien/.gradle/caches/modules-2/files-2.1/org.springframework.data/spring-data-commons/1.11.1.RELEASE/bb04a4cba7a44b8822a63e1681eb9667955bc8bf/spring-data-commons-1.11.1.RELEASE.jar!/org/springframework/data/repository/util/NullableWrapper.class], URL [jar:file:/C:/Users/Damien/.gradle/caches/modules-2/files-2.1/org.springframework.data/spring-data-commons/1.11.1.RELEASE/bb04a4cba7a44b8822a63e1681eb9667955bc8bf/spring-data-commons-1.11.1.RELEASE.jar!/org/springframework/data/repository/util/QueryExecutionConverters$AbstractWrapperTypeConverter.class], URL [jar:file:/C:/Users/Damien/.gradle/caches/modules-2/files-2.1/org.springframework.data/spring-data-commons/1.11.1.RELEASE/bb04a4cba7a44b8822a63e1681eb9667955bc8bf/spring-data-commons-1.11.1.RELEASE.jar!/org/springframework/data/repository/util/QueryExecutionConverters$NullableWrapperToFutureConverter.class], URL [jar:file:/C:/Users/Damien/.gradle/caches/modules-2/files-2.1/org.springframework.data/spring-data-commons/1.11.1.RELEASE/bb04a4cba7a44b8822a63e1681eb9667955bc8bf/spring-data-commons-1.11.1.RELEASE.jar!/org/springframework/data/repository/util/TxUtils.class], URL [jar:file:/C:/Users/Damien/.gradle/caches/modules-2/files-2.1/org.springframework.data/spring-data-commons/1.11.1.RELEASE/bb04a4cba7a44b8822a63e1681eb9667955bc8bf/spring-data-commons-1.11.1.RELEASE.jar!/org/springframework/data/repository/util/QueryExecutionConverters.class], URL [jar:file:/C:/Users/Damien/.gradle/caches/modules-2/files-2.1/org.springframework.data/spring-data-commons/1.11.1.RELEASE/bb04a4cba7a44b8822a63e1681eb9667955bc8bf/spring-data-commons-1.11.1.RELEASE.jar!/org/springframework/data/repository/util/QueryExecutionConverters$NullableWrapperToJdk8OptionalConverter.class], URL [jar:file:/C:/Users/Damien/.gradle/caches/modules-2/files-2.1/org.springframework.data/spring-data-commons/1.11.1.RELEASE/bb04a4cba7a44b8822a63e1681eb9667955bc8bf/spring-data-commons-1.11.1.RELEASE.jar!/org/springframework/data/repository/init/RepositoryPopulator.class], URL [jar:file:/C:/Users/Damien/.gradle/caches/modules-2/files-2.1/org.springframework.data/spring-data-commons/1.11.1.RELEASE/bb04a4cba7a44b8822a63e1681eb9667955bc8bf/spring-data-commons-1.11.1.RELEASE.jar!/org/springframework/data/repository/init/ResourceReaderRepositoryPopulator.class], URL [jar:file:/C:/Users/Damien/.gradle/caches/modules-2/files-2.1/org.springframework.data/spring-data-commons/1.11.1.RELEASE/bb04a4cba7a44b8822a63e1681eb9667955bc8bf/spring-data-commons-1.11.1.RELEASE.jar!/org/springframework/data/repository/init/Jackson2RepositoryPopulatorFactoryBean.class], URL [jar:file:/C:/Users/Damien/.gradle/caches/modules-2/files-2.1/org.springframework.data/spring-data-commons/1.11.1.RELEASE/bb04a4cba7a44b8822a63e1681eb9667955bc8bf/spring-data-commons-1.11.1.RELEASE.jar!/org/springframework/data/repository/init/UnmarshallerRepositoryPopulatorFactoryBean.class], URL [jar:file:/C:/Users/Damien/.gradle/caches/modules-2/files-2.1/org.springframework.data/spring-data-commons/1.11.1.RELEASE/bb04a4cba7a44b8822a63e1681eb9667955bc8bf/spring-data-commons-1.11.1.RELEASE.jar!/org/springframework/data/repository/init/UnmarshallingResourceReader.class], URL [jar:file:/C:/Users/Damien/.gradle/caches/modules-2/files-2.1/org.springframework.data/spring-data-commons/1.11.1.RELEASE/bb04a4cba7a44b8822a63e1681eb9667955bc8bf/spring-data-commons-1.11.1.RELEASE.jar!/org/springframework/data/repository/init/Jackson2ResourceReader.class], URL [jar:file:/C:/Users/Damien/.gradle/caches/modules-2/files-2.1/org.springframework.data/spring-data-commons/1.11.1.RELEASE/bb04a4cba7a44b8822a63e1681eb9667955bc8bf/spring-data-commons-1.11.1.RELEASE.jar!/org/springframework/data/repository/init/ResourceReader$Type.class], URL [jar:file:/C:/Users/Damien/.gradle/caches/modules-2/files-2.1/org.springframework.data/spring-data-commons/1.11.1.RELEASE/bb04a4cba7a44b8822a63e1681eb9667955bc8bf/spring-data-commons-1.11.1.RELEASE.jar!/org/springframework/data/repository/init/RepositoriesPopulatedEvent.class], URL [jar:file:/C:/Users/Damien/.gradle/caches/modules-2/files-2.1/org.springframework.data/spring-data-commons/1.11.1.RELEASE/bb04a4cba7a44b8822a63e1681eb9667955bc8bf/spring-data-commons-1.11.1.RELEASE.jar!/org/springframework/data/repository/init/AbstractRepositoryPopulatorFactoryBean.class], URL [jar:file:/C:/Users/Damien/.gradle/caches/modules-2/files-2.1/org.springframework.data/spring-data-commons/1.11.1.RELEASE/bb04a4cba7a44b8822a63e1681eb9667955bc8bf/spring-data-commons-1.11.1.RELEASE.jar!/org/springframework/data/repository/init/ResourceReader.class], URL [jar:file:/C:/Users/Damien/.gradle/caches/modules-2/files-2.1/org.springframework.data/spring-data-commons/1.11.1.RELEASE/bb04a4cba7a44b8822a63e1681eb9667955bc8bf/spring-data-commons-1.11.1.RELEASE.jar!/org/springframework/data/repository/Repository.class], URL [jar:file:/C:/Users/Damien/.gradle/caches/modules-2/files-2.1/org.springframework.data/spring-data-commons/1.11.1.RELEASE/bb04a4cba7a44b8822a63e1681eb9667955bc8bf/spring-data-commons-1.11.1.RELEASE.jar!/org/springframework/data/repository/cdi/CdiRepositoryExtensionSupport$AnyAnnotationLiteral.class], URL [jar:file:/C:/Users/Damien/.gradle/caches/modules-2/files-2.1/org.springframework.data/spring-data-commons/1.11.1.RELEASE/bb04a4cba7a44b8822a63e1681eb9667955bc8bf/spring-data-commons-1.11.1.RELEASE.jar!/org/springframework/data/repository/cdi/CdiRepositoryBean$DefaultCdiRepositoryConfiguration.class], URL [jar:file:/C:/Users/Damien/.gradle/caches/modules-2/files-2.1/org.springframework.data/spring-data-commons/1.11.1.RELEASE/bb04a4cba7a44b8822a63e1681eb9667955bc8bf/spring-data-commons-1.11.1.RELEASE.jar!/org/springframework/data/repository/cdi/Eager.class], URL [jar:file:/C:/Users/Damien/.gradle/caches/modules-2/files-2.1/org.springframework.data/spring-data-commons/1.11.1.RELEASE/bb04a4cba7a44b8822a63e1681eb9667955bc8bf/spring-data-commons-1.11.1.RELEASE.jar!/org/springframework/data/repository/cdi/CdiRepositoryExtensionSupport.class], URL [jar:file:/C:/Users/Damien/.gradle/caches/modules-2/files-2.1/org.springframework.data/spring-data-commons/1.11.1.RELEASE/bb04a4cba7a44b8822a63e1681eb9667955bc8bf/spring-data-commons-1.11.1.RELEASE.jar!/org/springframework/data/repository/cdi/CdiRepositoryConfiguration.class], URL [jar:file:/C:/Users/Damien/.gradle/caches/modules-2/files-2.1/org.springframework.data/spring-data-commons/1.11.1.RELEASE/bb04a4cba7a44b8822a63e1681eb9667955bc8bf/spring-data-commons-1.11.1.RELEASE.jar!/org/springframework/data/repository/cdi/CdiRepositoryBean.class], URL [jar:file:/C:/Users/Damien/.gradle/caches/modules-2/files-2.1/org.springframework.data/spring-data-commons/1.11.1.RELEASE/bb04a4cba7a44b8822a63e1681eb9667955bc8bf/spring-data-commons-1.11.1.RELEASE.jar!/org/springframework/data/repository/cdi/CdiRepositoryExtensionSupport$DefaultAnnotationLiteral.class], URL [jar:file:/C:/Users/Damien/.gradle/caches/modules-2/files-2.1/org.springframework.data/spring-data-commons/1.11.1.RELEASE/bb04a4cba7a44b8822a63e1681eb9667955bc8bf/spring-data-commons-1.11.1.RELEASE.jar!/org/springframework/data/repository/config/RepositoryBeanDefinitionRegistrarSupport.class], URL [jar:file:/C:/Users/Damien/.gradle/caches/modules-2/files-2.1/org.springframework.data/spring-data-commons/1.11.1.RELEASE/bb04a4cba7a44b8822a63e1681eb9667955bc8bf/spring-data-commons-1.11.1.RELEASE.jar!/org/springframework/data/repository/config/RepositoryComponentProvider.class], URL [jar:file:/C:/Users/Damien/.gradle/caches/modules-2/files-2.1/org.springframework.data/spring-data-commons/1.11.1.RELEASE/bb04a4cba7a44b8822a63e1681eb9667955bc8bf/spring-data-commons-1.11.1.RELEASE.jar!/org/springframework/data/repository/config/ResourceReaderRepositoryPopulatorBeanDefinitionParser.class], URL [jar:file:/C:/Users/Damien/.gradle/caches/modules-2/files-2.1/org.springframework.data/spring-data-commons/1.11.1.RELEASE/bb04a4cba7a44b8822a63e1681eb9667955bc8bf/spring-data-commons-1.11.1.RELEASE.jar!/org/springframework/data/repository/config/RepositoryConfiguration.class], URL [jar:file:/C:/Users/Damien/.gradle/caches/modules-2/files-2.1/org.springframework.data/spring-data-commons/1.11.1.RELEASE/bb04a4cba7a44b8822a63e1681eb9667955bc8bf/spring-data-commons-1.11.1.RELEASE.jar!/org/springframework/data/repository/config/DefaultRepositoryConfiguration.class], URL [jar:file:/C:/Users/Damien/.gradle/caches/modules-2/files-2.1/org.springframework.data/spring-data-commons/1.11.1.RELEASE/bb04a4cba7a44b8822a63e1681eb9667955bc8bf/spring-data-commons-1.11.1.RELEASE.jar!/org/springframework/data/repository/config/XmlRepositoryConfigurationSource.class], URL [jar:file:/C:/Users/Damien/.gradle/caches/modules-2/files-2.1/org.springframework.data/spring-data-commons/1.11.1.RELEASE/bb04a4cba7a44b8822a63e1681eb9667955bc8bf/spring-data-commons-1.11.1.RELEASE.jar!/org/springframework/data/repository/config/RepositoryNameSpaceHandler.class], URL [jar:file:/C:/Users/Damien/.gradle/caches/modules-2/files-2.1/org.springframework.data/spring-data-commons/1.11.1.RELEASE/bb04a4cba7a44b8822a63e1681eb9667955bc8bf/spring-data-commons-1.11.1.RELEASE.jar!/org/springframework/data/repository/config/NamedQueriesBeanDefinitionParser.class], URL [jar:file:/C:/Users/Damien/.gradle/caches/modules-2/files-2.1/org.springframework.data/spring-data-commons/1.11.1.RELEASE/bb04a4cba7a44b8822a63e1681eb9667955bc8bf/spring-data-commons-1.11.1.RELEASE.jar!/org/springframework/data/repository/config/RepositoryComponentProvider$InterfaceTypeFilter.class], URL [jar:file:/C:/Users/Damien/.gradle/caches/modules-2/files-2.1/org.springframework.data/spring-data-commons/1.11.1.RELEASE/bb04a4cba7a44b8822a63e1681eb9667955bc8bf/spring-data-commons-1.11.1.RELEASE.jar!/org/springframework/data/repository/config/RepositoryBeanDefinitionParser.class], URL [jar:file:/C:/Users/Damien/.gradle/caches/modules-2/files-2.1/org.springframework.data/spring-data-commons/1.11.1.RELEASE/bb04a4cba7a44b8822a63e1681eb9667955bc8bf/spring-data-commons-1.11.1.RELEASE.jar!/org/springframework/data/repository/config/NamedQueriesBeanDefinitionBuilder.class], URL [jar:file:/C:/Users/Damien/.gradle/caches/modules-2/files-2.1/org.springframework.data/spring-data-commons/1.11.1.RELEASE/bb04a4cba7a44b8822a63e1681eb9667955bc8bf/spring-data-commons-1.11.1.RELEASE.jar!/org/springframework/data/repository/config/RepositoryConfigurationSourceSupport.class], URL [jar:file:/C:/Users/Damien/.gradle/caches/modules-2/files-2.1/org.springframework.data/spring-data-commons/1.11.1.RELEASE/bb04a4cba7a44b8822a63e1681eb9667955bc8bf/spring-data-commons-1.11.1.RELEASE.jar!/org/springframework/data/repository/config/RepositoryConfigurationUtils.class], URL [jar:file:/C:/Users/Damien/.gradle/caches/modules-2/files-2.1/org.springframework.data/spring-data-commons/1.11.1.RELEASE/bb04a4cba7a44b8822a63e1681eb9667955bc8bf/spring-data-commons-1.11.1.RELEASE.jar!/org/springframework/data/repository/config/RepositoryConfigurationExtension.class], URL [jar:file:/C:/Users/Damien/.gradle/caches/modules-2/files-2.1/org.springframework.data/spring-data-commons/1.11.1.RELEASE/bb04a4cba7a44b8822a63e1681eb9667955bc8bf/spring-data-commons-1.11.1.RELEASE.jar!/org/springframework/data/repository/config/RepositoryConfigurationDelegate.class], URL [jar:file:/C:/Users/Damien/.gradle/caches/modules-2/files-2.1/org.springframework.data/spring-data-commons/1.11.1.RELEASE/bb04a4cba7a44b8822a63e1681eb9667955bc8bf/spring-data-commons-1.11.1.RELEASE.jar!/org/springframework/data/repository/config/RepositoryConfigurationSource.class], URL [jar:file:/C:/Users/Damien/.gradle/caches/modules-2/files-2.1/org.springframework.data/spring-data-commons/1.11.1.RELEASE/bb04a4cba7a44b8822a63e1681eb9667955bc8bf/spring-data-commons-1.11.1.RELEASE.jar!/org/springframework/data/repository/config/DefaultRepositoryBaseClass.class], URL [jar:file:/C:/Users/Damien/.gradle/caches/modules-2/files-2.1/org.springframework.data/spring-data-commons/1.11.1.RELEASE/bb04a4cba7a44b8822a63e1681eb9667955bc8bf/spring-data-commons-1.11.1.RELEASE.jar!/org/springframework/data/repository/config/RepositoryBeanNameGenerator.class], URL [jar:file:/C:/Users/Damien/.gradle/caches/modules-2/files-2.1/org.springframework.data/spring-data-commons/1.11.1.RELEASE/bb04a4cba7a44b8822a63e1681eb9667955bc8bf/spring-data-commons-1.11.1.RELEASE.jar!/org/springframework/data/repository/config/AnnotationRepositoryConfigurationSource$1.class], URL [jar:file:/C:/Users/Damien/.gradle/caches/modules-2/files-2.1/org.springframework.data/spring-data-commons/1.11.1.RELEASE/bb04a4cba7a44b8822a63e1681eb9667955bc8bf/spring-data-commons-1.11.1.RELEASE.jar!/org/springframework/data/repository/config/AnnotationRepositoryConfigurationSource.class], URL [jar:file:/C:/Users/Damien/.gradle/caches/modules-2/files-2.1/org.springframework.data/spring-data-commons/1.11.1.RELEASE/bb04a4cba7a44b8822a63e1681eb9667955bc8bf/spring-data-commons-1.11.1.RELEASE.jar!/org/springframework/data/repository/config/RepositoryBeanDefinitionBuilder.class], URL [jar:file:/C:/Users/Damien/.gradle/caches/modules-2/files-2.1/org.springframework.data/spring-data-commons/1.11.1.RELEASE/bb04a4cba7a44b8822a63e1681eb9667955bc8bf/spring-data-commons-1.11.1.RELEASE.jar!/org/springframework/data/repository/config/CustomRepositoryImplementationDetector.class], URL [jar:file:/C:/Users/Damien/.gradle/caches/modules-2/files-2.1/org.springframework.data/spring-data-commons/1.11.1.RELEASE/bb04a4cba7a44b8822a63e1681eb9667955bc8bf/spring-data-commons-1.11.1.RELEASE.jar!/org/springframework/data/repository/config/RepositoryComponentProvider$AllTypeFilter.class], URL [jar:file:/C:/Users/Damien/.gradle/caches/modules-2/files-2.1/org.springframework.data/spring-data-commons/1.11.1.RELEASE/bb04a4cba7a44b8822a63e1681eb9667955bc8bf/spring-data-commons-1.11.1.RELEASE.jar!/org/springframework/data/repository/config/RepositoryConfigurationDelegate$LenientAssignableTypeFilter.class], URL [jar:file:/C:/Users/Damien/.gradle/caches/modules-2/files-2.1/org.springframework.data/spring-data-commons/1.11.1.RELEASE/bb04a4cba7a44b8822a63e1681eb9667955bc8bf/spring-data-commons-1.11.1.RELEASE.jar!/org/springframework/data/repository/config/RepositoryConfigurationExtensionSupport.class], URL [jar:file:/C:/Users/Damien/.gradle/caches/modules-2/files-2.1/org.springframework.data/spring-data-commons/1.11.1.RELEASE/bb04a4cba7a44b8822a63e1681eb9667955bc8bf/spring-data-commons-1.11.1.RELEASE.jar!/org/springframework/data/repository/support/DomainClassConverter$ConversionMatchAbbreviationException.class], URL [jar:file:/C:/Users/Damien/.gradle/caches/modules-2/files-2.1/org.springframework.data/spring-data-commons/1.11.1.RELEASE/bb04a4cba7a44b8822a63e1681eb9667955bc8bf/spring-data-commons-1.11.1.RELEASE.jar!/org/springframework/data/repository/support/DomainClassConverter$ToIdConverter.class], URL [jar:file:/C:/Users/Damien/.gradle/caches/modules-2/files-2.1/org.springframework.data/spring-data-commons/1.11.1.RELEASE/bb04a4cba7a44b8822a63e1681eb9667955bc8bf/spring-data-commons-1.11.1.RELEASE.jar!/org/springframework/data/repository/support/Repositories$EmptyRepositoryFactoryInformation.class], URL [jar:file:/C:/Users/Damien/.gradle/caches/modules-2/files-2.1/org.springframework.data/spring-data-commons/1.11.1.RELEASE/bb04a4cba7a44b8822a63e1681eb9667955bc8bf/spring-data-commons-1.11.1.RELEASE.jar!/org/springframework/data/repository/support/PagingAndSortingRepositoryInvoker.class], URL [jar:file:/C:/Users/Damien/.gradle/caches/modules-2/files-2.1/org.springframework.data/spring-data-commons/1.11.1.RELEASE/bb04a4cba7a44b8822a63e1681eb9667955bc8bf/spring-data-commons-1.11.1.RELEASE.jar!/org/springframework/data/repository/support/QueryMethodParameterConversionException.class], URL [jar:file:/C:/Users/Damien/.gradle/caches/modules-2/files-2.1/org.springframework.data/spring-data-commons/1.11.1.RELEASE/bb04a4cba7a44b8822a63e1681eb9667955bc8bf/spring-data-commons-1.11.1.RELEASE.jar!/org/springframework/data/repository/support/MethodParameters.class], URL [jar:file:/C:/Users/Damien/.gradle/caches/modules-2/files-2.1/org.springframework.data/spring-data-commons/1.11.1.RELEASE/bb04a4cba7a44b8822a63e1681eb9667955bc8bf/spring-data-commons-1.11.1.RELEASE.jar!/org/springframework/data/repository/support/RepositoryInvoker.class], URL [jar:file:/C:/Users/Damien/.gradle/caches/modules-2/files-2.1/org.springframework.data/spring-data-commons/1.11.1.RELEASE/bb04a4cba7a44b8822a63e1681eb9667955bc8bf/spring-data-commons-1.11.1.RELEASE.jar!/org/springframework/data/repository/support/RepositoryInvokerFactory.class], URL [jar:file:/C:/Users/Damien/.gradle/caches/modules-2/files-2.1/org.springframework.data/spring-data-commons/1.11.1.RELEASE/bb04a4cba7a44b8822a63e1681eb9667955bc8bf/spring-data-commons-1.11.1.RELEASE.jar!/org/springframework/data/repository/support/DomainClassPropertyEditorRegistrar.class], URL [jar:file:/C:/Users/Damien/.gradle/caches/modules-2/files-2.1/org.springframework.data/spring-data-commons/1.11.1.RELEASE/bb04a4cba7a44b8822a63e1681eb9667955bc8bf/spring-data-commons-1.11.1.RELEASE.jar!/org/springframework/data/repository/support/AnnotationAttribute.class], URL [jar:file:/C:/Users/Damien/.gradle/caches/modules-2/files-2.1/org.springframework.data/spring-data-commons/1.11.1.RELEASE/bb04a4cba7a44b8822a63e1681eb9667955bc8bf/spring-data-commons-1.11.1.RELEASE.jar!/org/springframework/data/repository/support/DefaultRepositoryInvokerFactory.class], URL [jar:file:/C:/Users/Damien/.gradle/caches/modules-2/files-2.1/org.springframework.data/spring-data-commons/1.11.1.RELEASE/bb04a4cba7a44b8822a63e1681eb9667955bc8bf/spring-data-commons-1.11.1.RELEASE.jar!/org/springframework/data/repository/support/MethodParameters$AnnotationNamingMethodParameter.class], URL [jar:file:/C:/Users/Damien/.gradle/caches/modules-2/files-2.1/org.springframework.data/spring-data-commons/1.11.1.RELEASE/bb04a4cba7a44b8822a63e1681eb9667955bc8bf/spring-data-commons-1.11.1.RELEASE.jar!/org/springframework/data/repository/support/CrudRepositoryInvoker.class], URL [jar:file:/C:/Users/Damien/.gradle/caches/modules-2/files-2.1/org.springframework.data/spring-data-commons/1.11.1.RELEASE/bb04a4cba7a44b8822a63e1681eb9667955bc8bf/spring-data-commons-1.11.1.RELEASE.jar!/org/springframework/data/repository/support/Repositories.class], URL [jar:file:/C:/Users/Damien/.gradle/caches/modules-2/files-2.1/org.springframework.data/spring-data-commons/1.11.1.RELEASE/bb04a4cba7a44b8822a63e1681eb9667955bc8bf/spring-data-commons-1.11.1.RELEASE.jar!/org/springframework/data/repository/support/DomainClassConverter$ToEntityConverter.class], URL [jar:file:/C:/Users/Damien/.gradle/caches/modules-2/files-2.1/org.springframework.data/spring-data-commons/1.11.1.RELEASE/bb04a4cba7a44b8822a63e1681eb9667955bc8bf/spring-data-commons-1.11.1.RELEASE.jar!/org/springframework/data/repository/support/ReflectionRepositoryInvoker.class], URL [jar:file:/C:/Users/Damien/.gradle/caches/modules-2/files-2.1/org.springframework.data/spring-data-commons/1.11.1.RELEASE/bb04a4cba7a44b8822a63e1681eb9667955bc8bf/spring-data-commons-1.11.1.RELEASE.jar!/org/springframework/data/repository/support/DomainClassPropertyEditor.class], URL [jar:file:/C:/Users/Damien/.gradle/caches/modules-2/files-2.1/org.springframework.data/spring-data-commons/1.11.1.RELEASE/bb04a4cba7a44b8822a63e1681eb9667955bc8bf/spring-data-commons-1.11.1.RELEASE.jar!/org/springframework/data/repository/support/DomainClassConverter.class], URL [jar:file:/C:/Users/Damien/.gradle/caches/modules-2/files-2.1/org.springframework.data/spring-data-commons/1.11.1.RELEASE/bb04a4cba7a44b8822a63e1681eb9667955bc8bf/spring-data-commons-1.11.1.RELEASE.jar!/org/springframework/data/repository/support/DomainClassConverter$1.class], URL [jar:file:/C:/Users/Damien/.gradle/caches/modules-2/files-2.1/org.springframework.data/spring-data-commons/1.11.1.RELEASE/bb04a4cba7a44b8822a63e1681eb9667955bc8bf/spring-data-commons-1.11.1.RELEASE.jar!/org/springframework/data/repository/support/RepositoryInvocationInformation.class], URL [jar:file:/C:/Users/Damien/.gradle/caches/modules-2/files-2.1/org.springframework.data/spring-data-commons/1.11.1.RELEASE/bb04a4cba7a44b8822a63e1681eb9667955bc8bf/spring-data-commons-1.11.1.RELEASE.jar!/org/springframework/data/repository/core/NamedQueries.class], URL [jar:file:/C:/Users/Damien/.gradle/caches/modules-2/files-2.1/org.springframework.data/spring-data-commons/1.11.1.RELEASE/bb04a4cba7a44b8822a63e1681eb9667955bc8bf/spring-data-commons-1.11.1.RELEASE.jar!/org/springframework/data/repository/core/RepositoryInformation.class], URL [jar:file:/C:/Users/Damien/.gradle/caches/modules-2/files-2.1/org.springframework.data/spring-data-commons/1.11.1.RELEASE/bb04a4cba7a44b8822a63e1681eb9667955bc8bf/spring-data-commons-1.11.1.RELEASE.jar!/org/springframework/data/repository/core/EntityMetadata.class], URL [jar:file:/C:/Users/Damien/.gradle/caches/modules-2/files-2.1/org.springframework.data/spring-data-commons/1.11.1.RELEASE/bb04a4cba7a44b8822a63e1681eb9667955bc8bf/spring-data-commons-1.11.1.RELEASE.jar!/org/springframework/data/repository/core/EntityInformation.class], URL [jar:file:/C:/Users/Damien/.gradle/caches/modules-2/files-2.1/org.springframework.data/spring-data-commons/1.11.1.RELEASE/bb04a4cba7a44b8822a63e1681eb9667955bc8bf/spring-data-commons-1.11.1.RELEASE.jar!/org/springframework/data/repository/core/support/DefaultCrudMethods.class], URL [jar:file:/C:/Users/Damien/.gradle/caches/modules-2/files-2.1/org.springframework.data/spring-data-commons/1.11.1.RELEASE/bb04a4cba7a44b8822a63e1681eb9667955bc8bf/spring-data-commons-1.11.1.RELEASE.jar!/org/springframework/data/repository/core/support/TransactionalRepositoryProxyPostProcessor$AbstractFallbackTransactionAttributeSource.class], URL [jar:file:/C:/Users/Damien/.gradle/caches/modules-2/files-2.1/org.springframework.data/spring-data-commons/1.11.1.RELEASE/bb04a4cba7a44b8822a63e1681eb9667955bc8bf/spring-data-commons-1.11.1.RELEASE.jar!/org/springframework/data/repository/core/support/PersistentEntityInformation.class], URL [jar:file:/C:/Users/Damien/.gradle/caches/modules-2/files-2.1/org.springframework.data/spring-data-commons/1.11.1.RELEASE/bb04a4cba7a44b8822a63e1681eb9667955bc8bf/spring-data-commons-1.11.1.RELEASE.jar!/org/springframework/data/repository/core/support/RepositoryFactorySupport$QueryExecutorMethodInterceptor.class], URL [jar:file:/C:/Users/Damien/.gradle/caches/modules-2/files-2.1/org.springframework.data/spring-data-commons/1.11.1.RELEASE/bb04a4cba7a44b8822a63e1681eb9667955bc8bf/spring-data-commons-1.11.1.RELEASE.jar!/org/springframework/data/repository/core/support/DefaultRepositoryMetadata.class], URL [jar:file:/C:/Users/Damien/.gradle/caches/modules-2/files-2.1/org.springframework.data/spring-data-commons/1.11.1.RELEASE/bb04a4cba7a44b8822a63e1681eb9667955bc8bf/spring-data-commons-1.11.1.RELEASE.jar!/org/springframework/data/repository/core/support/QueryExecutionResultHandler.class], URL [jar:file:/C:/Users/Damien/.gradle/caches/modules-2/files-2.1/org.springframework.data/spring-data-commons/1.11.1.RELEASE/bb04a4cba7a44b8822a63e1681eb9667955bc8bf/spring-data-commons-1.11.1.RELEASE.jar!/org/springframework/data/repository/core/support/ReflectionEntityInformation.class], URL [jar:file:/C:/Users/Damien/.gradle/caches/modules-2/files-2.1/org.springframework.data/spring-data-commons/1.11.1.RELEASE/bb04a4cba7a44b8822a63e1681eb9667955bc8bf/spring-data-commons-1.11.1.RELEASE.jar!/org/springframework/data/repository/core/support/RepositoryFactorySupport$1.class], URL [jar:file:/C:/Users/Damien/.gradle/caches/modules-2/files-2.1/org.springframework.data/spring-data-commons/1.11.1.RELEASE/bb04a4cba7a44b8822a63e1681eb9667955bc8bf/spring-data-commons-1.11.1.RELEASE.jar!/org/springframework/data/repository/core/support/RepositoryFactorySupport$QueryCollectingQueryCreationListener.class], URL [jar:file:/C:/Users/Damien/.gradle/caches/modules-2/files-2.1/org.springframework.data/spring-data-commons/1.11.1.RELEASE/bb04a4cba7a44b8822a63e1681eb9667955bc8bf/spring-data-commons-1.11.1.RELEASE.jar!/org/springframework/data/repository/core/support/QueryCreationListener.class], URL [jar:file:/C:/Users/Damien/.gradle/caches/modules-2/files-2.1/org.springframework.data/spring-data-commons/1.11.1.RELEASE/bb04a4cba7a44b8822a63e1681eb9667955bc8bf/spring-data-commons-1.11.1.RELEASE.jar!/org/springframework/data/repository/core/support/PropertiesBasedNamedQueries.class], URL [jar:file:/C:/Users/Damien/.gradle/caches/modules-2/files-2.1/org.springframework.data/spring-data-commons/1.11.1.RELEASE/bb04a4cba7a44b8822a63e1681eb9667955bc8bf/spring-data-commons-1.11.1.RELEASE.jar!/org/springframework/data/repository/core/support/TransactionalRepositoryProxyPostProcessor$AbstractFallbackTransactionAttributeSource$DefaultCacheKey.class], URL [jar:file:/C:/Users/Damien/.gradle/caches/modules-2/files-2.1/org.springframework.data/spring-data-commons/1.11.1.RELEASE/bb04a4cba7a44b8822a63e1681eb9667955bc8bf/spring-data-commons-1.11.1.RELEASE.jar!/org/springframework/data/repository/core/support/AbstractRepositoryMetadata.class], URL [jar:file:/C:/Users/Damien/.gradle/caches/modules-2/files-2.1/org.springframework.data/spring-data-commons/1.11.1.RELEASE/bb04a4cba7a44b8822a63e1681eb9667955bc8bf/spring-data-commons-1.11.1.RELEASE.jar!/org/springframework/data/repository/core/support/DefaultRepositoryInformation.class], URL [jar:file:/C:/Users/Damien/.gradle/caches/modules-2/files-2.1/org.springframework.data/spring-data-commons/1.11.1.RELEASE/bb04a4cba7a44b8822a63e1681eb9667955bc8bf/spring-data-commons-1.11.1.RELEASE.jar!/org/springframework/data/repository/core/support/TransactionalRepositoryProxyPostProcessor$CustomAnnotationTransactionAttributeSource.class], URL [jar:file:/C:/Users/Damien/.gradle/caches/modules-2/files-2.1/org.springframework.data/spring-data-commons/1.11.1.RELEASE/bb04a4cba7a44b8822a63e1681eb9667955bc8bf/spring-data-commons-1.11.1.RELEASE.jar!/org/springframework/data/repository/core/support/RepositoryFactorySupport.class], URL [jar:file:/C:/Users/Damien/.gradle/caches/modules-2/files-2.1/org.springframework.data/spring-data-commons/1.11.1.RELEASE/bb04a4cba7a44b8822a63e1681eb9667955bc8bf/spring-data-commons-1.11.1.RELEASE.jar!/org/springframework/data/repository/core/support/RepositoryInterfaceAwareBeanPostProcessor.class], URL [jar:file:/C:/Users/Damien/.gradle/caches/modules-2/files-2.1/org.springframework.data/spring-data-commons/1.11.1.RELEASE/bb04a4cba7a44b8822a63e1681eb9667955bc8bf/spring-data-commons-1.11.1.RELEASE.jar!/org/springframework/data/repository/core/support/PersistableEntityInformation.class], URL [jar:file:/C:/Users/Damien/.gradle/caches/modules-2/files-2.1/org.springframework.data/spring-data-commons/1.11.1.RELEASE/bb04a4cba7a44b8822a63e1681eb9667955bc8bf/spring-data-commons-1.11.1.RELEASE.jar!/org/springframework/data/repository/core/support/PersistenceExceptionTranslationRepositoryProxyPostProcessor.class], URL [jar:file:/C:/Users/Damien/.gradle/caches/modules-2/files-2.1/org.springframework.data/spring-data-commons/1.11.1.RELEASE/bb04a4cba7a44b8822a63e1681eb9667955bc8bf/spring-data-commons-1.11.1.RELEASE.jar!/org/springframework/data/repository/core/support/TransactionalRepositoryFactoryBeanSupport.class], URL [jar:file:/C:/Users/Damien/.gradle/caches/modules-2/files-2.1/org.springframework.data/spring-data-commons/1.11.1.RELEASE/bb04a4cba7a44b8822a63e1681eb9667955bc8bf/spring-data-commons-1.11.1.RELEASE.jar!/org/springframework/data/repository/core/support/RepositoryFactoryBeanSupport.class], URL [jar:file:/C:/Users/Damien/.gradle/caches/modules-2/files-2.1/org.springframework.data/spring-data-commons/1.11.1.RELEASE/bb04a4cba7a44b8822a63e1681eb9667955bc8bf/spring-data-commons-1.11.1.RELEASE.jar!/org/springframework/data/repository/core/support/RepositoryFactorySupport$RepositoryInformationCacheKey.class], URL [jar:file:/C:/Users/Damien/.gradle/caches/modules-2/files-2.1/org.springframework.data/spring-data-commons/1.11.1.RELEASE/bb04a4cba7a44b8822a63e1681eb9667955bc8bf/spring-data-commons-1.11.1.RELEASE.jar!/org/springframework/data/repository/core/support/DelegatingEntityInformation.class], URL [jar:file:/C:/Users/Damien/.gradle/caches/modules-2/files-2.1/org.springframework.data/spring-data-commons/1.11.1.RELEASE/bb04a4cba7a44b8822a63e1681eb9667955bc8bf/spring-data-commons-1.11.1.RELEASE.jar!/org/springframework/data/repository/core/support/ReflectionEntityInformation$1.class], URL [jar:file:/C:/Users/Damien/.gradle/caches/modules-2/files-2.1/org.springframework.data/spring-data-commons/1.11.1.RELEASE/bb04a4cba7a44b8822a63e1681eb9667955bc8bf/spring-data-commons-1.11.1.RELEASE.jar!/org/springframework/data/repository/core/support/RepositoryFactoryInformation.class], URL [jar:file:/C:/Users/Damien/.gradle/caches/modules-2/files-2.1/org.springframework.data/spring-data-commons/1.11.1.RELEASE/bb04a4cba7a44b8822a63e1681eb9667955bc8bf/spring-data-commons-1.11.1.RELEASE.jar!/org/springframework/data/repository/core/support/RepositoryProxyPostProcessor.class], URL [jar:file:/C:/Users/Damien/.gradle/caches/modules-2/files-2.1/org.springframework.data/spring-data-commons/1.11.1.RELEASE/bb04a4cba7a44b8822a63e1681eb9667955bc8bf/spring-data-commons-1.11.1.RELEASE.jar!/org/springframework/data/repository/core/support/AbstractEntityInformation.class], URL [jar:file:/C:/Users/Damien/.gradle/caches/modules-2/files-2.1/org.springframework.data/spring-data-commons/1.11.1.RELEASE/bb04a4cba7a44b8822a63e1681eb9667955bc8bf/spring-data-commons-1.11.1.RELEASE.jar!/org/springframework/data/repository/core/support/AnnotationRepositoryMetadata.class], URL [jar:file:/C:/Users/Damien/.gradle/caches/modules-2/files-2.1/org.springframework.data/spring-data-commons/1.11.1.RELEASE/bb04a4cba7a44b8822a63e1681eb9667955bc8bf/spring-data-commons-1.11.1.RELEASE.jar!/org/springframework/data/repository/core/support/TransactionalRepositoryProxyPostProcessor.class], URL [jar:file:/C:/Users/Damien/.gradle/caches/modules-2/files-2.1/org.springframework.data/spring-data-commons/1.11.1.RELEASE/bb04a4cba7a44b8822a63e1681eb9667955bc8bf/spring-data-commons-1.11.1.RELEASE.jar!/org/springframework/data/repository/core/CrudMethods.class], URL [jar:file:/C:/Users/Damien/.gradle/caches/modules-2/files-2.1/org.springframework.data/spring-data-commons/1.11.1.RELEASE/bb04a4cba7a44b8822a63e1681eb9667955bc8bf/spring-data-commons-1.11.1.RELEASE.jar!/org/springframework/data/repository/core/RepositoryMetadata.class], URL [jar:file:/C:/Users/Damien/.gradle/caches/modules-2/files-2.1/org.springframework.data/spring-data-commons/1.11.1.RELEASE/bb04a4cba7a44b8822a63e1681eb9667955bc8bf/spring-data-commons-1.11.1.RELEASE.jar!/org/springframework/data/querydsl/EntityPathResolver.class], URL [jar:file:/C:/Users/Damien/.gradle/caches/modules-2/files-2.1/org.springframework.data/spring-data-commons/1.11.1.RELEASE/bb04a4cba7a44b8822a63e1681eb9667955bc8bf/spring-data-commons-1.11.1.RELEASE.jar!/org/springframework/data/querydsl/SimpleEntityPathResolver.class], URL [jar:file:/C:/Users/Damien/.gradle/caches/modules-2/files-2.1/org.springframework.data/spring-data-commons/1.11.1.RELEASE/bb04a4cba7a44b8822a63e1681eb9667955bc8bf/spring-data-commons-1.11.1.RELEASE.jar!/org/springframework/data/querydsl/QueryDslUtils.class], URL [jar:file:/C:/Users/Damien/.gradle/caches/modules-2/files-2.1/org.springframework.data/spring-data-commons/1.11.1.RELEASE/bb04a4cba7a44b8822a63e1681eb9667955bc8bf/spring-data-commons-1.11.1.RELEASE.jar!/org/springframework/data/querydsl/QueryDslPredicateExecutor.class], URL [jar:file:/C:/Users/Damien/.gradle/caches/modules-2/files-2.1/org.springframework.data/spring-data-commons/1.11.1.RELEASE/bb04a4cba7a44b8822a63e1681eb9667955bc8bf/spring-data-commons-1.11.1.RELEASE.jar!/org/springframework/data/querydsl/binding/QuerydslBindings$PathBinder.class], URL [jar:file:/C:/Users/Damien/.gradle/caches/modules-2/files-2.1/org.springframework.data/spring-data-commons/1.11.1.RELEASE/bb04a4cba7a44b8822a63e1681eb9667955bc8bf/spring-data-commons-1.11.1.RELEASE.jar!/org/springframework/data/querydsl/binding/MultiValueBinding.class], URL [jar:file:/C:/Users/Damien/.gradle/caches/modules-2/files-2.1/org.springframework.data/spring-data-commons/1.11.1.RELEASE/bb04a4cba7a44b8822a63e1681eb9667955bc8bf/spring-data-commons-1.11.1.RELEASE.jar!/org/springframework/data/querydsl/binding/QuerydslBinderCustomizer.class], URL [jar:file:/C:/Users/Damien/.gradle/caches/modules-2/files-2.1/org.springframework.data/spring-data-commons/1.11.1.RELEASE/bb04a4cba7a44b8822a63e1681eb9667955bc8bf/spring-data-commons-1.11.1.RELEASE.jar!/org/springframework/data/querydsl/binding/QuerydslDefaultBinding.class], URL [jar:file:/C:/Users/Damien/.gradle/caches/modules-2/files-2.1/org.springframework.data/spring-data-commons/1.11.1.RELEASE/bb04a4cba7a44b8822a63e1681eb9667955bc8bf/spring-data-commons-1.11.1.RELEASE.jar!/org/springframework/data/querydsl/binding/QuerydslBindings$1.class], URL [jar:file:/C:/Users/Damien/.gradle/caches/modules-2/files-2.1/org.springframework.data/spring-data-commons/1.11.1.RELEASE/bb04a4cba7a44b8822a63e1681eb9667955bc8bf/spring-data-commons-1.11.1.RELEASE.jar!/org/springframework/data/querydsl/binding/QuerydslBindings.class], URL [jar:file:/C:/Users/Damien/.gradle/caches/modules-2/files-2.1/org.springframework.data/spring-data-commons/1.11.1.RELEASE/bb04a4cba7a44b8822a63e1681eb9667955bc8bf/spring-data-commons-1.11.1.RELEASE.jar!/org/springframework/data/querydsl/binding/QuerydslPredicate.class], URL [jar:file:/C:/Users/Damien/.gradle/caches/modules-2/files-2.1/org.springframework.data/spring-data-commons/1.11.1.RELEASE/bb04a4cba7a44b8822a63e1681eb9667955bc8bf/spring-data-commons-1.11.1.RELEASE.jar!/org/springframework/data/querydsl/binding/QuerydslPredicateBuilder.class], URL [jar:file:/C:/Users/Damien/.gradle/caches/modules-2/files-2.1/org.springframework.data/spring-data-commons/1.11.1.RELEASE/bb04a4cba7a44b8822a63e1681eb9667955bc8bf/spring-data-commons-1.11.1.RELEASE.jar!/org/springframework/data/querydsl/binding/QuerydslBindingsFactory$NoOpCustomizer.class], URL [jar:file:/C:/Users/Damien/.gradle/caches/modules-2/files-2.1/org.springframework.data/spring-data-commons/1.11.1.RELEASE/bb04a4cba7a44b8822a63e1681eb9667955bc8bf/spring-data-commons-1.11.1.RELEASE.jar!/org/springframework/data/querydsl/binding/SingleValueBinding.class], URL [jar:file:/C:/Users/Damien/.gradle/caches/modules-2/files-2.1/org.springframework.data/spring-data-commons/1.11.1.RELEASE/bb04a4cba7a44b8822a63e1681eb9667955bc8bf/spring-data-commons-1.11.1.RELEASE.jar!/org/springframework/data/querydsl/binding/QuerydslBindings$PathAndBinding.class], URL [jar:file:/C:/Users/Damien/.gradle/caches/modules-2/files-2.1/org.springframework.data/spring-data-commons/1.11.1.RELEASE/bb04a4cba7a44b8822a63e1681eb9667955bc8bf/spring-data-commons-1.11.1.RELEASE.jar!/org/springframework/data/querydsl/binding/QuerydslBindings$MultiValueBindingAdapter.class], URL [jar:file:/C:/Users/Damien/.gradle/caches/modules-2/files-2.1/org.springframework.data/spring-data-commons/1.11.1.RELEASE/bb04a4cba7a44b8822a63e1681eb9667955bc8bf/spring-data-commons-1.11.1.RELEASE.jar!/org/springframework/data/querydsl/binding/QuerydslBindingsFactory.class], URL [jar:file:/C:/Users/Damien/.gradle/caches/modules-2/files-2.1/org.springframework.data/spring-data-commons/1.11.1.RELEASE/bb04a4cba7a44b8822a63e1681eb9667955bc8bf/spring-data-commons-1.11.1.RELEASE.jar!/org/springframework/data/querydsl/binding/QuerydslBindings$TypeBinder.class], URL [jar:file:/C:/Users/Damien/.gradle/caches/modules-2/files-2.1/org.springframework.data/spring-data-commons/1.11.1.RELEASE/bb04a4cba7a44b8822a63e1681eb9667955bc8bf/spring-data-commons-1.11.1.RELEASE.jar!/org/springframework/data/querydsl/QSort.class], URL [jar:file:/C:/Users/Damien/.gradle/caches/modules-2/files-2.1/org.springframework.data/spring-data-commons/1.11.1.RELEASE/bb04a4cba7a44b8822a63e1681eb9667955bc8bf/spring-data-commons-1.11.1.RELEASE.jar!/org/springframework/data/querydsl/QPageRequest.class], URL [jar:file:/C:/Users/Damien/.gradle/caches/modules-2/files-2.1/org.springframework.data/spring-data-commons/1.11.1.RELEASE/bb04a4cba7a44b8822a63e1681eb9667955bc8bf/spring-data-commons-1.11.1.RELEASE.jar!/org/springframework/data/querydsl/QuerydslRepositoryInvokerAdapter.class], URL [jar:file:/C:/Users/Damien/.gradle/caches/modules-2/files-2.1/org.springframework.data/spring-data-commons/1.11.1.RELEASE/bb04a4cba7a44b8822a63e1681eb9667955bc8bf/spring-data-commons-1.11.1.RELEASE.jar!/org/springframework/data/annotation/Persistent.class], URL [jar:file:/C:/Users/Damien/.gradle/caches/modules-2/files-2.1/org.springframework.data/spring-data-commons/1.11.1.RELEASE/bb04a4cba7a44b8822a63e1681eb9667955bc8bf/spring-data-commons-1.11.1.RELEASE.jar!/org/springframework/data/annotation/ReadOnlyProperty.class], URL [jar:file:/C:/Users/Damien/.gradle/caches/modules-2/files-2.1/org.springframework.data/spring-data-commons/1.11.1.RELEASE/bb04a4cba7a44b8822a63e1681eb9667955bc8bf/spring-data-commons-1.11.1.RELEASE.jar!/org/springframework/data/annotation/Transient.class], URL [jar:file:/C:/Users/Damien/.gradle/caches/modules-2/files-2.1/org.springframework.data/spring-data-commons/1.11.1.RELEASE/bb04a4cba7a44b8822a63e1681eb9667955bc8bf/spring-data-commons-1.11.1.RELEASE.jar!/org/springframework/data/annotation/AccessType.class], URL [jar:file:/C:/Users/Damien/.gradle/caches/modules-2/files-2.1/org.springframework.data/spring-data-commons/1.11.1.RELEASE/bb04a4cba7a44b8822a63e1681eb9667955bc8bf/spring-data-commons-1.11.1.RELEASE.jar!/org/springframework/data/annotation/Id.class], URL [jar:file:/C:/Users/Damien/.gradle/caches/modules-2/files-2.1/org.springframework.data/spring-data-commons/1.11.1.RELEASE/bb04a4cba7a44b8822a63e1681eb9667955bc8bf/spring-data-commons-1.11.1.RELEASE.jar!/org/springframework/data/annotation/CreatedDate.class], URL [jar:file:/C:/Users/Damien/.gradle/caches/modules-2/files-2.1/org.springframework.data/spring-data-commons/1.11.1.RELEASE/bb04a4cba7a44b8822a63e1681eb9667955bc8bf/spring-data-commons-1.11.1.RELEASE.jar!/org/springframework/data/annotation/CreatedBy.class], URL [jar:file:/C:/Users/Damien/.gradle/caches/modules-2/files-2.1/org.springframework.data/spring-data-commons/1.11.1.RELEASE/bb04a4cba7a44b8822a63e1681eb9667955bc8bf/spring-data-commons-1.11.1.RELEASE.jar!/org/springframework/data/annotation/PersistenceConstructor.class], URL [jar:file:/C:/Users/Damien/.gradle/caches/modules-2/files-2.1/org.springframework.data/spring-data-commons/1.11.1.RELEASE/bb04a4cba7a44b8822a63e1681eb9667955bc8bf/spring-data-commons-1.11.1.RELEASE.jar!/org/springframework/data/annotation/LastModifiedDate.class], URL [jar:file:/C:/Users/Damien/.gradle/caches/modules-2/files-2.1/org.springframework.data/spring-data-commons/1.11.1.RELEASE/bb04a4cba7a44b8822a63e1681eb9667955bc8bf/spring-data-commons-1.11.1.RELEASE.jar!/org/springframework/data/annotation/AccessType$Type.class], URL [jar:file:/C:/Users/Damien/.gradle/caches/modules-2/files-2.1/org.springframework.data/spring-data-commons/1.11.1.RELEASE/bb04a4cba7a44b8822a63e1681eb9667955bc8bf/spring-data-commons-1.11.1.RELEASE.jar!/org/springframework/data/annotation/LastModifiedBy.class], URL [jar:file:/C:/Users/Damien/.gradle/caches/modules-2/files-2.1/org.springframework.data/spring-data-commons/1.11.1.RELEASE/bb04a4cba7a44b8822a63e1681eb9667955bc8bf/spring-data-commons-1.11.1.RELEASE.jar!/org/springframework/data/annotation/TypeAlias.class], URL [jar:file:/C:/Users/Damien/.gradle/caches/modules-2/files-2.1/org.springframework.data/spring-data-commons/1.11.1.RELEASE/bb04a4cba7a44b8822a63e1681eb9667955bc8bf/spring-data-commons-1.11.1.RELEASE.jar!/org/springframework/data/annotation/Version.class], URL [jar:file:/C:/Users/Damien/.gradle/caches/modules-2/files-2.1/org.springframework.data/spring-data-commons/1.11.1.RELEASE/bb04a4cba7a44b8822a63e1681eb9667955bc8bf/spring-data-commons-1.11.1.RELEASE.jar!/org/springframework/data/annotation/Reference.class], URL [jar:file:/C:/Users/Damien/.gradle/caches/modules-2/files-2.1/org.springframework.data/spring-data-commons/1.11.1.RELEASE/bb04a4cba7a44b8822a63e1681eb9667955bc8bf/spring-data-commons-1.11.1.RELEASE.jar!/org/springframework/data/annotation/QueryAnnotation.class], URL [jar:file:/C:/Users/Damien/.gradle/caches/modules-2/files-2.1/org.springframework.data/spring-data-commons/1.11.1.RELEASE/bb04a4cba7a44b8822a63e1681eb9667955bc8bf/spring-data-commons-1.11.1.RELEASE.jar!/org/springframework/data/domain/Persistable.class], URL [jar:file:/C:/Users/Damien/.gradle/caches/modules-2/files-2.1/org.springframework.data/spring-data-commons/1.11.1.RELEASE/bb04a4cba7a44b8822a63e1681eb9667955bc8bf/spring-data-commons-1.11.1.RELEASE.jar!/org/springframework/data/domain/AuditorAware.class], URL [jar:file:/C:/Users/Damien/.gradle/caches/modules-2/files-2.1/org.springframework.data/spring-data-commons/1.11.1.RELEASE/bb04a4cba7a44b8822a63e1681eb9667955bc8bf/spring-data-commons-1.11.1.RELEASE.jar!/org/springframework/data/domain/Sort.class], URL [jar:file:/C:/Users/Damien/.gradle/caches/modules-2/files-2.1/org.springframework.data/spring-data-commons/1.11.1.RELEASE/bb04a4cba7a44b8822a63e1681eb9667955bc8bf/spring-data-commons-1.11.1.RELEASE.jar!/org/springframework/data/domain/Sort$NullHandling.class], URL [jar:file:/C:/Users/Damien/.gradle/caches/modules-2/files-2.1/org.springframework.data/spring-data-commons/1.11.1.RELEASE/bb04a4cba7a44b8822a63e1681eb9667955bc8bf/spring-data-commons-1.11.1.RELEASE.jar!/org/springframework/data/domain/SliceImpl.class], URL [jar:file:/C:/Users/Damien/.gradle/caches/modules-2/files-2.1/org.springframework.data/spring-data-commons/1.11.1.RELEASE/bb04a4cba7a44b8822a63e1681eb9667955bc8bf/spring-data-commons-1.11.1.RELEASE.jar!/org/springframework/data/domain/Page.class], URL [jar:file:/C:/Users/Damien/.gradle/caches/modules-2/files-2.1/org.springframework.data/spring-data-commons/1.11.1.RELEASE/bb04a4cba7a44b8822a63e1681eb9667955bc8bf/spring-data-commons-1.11.1.RELEASE.jar!/org/springframework/data/domain/Pageable.class], URL [jar:file:/C:/Users/Damien/.gradle/caches/modules-2/files-2.1/org.springframework.data/spring-data-commons/1.11.1.RELEASE/bb04a4cba7a44b8822a63e1681eb9667955bc8bf/spring-data-commons-1.11.1.RELEASE.jar!/org/springframework/data/domain/PageImpl.class], URL [jar:file:/C:/Users/Damien/.gradle/caches/modules-2/files-2.1/org.springframework.data/spring-data-commons/1.11.1.RELEASE/bb04a4cba7a44b8822a63e1681eb9667955bc8bf/spring-data-commons-1.11.1.RELEASE.jar!/org/springframework/data/domain/Chunk.class], URL [jar:file:/C:/Users/Damien/.gradle/caches/modules-2/files-2.1/org.springframework.data/spring-data-commons/1.11.1.RELEASE/bb04a4cba7a44b8822a63e1681eb9667955bc8bf/spring-data-commons-1.11.1.RELEASE.jar!/org/springframework/data/domain/PageRequest.class], URL [jar:file:/C:/Users/Damien/.gradle/caches/modules-2/files-2.1/org.springframework.data/spring-data-commons/1.11.1.RELEASE/bb04a4cba7a44b8822a63e1681eb9667955bc8bf/spring-data-commons-1.11.1.RELEASE.jar!/org/springframework/data/domain/Sort$Direction.class], URL [jar:file:/C:/Users/Damien/.gradle/caches/modules-2/files-2.1/org.springframework.data/spring-data-commons/1.11.1.RELEASE/bb04a4cba7a44b8822a63e1681eb9667955bc8bf/spring-data-commons-1.11.1.RELEASE.jar!/org/springframework/data/domain/Range.class], URL [jar:file:/C:/Users/Damien/.gradle/caches/modules-2/files-2.1/org.springframework.data/spring-data-commons/1.11.1.RELEASE/bb04a4cba7a44b8822a63e1681eb9667955bc8bf/spring-data-commons-1.11.1.RELEASE.jar!/org/springframework/data/domain/jaxb/SpringDataJaxb$OrderDto.class], URL [jar:file:/C:/Users/Damien/.gradle/caches/modules-2/files-2.1/org.springframework.data/spring-data-commons/1.11.1.RELEASE/bb04a4cba7a44b8822a63e1681eb9667955bc8bf/spring-data-commons-1.11.1.RELEASE.jar!/org/springframework/data/domain/jaxb/PageAdapter.class], URL [jar:file:/C:/Users/Damien/.gradle/caches/modules-2/files-2.1/org.springframework.data/spring-data-commons/1.11.1.RELEASE/bb04a4cba7a44b8822a63e1681eb9667955bc8bf/spring-data-commons-1.11.1.RELEASE.jar!/org/springframework/data/domain/jaxb/OrderAdapter.class], URL [jar:file:/C:/Users/Damien/.gradle/caches/modules-2/files-2.1/org.springframework.data/spring-data-commons/1.11.1.RELEASE/bb04a4cba7a44b8822a63e1681eb9667955bc8bf/spring-data-commons-1.11.1.RELEASE.jar!/org/springframework/data/domain/jaxb/SpringDataJaxb$SortDto.class], URL [jar:file:/C:/Users/Damien/.gradle/caches/modules-2/files-2.1/org.springframework.data/spring-data-commons/1.11.1.RELEASE/bb04a4cba7a44b8822a63e1681eb9667955bc8bf/spring-data-commons-1.11.1.RELEASE.jar!/org/springframework/data/domain/jaxb/SpringDataJaxb$PageRequestDto.class], URL [jar:file:/C:/Users/Damien/.gradle/caches/modules-2/files-2.1/org.springframework.data/spring-data-commons/1.11.1.RELEASE/bb04a4cba7a44b8822a63e1681eb9667955bc8bf/spring-data-commons-1.11.1.RELEASE.jar!/org/springframework/data/domain/jaxb/SpringDataJaxb$PageDto.class], URL [jar:file:/C:/Users/Damien/.gradle/caches/modules-2/files-2.1/org.springframework.data/spring-data-commons/1.11.1.RELEASE/bb04a4cba7a44b8822a63e1681eb9667955bc8bf/spring-data-commons-1.11.1.RELEASE.jar!/org/springframework/data/domain/jaxb/SpringDataJaxb.class], URL [jar:file:/C:/Users/Damien/.gradle/caches/modules-2/files-2.1/org.springframework.data/spring-data-commons/1.11.1.RELEASE/bb04a4cba7a44b8822a63e1681eb9667955bc8bf/spring-data-commons-1.11.1.RELEASE.jar!/org/springframework/data/domain/jaxb/PageableAdapter.class], URL [jar:file:/C:/Users/Damien/.gradle/caches/modules-2/files-2.1/org.springframework.data/spring-data-commons/1.11.1.RELEASE/bb04a4cba7a44b8822a63e1681eb9667955bc8bf/spring-data-commons-1.11.1.RELEASE.jar!/org/springframework/data/domain/jaxb/SortAdapter.class], URL [jar:file:/C:/Users/Damien/.gradle/caches/modules-2/files-2.1/org.springframework.data/spring-data-commons/1.11.1.RELEASE/bb04a4cba7a44b8822a63e1681eb9667955bc8bf/spring-data-commons-1.11.1.RELEASE.jar!/org/springframework/data/domain/jaxb/package-info.class], URL [jar:file:/C:/Users/Damien/.gradle/caches/modules-2/files-2.1/org.springframework.data/spring-data-commons/1.11.1.RELEASE/bb04a4cba7a44b8822a63e1681eb9667955bc8bf/spring-data-commons-1.11.1.RELEASE.jar!/org/springframework/data/domain/Sort$Order.class], URL [jar:file:/C:/Users/Damien/.gradle/caches/modules-2/files-2.1/org.springframework.data/spring-data-commons/1.11.1.RELEASE/bb04a4cba7a44b8822a63e1681eb9667955bc8bf/spring-data-commons-1.11.1.RELEASE.jar!/org/springframework/data/domain/Slice.class], URL [jar:file:/C:/Users/Damien/.gradle/caches/modules-2/files-2.1/org.springframework.data/spring-data-commons/1.11.1.RELEASE/bb04a4cba7a44b8822a63e1681eb9667955bc8bf/spring-data-commons-1.11.1.RELEASE.jar!/org/springframework/data/domain/Auditable.class], URL [jar:file:/C:/Users/Damien/.gradle/caches/modules-2/files-2.1/org.springframework.data/spring-data-commons/1.11.1.RELEASE/bb04a4cba7a44b8822a63e1681eb9667955bc8bf/spring-data-commons-1.11.1.RELEASE.jar!/org/springframework/data/domain/AbstractPageRequest.class], URL [jar:file:/C:/Users/Damien/.gradle/caches/modules-2/files-2.1/org.springframework.data/spring-data-commons/1.11.1.RELEASE/bb04a4cba7a44b8822a63e1681eb9667955bc8bf/spring-data-commons-1.11.1.RELEASE.jar!/org/springframework/data/config/TypeFilterParser$1.class], URL [jar:file:/C:/Users/Damien/.gradle/caches/modules-2/files-2.1/org.springframework.data/spring-data-commons/1.11.1.RELEASE/bb04a4cba7a44b8822a63e1681eb9667955bc8bf/spring-data-commons-1.11.1.RELEASE.jar!/org/springframework/data/config/BeanComponentDefinitionBuilder.class], URL [jar:file:/C:/Users/Damien/.gradle/caches/modules-2/files-2.1/org.springframework.data/spring-data-commons/1.11.1.RELEASE/bb04a4cba7a44b8822a63e1681eb9667955bc8bf/spring-data-commons-1.11.1.RELEASE.jar!/org/springframework/data/config/TypeFilterParser$FilterType$2.class], URL [jar:file:/C:/Users/Damien/.gradle/caches/modules-2/files-2.1/org.springframework.data/spring-data-commons/1.11.1.RELEASE/bb04a4cba7a44b8822a63e1681eb9667955bc8bf/spring-data-commons-1.11.1.RELEASE.jar!/org/springframework/data/config/TypeFilterParser$FilterType$1.class], URL [jar:file:/C:/Users/Damien/.gradle/caches/modules-2/files-2.1/org.springframework.data/spring-data-commons/1.11.1.RELEASE/bb04a4cba7a44b8822a63e1681eb9667955bc8bf/spring-data-commons-1.11.1.RELEASE.jar!/org/springframework/data/config/TypeFilterParser$FilterType.class], URL [jar:file:/C:/Users/Damien/.gradle/caches/modules-2/files-2.1/org.springframework.data/spring-data-commons/1.11.1.RELEASE/bb04a4cba7a44b8822a63e1681eb9667955bc8bf/spring-data-commons-1.11.1.RELEASE.jar!/org/springframework/data/config/ParsingUtils.class], URL [jar:file:/C:/Users/Damien/.gradle/caches/modules-2/files-2.1/org.springframework.data/spring-data-commons/1.11.1.RELEASE/bb04a4cba7a44b8822a63e1681eb9667955bc8bf/spring-data-commons-1.11.1.RELEASE.jar!/org/springframework/data/config/TypeFilterParser$Type.class], URL [jar:file:/C:/Users/Damien/.gradle/caches/modules-2/files-2.1/org.springframework.data/spring-data-commons/1.11.1.RELEASE/bb04a4cba7a44b8822a63e1681eb9667955bc8bf/spring-data-commons-1.11.1.RELEASE.jar!/org/springframework/data/config/TypeFilterParser$FilterType$3.class], URL [jar:file:/C:/Users/Damien/.gradle/caches/modules-2/files-2.1/org.springframework.data/spring-data-commons/1.11.1.RELEASE/bb04a4cba7a44b8822a63e1681eb9667955bc8bf/spring-data-commons-1.11.1.RELEASE.jar!/org/springframework/data/config/TypeFilterParser$FilterType$5.class], URL [jar:file:/C:/Users/Damien/.gradle/caches/modules-2/files-2.1/org.springframework.data/spring-data-commons/1.11.1.RELEASE/bb04a4cba7a44b8822a63e1681eb9667955bc8bf/spring-data-commons-1.11.1.RELEASE.jar!/org/springframework/data/config/TypeFilterParser.class], URL [jar:file:/C:/Users/Damien/.gradle/caches/modules-2/files-2.1/org.springframework.data/spring-data-commons/1.11.1.RELEASE/bb04a4cba7a44b8822a63e1681eb9667955bc8bf/spring-data-commons-1.11.1.RELEASE.jar!/org/springframework/data/config/TypeFilterParser$FilterType$4.class], URL [jar:file:/C:/Users/Damien/.gradle/caches/modules-2/files-2.1/org.springframework.data/spring-data-commons/1.11.1.RELEASE/bb04a4cba7a44b8822a63e1681eb9667955bc8bf/spring-data-commons-1.11.1.RELEASE.jar!/org/springframework/data/auditing/CurrentDateTimeProvider.class], URL [jar:file:/C:/Users/Damien/.gradle/caches/modules-2/files-2.1/org.springframework.data/spring-data-commons/1.11.1.RELEASE/bb04a4cba7a44b8822a63e1681eb9667955bc8bf/spring-data-commons-1.11.1.RELEASE.jar!/org/springframework/data/auditing/MappingAuditableBeanWrapperFactory.class], URL [jar:file:/C:/Users/Damien/.gradle/caches/modules-2/files-2.1/org.springframework.data/spring-data-commons/1.11.1.RELEASE/bb04a4cba7a44b8822a63e1681eb9667955bc8bf/spring-data-commons-1.11.1.RELEASE.jar!/org/springframework/data/auditing/AuditingHandler.class], URL [jar:file:/C:/Users/Damien/.gradle/caches/modules-2/files-2.1/org.springframework.data/spring-data-commons/1.11.1.RELEASE/bb04a4cba7a44b8822a63e1681eb9667955bc8bf/spring-data-commons-1.11.1.RELEASE.jar!/org/springframework/data/auditing/MappingAuditableBeanWrapperFactory$MappingAuditingMetadata.class], URL [jar:file:/C:/Users/Damien/.gradle/caches/modules-2/files-2.1/org.springframework.data/spring-data-commons/1.11.1.RELEASE/bb04a4cba7a44b8822a63e1681eb9667955bc8bf/spring-data-commons-1.11.1.RELEASE.jar!/org/springframework/data/auditing/AnnotationAuditingMetadata.class], URL [jar:file:/C:/Users/Damien/.gradle/caches/modules-2/files-2.1/org.springframework.data/spring-data-commons/1.11.1.RELEASE/bb04a4cba7a44b8822a63e1681eb9667955bc8bf/spring-data-commons-1.11.1.RELEASE.jar!/org/springframework/data/auditing/MappingAuditableBeanWrapperFactory$MappingMetadataAuditableBeanWrapper.class], URL [jar:file:/C:/Users/Damien/.gradle/caches/modules-2/files-2.1/org.springframework.data/spring-data-commons/1.11.1.RELEASE/bb04a4cba7a44b8822a63e1681eb9667955bc8bf/spring-data-commons-1.11.1.RELEASE.jar!/org/springframework/data/auditing/DefaultAuditableBeanWrapperFactory.class], URL [jar:file:/C:/Users/Damien/.gradle/caches/modules-2/files-2.1/org.springframework.data/spring-data-commons/1.11.1.RELEASE/bb04a4cba7a44b8822a63e1681eb9667955bc8bf/spring-data-commons-1.11.1.RELEASE.jar!/org/springframework/data/auditing/DateTimeProvider.class], URL [jar:file:/C:/Users/Damien/.gradle/caches/modules-2/files-2.1/org.springframework.data/spring-data-commons/1.11.1.RELEASE/bb04a4cba7a44b8822a63e1681eb9667955bc8bf/spring-data-commons-1.11.1.RELEASE.jar!/org/springframework/data/auditing/DefaultAuditableBeanWrapperFactory$AuditableInterfaceBeanWrapper.class], URL [jar:file:/C:/Users/Damien/.gradle/caches/modules-2/files-2.1/org.springframework.data/spring-data-commons/1.11.1.RELEASE/bb04a4cba7a44b8822a63e1681eb9667955bc8bf/spring-data-commons-1.11.1.RELEASE.jar!/org/springframework/data/auditing/AuditableBeanWrapper.class], URL [jar:file:/C:/Users/Damien/.gradle/caches/modules-2/files-2.1/org.springframework.data/spring-data-commons/1.11.1.RELEASE/bb04a4cba7a44b8822a63e1681eb9667955bc8bf/spring-data-commons-1.11.1.RELEASE.jar!/org/springframework/data/auditing/DefaultAuditableBeanWrapperFactory$CalendarToDateTimeConverter.class], URL [jar:file:/C:/Users/Damien/.gradle/caches/modules-2/files-2.1/org.springframework.data/spring-data-commons/1.11.1.RELEASE/bb04a4cba7a44b8822a63e1681eb9667955bc8bf/spring-data-commons-1.11.1.RELEASE.jar!/org/springframework/data/auditing/AuditableBeanWrapperFactory.class], URL [jar:file:/C:/Users/Damien/.gradle/caches/modules-2/files-2.1/org.springframework.data/spring-data-commons/1.11.1.RELEASE/bb04a4cba7a44b8822a63e1681eb9667955bc8bf/spring-data-commons-1.11.1.RELEASE.jar!/org/springframework/data/auditing/DefaultAuditableBeanWrapperFactory$CalendarToLocalDateTimeConverter.class], URL [jar:file:/C:/Users/Damien/.gradle/caches/modules-2/files-2.1/org.springframework.data/spring-data-commons/1.11.1.RELEASE/bb04a4cba7a44b8822a63e1681eb9667955bc8bf/spring-data-commons-1.11.1.RELEASE.jar!/org/springframework/data/auditing/DefaultAuditableBeanWrapperFactory$DateConvertingAuditableBeanWrapper.class], URL [jar:file:/C:/Users/Damien/.gradle/caches/modules-2/files-2.1/org.springframework.data/spring-data-commons/1.11.1.RELEASE/bb04a4cba7a44b8822a63e1681eb9667955bc8bf/spring-data-commons-1.11.1.RELEASE.jar!/org/springframework/data/auditing/DefaultAuditableBeanWrapperFactory$ReflectionAuditingBeanWrapper.class], URL [jar:file:/C:/Users/Damien/.gradle/caches/modules-2/files-2.1/org.springframework.data/spring-data-commons/1.11.1.RELEASE/bb04a4cba7a44b8822a63e1681eb9667955bc8bf/spring-data-commons-1.11.1.RELEASE.jar!/org/springframework/data/auditing/config/IsNewAwareAuditingHandlerBeanDefinitionParser.class], URL [jar:file:/C:/Users/Damien/.gradle/caches/modules-2/files-2.1/org.springframework.data/spring-data-commons/1.11.1.RELEASE/bb04a4cba7a44b8822a63e1681eb9667955bc8bf/spring-data-commons-1.11.1.RELEASE.jar!/org/springframework/data/auditing/config/AuditingConfiguration.class], URL [jar:file:/C:/Users/Damien/.gradle/caches/modules-2/files-2.1/org.springframework.data/spring-data-commons/1.11.1.RELEASE/bb04a4cba7a44b8822a63e1681eb9667955bc8bf/spring-data-commons-1.11.1.RELEASE.jar!/org/springframework/data/auditing/config/AuditingHandlerBeanDefinitionParser.class], URL [jar:file:/C:/Users/Damien/.gradle/caches/modules-2/files-2.1/org.springframework.data/spring-data-commons/1.11.1.RELEASE/bb04a4cba7a44b8822a63e1681eb9667955bc8bf/spring-data-commons-1.11.1.RELEASE.jar!/org/springframework/data/auditing/config/AuditingBeanDefinitionRegistrarSupport.class], URL [jar:file:/C:/Users/Damien/.gradle/caches/modules-2/files-2.1/org.springframework.data/spring-data-commons/1.11.1.RELEASE/bb04a4cba7a44b8822a63e1681eb9667955bc8bf/spring-data-commons-1.11.1.RELEASE.jar!/org/springframework/data/auditing/config/AnnotationAuditingConfiguration.class], URL [jar:file:/C:/Users/Damien/.gradle/caches/modules-2/files-2.1/org.springframework.data/spring-data-commons/1.11.1.RELEASE/bb04a4cba7a44b8822a63e1681eb9667955bc8bf/spring-data-commons-1.11.1.RELEASE.jar!/org/springframework/data/auditing/IsNewAwareAuditingHandler.class], URL [jar:file:/C:/Users/Damien/.gradle/caches/modules-2/files-2.1/org.springframework.data/spring-data-commons/1.11.1.RELEASE/bb04a4cba7a44b8822a63e1681eb9667955bc8bf/spring-data-commons-1.11.1.RELEASE.jar!/org/springframework/data/authentication/UserCredentials.class], URL [jar:file:/C:/Users/Damien/.gradle/caches/modules-2/files-2.1/org.springframework.data/spring-data-commons/1.11.1.RELEASE/bb04a4cba7a44b8822a63e1681eb9667955bc8bf/spring-data-commons-1.11.1.RELEASE.jar!/org/springframework/data/support/PersistableIsNewStrategy.class], URL [jar:file:/C:/Users/Damien/.gradle/caches/modules-2/files-2.1/org.springframework.data/spring-data-commons/1.11.1.RELEASE/bb04a4cba7a44b8822a63e1681eb9667955bc8bf/spring-data-commons-1.11.1.RELEASE.jar!/org/springframework/data/support/CachingIsNewStrategyFactory.class], URL [jar:file:/C:/Users/Damien/.gradle/caches/modules-2/files-2.1/org.springframework.data/spring-data-commons/1.11.1.RELEASE/bb04a4cba7a44b8822a63e1681eb9667955bc8bf/spring-data-commons-1.11.1.RELEASE.jar!/org/springframework/data/support/IsNewStrategy.class], URL [jar:file:/C:/Users/Damien/.gradle/caches/modules-2/files-2.1/org.springframework.data/spring-data-commons/1.11.1.RELEASE/bb04a4cba7a44b8822a63e1681eb9667955bc8bf/spring-data-commons-1.11.1.RELEASE.jar!/org/springframework/data/support/IsNewStrategyFactorySupport.class], URL [jar:file:/C:/Users/Damien/.gradle/caches/modules-2/files-2.1/org.springframework.data/spring-data-commons/1.11.1.RELEASE/bb04a4cba7a44b8822a63e1681eb9667955bc8bf/spring-data-commons-1.11.1.RELEASE.jar!/org/springframework/data/support/IsNewStrategyFactory.class], URL [jar:file:/C:/Users/Damien/.gradle/caches/modules-2/files-2.1/org.springframework.data/spring-data-commons/1.11.1.RELEASE/bb04a4cba7a44b8822a63e1681eb9667955bc8bf/spring-data-commons-1.11.1.RELEASE.jar!/org/springframework/data/projection/DefaultMethodInvokingMethodInterceptor.class], URL [jar:file:/C:/Users/Damien/.gradle/caches/modules-2/files-2.1/org.springframework.data/spring-data-commons/1.11.1.RELEASE/bb04a4cba7a44b8822a63e1681eb9667955bc8bf/spring-data-commons-1.11.1.RELEASE.jar!/org/springframework/data/projection/ProjectingMethodInterceptor.class], URL [jar:file:/C:/Users/Damien/.gradle/caches/modules-2/files-2.1/org.springframework.data/spring-data-commons/1.11.1.RELEASE/bb04a4cba7a44b8822a63e1681eb9667955bc8bf/spring-data-commons-1.11.1.RELEASE.jar!/org/springframework/data/projection/TargetAware.class], URL [jar:file:/C:/Users/Damien/.gradle/caches/modules-2/files-2.1/org.springframework.data/spring-data-commons/1.11.1.RELEASE/bb04a4cba7a44b8822a63e1681eb9667955bc8bf/spring-data-commons-1.11.1.RELEASE.jar!/org/springframework/data/projection/SpelEvaluatingMethodInterceptor$TargetWrapper.class], URL [jar:file:/C:/Users/Damien/.gradle/caches/modules-2/files-2.1/org.springframework.data/spring-data-commons/1.11.1.RELEASE/bb04a4cba7a44b8822a63e1681eb9667955bc8bf/spring-data-commons-1.11.1.RELEASE.jar!/org/springframework/data/projection/SpelEvaluatingMethodInterceptor.class], URL [jar:file:/C:/Users/Damien/.gradle/caches/modules-2/files-2.1/org.springframework.data/spring-data-commons/1.11.1.RELEASE/bb04a4cba7a44b8822a63e1681eb9667955bc8bf/spring-data-commons-1.11.1.RELEASE.jar!/org/springframework/data/projection/MapAccessingMethodInterceptor.class], URL [jar:file:/C:/Users/Damien/.gradle/caches/modules-2/files-2.1/org.springframework.data/spring-data-commons/1.11.1.RELEASE/bb04a4cba7a44b8822a63e1681eb9667955bc8bf/spring-data-commons-1.11.1.RELEASE.jar!/org/springframework/data/projection/SpelAwareProxyProjectionFactory.class], URL [jar:file:/C:/Users/Damien/.gradle/caches/modules-2/files-2.1/org.springframework.data/spring-data-commons/1.11.1.RELEASE/bb04a4cba7a44b8822a63e1681eb9667955bc8bf/spring-data-commons-1.11.1.RELEASE.jar!/org/springframework/data/projection/ProxyProjectionFactory.class], URL [jar:file:/C:/Users/Damien/.gradle/caches/modules-2/files-2.1/org.springframework.data/spring-data-commons/1.11.1.RELEASE/bb04a4cba7a44b8822a63e1681eb9667955bc8bf/spring-data-commons-1.11.1.RELEASE.jar!/org/springframework/data/projection/ProjectionFactory.class], URL [jar:file:/C:/Users/Damien/.gradle/caches/modules-2/files-2.1/org.springframework.data/spring-data-commons/1.11.1.RELEASE/bb04a4cba7a44b8822a63e1681eb9667955bc8bf/spring-data-commons-1.11.1.RELEASE.jar!/org/springframework/data/projection/PropertyAccessingMethodInterceptor.class], URL [jar:file:/C:/Users/Damien/.gradle/caches/modules-2/files-2.1/org.springframework.data/spring-data-commons/1.11.1.RELEASE/bb04a4cba7a44b8822a63e1681eb9667955bc8bf/spring-data-commons-1.11.1.RELEASE.jar!/org/springframework/data/projection/ProxyProjectionFactory$TargetAwareMethodInterceptor.class], URL [jar:file:/C:/Users/Damien/.gradle/caches/modules-2/files-2.1/org.springframework.data/spring-data-commons/1.11.1.RELEASE/bb04a4cba7a44b8822a63e1681eb9667955bc8bf/spring-data-commons-1.11.1.RELEASE.jar!/org/springframework/data/projection/MapAccessingMethodInterceptor$Accessor.class], URL [jar:file:/C:/Users/Damien/.gradle/caches/modules-2/files-2.1/org.springframework.data/spring-data-commons/1.11.1.RELEASE/bb04a4cba7a44b8822a63e1681eb9667955bc8bf/spring-data-commons-1.11.1.RELEASE.jar!/org/springframework/data/transaction/MultiTransactionStatus$SavePoints.class], URL [jar:file:/C:/Users/Damien/.gradle/caches/modules-2/files-2.1/org.springframework.data/spring-data-commons/1.11.1.RELEASE/bb04a4cba7a44b8822a63e1681eb9667955bc8bf/spring-data-commons-1.11.1.RELEASE.jar!/org/springframework/data/transaction/ChainedTransactionManager.class], URL [jar:file:/C:/Users/Damien/.gradle/caches/modules-2/files-2.1/org.springframework.data/spring-data-commons/1.11.1.RELEASE/bb04a4cba7a44b8822a63e1681eb9667955bc8bf/spring-data-commons-1.11.1.RELEASE.jar!/org/springframework/data/transaction/SpringTransactionSynchronizationManager.class], URL [jar:file:/C:/Users/Damien/.gradle/caches/modules-2/files-2.1/org.springframework.data/spring-data-commons/1.11.1.RELEASE/bb04a4cba7a44b8822a63e1681eb9667955bc8bf/spring-data-commons-1.11.1.RELEASE.jar!/org/springframework/data/transaction/MultiTransactionStatus$1.class], URL [jar:file:/C:/Users/Damien/.gradle/caches/modules-2/files-2.1/org.springframework.data/spring-data-commons/1.11.1.RELEASE/bb04a4cba7a44b8822a63e1681eb9667955bc8bf/spring-data-commons-1.11.1.RELEASE.jar!/org/springframework/data/transaction/MultiTransactionStatus.class], URL [jar:file:/C:/Users/Damien/.gradle/caches/modules-2/files-2.1/org.springframework.data/spring-data-commons/1.11.1.RELEASE/bb04a4cba7a44b8822a63e1681eb9667955bc8bf/spring-data-commons-1.11.1.RELEASE.jar!/org/springframework/data/transaction/SynchronizationManager.class]]
15:44:07.782 [Test worker] DEBUG o.s.c.a.ClassPathScanningCandidateComponentProvider - Identified candidate component class: URL [jar:file:/C:/Users/Damien/.gradle/caches/modules-2/files-2.1/org.springframework.data/spring-data-mongodb/1.8.1.RELEASE/b90c75c49d1271c06e95ba635b73882237d3c262/spring-data-mongodb-1.8.1.RELEASE.jar!/org/springframework/data/mongodb/core/GeoJsonConfiguration.class]
15:44:08.053 [Test worker] DEBUG o.s.c.a.ClassPathScanningCandidateComponentProvider - Identified candidate component class: URL [jar:file:/C:/Users/Damien/.gradle/caches/modules-2/files-2.1/org.springframework.data/spring-data-commons/1.11.1.RELEASE/bb04a4cba7a44b8822a63e1681eb9667955bc8bf/spring-data-commons-1.11.1.RELEASE.jar!/org/springframework/data/web/config/SpringDataJacksonConfiguration.class]
15:44:08.186 [Test worker] DEBUG o.s.b.f.s.DefaultListableBeanFactory - Returning cached instance of singleton bean 'autoConfigurationReport'
15:44:08.189 [Test worker] DEBUG o.s.b.f.s.DefaultListableBeanFactory - Returning cached instance of singleton bean 'autoConfigurationReport'
15:44:08.191 [Test worker] DEBUG o.s.b.f.s.DefaultListableBeanFactory - Returning cached instance of singleton bean 'autoConfigurationReport'
15:44:08.197 [Test worker] DEBUG o.s.b.f.s.DefaultListableBeanFactory - Returning cached instance of singleton bean 'autoConfigurationReport'
15:44:08.198 [Test worker] DEBUG o.s.b.f.s.DefaultListableBeanFactory - Returning cached instance of singleton bean 'autoConfigurationReport'
15:44:08.207 [Test worker] DEBUG o.s.b.f.s.DefaultListableBeanFactory - Returning cached instance of singleton bean 'autoConfigurationReport'
15:44:08.226 [Test worker] DEBUG o.s.b.f.s.DefaultListableBeanFactory - Returning cached instance of singleton bean 'autoConfigurationReport'
15:44:08.226 [Test worker] DEBUG o.s.b.f.s.DefaultListableBeanFactory - Returning cached instance of singleton bean 'autoConfigurationReport'
15:44:08.229 [Test worker] DEBUG o.s.b.f.s.DefaultListableBeanFactory - Returning cached instance of singleton bean 'autoConfigurationReport'
15:44:08.231 [Test worker] DEBUG o.s.b.f.s.DefaultListableBeanFactory - Returning cached instance of singleton bean 'autoConfigurationReport'
15:44:08.238 [Test worker] DEBUG o.s.b.f.s.DefaultListableBeanFactory - Returning cached instance of singleton bean 'autoConfigurationReport'
15:44:08.246 [Test worker] DEBUG o.s.b.f.s.DefaultListableBeanFactory - Returning cached instance of singleton bean 'autoConfigurationReport'
15:44:08.290 [Test worker] DEBUG o.s.b.f.s.DefaultListableBeanFactory - Returning cached instance of singleton bean 'autoConfigurationReport'
15:44:08.296 [Test worker] DEBUG o.s.b.f.s.DefaultListableBeanFactory - Returning cached instance of singleton bean 'autoConfigurationReport'
15:44:08.314 [Test worker] DEBUG o.s.b.f.s.DefaultListableBeanFactory - Returning cached instance of singleton bean 'autoConfigurationReport'
15:44:08.320 [Test worker] DEBUG o.s.b.f.s.DefaultListableBeanFactory - Returning cached instance of singleton bean 'autoConfigurationReport'
15:44:08.322 [Test worker] DEBUG o.s.b.f.s.DefaultListableBeanFactory - Returning cached instance of singleton bean 'autoConfigurationReport'
15:44:08.329 [Test worker] DEBUG o.s.b.f.s.DefaultListableBeanFactory - Returning cached instance of singleton bean 'autoConfigurationReport'
15:44:08.343 [Test worker] DEBUG o.s.b.f.s.DefaultListableBeanFactory - Returning cached instance of singleton bean 'autoConfigurationReport'
15:44:08.345 [Test worker] DEBUG o.s.b.f.s.DefaultListableBeanFactory - Returning cached instance of singleton bean 'autoConfigurationReport'
15:44:08.346 [Test worker] DEBUG o.s.b.f.s.DefaultListableBeanFactory - Returning cached instance of singleton bean 'autoConfigurationReport'
15:44:08.357 [Test worker] DEBUG o.s.b.f.s.DefaultListableBeanFactory - Returning cached instance of singleton bean 'autoConfigurationReport'
15:44:08.371 [Test worker] DEBUG o.s.b.f.s.DefaultListableBeanFactory - Returning cached instance of singleton bean 'autoConfigurationReport'
15:44:08.373 [Test worker] DEBUG o.s.b.f.s.DefaultListableBeanFactory - Returning cached instance of singleton bean 'autoConfigurationReport'
15:44:08.375 [Test worker] DEBUG o.s.b.f.s.DefaultListableBeanFactory - Returning cached instance of singleton bean 'autoConfigurationReport'
15:44:08.385 [Test worker] DEBUG o.s.b.f.s.DefaultListableBeanFactory - Returning cached instance of singleton bean 'autoConfigurationReport'
15:44:08.386 [Test worker] DEBUG o.s.b.f.s.DefaultListableBeanFactory - Returning cached instance of singleton bean 'autoConfigurationReport'
15:44:08.390 [Test worker] DEBUG o.s.b.f.s.DefaultListableBeanFactory - Returning cached instance of singleton bean 'autoConfigurationReport'
15:44:08.395 [Test worker] DEBUG o.s.b.f.s.DefaultListableBeanFactory - Returning cached instance of singleton bean 'autoConfigurationReport'
15:44:08.424 [Test worker] DEBUG o.s.b.f.s.DefaultListableBeanFactory - Returning cached instance of singleton bean 'autoConfigurationReport'
15:44:08.427 [Test worker] DEBUG o.s.b.f.s.DefaultListableBeanFactory - Returning cached instance of singleton bean 'autoConfigurationReport'
15:44:08.429 [Test worker] DEBUG o.s.b.f.s.DefaultListableBeanFactory - Returning cached instance of singleton bean 'autoConfigurationReport'
15:44:08.431 [Test worker] DEBUG o.s.b.f.s.DefaultListableBeanFactory - Returning cached instance of singleton bean 'autoConfigurationReport'
15:44:08.433 [Test worker] DEBUG o.s.b.f.s.DefaultListableBeanFactory - Returning cached instance of singleton bean 'autoConfigurationReport'
15:44:08.441 [Test worker] DEBUG o.s.b.f.s.DefaultListableBeanFactory - Returning cached instance of singleton bean 'autoConfigurationReport'
15:44:08.443 [Test worker] DEBUG o.s.b.f.s.DefaultListableBeanFactory - Returning cached instance of singleton bean 'autoConfigurationReport'
15:44:08.450 [Test worker] DEBUG o.s.b.f.s.DefaultListableBeanFactory - Returning cached instance of singleton bean 'autoConfigurationReport'
15:44:08.451 [Test worker] DEBUG o.s.b.f.s.DefaultListableBeanFactory - Returning cached instance of singleton bean 'autoConfigurationReport'
15:44:08.457 [Test worker] DEBUG o.s.b.f.s.DefaultListableBeanFactory - Returning cached instance of singleton bean 'autoConfigurationReport'
15:44:08.458 [Test worker] DEBUG o.s.b.f.s.DefaultListableBeanFactory - Returning cached instance of singleton bean 'autoConfigurationReport'
15:44:08.463 [Test worker] DEBUG o.s.b.f.s.DefaultListableBeanFactory - Returning cached instance of singleton bean 'autoConfigurationReport'
15:44:08.473 [Test worker] DEBUG o.s.b.f.s.DefaultListableBeanFactory - Returning cached instance of singleton bean 'autoConfigurationReport'
15:44:08.479 [Test worker] DEBUG o.s.b.f.s.DefaultListableBeanFactory - Returning cached instance of singleton bean 'autoConfigurationReport'
15:44:08.480 [Test worker] DEBUG o.s.b.f.s.DefaultListableBeanFactory - Returning cached instance of singleton bean 'autoConfigurationReport'
15:44:08.489 [Test worker] DEBUG o.s.b.f.s.DefaultListableBeanFactory - Returning cached instance of singleton bean 'autoConfigurationReport'
15:44:08.489 [Test worker] DEBUG o.s.b.f.s.DefaultListableBeanFactory - Returning cached instance of singleton bean 'autoConfigurationReport'
15:44:08.496 [Test worker] DEBUG o.s.b.f.s.DefaultListableBeanFactory - Returning cached instance of singleton bean 'autoConfigurationReport'
15:44:08.510 [Test worker] DEBUG o.s.b.f.s.DefaultListableBeanFactory - Returning cached instance of singleton bean 'autoConfigurationReport'
15:44:08.510 [Test worker] DEBUG o.s.b.f.s.DefaultListableBeanFactory - Returning cached instance of singleton bean 'autoConfigurationReport'
15:44:08.520 [Test worker] DEBUG o.s.b.f.s.DefaultListableBeanFactory - Returning cached instance of singleton bean 'autoConfigurationReport'
15:44:08.523 [Test worker] DEBUG o.s.b.f.s.DefaultListableBeanFactory - Returning cached instance of singleton bean 'autoConfigurationReport'
15:44:08.524 [Test worker] DEBUG o.s.b.f.s.DefaultListableBeanFactory - Returning cached instance of singleton bean 'autoConfigurationReport'
15:44:08.526 [Test worker] DEBUG o.s.b.f.s.DefaultListableBeanFactory - Returning cached instance of singleton bean 'autoConfigurationReport'
15:44:08.541 [Test worker] DEBUG o.s.b.f.s.DefaultListableBeanFactory - Returning cached instance of singleton bean 'autoConfigurationReport'
15:44:08.543 [Test worker] DEBUG o.s.b.f.s.DefaultListableBeanFactory - Returning cached instance of singleton bean 'autoConfigurationReport'
15:44:08.547 [Test worker] DEBUG o.s.b.f.s.DefaultListableBeanFactory - Returning cached instance of singleton bean 'autoConfigurationReport'
15:44:08.554 [Test worker] DEBUG o.s.b.f.s.DefaultListableBeanFactory - Returning cached instance of singleton bean 'autoConfigurationReport'
15:44:08.566 [Test worker] DEBUG o.s.b.f.s.DefaultListableBeanFactory - Returning cached instance of singleton bean 'autoConfigurationReport'
15:44:08.571 [Test worker] DEBUG o.s.b.f.s.DefaultListableBeanFactory - Returning cached instance of singleton bean 'autoConfigurationReport'
15:44:08.579 [Test worker] DEBUG o.s.b.f.s.DefaultListableBeanFactory - Returning cached instance of singleton bean 'autoConfigurationReport'
15:44:08.584 [Test worker] DEBUG o.s.b.f.s.DefaultListableBeanFactory - Returning cached instance of singleton bean 'autoConfigurationReport'
15:44:08.601 [Test worker] DEBUG o.s.b.f.s.DefaultListableBeanFactory - Returning cached instance of singleton bean 'autoConfigurationReport'
15:44:08.602 [Test worker] DEBUG o.s.b.f.s.DefaultListableBeanFactory - Returning cached instance of singleton bean 'autoConfigurationReport'
15:44:08.612 [Test worker] DEBUG o.s.b.f.s.DefaultListableBeanFactory - Returning cached instance of singleton bean 'autoConfigurationReport'
15:44:08.620 [Test worker] DEBUG o.s.b.f.s.DefaultListableBeanFactory - Returning cached instance of singleton bean 'autoConfigurationReport'
15:44:08.623 [Test worker] DEBUG o.s.b.f.s.DefaultListableBeanFactory - Returning cached instance of singleton bean 'autoConfigurationReport'
15:44:08.623 [Test worker] DEBUG o.s.b.f.s.DefaultListableBeanFactory - Returning cached instance of singleton bean 'autoConfigurationReport'
15:44:08.657 [Test worker] DEBUG o.s.b.f.s.DefaultListableBeanFactory - Returning cached instance of singleton bean 'autoConfigurationReport'
15:44:08.662 [Test worker] DEBUG o.s.b.f.s.DefaultListableBeanFactory - Returning cached instance of singleton bean 'autoConfigurationReport'
15:44:08.662 [Test worker] DEBUG o.s.b.f.s.DefaultListableBeanFactory - Returning cached instance of singleton bean 'autoConfigurationReport'
15:44:08.663 [Test worker] DEBUG o.s.b.f.s.DefaultListableBeanFactory - Returning cached instance of singleton bean 'autoConfigurationReport'
15:44:08.666 [Test worker] DEBUG o.s.b.f.s.DefaultListableBeanFactory - Returning cached instance of singleton bean 'autoConfigurationReport'
15:44:08.670 [Test worker] DEBUG o.s.b.f.s.DefaultListableBeanFactory - Returning cached instance of singleton bean 'autoConfigurationReport'
15:44:08.673 [Test worker] DEBUG o.s.b.f.s.DefaultListableBeanFactory - Returning cached instance of singleton bean 'autoConfigurationReport'
15:44:08.677 [Test worker] DEBUG o.s.b.f.s.DefaultListableBeanFactory - Returning cached instance of singleton bean 'autoConfigurationReport'
15:44:08.683 [Test worker] DEBUG o.s.b.f.s.DefaultListableBeanFactory - Returning cached instance of singleton bean 'autoConfigurationReport'
15:44:08.694 [Test worker] DEBUG o.s.b.f.s.DefaultListableBeanFactory - Returning cached instance of singleton bean 'autoConfigurationReport'
15:44:08.695 [Test worker] DEBUG o.s.b.f.s.DefaultListableBeanFactory - Returning cached instance of singleton bean 'autoConfigurationReport'
15:44:08.708 [Test worker] DEBUG o.s.b.f.s.DefaultListableBeanFactory - Returning cached instance of singleton bean 'autoConfigurationReport'
15:44:08.718 [Test worker] DEBUG o.s.c.a.ConfigurationClassBeanDefinitionReader - Registered bean definition for imported class 'org.springframework.boot.autoconfigure.PropertyPlaceholderAutoConfiguration'
15:44:08.728 [Test worker] DEBUG o.s.b.f.s.DefaultListableBeanFactory - Creating shared instance of singleton bean 'org.springframework.boot.autoconfigure.condition.BeanTypeRegistry'
15:44:08.728 [Test worker] DEBUG o.s.b.f.s.DefaultListableBeanFactory - Creating instance of bean 'org.springframework.boot.autoconfigure.condition.BeanTypeRegistry'
15:44:08.752 [Test worker] DEBUG o.s.b.f.s.DefaultListableBeanFactory - Eagerly caching bean 'org.springframework.boot.autoconfigure.condition.BeanTypeRegistry' to allow for resolving potential circular references
15:44:08.752 [Test worker] DEBUG o.s.b.f.s.DefaultListableBeanFactory - Finished creating instance of bean 'org.springframework.boot.autoconfigure.condition.BeanTypeRegistry'
15:44:08.754 [Test worker] DEBUG o.s.b.f.s.DefaultListableBeanFactory - Returning cached instance of singleton bean 'autoConfigurationReport'
15:44:08.757 [Test worker] DEBUG o.s.c.a.ConfigurationClassBeanDefinitionReader - Registering bean definition for @Bean method org.springframework.boot.autoconfigure.PropertyPlaceholderAutoConfiguration.propertySourcesPlaceholderConfigurer()
15:44:08.757 [Test worker] DEBUG o.s.b.f.s.DefaultListableBeanFactory - Returning cached instance of singleton bean 'autoConfigurationReport'
15:44:08.758 [Test worker] DEBUG o.s.b.f.s.DefaultListableBeanFactory - Returning cached instance of singleton bean 'autoConfigurationReport'
15:44:08.759 [Test worker] DEBUG o.s.c.a.ConfigurationClassBeanDefinitionReader - Registered bean definition for imported class 'org.springframework.boot.autoconfigure.websocket.WebSocketAutoConfiguration$TomcatWebSocketConfiguration'
15:44:08.759 [Test worker] DEBUG o.s.b.f.s.DefaultListableBeanFactory - Returning cached instance of singleton bean 'autoConfigurationReport'
15:44:08.760 [Test worker] DEBUG o.s.c.a.ConfigurationClassBeanDefinitionReader - Registering bean definition for @Bean method org.springframework.boot.autoconfigure.websocket.WebSocketAutoConfiguration$TomcatWebSocketConfiguration.websocketContainerCustomizer()
15:44:08.761 [Test worker] DEBUG o.s.c.a.ConfigurationClassBeanDefinitionReader - Registered bean definition for imported class 'org.springframework.boot.autoconfigure.websocket.WebSocketAutoConfiguration'
15:44:08.761 [Test worker] DEBUG o.s.b.f.s.DefaultListableBeanFactory - Returning cached instance of singleton bean 'autoConfigurationReport'
15:44:08.762 [Test worker] DEBUG o.s.b.f.s.DefaultListableBeanFactory - Returning cached instance of singleton bean 'autoConfigurationReport'
15:44:08.763 [Test worker] DEBUG o.s.b.f.s.DefaultListableBeanFactory - Returning cached instance of singleton bean 'org.springframework.boot.autoconfigure.condition.BeanTypeRegistry'
15:44:08.769 [Test worker] DEBUG o.s.b.f.s.DefaultListableBeanFactory - Returning cached instance of singleton bean 'autoConfigurationReport'
15:44:08.770 [Test worker] DEBUG o.s.c.a.ConfigurationClassBeanDefinitionReader - Registered bean definition for imported class 'org.springframework.boot.autoconfigure.web.EmbeddedServletContainerAutoConfiguration$EmbeddedTomcat'
15:44:08.770 [Test worker] DEBUG o.s.c.a.ConfigurationClassBeanDefinitionReader - Registering bean definition for @Bean method org.springframework.boot.autoconfigure.web.EmbeddedServletContainerAutoConfiguration$EmbeddedTomcat.tomcatEmbeddedServletContainerFactory()
15:44:08.770 [Test worker] DEBUG o.s.c.a.ConfigurationClassBeanDefinitionReader - Registered bean definition for imported class 'org.springframework.boot.autoconfigure.web.EmbeddedServletContainerAutoConfiguration'
15:44:08.781 [Test worker] DEBUG o.s.b.f.s.DefaultListableBeanFactory - Returning cached instance of singleton bean 'autoConfigurationReport'
15:44:08.781 [Test worker] DEBUG o.s.b.f.s.DefaultListableBeanFactory - Returning cached instance of singleton bean 'autoConfigurationReport'
15:44:08.781 [Test worker] DEBUG o.s.b.f.s.DefaultListableBeanFactory - Returning cached instance of singleton bean 'autoConfigurationReport'
15:44:08.788 [Test worker] DEBUG o.s.b.f.s.DefaultListableBeanFactory - Returning cached instance of singleton bean 'autoConfigurationReport'
15:44:08.789 [Test worker] DEBUG o.s.c.a.ConfigurationClassBeanDefinitionReader - Registered bean definition for imported class 'org.springframework.boot.autoconfigure.web.DispatcherServletAutoConfiguration$DispatcherServletConfiguration'
15:44:08.799 [Test worker] DEBUG o.s.c.a.ConfigurationClassBeanDefinitionReader - Registering bean definition for @Bean method org.springframework.boot.autoconfigure.web.DispatcherServletAutoConfiguration$DispatcherServletConfiguration.dispatcherServlet()
15:44:08.801 [Test worker] DEBUG o.s.c.a.ConfigurationClassBeanDefinitionReader - Registering bean definition for @Bean method org.springframework.boot.autoconfigure.web.DispatcherServletAutoConfiguration$DispatcherServletConfiguration.dispatcherServletRegistration()
15:44:08.802 [Test worker] DEBUG o.s.b.f.s.DefaultListableBeanFactory - Returning cached instance of singleton bean 'org.springframework.boot.autoconfigure.condition.BeanTypeRegistry'
15:44:08.805 [Test worker] DEBUG o.s.b.f.s.DefaultListableBeanFactory - Returning cached instance of singleton bean 'autoConfigurationReport'
15:44:08.811 [Test worker] DEBUG o.s.c.a.ConfigurationClassBeanDefinitionReader - Registered bean definition for imported class 'org.springframework.boot.autoconfigure.web.DispatcherServletAutoConfiguration'
15:44:08.812 [Test worker] DEBUG o.s.b.f.s.DefaultListableBeanFactory - Returning cached instance of singleton bean 'autoConfigurationReport'
15:44:08.812 [Test worker] DEBUG o.s.b.f.s.DefaultListableBeanFactory - Returning cached instance of singleton bean 'autoConfigurationReport'
15:44:08.828 [Test worker] DEBUG o.s.b.f.s.DefaultListableBeanFactory - Returning cached instance of singleton bean 'autoConfigurationReport'
15:44:08.829 [Test worker] DEBUG o.s.b.f.s.DefaultListableBeanFactory - Returning cached instance of singleton bean 'autoConfigurationReport'
15:44:08.830 [Test worker] DEBUG o.s.c.a.ConfigurationClassBeanDefinitionReader - Registered bean definition for imported class 'org.springframework.boot.autoconfigure.web.ErrorMvcAutoConfiguration$WhitelabelErrorViewConfiguration'
15:44:08.831 [Test worker] DEBUG o.s.b.f.s.DefaultListableBeanFactory - Returning cached instance of singleton bean 'autoConfigurationReport'
15:44:08.831 [Test worker] DEBUG o.s.c.a.ConfigurationClassBeanDefinitionReader - Registering bean definition for @Bean method org.springframework.boot.autoconfigure.web.ErrorMvcAutoConfiguration$WhitelabelErrorViewConfiguration.error()
15:44:08.836 [Test worker] DEBUG o.s.b.f.s.DefaultListableBeanFactory - Returning cached instance of singleton bean 'org.springframework.boot.autoconfigure.condition.BeanTypeRegistry'
15:44:08.840 [Test worker] DEBUG o.s.b.f.s.DefaultListableBeanFactory - Returning cached instance of singleton bean 'autoConfigurationReport'
15:44:08.841 [Test worker] DEBUG o.s.c.a.ConfigurationClassBeanDefinitionReader - Registering bean definition for @Bean method org.springframework.boot.autoconfigure.web.ErrorMvcAutoConfiguration$WhitelabelErrorViewConfiguration.beanNameViewResolver()
15:44:08.842 [Test worker] DEBUG o.s.c.a.ConfigurationClassBeanDefinitionReader - Registered bean definition for imported class 'org.springframework.boot.autoconfigure.web.ErrorMvcAutoConfiguration'
15:44:08.844 [Test worker] DEBUG o.s.b.f.s.DefaultListableBeanFactory - Returning cached instance of singleton bean 'org.springframework.boot.autoconfigure.condition.BeanTypeRegistry'
15:44:08.848 [Test worker] DEBUG o.s.b.f.s.DefaultListableBeanFactory - Returning cached instance of singleton bean 'autoConfigurationReport'
15:44:08.848 [Test worker] DEBUG o.s.c.a.ConfigurationClassBeanDefinitionReader - Registering bean definition for @Bean method org.springframework.boot.autoconfigure.web.ErrorMvcAutoConfiguration.errorAttributes()
15:44:08.849 [Test worker] DEBUG o.s.b.f.s.DefaultListableBeanFactory - Returning cached instance of singleton bean 'org.springframework.boot.autoconfigure.condition.BeanTypeRegistry'
15:44:08.855 [Test worker] DEBUG o.s.b.f.s.DefaultListableBeanFactory - Returning cached instance of singleton bean 'autoConfigurationReport'
15:44:08.856 [Test worker] DEBUG o.s.c.a.ConfigurationClassBeanDefinitionReader - Registering bean definition for @Bean method org.springframework.boot.autoconfigure.web.ErrorMvcAutoConfiguration.basicErrorController()
15:44:08.856 [Test worker] DEBUG o.s.b.f.s.DefaultListableBeanFactory - Returning cached instance of singleton bean 'autoConfigurationReport'
15:44:08.857 [Test worker] DEBUG o.s.b.f.s.DefaultListableBeanFactory - Returning cached instance of singleton bean 'autoConfigurationReport'
15:44:08.859 [Test worker] DEBUG o.s.b.f.s.DefaultListableBeanFactory - Returning cached instance of singleton bean 'org.springframework.boot.autoconfigure.condition.BeanTypeRegistry'
15:44:08.862 [Test worker] DEBUG o.s.b.f.s.DefaultListableBeanFactory - Returning cached instance of singleton bean 'autoConfigurationReport'
15:44:08.862 [Test worker] DEBUG o.s.c.a.ConfigurationClassBeanDefinitionReader - Registered bean definition for imported class 'org.springframework.boot.autoconfigure.web.WebMvcAutoConfiguration$EnableWebMvcConfiguration'
15:44:08.863 [Test worker] DEBUG o.s.c.a.ConfigurationClassBeanDefinitionReader - Registering bean definition for @Bean method org.springframework.boot.autoconfigure.web.WebMvcAutoConfiguration$EnableWebMvcConfiguration.requestMappingHandlerAdapter()
15:44:08.863 [Test worker] DEBUG o.s.c.a.ConfigurationClassBeanDefinitionReader - Registering bean definition for @Bean method org.springframework.boot.autoconfigure.web.WebMvcAutoConfiguration$EnableWebMvcConfiguration.requestMappingHandlerMapping()
15:44:08.864 [Test worker] DEBUG o.s.c.a.ConfigurationClassBeanDefinitionReader - Registering bean definition for @Bean method org.springframework.boot.autoconfigure.web.WebMvcAutoConfiguration$EnableWebMvcConfiguration.mvcContentNegotiationManager()
15:44:08.865 [Test worker] DEBUG o.s.c.a.ConfigurationClassBeanDefinitionReader - Registering bean definition for @Bean method org.springframework.boot.autoconfigure.web.WebMvcAutoConfiguration$EnableWebMvcConfiguration.viewControllerHandlerMapping()
15:44:08.865 [Test worker] DEBUG o.s.c.a.ConfigurationClassBeanDefinitionReader - Registering bean definition for @Bean method org.springframework.boot.autoconfigure.web.WebMvcAutoConfiguration$EnableWebMvcConfiguration.beanNameHandlerMapping()
15:44:08.866 [Test worker] DEBUG o.s.c.a.ConfigurationClassBeanDefinitionReader - Registering bean definition for @Bean method org.springframework.boot.autoconfigure.web.WebMvcAutoConfiguration$EnableWebMvcConfiguration.resourceHandlerMapping()
15:44:08.866 [Test worker] DEBUG o.s.c.a.ConfigurationClassBeanDefinitionReader - Registering bean definition for @Bean method org.springframework.boot.autoconfigure.web.WebMvcAutoConfiguration$EnableWebMvcConfiguration.mvcResourceUrlProvider()
15:44:08.866 [Test worker] DEBUG o.s.c.a.ConfigurationClassBeanDefinitionReader - Registering bean definition for @Bean method org.springframework.boot.autoconfigure.web.WebMvcAutoConfiguration$EnableWebMvcConfiguration.defaultServletHandlerMapping()
15:44:08.872 [Test worker] DEBUG o.s.c.a.ConfigurationClassBeanDefinitionReader - Registering bean definition for @Bean method org.springframework.boot.autoconfigure.web.WebMvcAutoConfiguration$EnableWebMvcConfiguration.mvcConversionService()
15:44:08.872 [Test worker] DEBUG o.s.c.a.ConfigurationClassBeanDefinitionReader - Registering bean definition for @Bean method org.springframework.boot.autoconfigure.web.WebMvcAutoConfiguration$EnableWebMvcConfiguration.mvcValidator()
15:44:08.873 [Test worker] DEBUG o.s.c.a.ConfigurationClassBeanDefinitionReader - Registering bean definition for @Bean method org.springframework.boot.autoconfigure.web.WebMvcAutoConfiguration$EnableWebMvcConfiguration.mvcPathMatcher()
15:44:08.873 [Test worker] DEBUG o.s.c.a.ConfigurationClassBeanDefinitionReader - Registering bean definition for @Bean method org.springframework.boot.autoconfigure.web.WebMvcAutoConfiguration$EnableWebMvcConfiguration.mvcUrlPathHelper()
15:44:08.874 [Test worker] DEBUG o.s.c.a.ConfigurationClassBeanDefinitionReader - Registering bean definition for @Bean method org.springframework.boot.autoconfigure.web.WebMvcAutoConfiguration$EnableWebMvcConfiguration.mvcUriComponentsContributor()
15:44:08.874 [Test worker] DEBUG o.s.c.a.ConfigurationClassBeanDefinitionReader - Registering bean definition for @Bean method org.springframework.boot.autoconfigure.web.WebMvcAutoConfiguration$EnableWebMvcConfiguration.httpRequestHandlerAdapter()
15:44:08.874 [Test worker] DEBUG o.s.c.a.ConfigurationClassBeanDefinitionReader - Registering bean definition for @Bean method org.springframework.boot.autoconfigure.web.WebMvcAutoConfiguration$EnableWebMvcConfiguration.simpleControllerHandlerAdapter()
15:44:08.874 [Test worker] DEBUG o.s.c.a.ConfigurationClassBeanDefinitionReader - Registering bean definition for @Bean method org.springframework.boot.autoconfigure.web.WebMvcAutoConfiguration$EnableWebMvcConfiguration.handlerExceptionResolver()
15:44:08.875 [Test worker] DEBUG o.s.c.a.ConfigurationClassBeanDefinitionReader - Registering bean definition for @Bean method org.springframework.boot.autoconfigure.web.WebMvcAutoConfiguration$EnableWebMvcConfiguration.mvcViewResolver()
15:44:08.876 [Test worker] DEBUG o.s.b.f.s.DefaultListableBeanFactory - Returning cached instance of singleton bean 'autoConfigurationReport'
15:44:08.877 [Test worker] DEBUG o.s.c.a.ConfigurationClassBeanDefinitionReader - Registered bean definition for imported class 'org.springframework.boot.autoconfigure.web.WebMvcAutoConfiguration$WebMvcAutoConfigurationAdapter$FaviconConfiguration'
15:44:08.877 [Test worker] DEBUG o.s.c.a.ConfigurationClassBeanDefinitionReader - Registering bean definition for @Bean method org.springframework.boot.autoconfigure.web.WebMvcAutoConfiguration$WebMvcAutoConfigurationAdapter$FaviconConfiguration.faviconHandlerMapping()
15:44:08.877 [Test worker] DEBUG o.s.c.a.ConfigurationClassBeanDefinitionReader - Registering bean definition for @Bean method org.springframework.boot.autoconfigure.web.WebMvcAutoConfiguration$WebMvcAutoConfigurationAdapter$FaviconConfiguration.faviconRequestHandler()
15:44:08.879 [Test worker] DEBUG o.s.c.a.ConfigurationClassBeanDefinitionReader - Registered bean definition for imported class 'org.springframework.boot.autoconfigure.web.WebMvcAutoConfiguration$WebMvcAutoConfigurationAdapter'
15:44:08.896 [Test worker] DEBUG o.s.b.f.s.DefaultListableBeanFactory - Returning cached instance of singleton bean 'org.springframework.boot.autoconfigure.condition.BeanTypeRegistry'
15:44:08.990 [Test worker] DEBUG o.s.b.f.s.DefaultListableBeanFactory - Returning cached instance of singleton bean 'autoConfigurationReport'
15:44:08.990 [Test worker] DEBUG o.s.c.a.ConfigurationClassBeanDefinitionReader - Registering bean definition for @Bean method org.springframework.boot.autoconfigure.web.WebMvcAutoConfiguration$WebMvcAutoConfigurationAdapter.defaultViewResolver()
15:44:08.992 [Test worker] DEBUG o.s.b.f.s.DefaultListableBeanFactory - Returning cached instance of singleton bean 'org.springframework.boot.autoconfigure.condition.BeanTypeRegistry'
15:44:08.999 [Test worker] DEBUG o.s.b.f.s.DefaultListableBeanFactory - Returning cached instance of singleton bean 'autoConfigurationReport'
15:44:08.999 [Test worker] DEBUG o.s.c.a.ConfigurationClassBeanDefinitionReader - Registering bean definition for @Bean method org.springframework.boot.autoconfigure.web.WebMvcAutoConfiguration$WebMvcAutoConfigurationAdapter.requestContextListener()
15:44:09.000 [Test worker] DEBUG o.s.b.f.s.DefaultListableBeanFactory - Returning cached instance of singleton bean 'org.springframework.boot.autoconfigure.condition.BeanTypeRegistry'
15:44:09.000 [Test worker] DEBUG o.s.b.f.s.DefaultListableBeanFactory - Returning cached instance of singleton bean 'autoConfigurationReport'
15:44:09.001 [Test worker] DEBUG o.s.c.a.ConfigurationClassBeanDefinitionReader - Registering bean definition for @Bean method org.springframework.boot.autoconfigure.web.WebMvcAutoConfiguration$WebMvcAutoConfigurationAdapter.beanNameViewResolver()
15:44:09.001 [Test worker] INFO  o.s.b.f.s.DefaultListableBeanFactory - Overriding bean definition for bean 'beanNameViewResolver': replacing [Root bean: class [null]; scope=; abstract=false; lazyInit=false; autowireMode=3; dependencyCheck=0; autowireCandidate=true; primary=false; factoryBeanName=org.springframework.boot.autoconfigure.web.ErrorMvcAutoConfiguration$WhitelabelErrorViewConfiguration; factoryMethodName=beanNameViewResolver; initMethodName=null; destroyMethodName=(inferred); defined in class path resource [org/springframework/boot/autoconfigure/web/ErrorMvcAutoConfiguration$WhitelabelErrorViewConfiguration.class]] with [Root bean: class [null]; scope=; abstract=false; lazyInit=false; autowireMode=3; dependencyCheck=0; autowireCandidate=true; primary=false; factoryBeanName=org.springframework.boot.autoconfigure.web.WebMvcAutoConfiguration$WebMvcAutoConfigurationAdapter; factoryMethodName=beanNameViewResolver; initMethodName=null; destroyMethodName=(inferred); defined in class path resource [org/springframework/boot/autoconfigure/web/WebMvcAutoConfiguration$WebMvcAutoConfigurationAdapter.class]]
15:44:09.009 [Test worker] DEBUG o.s.b.f.s.DefaultListableBeanFactory - Returning cached instance of singleton bean 'org.springframework.boot.autoconfigure.condition.BeanTypeRegistry'
15:44:09.009 [Test worker] DEBUG o.s.b.f.s.DefaultListableBeanFactory - Returning cached instance of singleton bean 'org.springframework.boot.autoconfigure.condition.BeanTypeRegistry'
15:44:09.011 [Test worker] DEBUG o.s.b.f.s.DefaultListableBeanFactory - Returning cached instance of singleton bean 'autoConfigurationReport'
15:44:09.011 [Test worker] DEBUG o.s.b.f.s.DefaultListableBeanFactory - Returning cached instance of singleton bean 'org.springframework.boot.autoconfigure.condition.BeanTypeRegistry'
15:44:09.011 [Test worker] DEBUG o.s.b.f.s.DefaultListableBeanFactory - Returning cached instance of singleton bean 'org.springframework.boot.autoconfigure.condition.BeanTypeRegistry'
15:44:09.012 [Test worker] DEBUG o.s.b.f.s.DefaultListableBeanFactory - Returning cached instance of singleton bean 'autoConfigurationReport'
15:44:09.014 [Test worker] DEBUG o.s.c.a.ConfigurationClassBeanDefinitionReader - Registering bean definition for @Bean method org.springframework.boot.autoconfigure.web.WebMvcAutoConfiguration$WebMvcAutoConfigurationAdapter.viewResolver()
15:44:09.015 [Test worker] DEBUG o.s.b.f.s.DefaultListableBeanFactory - Returning cached instance of singleton bean 'org.springframework.boot.autoconfigure.condition.BeanTypeRegistry'
15:44:09.016 [Test worker] DEBUG o.s.b.f.s.DefaultListableBeanFactory - Returning cached instance of singleton bean 'autoConfigurationReport'
15:44:09.020 [Test worker] DEBUG o.s.b.f.s.DefaultListableBeanFactory - Returning cached instance of singleton bean 'autoConfigurationReport'
15:44:09.022 [Test worker] DEBUG o.s.b.f.s.DefaultListableBeanFactory - Returning cached instance of singleton bean 'autoConfigurationReport'
15:44:09.037 [Test worker] DEBUG o.s.c.a.ConfigurationClassBeanDefinitionReader - Registered bean definition for imported class 'org.springframework.boot.autoconfigure.web.WebMvcAutoConfiguration'
15:44:09.039 [Test worker] DEBUG o.s.b.f.s.DefaultListableBeanFactory - Returning cached instance of singleton bean 'org.springframework.boot.autoconfigure.condition.BeanTypeRegistry'
15:44:09.040 [Test worker] DEBUG o.s.b.f.s.DefaultListableBeanFactory - Returning cached instance of singleton bean 'autoConfigurationReport'
15:44:09.041 [Test worker] DEBUG o.s.c.a.ConfigurationClassBeanDefinitionReader - Registering bean definition for @Bean method org.springframework.boot.autoconfigure.web.WebMvcAutoConfiguration.hiddenHttpMethodFilter()
15:44:09.041 [Test worker] DEBUG o.s.b.f.s.DefaultListableBeanFactory - Returning cached instance of singleton bean 'autoConfigurationReport'
15:44:09.042 [Test worker] DEBUG o.s.b.f.s.DefaultListableBeanFactory - Returning cached instance of singleton bean 'autoConfigurationReport'
15:44:09.047 [Test worker] DEBUG o.s.b.f.s.DefaultListableBeanFactory - Returning cached instance of singleton bean 'autoConfigurationReport'
15:44:09.050 [Test worker] DEBUG o.s.c.a.ConfigurationClassBeanDefinitionReader - Registered bean definition for imported class 'org.springframework.boot.autoconfigure.aop.AopAutoConfiguration$JdkDynamicAutoProxyConfiguration'
15:44:09.059 [Test worker] DEBUG o.s.c.a.ConfigurationClassBeanDefinitionReader - Registered bean definition for imported class 'org.springframework.boot.autoconfigure.aop.AopAutoConfiguration'
15:44:09.060 [Test worker] DEBUG o.s.b.f.s.DefaultListableBeanFactory - Returning cached instance of singleton bean 'autoConfigurationReport'
15:44:09.060 [Test worker] DEBUG o.s.c.a.ConfigurationClassBeanDefinitionReader - Registered bean definition for imported class 'org.springframework.boot.autoconfigure.dao.PersistenceExceptionTranslationAutoConfiguration'
15:44:09.062 [Test worker] DEBUG o.s.b.f.s.DefaultListableBeanFactory - Returning cached instance of singleton bean 'org.springframework.boot.autoconfigure.condition.BeanTypeRegistry'
15:44:09.069 [Test worker] DEBUG o.s.b.f.s.DefaultListableBeanFactory - Returning cached instance of singleton bean 'autoConfigurationReport'
15:44:09.070 [Test worker] DEBUG o.s.b.f.s.DefaultListableBeanFactory - Returning cached instance of singleton bean 'autoConfigurationReport'
15:44:09.070 [Test worker] DEBUG o.s.c.a.ConfigurationClassBeanDefinitionReader - Registering bean definition for @Bean method org.springframework.boot.autoconfigure.dao.PersistenceExceptionTranslationAutoConfiguration.persistenceExceptionTranslationPostProcessor()
15:44:09.071 [Test worker] DEBUG o.s.b.f.s.DefaultListableBeanFactory - Returning cached instance of singleton bean 'autoConfigurationReport'
15:44:09.071 [Test worker] DEBUG o.s.b.f.s.DefaultListableBeanFactory - Returning cached instance of singleton bean 'org.springframework.boot.autoconfigure.condition.BeanTypeRegistry'
15:44:09.071 [Test worker] DEBUG o.s.b.f.s.DefaultListableBeanFactory - Returning cached instance of singleton bean 'autoConfigurationReport'
15:44:09.075 [Test worker] DEBUG o.s.b.f.s.DefaultListableBeanFactory - Returning cached instance of singleton bean 'autoConfigurationReport'
15:44:09.082 [Test worker] DEBUG o.s.b.f.s.DefaultListableBeanFactory - Returning cached instance of singleton bean 'org.springframework.boot.autoconfigure.condition.BeanTypeRegistry'
15:44:09.082 [Test worker] DEBUG o.s.b.f.s.DefaultListableBeanFactory - Returning cached instance of singleton bean 'autoConfigurationReport'
15:44:09.083 [Test worker] DEBUG o.s.c.a.ConfigurationClassBeanDefinitionReader - Registered bean definition for imported class 'org.springframework.boot.autoconfigure.mongo.MongoAutoConfiguration'
15:44:09.086 [Test worker] DEBUG o.s.b.f.s.DefaultListableBeanFactory - Returning cached instance of singleton bean 'org.springframework.boot.autoconfigure.condition.BeanTypeRegistry'
15:44:09.086 [Test worker] DEBUG o.s.b.f.s.DefaultListableBeanFactory - Returning cached instance of singleton bean 'autoConfigurationReport'
15:44:09.087 [Test worker] DEBUG o.s.c.a.ConfigurationClassBeanDefinitionReader - Registering bean definition for @Bean method org.springframework.boot.autoconfigure.mongo.MongoAutoConfiguration.mongo()
15:44:09.087 [Test worker] DEBUG o.s.b.f.s.DefaultListableBeanFactory - Returning cached instance of singleton bean 'autoConfigurationReport'
15:44:09.103 [Test worker] DEBUG o.s.b.f.s.DefaultListableBeanFactory - Returning cached instance of singleton bean 'org.springframework.boot.autoconfigure.condition.BeanTypeRegistry'
15:44:09.103 [Test worker] DEBUG o.s.b.f.s.DefaultListableBeanFactory - Returning cached instance of singleton bean 'org.springframework.boot.autoconfigure.condition.BeanTypeRegistry'
15:44:09.104 [Test worker] DEBUG o.s.b.f.s.DefaultListableBeanFactory - Returning cached instance of singleton bean 'autoConfigurationReport'
15:44:09.105 [Test worker] DEBUG o.s.b.f.s.DefaultListableBeanFactory - Returning cached instance of singleton bean 'autoConfigurationReport'
15:44:09.105 [Test worker] DEBUG o.s.c.a.ConfigurationClassBeanDefinitionReader - Registered bean definition for imported class 'org.springframework.boot.autoconfigure.data.mongo.MongoRepositoriesAutoConfiguration'
15:44:09.128 [Test worker] DEBUG o.s.core.env.StandardEnvironment - Adding [systemProperties] PropertySource with lowest search precedence
15:44:09.128 [Test worker] DEBUG o.s.core.env.StandardEnvironment - Adding [systemEnvironment] PropertySource with lowest search precedence
15:44:09.129 [Test worker] DEBUG o.s.core.env.StandardEnvironment - Initialized StandardEnvironment with PropertySources [systemProperties,systemEnvironment]
15:44:09.142 [Test worker] DEBUG o.s.c.i.s.PathMatchingResourcePatternResolver - Looking for matching resources in jar file [file:/C:/Users/Damien/.gradle/caches/modules-2/files-2.1/org.springframework.data/spring-data-mongodb/1.8.1.RELEASE/b90c75c49d1271c06e95ba635b73882237d3c262/spring-data-mongodb-1.8.1.RELEASE.jar]
15:44:09.152 [Test worker] DEBUG o.s.c.i.s.PathMatchingResourcePatternResolver - Looking for matching resources in jar file [file:/C:/Users/Damien/.gradle/caches/modules-2/files-2.1/org.springframework.data/spring-data-jpa/1.7.4.RELEASE/922145a12a700b73438b1139dff0e1760de7f712/spring-data-jpa-1.7.4.RELEASE.jar]
15:44:09.161 [Test worker] DEBUG o.s.c.i.s.PathMatchingResourcePatternResolver - Looking for matching resources in jar file [file:/C:/Users/Damien/.gradle/caches/modules-2/files-2.1/org.springframework.data/spring-data-commons/1.11.1.RELEASE/bb04a4cba7a44b8822a63e1681eb9667955bc8bf/spring-data-commons-1.11.1.RELEASE.jar]
15:44:09.169 [Test worker] DEBUG o.s.c.i.s.PathMatchingResourcePatternResolver - Resolved location pattern [classpath*:org/springframework/data/**/repository/support/**/*.class] to resources [URL [jar:file:/C:/Users/Damien/.gradle/caches/modules-2/files-2.1/org.springframework.data/spring-data-mongodb/1.8.1.RELEASE/b90c75c49d1271c06e95ba635b73882237d3c262/spring-data-mongodb-1.8.1.RELEASE.jar!/org/springframework/data/mongodb/repository/support/MongoRepositoryFactory.class], URL [jar:file:/C:/Users/Damien/.gradle/caches/modules-2/files-2.1/org.springframework.data/spring-data-mongodb/1.8.1.RELEASE/b90c75c49d1271c06e95ba635b73882237d3c262/spring-data-mongodb-1.8.1.RELEASE.jar!/org/springframework/data/mongodb/repository/support/MongoRepositoryFactoryBean.class], URL [jar:file:/C:/Users/Damien/.gradle/caches/modules-2/files-2.1/org.springframework.data/spring-data-mongodb/1.8.1.RELEASE/b90c75c49d1271c06e95ba635b73882237d3c262/spring-data-mongodb-1.8.1.RELEASE.jar!/org/springframework/data/mongodb/repository/support/MongoRepositoryFactory$MongoQueryLookupStrategy.class], URL [jar:file:/C:/Users/Damien/.gradle/caches/modules-2/files-2.1/org.springframework.data/spring-data-mongodb/1.8.1.RELEASE/b90c75c49d1271c06e95ba635b73882237d3c262/spring-data-mongodb-1.8.1.RELEASE.jar!/org/springframework/data/mongodb/repository/support/QuerydslRepositorySupport.class], URL [jar:file:/C:/Users/Damien/.gradle/caches/modules-2/files-2.1/org.springframework.data/spring-data-mongodb/1.8.1.RELEASE/b90c75c49d1271c06e95ba635b73882237d3c262/spring-data-mongodb-1.8.1.RELEASE.jar!/org/springframework/data/mongodb/repository/support/MappingMongoEntityInformation.class], URL [jar:file:/C:/Users/Damien/.gradle/caches/modules-2/files-2.1/org.springframework.data/spring-data-mongodb/1.8.1.RELEASE/b90c75c49d1271c06e95ba635b73882237d3c262/spring-data-mongodb-1.8.1.RELEASE.jar!/org/springframework/data/mongodb/repository/support/SimpleMongoRepository.class], URL [jar:file:/C:/Users/Damien/.gradle/caches/modules-2/files-2.1/org.springframework.data/spring-data-mongodb/1.8.1.RELEASE/b90c75c49d1271c06e95ba635b73882237d3c262/spring-data-mongodb-1.8.1.RELEASE.jar!/org/springframework/data/mongodb/repository/support/MongoAnnotationProcessor.class], URL [jar:file:/C:/Users/Damien/.gradle/caches/modules-2/files-2.1/org.springframework.data/spring-data-mongodb/1.8.1.RELEASE/b90c75c49d1271c06e95ba635b73882237d3c262/spring-data-mongodb-1.8.1.RELEASE.jar!/org/springframework/data/mongodb/repository/support/SpringDataMongodbQuery.class], URL [jar:file:/C:/Users/Damien/.gradle/caches/modules-2/files-2.1/org.springframework.data/spring-data-mongodb/1.8.1.RELEASE/b90c75c49d1271c06e95ba635b73882237d3c262/spring-data-mongodb-1.8.1.RELEASE.jar!/org/springframework/data/mongodb/repository/support/SpringDataMongodbQuery$1.class], URL [jar:file:/C:/Users/Damien/.gradle/caches/modules-2/files-2.1/org.springframework.data/spring-data-mongodb/1.8.1.RELEASE/b90c75c49d1271c06e95ba635b73882237d3c262/spring-data-mongodb-1.8.1.RELEASE.jar!/org/springframework/data/mongodb/repository/support/QueryDslMongoRepository.class], URL [jar:file:/C:/Users/Damien/.gradle/caches/modules-2/files-2.1/org.springframework.data/spring-data-mongodb/1.8.1.RELEASE/b90c75c49d1271c06e95ba635b73882237d3c262/spring-data-mongodb-1.8.1.RELEASE.jar!/org/springframework/data/mongodb/repository/support/SpringDataMongodbSerializer.class], URL [jar:file:/C:/Users/Damien/.gradle/caches/modules-2/files-2.1/org.springframework.data/spring-data-mongodb/1.8.1.RELEASE/b90c75c49d1271c06e95ba635b73882237d3c262/spring-data-mongodb-1.8.1.RELEASE.jar!/org/springframework/data/mongodb/repository/support/IndexEnsuringQueryCreationListener.class], URL [jar:file:/C:/Users/Damien/.gradle/caches/modules-2/files-2.1/org.springframework.data/spring-data-jpa/1.7.4.RELEASE/922145a12a700b73438b1139dff0e1760de7f712/spring-data-jpa-1.7.4.RELEASE.jar!/org/springframework/data/jpa/repository/support/Querydsl$1.class], URL [jar:file:/C:/Users/Damien/.gradle/caches/modules-2/files-2.1/org.springframework.data/spring-data-jpa/1.7.4.RELEASE/922145a12a700b73438b1139dff0e1760de7f712/spring-data-jpa-1.7.4.RELEASE.jar!/org/springframework/data/jpa/repository/support/CrudMethodMetadataPostProcessor$ThreadBoundTargetSource.class], URL [jar:file:/C:/Users/Damien/.gradle/caches/modules-2/files-2.1/org.springframework.data/spring-data-jpa/1.7.4.RELEASE/922145a12a700b73438b1139dff0e1760de7f712/spring-data-jpa-1.7.4.RELEASE.jar!/org/springframework/data/jpa/repository/support/JpaPersistableEntityInformation.class], URL [jar:file:/C:/Users/Damien/.gradle/caches/modules-2/files-2.1/org.springframework.data/spring-data-jpa/1.7.4.RELEASE/922145a12a700b73438b1139dff0e1760de7f712/spring-data-jpa-1.7.4.RELEASE.jar!/org/springframework/data/jpa/repository/support/PersistenceProvider$4.class], URL [jar:file:/C:/Users/Damien/.gradle/caches/modules-2/files-2.1/org.springframework.data/spring-data-jpa/1.7.4.RELEASE/922145a12a700b73438b1139dff0e1760de7f712/spring-data-jpa-1.7.4.RELEASE.jar!/org/springframework/data/jpa/repository/support/CrudMethodMetadataPostProcessor.class], URL [jar:file:/C:/Users/Damien/.gradle/caches/modules-2/files-2.1/org.springframework.data/spring-data-jpa/1.7.4.RELEASE/922145a12a700b73438b1139dff0e1760de7f712/spring-data-jpa-1.7.4.RELEASE.jar!/org/springframework/data/jpa/repository/support/CrudMethodMetadataPostProcessor$1.class], URL [jar:file:/C:/Users/Damien/.gradle/caches/modules-2/files-2.1/org.springframework.data/spring-data-jpa/1.7.4.RELEASE/922145a12a700b73438b1139dff0e1760de7f712/spring-data-jpa-1.7.4.RELEASE.jar!/org/springframework/data/jpa/repository/support/JpaEntityInformation.class], URL [jar:file:/C:/Users/Damien/.gradle/caches/modules-2/files-2.1/org.springframework.data/spring-data-jpa/1.7.4.RELEASE/922145a12a700b73438b1139dff0e1760de7f712/spring-data-jpa-1.7.4.RELEASE.jar!/org/springframework/data/jpa/repository/support/JpaMetamodelEntityInformation.class], URL [jar:file:/C:/Users/Damien/.gradle/caches/modules-2/files-2.1/org.springframework.data/spring-data-jpa/1.7.4.RELEASE/922145a12a700b73438b1139dff0e1760de7f712/spring-data-jpa-1.7.4.RELEASE.jar!/org/springframework/data/jpa/repository/support/JpaMetamodelEntityInformation$IdMetadata.class], URL [jar:file:/C:/Users/Damien/.gradle/caches/modules-2/files-2.1/org.springframework.data/spring-data-jpa/1.7.4.RELEASE/922145a12a700b73438b1139dff0e1760de7f712/spring-data-jpa-1.7.4.RELEASE.jar!/org/springframework/data/jpa/repository/support/JpaEntityInformationSupport.class], URL [jar:file:/C:/Users/Damien/.gradle/caches/modules-2/files-2.1/org.springframework.data/spring-data-jpa/1.7.4.RELEASE/922145a12a700b73438b1139dff0e1760de7f712/spring-data-jpa-1.7.4.RELEASE.jar!/org/springframework/data/jpa/repository/support/PersistenceProvider$3.class], URL [jar:file:/C:/Users/Damien/.gradle/caches/modules-2/files-2.1/org.springframework.data/spring-data-jpa/1.7.4.RELEASE/922145a12a700b73438b1139dff0e1760de7f712/spring-data-jpa-1.7.4.RELEASE.jar!/org/springframework/data/jpa/repository/support/QueryDslRepositorySupport.class], URL [jar:file:/C:/Users/Damien/.gradle/caches/modules-2/files-2.1/org.springframework.data/spring-data-jpa/1.7.4.RELEASE/922145a12a700b73438b1139dff0e1760de7f712/spring-data-jpa-1.7.4.RELEASE.jar!/org/springframework/data/jpa/repository/support/JpaRepositoryFactory.class], URL [jar:file:/C:/Users/Damien/.gradle/caches/modules-2/files-2.1/org.springframework.data/spring-data-jpa/1.7.4.RELEASE/922145a12a700b73438b1139dff0e1760de7f712/spring-data-jpa-1.7.4.RELEASE.jar!/org/springframework/data/jpa/repository/support/CrudMethodMetadataPostProcessor$DefaultCrudMethodMetadata.class], URL [jar:file:/C:/Users/Damien/.gradle/caches/modules-2/files-2.1/org.springframework.data/spring-data-jpa/1.7.4.RELEASE/922145a12a700b73438b1139dff0e1760de7f712/spring-data-jpa-1.7.4.RELEASE.jar!/org/springframework/data/jpa/repository/support/PersistenceProvider.class], URL [jar:file:/C:/Users/Damien/.gradle/caches/modules-2/files-2.1/org.springframework.data/spring-data-jpa/1.7.4.RELEASE/922145a12a700b73438b1139dff0e1760de7f712/spring-data-jpa-1.7.4.RELEASE.jar!/org/springframework/data/jpa/repository/support/SimpleJpaRepository.class], URL [jar:file:/C:/Users/Damien/.gradle/caches/modules-2/files-2.1/org.springframework.data/spring-data-jpa/1.7.4.RELEASE/922145a12a700b73438b1139dff0e1760de7f712/spring-data-jpa-1.7.4.RELEASE.jar!/org/springframework/data/jpa/repository/support/CrudMethodMetadataPostProcessor$CrudMethodMetadataPopulatingMethodIntercceptor.class], URL [jar:file:/C:/Users/Damien/.gradle/caches/modules-2/files-2.1/org.springframework.data/spring-data-jpa/1.7.4.RELEASE/922145a12a700b73438b1139dff0e1760de7f712/spring-data-jpa-1.7.4.RELEASE.jar!/org/springframework/data/jpa/repository/support/Querydsl.class], URL [jar:file:/C:/Users/Damien/.gradle/caches/modules-2/files-2.1/org.springframework.data/spring-data-jpa/1.7.4.RELEASE/922145a12a700b73438b1139dff0e1760de7f712/spring-data-jpa-1.7.4.RELEASE.jar!/org/springframework/data/jpa/repository/support/CrudMethodMetadata.class], URL [jar:file:/C:/Users/Damien/.gradle/caches/modules-2/files-2.1/org.springframework.data/spring-data-jpa/1.7.4.RELEASE/922145a12a700b73438b1139dff0e1760de7f712/spring-data-jpa-1.7.4.RELEASE.jar!/org/springframework/data/jpa/repository/support/EntityManagerBeanDefinitionRegistrarPostProcessor.class], URL [jar:file:/C:/Users/Damien/.gradle/caches/modules-2/files-2.1/org.springframework.data/spring-data-jpa/1.7.4.RELEASE/922145a12a700b73438b1139dff0e1760de7f712/spring-data-jpa-1.7.4.RELEASE.jar!/org/springframework/data/jpa/repository/support/JpaMetamodelEntityInformation$IdentifierDerivingDirectFieldAccessFallbackBeanWrapper.class], URL [jar:file:/C:/Users/Damien/.gradle/caches/modules-2/files-2.1/org.springframework.data/spring-data-jpa/1.7.4.RELEASE/922145a12a700b73438b1139dff0e1760de7f712/spring-data-jpa-1.7.4.RELEASE.jar!/org/springframework/data/jpa/repository/support/PersistenceProvider$1.class], URL [jar:file:/C:/Users/Damien/.gradle/caches/modules-2/files-2.1/org.springframework.data/spring-data-jpa/1.7.4.RELEASE/922145a12a700b73438b1139dff0e1760de7f712/spring-data-jpa-1.7.4.RELEASE.jar!/org/springframework/data/jpa/repository/support/QueryDslJpaRepository.class], URL [jar:file:/C:/Users/Damien/.gradle/caches/modules-2/files-2.1/org.springframework.data/spring-data-jpa/1.7.4.RELEASE/922145a12a700b73438b1139dff0e1760de7f712/spring-data-jpa-1.7.4.RELEASE.jar!/org/springframework/data/jpa/repository/support/PersistenceProvider$2.class], URL [jar:file:/C:/Users/Damien/.gradle/caches/modules-2/files-2.1/org.springframework.data/spring-data-jpa/1.7.4.RELEASE/922145a12a700b73438b1139dff0e1760de7f712/spring-data-jpa-1.7.4.RELEASE.jar!/org/springframework/data/jpa/repository/support/JpaRepositoryFactoryBean.class], URL [jar:file:/C:/Users/Damien/.gradle/caches/modules-2/files-2.1/org.springframework.data/spring-data-jpa/1.7.4.RELEASE/922145a12a700b73438b1139dff0e1760de7f712/spring-data-jpa-1.7.4.RELEASE.jar!/org/springframework/data/jpa/repository/support/PersistenceProvider$Constants.class], URL [jar:file:/C:/Users/Damien/.gradle/caches/modules-2/files-2.1/org.springframework.data/spring-data-jpa/1.7.4.RELEASE/922145a12a700b73438b1139dff0e1760de7f712/spring-data-jpa-1.7.4.RELEASE.jar!/org/springframework/data/jpa/repository/support/SimpleJpaRepository$ByIdsSpecification.class], URL [jar:file:/C:/Users/Damien/.gradle/caches/modules-2/files-2.1/org.springframework.data/spring-data-commons/1.11.1.RELEASE/bb04a4cba7a44b8822a63e1681eb9667955bc8bf/spring-data-commons-1.11.1.RELEASE.jar!/org/springframework/data/repository/support/DomainClassConverter$ConversionMatchAbbreviationException.class], URL [jar:file:/C:/Users/Damien/.gradle/caches/modules-2/files-2.1/org.springframework.data/spring-data-commons/1.11.1.RELEASE/bb04a4cba7a44b8822a63e1681eb9667955bc8bf/spring-data-commons-1.11.1.RELEASE.jar!/org/springframework/data/repository/support/DomainClassConverter$ToIdConverter.class], URL [jar:file:/C:/Users/Damien/.gradle/caches/modules-2/files-2.1/org.springframework.data/spring-data-commons/1.11.1.RELEASE/bb04a4cba7a44b8822a63e1681eb9667955bc8bf/spring-data-commons-1.11.1.RELEASE.jar!/org/springframework/data/repository/support/Repositories$EmptyRepositoryFactoryInformation.class], URL [jar:file:/C:/Users/Damien/.gradle/caches/modules-2/files-2.1/org.springframework.data/spring-data-commons/1.11.1.RELEASE/bb04a4cba7a44b8822a63e1681eb9667955bc8bf/spring-data-commons-1.11.1.RELEASE.jar!/org/springframework/data/repository/support/PagingAndSortingRepositoryInvoker.class], URL [jar:file:/C:/Users/Damien/.gradle/caches/modules-2/files-2.1/org.springframework.data/spring-data-commons/1.11.1.RELEASE/bb04a4cba7a44b8822a63e1681eb9667955bc8bf/spring-data-commons-1.11.1.RELEASE.jar!/org/springframework/data/repository/support/QueryMethodParameterConversionException.class], URL [jar:file:/C:/Users/Damien/.gradle/caches/modules-2/files-2.1/org.springframework.data/spring-data-commons/1.11.1.RELEASE/bb04a4cba7a44b8822a63e1681eb9667955bc8bf/spring-data-commons-1.11.1.RELEASE.jar!/org/springframework/data/repository/support/MethodParameters.class], URL [jar:file:/C:/Users/Damien/.gradle/caches/modules-2/files-2.1/org.springframework.data/spring-data-commons/1.11.1.RELEASE/bb04a4cba7a44b8822a63e1681eb9667955bc8bf/spring-data-commons-1.11.1.RELEASE.jar!/org/springframework/data/repository/support/RepositoryInvoker.class], URL [jar:file:/C:/Users/Damien/.gradle/caches/modules-2/files-2.1/org.springframework.data/spring-data-commons/1.11.1.RELEASE/bb04a4cba7a44b8822a63e1681eb9667955bc8bf/spring-data-commons-1.11.1.RELEASE.jar!/org/springframework/data/repository/support/RepositoryInvokerFactory.class], URL [jar:file:/C:/Users/Damien/.gradle/caches/modules-2/files-2.1/org.springframework.data/spring-data-commons/1.11.1.RELEASE/bb04a4cba7a44b8822a63e1681eb9667955bc8bf/spring-data-commons-1.11.1.RELEASE.jar!/org/springframework/data/repository/support/DomainClassPropertyEditorRegistrar.class], URL [jar:file:/C:/Users/Damien/.gradle/caches/modules-2/files-2.1/org.springframework.data/spring-data-commons/1.11.1.RELEASE/bb04a4cba7a44b8822a63e1681eb9667955bc8bf/spring-data-commons-1.11.1.RELEASE.jar!/org/springframework/data/repository/support/AnnotationAttribute.class], URL [jar:file:/C:/Users/Damien/.gradle/caches/modules-2/files-2.1/org.springframework.data/spring-data-commons/1.11.1.RELEASE/bb04a4cba7a44b8822a63e1681eb9667955bc8bf/spring-data-commons-1.11.1.RELEASE.jar!/org/springframework/data/repository/support/DefaultRepositoryInvokerFactory.class], URL [jar:file:/C:/Users/Damien/.gradle/caches/modules-2/files-2.1/org.springframework.data/spring-data-commons/1.11.1.RELEASE/bb04a4cba7a44b8822a63e1681eb9667955bc8bf/spring-data-commons-1.11.1.RELEASE.jar!/org/springframework/data/repository/support/MethodParameters$AnnotationNamingMethodParameter.class], URL [jar:file:/C:/Users/Damien/.gradle/caches/modules-2/files-2.1/org.springframework.data/spring-data-commons/1.11.1.RELEASE/bb04a4cba7a44b8822a63e1681eb9667955bc8bf/spring-data-commons-1.11.1.RELEASE.jar!/org/springframework/data/repository/support/CrudRepositoryInvoker.class], URL [jar:file:/C:/Users/Damien/.gradle/caches/modules-2/files-2.1/org.springframework.data/spring-data-commons/1.11.1.RELEASE/bb04a4cba7a44b8822a63e1681eb9667955bc8bf/spring-data-commons-1.11.1.RELEASE.jar!/org/springframework/data/repository/support/Repositories.class], URL [jar:file:/C:/Users/Damien/.gradle/caches/modules-2/files-2.1/org.springframework.data/spring-data-commons/1.11.1.RELEASE/bb04a4cba7a44b8822a63e1681eb9667955bc8bf/spring-data-commons-1.11.1.RELEASE.jar!/org/springframework/data/repository/support/DomainClassConverter$ToEntityConverter.class], URL [jar:file:/C:/Users/Damien/.gradle/caches/modules-2/files-2.1/org.springframework.data/spring-data-commons/1.11.1.RELEASE/bb04a4cba7a44b8822a63e1681eb9667955bc8bf/spring-data-commons-1.11.1.RELEASE.jar!/org/springframework/data/repository/support/ReflectionRepositoryInvoker.class], URL [jar:file:/C:/Users/Damien/.gradle/caches/modules-2/files-2.1/org.springframework.data/spring-data-commons/1.11.1.RELEASE/bb04a4cba7a44b8822a63e1681eb9667955bc8bf/spring-data-commons-1.11.1.RELEASE.jar!/org/springframework/data/repository/support/DomainClassPropertyEditor.class], URL [jar:file:/C:/Users/Damien/.gradle/caches/modules-2/files-2.1/org.springframework.data/spring-data-commons/1.11.1.RELEASE/bb04a4cba7a44b8822a63e1681eb9667955bc8bf/spring-data-commons-1.11.1.RELEASE.jar!/org/springframework/data/repository/support/DomainClassConverter.class], URL [jar:file:/C:/Users/Damien/.gradle/caches/modules-2/files-2.1/org.springframework.data/spring-data-commons/1.11.1.RELEASE/bb04a4cba7a44b8822a63e1681eb9667955bc8bf/spring-data-commons-1.11.1.RELEASE.jar!/org/springframework/data/repository/support/DomainClassConverter$1.class], URL [jar:file:/C:/Users/Damien/.gradle/caches/modules-2/files-2.1/org.springframework.data/spring-data-commons/1.11.1.RELEASE/bb04a4cba7a44b8822a63e1681eb9667955bc8bf/spring-data-commons-1.11.1.RELEASE.jar!/org/springframework/data/repository/support/RepositoryInvocationInformation.class]]
15:44:09.171 [Test worker] DEBUG o.s.c.a.ClassPathScanningCandidateComponentProvider - Identified candidate component class: URL [jar:file:/C:/Users/Damien/.gradle/caches/modules-2/files-2.1/org.springframework.data/spring-data-mongodb/1.8.1.RELEASE/b90c75c49d1271c06e95ba635b73882237d3c262/spring-data-mongodb-1.8.1.RELEASE.jar!/org/springframework/data/mongodb/repository/support/MongoRepositoryFactory.class]
15:44:09.197 [Test worker] DEBUG o.s.d.r.c.RepositoryConfigurationDelegate$LenientAssignableTypeFilter - Could not read super class [com.mysema.query.apt.AbstractQuerydslProcessor] of type-filtered class [org.springframework.data.mongodb.repository.support.MongoAnnotationProcessor]
15:44:09.202 [Test worker] DEBUG o.s.d.r.c.RepositoryConfigurationDelegate$LenientAssignableTypeFilter - Could not read super class [com.mysema.query.mongodb.MongodbQuery] of type-filtered class [org.springframework.data.mongodb.repository.support.SpringDataMongodbQuery]
15:44:09.204 [Test worker] DEBUG o.s.d.r.c.RepositoryConfigurationDelegate$LenientAssignableTypeFilter - Could not read interface [com.google.common.base.Function] for type-filtered class [org.springframework.data.mongodb.repository.support.SpringDataMongodbQuery$1]
15:44:09.212 [Test worker] DEBUG o.s.d.r.c.RepositoryConfigurationDelegate$LenientAssignableTypeFilter - Could not read super class [com.mysema.query.mongodb.MongodbSerializer] of type-filtered class [org.springframework.data.mongodb.repository.support.SpringDataMongodbSerializer]
15:44:09.240 [Test worker] DEBUG o.s.c.a.ClassPathScanningCandidateComponentProvider - Identified candidate component class: URL [jar:file:/C:/Users/Damien/.gradle/caches/modules-2/files-2.1/org.springframework.data/spring-data-jpa/1.7.4.RELEASE/922145a12a700b73438b1139dff0e1760de7f712/spring-data-jpa-1.7.4.RELEASE.jar!/org/springframework/data/jpa/repository/support/JpaRepositoryFactory.class]
15:44:09.332 [Test worker] DEBUG o.s.d.r.c.RepositoryConfigurationDelegate - Multiple Spring Data modules found, entering strict repository configuration mode!
15:44:09.366 [Test worker] DEBUG o.s.core.env.StandardEnvironment - Adding [systemProperties] PropertySource with lowest search precedence
15:44:09.367 [Test worker] DEBUG o.s.core.env.StandardEnvironment - Adding [systemEnvironment] PropertySource with lowest search precedence
15:44:09.369 [Test worker] DEBUG o.s.core.env.StandardEnvironment - Initialized StandardEnvironment with PropertySources [systemProperties,systemEnvironment]
15:44:09.391 [Test worker] DEBUG o.s.b.f.s.DefaultListableBeanFactory - Creating shared instance of singleton bean 'org.springframework.boot.autoconfigure.AutoConfigurationPackages'
15:44:09.403 [Test worker] DEBUG o.s.b.f.s.DefaultListableBeanFactory - Creating instance of bean 'org.springframework.boot.autoconfigure.AutoConfigurationPackages'
15:44:09.443 [Test worker] DEBUG o.s.b.f.s.DefaultListableBeanFactory - Eagerly caching bean 'org.springframework.boot.autoconfigure.AutoConfigurationPackages' to allow for resolving potential circular references
15:44:09.444 [Test worker] DEBUG o.s.b.f.s.DefaultListableBeanFactory - Finished creating instance of bean 'org.springframework.boot.autoconfigure.AutoConfigurationPackages'
15:44:09.444 [Test worker] DEBUG o.s.b.a.AutoConfigurationPackages - @EnableAutoConfiguration was declared on a class in the package 'io.github.thisisnozaku.charactercreator'. Automatic @Repository and @Entity scanning is enabled.
15:44:09.453 [Test worker] DEBUG o.s.c.i.s.PathMatchingResourcePatternResolver - Looking for matching resources in directory tree [C:\Users\Damien\IdeaProjects\neone-core\build\classes\test\io\github\thisisnozaku\charactercreator]
15:44:09.454 [Test worker] DEBUG o.s.c.i.s.PathMatchingResourcePatternResolver - Searching directory [C:\Users\Damien\IdeaProjects\neone-core\build\classes\test\io\github\thisisnozaku\charactercreator] for files matching pattern [C:/Users/Damien/IdeaProjects/neone-core/build/classes/test/io/github/thisisnozaku/charactercreator/**/*.class]
15:44:09.456 [Test worker] DEBUG o.s.c.i.s.PathMatchingResourcePatternResolver - Searching directory [C:\Users\Damien\IdeaProjects\neone-core\build\classes\test\io\github\thisisnozaku\charactercreator\controllers] for files matching pattern [C:/Users/Damien/IdeaProjects/neone-core/build/classes/test/io/github/thisisnozaku/charactercreator/**/*.class]
15:44:09.457 [Test worker] DEBUG o.s.c.i.s.PathMatchingResourcePatternResolver - Looking for matching resources in directory tree [C:\Users\Damien\IdeaProjects\neone-core\build\classes\main\io\github\thisisnozaku\charactercreator]
15:44:09.458 [Test worker] DEBUG o.s.c.i.s.PathMatchingResourcePatternResolver - Searching directory [C:\Users\Damien\IdeaProjects\neone-core\build\classes\main\io\github\thisisnozaku\charactercreator] for files matching pattern [C:/Users/Damien/IdeaProjects/neone-core/build/classes/main/io/github/thisisnozaku/charactercreator/**/*.class]
15:44:09.459 [Test worker] DEBUG o.s.c.i.s.PathMatchingResourcePatternResolver - Searching directory [C:\Users\Damien\IdeaProjects\neone-core\build\classes\main\io\github\thisisnozaku\charactercreator\config] for files matching pattern [C:/Users/Damien/IdeaProjects/neone-core/build/classes/main/io/github/thisisnozaku/charactercreator/**/*.class]
15:44:09.460 [Test worker] DEBUG o.s.c.i.s.PathMatchingResourcePatternResolver - Searching directory [C:\Users\Damien\IdeaProjects\neone-core\build\classes\main\io\github\thisisnozaku\charactercreator\controllers] for files matching pattern [C:/Users/Damien/IdeaProjects/neone-core/build/classes/main/io/github/thisisnozaku/charactercreator/**/*.class]
15:44:09.460 [Test worker] DEBUG o.s.c.i.s.PathMatchingResourcePatternResolver - Searching directory [C:\Users\Damien\IdeaProjects\neone-core\build\classes\main\io\github\thisisnozaku\charactercreator\data] for files matching pattern [C:/Users/Damien/IdeaProjects/neone-core/build/classes/main/io/github/thisisnozaku/charactercreator/**/*.class]
15:44:09.461 [Test worker] DEBUG o.s.c.i.s.PathMatchingResourcePatternResolver - Searching directory [C:\Users\Damien\IdeaProjects\neone-core\build\classes\main\io\github\thisisnozaku\charactercreator\model] for files matching pattern [C:/Users/Damien/IdeaProjects/neone-core/build/classes/main/io/github/thisisnozaku/charactercreator/**/*.class]
15:44:09.463 [Test worker] DEBUG o.s.c.i.s.PathMatchingResourcePatternResolver - Resolved location pattern [classpath*:io/github/thisisnozaku/charactercreator/**/*.class] to resources [file [C:\Users\Damien\IdeaProjects\neone-core\build\classes\test\io\github\thisisnozaku\charactercreator\controllers\IndexControllerTest.class], file [C:\Users\Damien\IdeaProjects\neone-core\build\classes\main\io\github\thisisnozaku\charactercreator\config\MongoConfig.class], file [C:\Users\Damien\IdeaProjects\neone-core\build\classes\main\io\github\thisisnozaku\charactercreator\controllers\GameController.class], file [C:\Users\Damien\IdeaProjects\neone-core\build\classes\main\io\github\thisisnozaku\charactercreator\controllers\IndexController.class], file [C:\Users\Damien\IdeaProjects\neone-core\build\classes\main\io\github\thisisnozaku\charactercreator\data\AccountRepository.class], file [C:\Users\Damien\IdeaProjects\neone-core\build\classes\main\io\github\thisisnozaku\charactercreator\model\User.class], file [C:\Users\Damien\IdeaProjects\neone-core\build\classes\main\io\github\thisisnozaku\charactercreator\NeoneCoreApplication.class]]
15:44:09.516 [Test worker] DEBUG o.s.d.r.c.RepositoryComponentProvider - Identified candidate component class: file [C:\Users\Damien\IdeaProjects\neone-core\build\classes\main\io\github\thisisnozaku\charactercreator\data\AccountRepository.class]
15:44:09.560 [Test worker] DEBUG o.s.d.r.c.RepositoryConfigurationExtensionSupport - Spring Data MongoDB - Could not safely identify store assignment for repository candidate interface io.github.thisisnozaku.charactercreator.data.AccountRepository.
15:44:09.562 [Test worker] DEBUG o.s.b.f.s.DefaultListableBeanFactory - Returning cached instance of singleton bean 'autoConfigurationReport'
15:44:09.563 [Test worker] DEBUG o.s.b.f.s.DefaultListableBeanFactory - Returning cached instance of singleton bean 'autoConfigurationReport'
15:44:09.563 [Test worker] DEBUG o.s.c.a.ConfigurationClassBeanDefinitionReader - Registered bean definition for imported class 'org.springframework.boot.autoconfigure.jackson.JacksonAutoConfiguration$JacksonObjectMapperBuilderConfiguration'
15:44:09.563 [Test worker] DEBUG o.s.b.f.s.DefaultListableBeanFactory - Returning cached instance of singleton bean 'org.springframework.boot.autoconfigure.condition.BeanTypeRegistry'
15:44:09.567 [Test worker] DEBUG o.s.b.f.s.DefaultListableBeanFactory - Returning cached instance of singleton bean 'autoConfigurationReport'
15:44:09.568 [Test worker] DEBUG o.s.c.a.ConfigurationClassBeanDefinitionReader - Registering bean definition for @Bean method org.springframework.boot.autoconfigure.jackson.JacksonAutoConfiguration$JacksonObjectMapperBuilderConfiguration.jacksonObjectMapperBuilder()
15:44:09.643 [Test worker] DEBUG o.s.b.f.s.DefaultListableBeanFactory - Returning cached instance of singleton bean 'autoConfigurationReport'
15:44:09.643 [Test worker] DEBUG o.s.c.a.ConfigurationClassBeanDefinitionReader - Registered bean definition for imported class 'org.springframework.boot.autoconfigure.jackson.JacksonAutoConfiguration$JacksonObjectMapperConfiguration'
15:44:09.643 [Test worker] DEBUG o.s.b.f.s.DefaultListableBeanFactory - Returning cached instance of singleton bean 'org.springframework.boot.autoconfigure.condition.BeanTypeRegistry'
15:44:09.646 [Test worker] DEBUG o.s.b.f.s.DefaultListableBeanFactory - Returning cached instance of singleton bean 'autoConfigurationReport'
15:44:09.646 [Test worker] DEBUG o.s.c.a.ConfigurationClassBeanDefinitionReader - Registering bean definition for @Bean method org.springframework.boot.autoconfigure.jackson.JacksonAutoConfiguration$JacksonObjectMapperConfiguration.jacksonObjectMapper()
15:44:09.646 [Test worker] DEBUG o.s.c.a.ConfigurationClassBeanDefinitionReader - Registered bean definition for imported class 'org.springframework.boot.autoconfigure.jackson.JacksonAutoConfiguration'
15:44:09.646 [Test worker] DEBUG o.s.b.f.s.DefaultListableBeanFactory - Returning cached instance of singleton bean 'autoConfigurationReport'
15:44:09.646 [Test worker] DEBUG o.s.b.f.s.DefaultListableBeanFactory - Returning cached instance of singleton bean 'autoConfigurationReport'
15:44:09.647 [Test worker] DEBUG o.s.c.a.ConfigurationClassBeanDefinitionReader - Registered bean definition for imported class 'org.springframework.boot.autoconfigure.web.HttpMessageConvertersAutoConfiguration$StringHttpMessageConverterConfiguration'
15:44:09.648 [Test worker] DEBUG o.s.b.f.s.DefaultListableBeanFactory - Returning cached instance of singleton bean 'org.springframework.boot.autoconfigure.condition.BeanTypeRegistry'
15:44:09.685 [Test worker] DEBUG o.s.b.f.s.DefaultListableBeanFactory - Returning cached instance of singleton bean 'autoConfigurationReport'
15:44:09.685 [Test worker] DEBUG o.s.c.a.ConfigurationClassBeanDefinitionReader - Registering bean definition for @Bean method org.springframework.boot.autoconfigure.web.HttpMessageConvertersAutoConfiguration$StringHttpMessageConverterConfiguration.stringHttpMessageConverter()
15:44:09.687 [Test worker] DEBUG o.s.b.f.s.DefaultListableBeanFactory - Returning cached instance of singleton bean 'autoConfigurationReport'
15:44:09.687 [Test worker] DEBUG o.s.b.f.s.DefaultListableBeanFactory - Returning cached instance of singleton bean 'org.springframework.boot.autoconfigure.condition.BeanTypeRegistry'
15:44:09.687 [Test worker] DEBUG o.s.b.f.s.DefaultListableBeanFactory - Returning cached instance of singleton bean 'autoConfigurationReport'
15:44:09.718 [Test worker] DEBUG o.s.b.f.s.DefaultListableBeanFactory - Returning cached instance of singleton bean 'autoConfigurationReport'
15:44:09.719 [Test worker] DEBUG o.s.c.a.ConfigurationClassBeanDefinitionReader - Registered bean definition for imported class 'org.springframework.boot.autoconfigure.web.JacksonHttpMessageConvertersConfiguration$MappingJackson2HttpMessageConverterConfiguration'
15:44:09.722 [Test worker] DEBUG o.s.b.f.s.DefaultListableBeanFactory - Returning cached instance of singleton bean 'org.springframework.boot.autoconfigure.condition.BeanTypeRegistry'
15:44:09.725 [Test worker] DEBUG o.s.b.f.s.DefaultListableBeanFactory - Returning cached instance of singleton bean 'autoConfigurationReport'
15:44:09.726 [Test worker] DEBUG o.s.c.a.ConfigurationClassBeanDefinitionReader - Registering bean definition for @Bean method org.springframework.boot.autoconfigure.web.JacksonHttpMessageConvertersConfiguration$MappingJackson2HttpMessageConverterConfiguration.mappingJackson2HttpMessageConverter()
15:44:09.726 [Test worker] DEBUG o.s.c.a.ConfigurationClassBeanDefinitionReader - Registered bean definition for imported class 'org.springframework.boot.autoconfigure.web.JacksonHttpMessageConvertersConfiguration'
15:44:09.729 [Test worker] DEBUG o.s.c.a.ConfigurationClassBeanDefinitionReader - Registered bean definition for imported class 'org.springframework.boot.autoconfigure.web.HttpMessageConvertersAutoConfiguration'
15:44:09.731 [Test worker] DEBUG o.s.b.f.s.DefaultListableBeanFactory - Returning cached instance of singleton bean 'org.springframework.boot.autoconfigure.condition.BeanTypeRegistry'
15:44:09.732 [Test worker] DEBUG o.s.b.f.s.DefaultListableBeanFactory - Returning cached instance of singleton bean 'autoConfigurationReport'
15:44:09.732 [Test worker] DEBUG o.s.c.a.ConfigurationClassBeanDefinitionReader - Registering bean definition for @Bean method org.springframework.boot.autoconfigure.web.HttpMessageConvertersAutoConfiguration.messageConverters()
15:44:09.733 [Test worker] DEBUG o.s.b.f.s.DefaultListableBeanFactory - Returning cached instance of singleton bean 'autoConfigurationReport'
15:44:09.733 [Test worker] DEBUG o.s.b.f.s.DefaultListableBeanFactory - Returning cached instance of singleton bean 'autoConfigurationReport'
15:44:09.733 [Test worker] DEBUG o.s.b.f.s.DefaultListableBeanFactory - Returning cached instance of singleton bean 'org.springframework.boot.autoconfigure.condition.BeanTypeRegistry'
15:44:09.734 [Test worker] DEBUG o.s.b.f.s.DefaultListableBeanFactory - Returning cached instance of singleton bean 'autoConfigurationReport'
15:44:09.734 [Test worker] DEBUG o.s.c.a.ConfigurationClassBeanDefinitionReader - Registered bean definition for imported class 'org.springframework.data.web.config.SpringDataWebConfiguration'
15:44:09.735 [Test worker] DEBUG o.s.c.a.ConfigurationClassBeanDefinitionReader - Registering bean definition for @Bean method org.springframework.data.web.config.SpringDataWebConfiguration.pageableResolver()
15:44:09.735 [Test worker] DEBUG o.s.c.a.ConfigurationClassBeanDefinitionReader - Registering bean definition for @Bean method org.springframework.data.web.config.SpringDataWebConfiguration.sortResolver()
15:44:09.735 [Test worker] DEBUG o.s.c.a.ConfigurationClassBeanDefinitionReader - Registered bean definition for imported class 'org.springframework.data.mongodb.core.GeoJsonConfiguration'
15:44:09.735 [Test worker] DEBUG o.s.c.a.ConfigurationClassBeanDefinitionReader - Registering bean definition for @Bean method org.springframework.data.mongodb.core.GeoJsonConfiguration.geoJsonModule()
15:44:09.735 [Test worker] DEBUG o.s.c.a.ConfigurationClassBeanDefinitionReader - Registered bean definition for imported class 'org.springframework.data.web.config.SpringDataJacksonConfiguration'
15:44:09.748 [Test worker] DEBUG o.s.c.a.ConfigurationClassBeanDefinitionReader - Registering bean definition for @Bean method org.springframework.data.web.config.SpringDataJacksonConfiguration.jacksonGeoModule()
15:44:09.749 [Test worker] DEBUG o.s.c.a.ConfigurationClassBeanDefinitionReader - Registered bean definition for imported class 'org.springframework.boot.autoconfigure.data.web.SpringDataWebAutoConfiguration'
15:44:09.750 [Test worker] DEBUG o.s.b.f.s.DefaultListableBeanFactory - Returning cached instance of singleton bean 'autoConfigurationReport'
15:44:09.752 [Test worker] DEBUG o.s.b.f.s.DefaultListableBeanFactory - Returning cached instance of singleton bean 'autoConfigurationReport'
15:44:09.756 [Test worker] DEBUG o.s.c.a.ConfigurationClassBeanDefinitionReader - Registered bean definition for imported class 'org.springframework.boot.autoconfigure.jta.JtaAutoConfiguration'
15:44:09.756 [Test worker] DEBUG o.s.b.f.s.DefaultListableBeanFactory - Returning cached instance of singleton bean 'autoConfigurationReport'
15:44:09.757 [Test worker] DEBUG o.s.b.f.s.DefaultListableBeanFactory - Returning cached instance of singleton bean 'org.springframework.boot.autoconfigure.condition.BeanTypeRegistry'
15:44:09.769 [Test worker] DEBUG o.s.b.f.s.DefaultListableBeanFactory - Returning cached instance of singleton bean 'autoConfigurationReport'
15:44:09.769 [Test worker] DEBUG o.s.b.f.s.DefaultListableBeanFactory - Returning cached instance of singleton bean 'autoConfigurationReport'
15:44:09.826 [Test worker] DEBUG o.s.b.f.s.DefaultListableBeanFactory - Returning cached instance of singleton bean 'autoConfigurationReport'
15:44:09.827 [Test worker] DEBUG o.s.c.a.ConfigurationClassBeanDefinitionReader - Registered bean definition for imported class 'org.springframework.boot.autoconfigure.jdbc.DataSourceAutoConfiguration$JdbcTemplateConfiguration'
15:44:09.828 [Test worker] DEBUG o.s.b.f.s.DefaultListableBeanFactory - Returning cached instance of singleton bean 'org.springframework.boot.autoconfigure.condition.BeanTypeRegistry'
15:44:09.832 [Test worker] DEBUG o.s.b.f.s.DefaultListableBeanFactory - Returning cached instance of singleton bean 'autoConfigurationReport'
15:44:09.832 [Test worker] DEBUG o.s.c.a.ConfigurationClassBeanDefinitionReader - Registering bean definition for @Bean method org.springframework.boot.autoconfigure.jdbc.DataSourceAutoConfiguration$JdbcTemplateConfiguration.jdbcTemplate()
15:44:09.834 [Test worker] DEBUG o.s.b.f.s.DefaultListableBeanFactory - Returning cached instance of singleton bean 'org.springframework.boot.autoconfigure.condition.BeanTypeRegistry'
15:44:09.836 [Test worker] DEBUG o.s.b.f.s.DefaultListableBeanFactory - Returning cached instance of singleton bean 'autoConfigurationReport'
15:44:09.837 [Test worker] DEBUG o.s.c.a.ConfigurationClassBeanDefinitionReader - Registering bean definition for @Bean method org.springframework.boot.autoconfigure.jdbc.DataSourceAutoConfiguration$JdbcTemplateConfiguration.namedParameterJdbcTemplate()
15:44:09.837 [Test worker] DEBUG o.s.b.f.s.DefaultListableBeanFactory - Returning cached instance of singleton bean 'autoConfigurationReport'
15:44:09.837 [Test worker] DEBUG o.s.b.f.s.DefaultListableBeanFactory - Returning cached instance of singleton bean 'org.springframework.boot.autoconfigure.condition.BeanTypeRegistry'
15:44:09.838 [Test worker] DEBUG o.s.b.f.s.DefaultListableBeanFactory - Returning cached instance of singleton bean 'org.springframework.boot.autoconfigure.condition.BeanTypeRegistry'
15:44:09.838 [Test worker] DEBUG o.s.b.f.s.DefaultListableBeanFactory - Returning cached instance of singleton bean 'autoConfigurationReport'
15:44:09.838 [Test worker] DEBUG o.s.c.a.ConfigurationClassBeanDefinitionReader - Registered bean definition for imported class 'org.springframework.boot.autoconfigure.jdbc.DataSourceAutoConfiguration$NonEmbeddedConfiguration'
15:44:09.838 [Test worker] DEBUG o.s.c.a.ConfigurationClassBeanDefinitionReader - Registering bean definition for @Bean method org.springframework.boot.autoconfigure.jdbc.DataSourceAutoConfiguration$NonEmbeddedConfiguration.dataSource()
15:44:09.840 [Test worker] DEBUG o.s.b.f.s.DefaultListableBeanFactory - Returning cached instance of singleton bean 'org.springframework.boot.autoconfigure.condition.BeanTypeRegistry'
15:44:09.842 [Test worker] DEBUG o.s.b.f.s.DefaultListableBeanFactory - Returning cached instance of singleton bean 'autoConfigurationReport'
15:44:09.845 [Test worker] DEBUG o.s.c.a.ConfigurationClassBeanDefinitionReader - Registered bean definition for imported class 'org.springframework.boot.autoconfigure.jdbc.DataSourceAutoConfiguration$DataSourceInitializerConfiguration'
15:44:09.847 [Test worker] DEBUG o.s.c.a.ConfigurationClassBeanDefinitionReader - Registering bean definition for @Bean method org.springframework.boot.autoconfigure.jdbc.DataSourceAutoConfiguration$DataSourceInitializerConfiguration.dataSourceInitializer()
15:44:09.847 [Test worker] DEBUG o.s.b.f.s.DefaultListableBeanFactory - Returning cached instance of singleton bean 'autoConfigurationReport'
15:44:09.847 [Test worker] DEBUG o.s.c.a.ConfigurationClassBeanDefinitionReader - Registered bean definition for imported class 'org.springframework.boot.autoconfigure.jdbc.metadata.DataSourcePoolMetadataProvidersConfiguration$TomcatDataSourcePoolMetadataProviderConfiguration'
15:44:09.847 [Test worker] DEBUG o.s.c.a.ConfigurationClassBeanDefinitionReader - Registering bean definition for @Bean method org.springframework.boot.autoconfigure.jdbc.metadata.DataSourcePoolMetadataProvidersConfiguration$TomcatDataSourcePoolMetadataProviderConfiguration.tomcatPoolDataSourceMetadataProvider()
15:44:09.847 [Test worker] DEBUG o.s.c.a.ConfigurationClassBeanDefinitionReader - Registered bean definition for imported class 'org.springframework.boot.autoconfigure.jdbc.metadata.DataSourcePoolMetadataProvidersConfiguration'
15:44:09.848 [Test worker] DEBUG o.s.c.a.ConfigurationClassBeanDefinitionReader - Registered bean definition for imported class 'org.springframework.boot.autoconfigure.jdbc.DataSourceAutoConfiguration'
15:44:09.851 [Test worker] DEBUG o.s.b.f.s.DefaultListableBeanFactory - Returning cached instance of singleton bean 'autoConfigurationReport'
15:44:09.856 [Test worker] DEBUG o.s.b.f.s.DefaultListableBeanFactory - Returning cached instance of singleton bean 'autoConfigurationReport'
15:44:09.856 [Test worker] DEBUG o.s.c.a.ConfigurationClassBeanDefinitionReader - Registered bean definition for imported class 'org.springframework.boot.autoconfigure.jmx.JmxAutoConfiguration'
15:44:09.856 [Test worker] DEBUG o.s.b.f.s.DefaultListableBeanFactory - Returning cached instance of singleton bean 'org.springframework.boot.autoconfigure.condition.BeanTypeRegistry'
15:44:09.863 [Test worker] DEBUG o.s.b.f.s.DefaultListableBeanFactory - Returning cached instance of singleton bean 'autoConfigurationReport'
15:44:09.863 [Test worker] DEBUG o.s.c.a.ConfigurationClassBeanDefinitionReader - Registering bean definition for @Bean method org.springframework.boot.autoconfigure.jmx.JmxAutoConfiguration.mbeanExporter()
15:44:09.864 [Test worker] DEBUG o.s.b.f.s.DefaultListableBeanFactory - Returning cached instance of singleton bean 'org.springframework.boot.autoconfigure.condition.BeanTypeRegistry'
15:44:09.871 [Test worker] DEBUG o.s.b.f.s.DefaultListableBeanFactory - Returning cached instance of singleton bean 'autoConfigurationReport'
15:44:09.872 [Test worker] DEBUG o.s.c.a.ConfigurationClassBeanDefinitionReader - Registering bean definition for @Bean method org.springframework.boot.autoconfigure.jmx.JmxAutoConfiguration.objectNamingStrategy()
15:44:09.874 [Test worker] DEBUG o.s.b.f.s.DefaultListableBeanFactory - Returning cached instance of singleton bean 'org.springframework.boot.autoconfigure.condition.BeanTypeRegistry'
15:44:09.874 [Test worker] DEBUG o.s.b.f.s.DefaultListableBeanFactory - Returning cached instance of singleton bean 'autoConfigurationReport'
15:44:09.875 [Test worker] DEBUG o.s.c.a.ConfigurationClassBeanDefinitionReader - Registering bean definition for @Bean method org.springframework.boot.autoconfigure.jmx.JmxAutoConfiguration.mbeanServer()
15:44:09.875 [Test worker] DEBUG o.s.b.f.s.DefaultListableBeanFactory - Returning cached instance of singleton bean 'autoConfigurationReport'
15:44:09.875 [Test worker] DEBUG o.s.b.f.s.DefaultListableBeanFactory - Returning cached instance of singleton bean 'org.springframework.boot.autoconfigure.condition.BeanTypeRegistry'
15:44:09.875 [Test worker] DEBUG o.s.b.f.s.DefaultListableBeanFactory - Returning cached instance of singleton bean 'autoConfigurationReport'
15:44:09.876 [Test worker] DEBUG o.s.c.a.ConfigurationClassBeanDefinitionReader - Registered bean definition for imported class 'org.springframework.transaction.annotation.ProxyTransactionManagementConfiguration'
15:44:09.876 [Test worker] DEBUG o.s.c.a.ConfigurationClassBeanDefinitionReader - Registering bean definition for @Bean method org.springframework.transaction.annotation.ProxyTransactionManagementConfiguration.org.springframework.transaction.config.internalTransactionAdvisor()
15:44:09.876 [Test worker] DEBUG o.s.c.a.ConfigurationClassBeanDefinitionReader - Registering bean definition for @Bean method org.springframework.transaction.annotation.ProxyTransactionManagementConfiguration.transactionAttributeSource()
15:44:09.876 [Test worker] DEBUG o.s.c.a.ConfigurationClassBeanDefinitionReader - Registering bean definition for @Bean method org.springframework.transaction.annotation.ProxyTransactionManagementConfiguration.transactionInterceptor()
15:44:09.876 [Test worker] DEBUG o.s.c.a.ConfigurationClassBeanDefinitionReader - Registered bean definition for imported class 'org.springframework.boot.autoconfigure.jdbc.DataSourceTransactionManagerAutoConfiguration$TransactionManagementConfiguration'
15:44:09.877 [Test worker] DEBUG o.s.c.a.ConfigurationClassBeanDefinitionReader - Registered bean definition for imported class 'org.springframework.boot.autoconfigure.jdbc.DataSourceTransactionManagerAutoConfiguration'
15:44:09.877 [Test worker] DEBUG o.s.b.f.s.DefaultListableBeanFactory - Returning cached instance of singleton bean 'org.springframework.boot.autoconfigure.condition.BeanTypeRegistry'
15:44:09.892 [Test worker] DEBUG o.s.b.f.s.DefaultListableBeanFactory - Returning cached instance of singleton bean 'autoConfigurationReport'
15:44:09.892 [Test worker] DEBUG o.s.b.f.s.DefaultListableBeanFactory - Returning cached instance of singleton bean 'org.springframework.boot.autoconfigure.condition.BeanTypeRegistry'
15:44:09.893 [Test worker] DEBUG o.s.b.f.s.DefaultListableBeanFactory - Returning cached instance of singleton bean 'autoConfigurationReport'
15:44:09.894 [Test worker] DEBUG o.s.c.a.ConfigurationClassBeanDefinitionReader - Registering bean definition for @Bean method org.springframework.boot.autoconfigure.jdbc.DataSourceTransactionManagerAutoConfiguration.transactionManager()
15:44:09.895 [Test worker] DEBUG o.s.b.f.s.DefaultListableBeanFactory - Returning cached instance of singleton bean 'autoConfigurationReport'
15:44:09.899 [Test worker] DEBUG o.s.b.f.s.DefaultListableBeanFactory - Returning cached instance of singleton bean 'org.springframework.boot.autoconfigure.condition.BeanTypeRegistry'
15:44:09.900 [Test worker] DEBUG o.s.b.f.s.DefaultListableBeanFactory - Returning cached instance of singleton bean 'org.springframework.boot.autoconfigure.condition.BeanTypeRegistry'
15:44:09.900 [Test worker] DEBUG o.s.b.f.s.DefaultListableBeanFactory - Returning cached instance of singleton bean 'autoConfigurationReport'
15:44:09.901 [Test worker] DEBUG o.s.b.f.s.DefaultListableBeanFactory - Returning cached instance of singleton bean 'autoConfigurationReport'
15:44:09.901 [Test worker] DEBUG o.s.b.f.s.DefaultListableBeanFactory - Returning cached instance of singleton bean 'autoConfigurationReport'
15:44:09.901 [Test worker] DEBUG o.s.b.f.s.DefaultListableBeanFactory - Returning cached instance of singleton bean 'autoConfigurationReport'
15:44:09.901 [Test worker] DEBUG o.s.c.a.ConfigurationClassBeanDefinitionReader - Registered bean definition for imported class 'org.springframework.boot.autoconfigure.thymeleaf.ThymeleafAutoConfiguration$ThymeleafViewResolverConfiguration'
15:44:09.902 [Test worker] DEBUG o.s.b.f.s.DefaultListableBeanFactory - Returning cached instance of singleton bean 'autoConfigurationReport'
15:44:09.903 [Test worker] DEBUG o.s.b.f.s.DefaultListableBeanFactory - Returning cached instance of singleton bean 'autoConfigurationReport'
15:44:09.903 [Test worker] DEBUG o.s.c.a.ConfigurationClassBeanDefinitionReader - Registering bean definition for @Bean method org.springframework.boot.autoconfigure.thymeleaf.ThymeleafAutoConfiguration$ThymeleafViewResolverConfiguration.thymeleafViewResolver()
15:44:09.905 [Test worker] DEBUG o.s.b.f.s.DefaultListableBeanFactory - Returning cached instance of singleton bean 'org.springframework.boot.autoconfigure.condition.BeanTypeRegistry'
15:44:09.932 [Test worker] DEBUG o.s.b.f.s.DefaultListableBeanFactory - Returning cached instance of singleton bean 'autoConfigurationReport'
15:44:09.932 [Test worker] DEBUG o.s.c.a.ConfigurationClassBeanDefinitionReader - Registered bean definition for imported class 'org.springframework.boot.autoconfigure.thymeleaf.ThymeleafAutoConfiguration$ThymeleafDefaultConfiguration'
15:44:09.932 [Test worker] DEBUG o.s.c.a.ConfigurationClassBeanDefinitionReader - Registering bean definition for @Bean method org.springframework.boot.autoconfigure.thymeleaf.ThymeleafAutoConfiguration$ThymeleafDefaultConfiguration.templateEngine()
15:44:09.933 [Test worker] DEBUG o.s.b.f.s.DefaultListableBeanFactory - Returning cached instance of singleton bean 'autoConfigurationReport'
15:44:09.933 [Test worker] DEBUG o.s.c.a.ConfigurationClassBeanDefinitionReader - Registered bean definition for imported class 'org.springframework.boot.autoconfigure.thymeleaf.ThymeleafAutoConfiguration$DefaultTemplateResolverConfiguration'
15:44:09.933 [Test worker] DEBUG o.s.c.a.ConfigurationClassBeanDefinitionReader - Registering bean definition for @Bean method org.springframework.boot.autoconfigure.thymeleaf.ThymeleafAutoConfiguration$DefaultTemplateResolverConfiguration.defaultTemplateResolver()
15:44:09.933 [Test worker] DEBUG o.s.c.a.ConfigurationClassBeanDefinitionReader - Registering bean definition for @Bean method org.springframework.boot.autoconfigure.thymeleaf.ThymeleafAutoConfiguration$DefaultTemplateResolverConfiguration.thymeleafResourceResolver()
15:44:09.933 [Test worker] DEBUG o.s.c.a.ConfigurationClassBeanDefinitionReader - Registered bean definition for imported class 'org.springframework.boot.autoconfigure.thymeleaf.ThymeleafAutoConfiguration'
15:44:09.942 [Test worker] DEBUG o.s.b.f.s.DefaultListableBeanFactory - Returning cached instance of singleton bean 'autoConfigurationReport'
15:44:09.942 [Test worker] DEBUG o.s.c.a.ConfigurationClassBeanDefinitionReader - Registered bean definition for imported class 'org.springframework.boot.autoconfigure.mongo.MongoDataAutoConfiguration'
15:44:09.956 [Test worker] DEBUG o.s.b.f.s.DefaultListableBeanFactory - Returning cached instance of singleton bean 'org.springframework.boot.autoconfigure.condition.BeanTypeRegistry'
15:44:09.968 [Test worker] DEBUG o.s.b.f.s.DefaultListableBeanFactory - Returning cached instance of singleton bean 'autoConfigurationReport'
15:44:09.968 [Test worker] DEBUG o.s.c.a.ConfigurationClassBeanDefinitionReader - Registering bean definition for @Bean method org.springframework.boot.autoconfigure.mongo.MongoDataAutoConfiguration.mongoDbFactory()
15:44:09.969 [Test worker] DEBUG o.s.b.f.s.DefaultListableBeanFactory - Returning cached instance of singleton bean 'org.springframework.boot.autoconfigure.condition.BeanTypeRegistry'
15:44:09.969 [Test worker] DEBUG o.s.b.f.s.DefaultListableBeanFactory - Returning cached instance of singleton bean 'autoConfigurationReport'
15:44:09.969 [Test worker] DEBUG o.s.c.a.ConfigurationClassBeanDefinitionReader - Registering bean definition for @Bean method org.springframework.boot.autoconfigure.mongo.MongoDataAutoConfiguration.mongoTemplate()
15:44:09.969 [Test worker] DEBUG o.s.b.f.s.DefaultListableBeanFactory - Returning cached instance of singleton bean 'org.springframework.boot.autoconfigure.condition.BeanTypeRegistry'
15:44:09.970 [Test worker] DEBUG o.s.b.f.s.DefaultListableBeanFactory - Returning cached instance of singleton bean 'autoConfigurationReport'
15:44:09.972 [Test worker] DEBUG o.s.c.a.ConfigurationClassBeanDefinitionReader - Registering bean definition for @Bean method org.springframework.boot.autoconfigure.mongo.MongoDataAutoConfiguration.mappingMongoConverter()
15:44:09.972 [Test worker] DEBUG o.s.b.f.s.DefaultListableBeanFactory - Returning cached instance of singleton bean 'org.springframework.boot.autoconfigure.condition.BeanTypeRegistry'
15:44:09.972 [Test worker] DEBUG o.s.b.f.s.DefaultListableBeanFactory - Returning cached instance of singleton bean 'autoConfigurationReport'
15:44:09.973 [Test worker] DEBUG o.s.b.f.s.DefaultListableBeanFactory - Returning cached instance of singleton bean 'org.springframework.boot.autoconfigure.condition.BeanTypeRegistry'
15:44:09.973 [Test worker] DEBUG o.s.b.f.s.DefaultListableBeanFactory - Returning cached instance of singleton bean 'autoConfigurationReport'
15:44:09.974 [Test worker] DEBUG o.s.c.a.ConfigurationClassBeanDefinitionReader - Registering bean definition for @Bean method org.springframework.boot.autoconfigure.mongo.MongoDataAutoConfiguration.gridFsTemplate()
15:44:09.974 [Test worker] DEBUG o.s.b.f.s.DefaultListableBeanFactory - Returning cached instance of singleton bean 'autoConfigurationReport'
15:44:09.976 [Test worker] DEBUG o.s.b.f.s.DefaultListableBeanFactory - Returning cached instance of singleton bean 'autoConfigurationReport'
15:44:09.976 [Test worker] DEBUG o.s.b.f.s.DefaultListableBeanFactory - Returning cached instance of singleton bean 'autoConfigurationReport'
15:44:09.977 [Test worker] DEBUG o.s.b.f.s.DefaultListableBeanFactory - Returning cached instance of singleton bean 'org.springframework.boot.autoconfigure.condition.BeanTypeRegistry'
15:44:09.978 [Test worker] DEBUG o.s.b.f.s.DefaultListableBeanFactory - Returning cached instance of singleton bean 'autoConfigurationReport'
15:44:09.980 [Test worker] DEBUG o.s.b.f.s.DefaultListableBeanFactory - Returning cached instance of singleton bean 'autoConfigurationReport'
15:44:09.981 [Test worker] DEBUG o.s.c.a.ConfigurationClassBeanDefinitionReader - Registered bean definition for imported class 'org.springframework.boot.autoconfigure.security.SpringBootWebSecurityConfiguration$ApplicationWebSecurityConfigurerAdapter'
15:44:09.981 [Test worker] DEBUG o.s.b.f.s.DefaultListableBeanFactory - Returning cached instance of singleton bean 'autoConfigurationReport'
15:44:09.981 [Test worker] DEBUG o.s.b.f.s.DefaultListableBeanFactory - Returning cached instance of singleton bean 'org.springframework.boot.autoconfigure.condition.BeanTypeRegistry'
15:44:09.985 [Test worker] DEBUG o.s.b.f.s.DefaultListableBeanFactory - Returning cached instance of singleton bean 'autoConfigurationReport'
15:44:09.985 [Test worker] DEBUG o.s.c.a.ConfigurationClassBeanDefinitionReader - Registered bean definition for imported class 'org.springframework.security.config.annotation.authentication.configuration.AuthenticationConfiguration'
15:44:09.985 [Test worker] DEBUG o.s.c.a.ConfigurationClassBeanDefinitionReader - Registering bean definition for @Bean method org.springframework.security.config.annotation.authentication.configuration.AuthenticationConfiguration.authenticationManagerBuilder()
15:44:09.986 [Test worker] DEBUG o.s.c.a.ConfigurationClassBeanDefinitionReader - Registering bean definition for @Bean method org.springframework.security.config.annotation.authentication.configuration.AuthenticationConfiguration.enableGlobalAuthenticationAutowiredConfigurer()
15:44:09.986 [Test worker] DEBUG o.s.c.a.ConfigurationClassBeanDefinitionReader - Registered bean definition for imported class 'org.springframework.security.config.annotation.web.configuration.WebSecurityConfiguration'
15:44:09.986 [Test worker] DEBUG o.s.c.a.ConfigurationClassBeanDefinitionReader - Registering bean definition for @Bean method org.springframework.security.config.annotation.web.configuration.WebSecurityConfiguration.delegatingApplicationListener()
15:44:09.986 [Test worker] DEBUG o.s.c.a.ConfigurationClassBeanDefinitionReader - Registering bean definition for @Bean method org.springframework.security.config.annotation.web.configuration.WebSecurityConfiguration.webSecurityExpressionHandler()
15:44:09.986 [Test worker] DEBUG o.s.c.a.ConfigurationClassBeanDefinitionReader - Registering bean definition for @Bean method org.springframework.security.config.annotation.web.configuration.WebSecurityConfiguration.springSecurityFilterChain()
15:44:09.987 [Test worker] DEBUG o.s.c.a.ConfigurationClassBeanDefinitionReader - Registering bean definition for @Bean method org.springframework.security.config.annotation.web.configuration.WebSecurityConfiguration.privilegeEvaluator()
15:44:09.987 [Test worker] DEBUG o.s.c.a.ConfigurationClassBeanDefinitionReader - Registering bean definition for @Bean method org.springframework.security.config.annotation.web.configuration.WebSecurityConfiguration.autowiredWebSecurityConfigurersIgnoreParents()
15:44:09.987 [Test worker] DEBUG o.s.c.a.ConfigurationClassBeanDefinitionReader - Registered bean definition for imported class 'org.springframework.security.config.annotation.configuration.ObjectPostProcessorConfiguration'
15:44:09.987 [Test worker] DEBUG o.s.c.a.ConfigurationClassBeanDefinitionReader - Registering bean definition for @Bean method org.springframework.security.config.annotation.configuration.ObjectPostProcessorConfiguration.objectPostProcessor()
15:44:09.987 [Test worker] DEBUG o.s.c.a.ConfigurationClassBeanDefinitionReader - Registered bean definition for imported class 'org.springframework.security.config.annotation.web.servlet.configuration.WebMvcSecurityConfiguration'
15:44:09.987 [Test worker] DEBUG o.s.c.a.ConfigurationClassBeanDefinitionReader - Registering bean definition for @Bean method org.springframework.security.config.annotation.web.servlet.configuration.WebMvcSecurityConfiguration.requestDataValueProcessor()
15:44:09.987 [Test worker] DEBUG o.s.c.a.ConfigurationClassBeanDefinitionReader - Registered bean definition for imported class 'org.springframework.boot.autoconfigure.security.SpringBootWebSecurityConfiguration$WebMvcSecurityConfigurationConditions$DefaultWebMvcSecurityConfiguration'
15:44:09.987 [Test worker] DEBUG o.s.c.a.ConfigurationClassBeanDefinitionReader - Registered bean definition for imported class 'org.springframework.boot.autoconfigure.security.SpringBootWebSecurityConfiguration$WebMvcSecurityConfigurationConditions'
15:44:09.987 [Test worker] DEBUG o.s.c.a.ConfigurationClassBeanDefinitionReader - Registered bean definition for imported class 'org.springframework.boot.autoconfigure.security.SpringBootWebSecurityConfiguration'
15:44:10.003 [Test worker] DEBUG o.s.b.f.s.DefaultListableBeanFactory - Returning cached instance of singleton bean 'org.springframework.boot.autoconfigure.condition.BeanTypeRegistry'
15:44:10.023 [Test worker] DEBUG o.s.b.f.s.DefaultListableBeanFactory - Returning cached instance of singleton bean 'autoConfigurationReport'
15:44:10.025 [Test worker] DEBUG o.s.c.a.ConfigurationClassBeanDefinitionReader - Registering bean definition for @Bean method org.springframework.boot.autoconfigure.security.SpringBootWebSecurityConfiguration.ignoredPathsWebSecurityConfigurerAdapter()
15:44:10.026 [Test worker] DEBUG o.s.b.f.s.DefaultListableBeanFactory - Returning cached instance of singleton bean 'autoConfigurationReport'
15:44:10.026 [Test worker] DEBUG o.s.c.a.ConfigurationClassBeanDefinitionReader - Registering bean definition for @Bean method org.springframework.boot.autoconfigure.security.SpringBootWebSecurityConfiguration.securityFilterChainRegistration()
15:44:10.029 [Test worker] DEBUG o.s.b.f.s.DefaultListableBeanFactory - Returning cached instance of singleton bean 'org.springframework.boot.autoconfigure.condition.BeanTypeRegistry'
15:44:10.067 [Test worker] DEBUG o.s.b.f.s.DefaultListableBeanFactory - Returning cached instance of singleton bean 'org.springframework.boot.autoconfigure.condition.BeanTypeRegistry'
15:44:10.067 [Test worker] DEBUG o.s.b.f.s.DefaultListableBeanFactory - Returning cached instance of singleton bean 'autoConfigurationReport'
15:44:10.068 [Test worker] DEBUG o.s.b.f.s.DefaultListableBeanFactory - Returning cached instance of singleton bean 'org.springframework.boot.autoconfigure.condition.BeanTypeRegistry'
15:44:10.068 [Test worker] DEBUG o.s.b.f.s.DefaultListableBeanFactory - Returning cached instance of singleton bean 'org.springframework.boot.autoconfigure.condition.BeanTypeRegistry'
15:44:10.068 [Test worker] DEBUG o.s.b.f.s.DefaultListableBeanFactory - Returning cached instance of singleton bean 'autoConfigurationReport'
15:44:10.068 [Test worker] DEBUG o.s.c.a.ConfigurationClassBeanDefinitionReader - Registered bean definition for imported class 'org.springframework.boot.autoconfigure.security.AuthenticationManagerConfiguration$AuthenticationManagerConfigurationListener'
15:44:10.068 [Test worker] DEBUG o.s.c.a.ConfigurationClassBeanDefinitionReader - Registered bean definition for imported class 'org.springframework.boot.autoconfigure.security.AuthenticationManagerConfiguration'
15:44:10.068 [Test worker] DEBUG o.s.c.a.ConfigurationClassBeanDefinitionReader - Registering bean definition for @Bean method org.springframework.boot.autoconfigure.security.AuthenticationManagerConfiguration.authenticationManager()
15:44:10.069 [Test worker] DEBUG o.s.c.a.ConfigurationClassBeanDefinitionReader - Registering bean definition for @Bean method org.springframework.boot.autoconfigure.security.AuthenticationManagerConfiguration.springBootAuthenticationConfigurerAdapter()
15:44:10.069 [Test worker] DEBUG o.s.b.f.s.DefaultListableBeanFactory - Returning cached instance of singleton bean 'autoConfigurationReport'
15:44:10.069 [Test worker] DEBUG o.s.c.a.ConfigurationClassBeanDefinitionReader - Registered bean definition for imported class 'org.springframework.boot.autoconfigure.security.BootGlobalAuthenticationConfiguration'
15:44:10.069 [Test worker] DEBUG o.s.c.a.ConfigurationClassBeanDefinitionReader - Registering bean definition for @Bean method org.springframework.boot.autoconfigure.security.BootGlobalAuthenticationConfiguration.bootGlobalAuthenticationConfigurationAdapter()
15:44:10.074 [Test worker] DEBUG o.s.c.a.ConfigurationClassBeanDefinitionReader - Registered bean definition for imported class 'org.springframework.boot.autoconfigure.security.SecurityAutoConfiguration'
15:44:10.076 [Test worker] DEBUG o.s.b.f.s.DefaultListableBeanFactory - Returning cached instance of singleton bean 'org.springframework.boot.autoconfigure.condition.BeanTypeRegistry'
15:44:10.083 [Test worker] DEBUG o.s.b.f.s.DefaultListableBeanFactory - Returning cached instance of singleton bean 'autoConfigurationReport'
15:44:10.084 [Test worker] DEBUG o.s.c.a.ConfigurationClassBeanDefinitionReader - Registering bean definition for @Bean method org.springframework.boot.autoconfigure.security.SecurityAutoConfiguration.authenticationEventPublisher()
15:44:10.084 [Test worker] DEBUG o.s.b.f.s.DefaultListableBeanFactory - Returning cached instance of singleton bean 'org.springframework.boot.autoconfigure.condition.BeanTypeRegistry'
15:44:10.084 [Test worker] DEBUG o.s.b.f.s.DefaultListableBeanFactory - Returning cached instance of singleton bean 'autoConfigurationReport'
15:44:10.085 [Test worker] DEBUG o.s.c.a.ConfigurationClassBeanDefinitionReader - Registering bean definition for @Bean method org.springframework.boot.autoconfigure.security.SecurityAutoConfiguration.securityProperties()
15:44:10.085 [Test worker] DEBUG o.s.b.f.s.DefaultListableBeanFactory - Returning cached instance of singleton bean 'autoConfigurationReport'
15:44:10.086 [Test worker] DEBUG o.s.b.f.s.DefaultListableBeanFactory - Returning cached instance of singleton bean 'autoConfigurationReport'
15:44:10.087 [Test worker] DEBUG o.s.c.a.ConfigurationClassBeanDefinitionReader - Registered bean definition for imported class 'org.springframework.boot.autoconfigure.web.HttpEncodingAutoConfiguration'
15:44:10.087 [Test worker] DEBUG o.s.b.f.s.DefaultListableBeanFactory - Returning cached instance of singleton bean 'org.springframework.boot.autoconfigure.condition.BeanTypeRegistry'
15:44:10.088 [Test worker] DEBUG o.s.b.f.s.DefaultListableBeanFactory - Returning cached instance of singleton bean 'autoConfigurationReport'
15:44:10.089 [Test worker] DEBUG o.s.c.a.ConfigurationClassBeanDefinitionReader - Registering bean definition for @Bean method org.springframework.boot.autoconfigure.web.HttpEncodingAutoConfiguration.characterEncodingFilter()
15:44:10.089 [Test worker] DEBUG o.s.b.f.s.DefaultListableBeanFactory - Returning cached instance of singleton bean 'autoConfigurationReport'
15:44:10.089 [Test worker] DEBUG o.s.b.f.s.DefaultListableBeanFactory - Returning cached instance of singleton bean 'autoConfigurationReport'
15:44:10.089 [Test worker] DEBUG o.s.c.a.ConfigurationClassBeanDefinitionReader - Registered bean definition for imported class 'org.springframework.boot.autoconfigure.web.MultipartAutoConfiguration'
15:44:10.091 [Test worker] DEBUG o.s.b.f.s.DefaultListableBeanFactory - Returning cached instance of singleton bean 'org.springframework.boot.autoconfigure.condition.BeanTypeRegistry'
15:44:10.092 [Test worker] DEBUG o.s.b.f.s.DefaultListableBeanFactory - Returning cached instance of singleton bean 'autoConfigurationReport'
15:44:10.093 [Test worker] DEBUG o.s.c.a.ConfigurationClassBeanDefinitionReader - Registering bean definition for @Bean method org.springframework.boot.autoconfigure.web.MultipartAutoConfiguration.multipartConfigElement()
15:44:10.093 [Test worker] DEBUG o.s.b.f.s.DefaultListableBeanFactory - Returning cached instance of singleton bean 'org.springframework.boot.autoconfigure.condition.BeanTypeRegistry'
15:44:10.093 [Test worker] DEBUG o.s.b.f.s.DefaultListableBeanFactory - Returning cached instance of singleton bean 'autoConfigurationReport'
15:44:10.094 [Test worker] DEBUG o.s.c.a.ConfigurationClassBeanDefinitionReader - Registering bean definition for @Bean method org.springframework.boot.autoconfigure.web.MultipartAutoConfiguration.multipartResolver()
15:44:10.097 [Test worker] DEBUG o.s.b.f.s.DefaultListableBeanFactory - Returning cached instance of singleton bean 'autoConfigurationReport'
15:44:10.097 [Test worker] DEBUG o.s.c.a.ConfigurationClassBeanDefinitionReader - Registered bean definition for imported class 'org.springframework.boot.autoconfigure.web.ServerPropertiesAutoConfiguration'
15:44:10.099 [Test worker] DEBUG o.s.b.f.s.DefaultListableBeanFactory - Returning cached instance of singleton bean 'org.springframework.boot.autoconfigure.condition.BeanTypeRegistry'
15:44:10.100 [Test worker] DEBUG o.s.b.f.s.DefaultListableBeanFactory - Returning cached instance of singleton bean 'autoConfigurationReport'
15:44:10.100 [Test worker] DEBUG o.s.c.a.ConfigurationClassBeanDefinitionReader - Registering bean definition for @Bean method org.springframework.boot.autoconfigure.web.ServerPropertiesAutoConfiguration.serverProperties()
15:44:10.359 [Test worker] DEBUG o.s.c.a.ConfigurationClassEnhancer - Successfully enhanced io.github.thisisnozaku.charactercreator.NeoneCoreApplication; enhanced class name is: io.github.thisisnozaku.charactercreator.NeoneCoreApplication$$EnhancerBySpringCGLIB$$a0ba2776
15:44:10.360 [Test worker] DEBUG o.s.c.a.ConfigurationClassPostProcessor - Replacing bean definition 'neoneCoreApplication' existing class name 'io.github.thisisnozaku.charactercreator.NeoneCoreApplication' with enhanced class name 'io.github.thisisnozaku.charactercreator.NeoneCoreApplication$$EnhancerBySpringCGLIB$$a0ba2776'
15:44:10.363 [Test worker] DEBUG o.s.c.a.ConfigurationClassEnhancer - Successfully enhanced org.springframework.boot.autoconfigure.PropertyPlaceholderAutoConfiguration; enhanced class name is: org.springframework.boot.autoconfigure.PropertyPlaceholderAutoConfiguration$$EnhancerBySpringCGLIB$$16fbae2f
15:44:10.363 [Test worker] DEBUG o.s.c.a.ConfigurationClassPostProcessor - Replacing bean definition 'org.springframework.boot.autoconfigure.PropertyPlaceholderAutoConfiguration' existing class name 'org.springframework.boot.autoconfigure.PropertyPlaceholderAutoConfiguration' with enhanced class name 'org.springframework.boot.autoconfigure.PropertyPlaceholderAutoConfiguration$$EnhancerBySpringCGLIB$$16fbae2f'
15:44:10.363 [Test worker] DEBUG o.s.c.a.ConfigurationClassEnhancer - Successfully enhanced org.springframework.boot.autoconfigure.PropertyPlaceholderAutoConfiguration; enhanced class name is: org.springframework.boot.autoconfigure.PropertyPlaceholderAutoConfiguration$$EnhancerBySpringCGLIB$$16fbae2f
15:44:10.364 [Test worker] DEBUG o.s.c.a.ConfigurationClassPostProcessor - Replacing bean definition 'propertySourcesPlaceholderConfigurer' existing class name 'org.springframework.boot.autoconfigure.PropertyPlaceholderAutoConfiguration' with enhanced class name 'org.springframework.boot.autoconfigure.PropertyPlaceholderAutoConfiguration$$EnhancerBySpringCGLIB$$16fbae2f'
15:44:10.374 [Test worker] DEBUG o.s.c.a.ConfigurationClassEnhancer - Successfully enhanced org.springframework.boot.autoconfigure.websocket.WebSocketAutoConfiguration$TomcatWebSocketConfiguration; enhanced class name is: org.springframework.boot.autoconfigure.websocket.WebSocketAutoConfiguration$TomcatWebSocketConfiguration$$EnhancerBySpringCGLIB$$6abc3bfe
15:44:10.374 [Test worker] DEBUG o.s.c.a.ConfigurationClassPostProcessor - Replacing bean definition 'org.springframework.boot.autoconfigure.websocket.WebSocketAutoConfiguration$TomcatWebSocketConfiguration' existing class name 'org.springframework.boot.autoconfigure.websocket.WebSocketAutoConfiguration$TomcatWebSocketConfiguration' with enhanced class name 'org.springframework.boot.autoconfigure.websocket.WebSocketAutoConfiguration$TomcatWebSocketConfiguration$$EnhancerBySpringCGLIB$$6abc3bfe'
15:44:10.377 [Test worker] DEBUG o.s.c.a.ConfigurationClassEnhancer - Successfully enhanced org.springframework.boot.autoconfigure.websocket.WebSocketAutoConfiguration; enhanced class name is: org.springframework.boot.autoconfigure.websocket.WebSocketAutoConfiguration$$EnhancerBySpringCGLIB$$ed17764d
15:44:10.378 [Test worker] DEBUG o.s.c.a.ConfigurationClassPostProcessor - Replacing bean definition 'org.springframework.boot.autoconfigure.websocket.WebSocketAutoConfiguration' existing class name 'org.springframework.boot.autoconfigure.websocket.WebSocketAutoConfiguration' with enhanced class name 'org.springframework.boot.autoconfigure.websocket.WebSocketAutoConfiguration$$EnhancerBySpringCGLIB$$ed17764d'
15:44:10.381 [Test worker] DEBUG o.s.c.a.ConfigurationClassEnhancer - Successfully enhanced org.springframework.boot.autoconfigure.web.EmbeddedServletContainerAutoConfiguration$EmbeddedTomcat; enhanced class name is: org.springframework.boot.autoconfigure.web.EmbeddedServletContainerAutoConfiguration$EmbeddedTomcat$$EnhancerBySpringCGLIB$$5c8b9c91
15:44:10.381 [Test worker] DEBUG o.s.c.a.ConfigurationClassPostProcessor - Replacing bean definition 'org.springframework.boot.autoconfigure.web.EmbeddedServletContainerAutoConfiguration$EmbeddedTomcat' existing class name 'org.springframework.boot.autoconfigure.web.EmbeddedServletContainerAutoConfiguration$EmbeddedTomcat' with enhanced class name 'org.springframework.boot.autoconfigure.web.EmbeddedServletContainerAutoConfiguration$EmbeddedTomcat$$EnhancerBySpringCGLIB$$5c8b9c91'
15:44:10.384 [Test worker] DEBUG o.s.c.a.ConfigurationClassEnhancer - Successfully enhanced org.springframework.boot.autoconfigure.web.EmbeddedServletContainerAutoConfiguration; enhanced class name is: org.springframework.boot.autoconfigure.web.EmbeddedServletContainerAutoConfiguration$$EnhancerBySpringCGLIB$$2a1a5535
15:44:10.384 [Test worker] DEBUG o.s.c.a.ConfigurationClassPostProcessor - Replacing bean definition 'org.springframework.boot.autoconfigure.web.EmbeddedServletContainerAutoConfiguration' existing class name 'org.springframework.boot.autoconfigure.web.EmbeddedServletContainerAutoConfiguration' with enhanced class name 'org.springframework.boot.autoconfigure.web.EmbeddedServletContainerAutoConfiguration$$EnhancerBySpringCGLIB$$2a1a5535'
15:44:10.400 [Test worker] DEBUG o.s.c.a.ConfigurationClassEnhancer - Successfully enhanced org.springframework.boot.autoconfigure.web.DispatcherServletAutoConfiguration$DispatcherServletConfiguration; enhanced class name is: org.springframework.boot.autoconfigure.web.DispatcherServletAutoConfiguration$DispatcherServletConfiguration$$EnhancerBySpringCGLIB$$f9ccba07
15:44:10.400 [Test worker] DEBUG o.s.c.a.ConfigurationClassPostProcessor - Replacing bean definition 'org.springframework.boot.autoconfigure.web.DispatcherServletAutoConfiguration$DispatcherServletConfiguration' existing class name 'org.springframework.boot.autoconfigure.web.DispatcherServletAutoConfiguration$DispatcherServletConfiguration' with enhanced class name 'org.springframework.boot.autoconfigure.web.DispatcherServletAutoConfiguration$DispatcherServletConfiguration$$EnhancerBySpringCGLIB$$f9ccba07'
15:44:10.403 [Test worker] DEBUG o.s.c.a.ConfigurationClassEnhancer - Successfully enhanced org.springframework.boot.autoconfigure.web.DispatcherServletAutoConfiguration; enhanced class name is: org.springframework.boot.autoconfigure.web.DispatcherServletAutoConfiguration$$EnhancerBySpringCGLIB$$ccad14c9
15:44:10.403 [Test worker] DEBUG o.s.c.a.ConfigurationClassPostProcessor - Replacing bean definition 'org.springframework.boot.autoconfigure.web.DispatcherServletAutoConfiguration' existing class name 'org.springframework.boot.autoconfigure.web.DispatcherServletAutoConfiguration' with enhanced class name 'org.springframework.boot.autoconfigure.web.DispatcherServletAutoConfiguration$$EnhancerBySpringCGLIB$$ccad14c9'
15:44:10.411 [Test worker] DEBUG o.s.c.a.ConfigurationClassEnhancer - Successfully enhanced org.springframework.boot.autoconfigure.web.ErrorMvcAutoConfiguration$WhitelabelErrorViewConfiguration; enhanced class name is: org.springframework.boot.autoconfigure.web.ErrorMvcAutoConfiguration$WhitelabelErrorViewConfiguration$$EnhancerBySpringCGLIB$$3ed068a3
15:44:10.412 [Test worker] DEBUG o.s.c.a.ConfigurationClassPostProcessor - Replacing bean definition 'org.springframework.boot.autoconfigure.web.ErrorMvcAutoConfiguration$WhitelabelErrorViewConfiguration' existing class name 'org.springframework.boot.autoconfigure.web.ErrorMvcAutoConfiguration$WhitelabelErrorViewConfiguration' with enhanced class name 'org.springframework.boot.autoconfigure.web.ErrorMvcAutoConfiguration$WhitelabelErrorViewConfiguration$$EnhancerBySpringCGLIB$$3ed068a3'
15:44:10.417 [Test worker] DEBUG o.s.c.a.ConfigurationClassEnhancer - Successfully enhanced org.springframework.boot.autoconfigure.web.ErrorMvcAutoConfiguration; enhanced class name is: org.springframework.boot.autoconfigure.web.ErrorMvcAutoConfiguration$$EnhancerBySpringCGLIB$$7c736869
15:44:10.417 [Test worker] DEBUG o.s.c.a.ConfigurationClassPostProcessor - Replacing bean definition 'org.springframework.boot.autoconfigure.web.ErrorMvcAutoConfiguration' existing class name 'org.springframework.boot.autoconfigure.web.ErrorMvcAutoConfiguration' with enhanced class name 'org.springframework.boot.autoconfigure.web.ErrorMvcAutoConfiguration$$EnhancerBySpringCGLIB$$7c736869'
15:44:10.444 [Test worker] DEBUG o.s.c.a.ConfigurationClassEnhancer - Successfully enhanced org.springframework.boot.autoconfigure.web.WebMvcAutoConfiguration$EnableWebMvcConfiguration; enhanced class name is: org.springframework.boot.autoconfigure.web.WebMvcAutoConfiguration$EnableWebMvcConfiguration$$EnhancerBySpringCGLIB$$ebd8a1de
15:44:10.444 [Test worker] DEBUG o.s.c.a.ConfigurationClassPostProcessor - Replacing bean definition 'org.springframework.boot.autoconfigure.web.WebMvcAutoConfiguration$EnableWebMvcConfiguration' existing class name 'org.springframework.boot.autoconfigure.web.WebMvcAutoConfiguration$EnableWebMvcConfiguration' with enhanced class name 'org.springframework.boot.autoconfigure.web.WebMvcAutoConfiguration$EnableWebMvcConfiguration$$EnhancerBySpringCGLIB$$ebd8a1de'
15:44:10.448 [Test worker] DEBUG o.s.c.a.ConfigurationClassEnhancer - Successfully enhanced org.springframework.boot.autoconfigure.web.WebMvcAutoConfiguration$WebMvcAutoConfigurationAdapter$FaviconConfiguration; enhanced class name is: org.springframework.boot.autoconfigure.web.WebMvcAutoConfiguration$WebMvcAutoConfigurationAdapter$FaviconConfiguration$$EnhancerBySpringCGLIB$$cf94a69
15:44:10.449 [Test worker] DEBUG o.s.c.a.ConfigurationClassPostProcessor - Replacing bean definition 'org.springframework.boot.autoconfigure.web.WebMvcAutoConfiguration$WebMvcAutoConfigurationAdapter$FaviconConfiguration' existing class name 'org.springframework.boot.autoconfigure.web.WebMvcAutoConfiguration$WebMvcAutoConfigurationAdapter$FaviconConfiguration' with enhanced class name 'org.springframework.boot.autoconfigure.web.WebMvcAutoConfiguration$WebMvcAutoConfigurationAdapter$FaviconConfiguration$$EnhancerBySpringCGLIB$$cf94a69'
15:44:10.462 [Test worker] DEBUG o.s.c.a.ConfigurationClassEnhancer - Successfully enhanced org.springframework.boot.autoconfigure.web.WebMvcAutoConfiguration$WebMvcAutoConfigurationAdapter; enhanced class name is: org.springframework.boot.autoconfigure.web.WebMvcAutoConfiguration$WebMvcAutoConfigurationAdapter$$EnhancerBySpringCGLIB$$5d20a4f1
15:44:10.462 [Test worker] DEBUG o.s.c.a.ConfigurationClassPostProcessor - Replacing bean definition 'org.springframework.boot.autoconfigure.web.WebMvcAutoConfiguration$WebMvcAutoConfigurationAdapter' existing class name 'org.springframework.boot.autoconfigure.web.WebMvcAutoConfiguration$WebMvcAutoConfigurationAdapter' with enhanced class name 'org.springframework.boot.autoconfigure.web.WebMvcAutoConfiguration$WebMvcAutoConfigurationAdapter$$EnhancerBySpringCGLIB$$5d20a4f1'
15:44:10.468 [Test worker] DEBUG o.s.c.a.ConfigurationClassEnhancer - Successfully enhanced org.springframework.boot.autoconfigure.web.WebMvcAutoConfiguration; enhanced class name is: org.springframework.boot.autoconfigure.web.WebMvcAutoConfiguration$$EnhancerBySpringCGLIB$$8db4e35
15:44:10.469 [Test worker] DEBUG o.s.c.a.ConfigurationClassPostProcessor - Replacing bean definition 'org.springframework.boot.autoconfigure.web.WebMvcAutoConfiguration' existing class name 'org.springframework.boot.autoconfigure.web.WebMvcAutoConfiguration' with enhanced class name 'org.springframework.boot.autoconfigure.web.WebMvcAutoConfiguration$$EnhancerBySpringCGLIB$$8db4e35'
15:44:10.471 [Test worker] DEBUG o.s.c.a.ConfigurationClassEnhancer - Successfully enhanced org.springframework.boot.autoconfigure.aop.AopAutoConfiguration$JdkDynamicAutoProxyConfiguration; enhanced class name is: org.springframework.boot.autoconfigure.aop.AopAutoConfiguration$JdkDynamicAutoProxyConfiguration$$EnhancerBySpringCGLIB$$88b3ba46
15:44:10.471 [Test worker] DEBUG o.s.c.a.ConfigurationClassPostProcessor - Replacing bean definition 'org.springframework.boot.autoconfigure.aop.AopAutoConfiguration$JdkDynamicAutoProxyConfiguration' existing class name 'org.springframework.boot.autoconfigure.aop.AopAutoConfiguration$JdkDynamicAutoProxyConfiguration' with enhanced class name 'org.springframework.boot.autoconfigure.aop.AopAutoConfiguration$JdkDynamicAutoProxyConfiguration$$EnhancerBySpringCGLIB$$88b3ba46'
15:44:10.480 [Test worker] DEBUG o.s.c.a.ConfigurationClassEnhancer - Successfully enhanced org.springframework.boot.autoconfigure.aop.AopAutoConfiguration; enhanced class name is: org.springframework.boot.autoconfigure.aop.AopAutoConfiguration$$EnhancerBySpringCGLIB$$55985b77
15:44:10.482 [Test worker] DEBUG o.s.c.a.ConfigurationClassPostProcessor - Replacing bean definition 'org.springframework.boot.autoconfigure.aop.AopAutoConfiguration' existing class name 'org.springframework.boot.autoconfigure.aop.AopAutoConfiguration' with enhanced class name 'org.springframework.boot.autoconfigure.aop.AopAutoConfiguration$$EnhancerBySpringCGLIB$$55985b77'
15:44:10.486 [Test worker] DEBUG o.s.c.a.ConfigurationClassEnhancer - Successfully enhanced org.springframework.boot.autoconfigure.mongo.MongoAutoConfiguration; enhanced class name is: org.springframework.boot.autoconfigure.mongo.MongoAutoConfiguration$$EnhancerBySpringCGLIB$$a3feda93
15:44:10.486 [Test worker] DEBUG o.s.c.a.ConfigurationClassPostProcessor - Replacing bean definition 'org.springframework.boot.autoconfigure.mongo.MongoAutoConfiguration' existing class name 'org.springframework.boot.autoconfigure.mongo.MongoAutoConfiguration' with enhanced class name 'org.springframework.boot.autoconfigure.mongo.MongoAutoConfiguration$$EnhancerBySpringCGLIB$$a3feda93'
15:44:10.501 [Test worker] DEBUG o.s.c.a.ConfigurationClassEnhancer - Successfully enhanced org.springframework.boot.autoconfigure.data.mongo.MongoRepositoriesAutoConfiguration; enhanced class name is: org.springframework.boot.autoconfigure.data.mongo.MongoRepositoriesAutoConfiguration$$EnhancerBySpringCGLIB$$ca37d337
15:44:10.501 [Test worker] DEBUG o.s.c.a.ConfigurationClassPostProcessor - Replacing bean definition 'org.springframework.boot.autoconfigure.data.mongo.MongoRepositoriesAutoConfiguration' existing class name 'org.springframework.boot.autoconfigure.data.mongo.MongoRepositoriesAutoConfiguration' with enhanced class name 'org.springframework.boot.autoconfigure.data.mongo.MongoRepositoriesAutoConfiguration$$EnhancerBySpringCGLIB$$ca37d337'
15:44:10.505 [Test worker] DEBUG o.s.c.a.ConfigurationClassEnhancer - Successfully enhanced org.springframework.boot.autoconfigure.jackson.JacksonAutoConfiguration$JacksonObjectMapperBuilderConfiguration; enhanced class name is: org.springframework.boot.autoconfigure.jackson.JacksonAutoConfiguration$JacksonObjectMapperBuilderConfiguration$$EnhancerBySpringCGLIB$$7c43e15f
15:44:10.505 [Test worker] DEBUG o.s.c.a.ConfigurationClassPostProcessor - Replacing bean definition 'org.springframework.boot.autoconfigure.jackson.JacksonAutoConfiguration$JacksonObjectMapperBuilderConfiguration' existing class name 'org.springframework.boot.autoconfigure.jackson.JacksonAutoConfiguration$JacksonObjectMapperBuilderConfiguration' with enhanced class name 'org.springframework.boot.autoconfigure.jackson.JacksonAutoConfiguration$JacksonObjectMapperBuilderConfiguration$$EnhancerBySpringCGLIB$$7c43e15f'
15:44:10.509 [Test worker] DEBUG o.s.c.a.ConfigurationClassEnhancer - Successfully enhanced org.springframework.boot.autoconfigure.jackson.JacksonAutoConfiguration$JacksonObjectMapperConfiguration; enhanced class name is: org.springframework.boot.autoconfigure.jackson.JacksonAutoConfiguration$JacksonObjectMapperConfiguration$$EnhancerBySpringCGLIB$$3f716e66
15:44:10.509 [Test worker] DEBUG o.s.c.a.ConfigurationClassPostProcessor - Replacing bean definition 'org.springframework.boot.autoconfigure.jackson.JacksonAutoConfiguration$JacksonObjectMapperConfiguration' existing class name 'org.springframework.boot.autoconfigure.jackson.JacksonAutoConfiguration$JacksonObjectMapperConfiguration' with enhanced class name 'org.springframework.boot.autoconfigure.jackson.JacksonAutoConfiguration$JacksonObjectMapperConfiguration$$EnhancerBySpringCGLIB$$3f716e66'
15:44:10.512 [Test worker] DEBUG o.s.c.a.ConfigurationClassEnhancer - Successfully enhanced org.springframework.boot.autoconfigure.jackson.JacksonAutoConfiguration; enhanced class name is: org.springframework.boot.autoconfigure.jackson.JacksonAutoConfiguration$$EnhancerBySpringCGLIB$$64848615
15:44:10.513 [Test worker] DEBUG o.s.c.a.ConfigurationClassPostProcessor - Replacing bean definition 'org.springframework.boot.autoconfigure.jackson.JacksonAutoConfiguration' existing class name 'org.springframework.boot.autoconfigure.jackson.JacksonAutoConfiguration' with enhanced class name 'org.springframework.boot.autoconfigure.jackson.JacksonAutoConfiguration$$EnhancerBySpringCGLIB$$64848615'
15:44:10.518 [Test worker] DEBUG o.s.c.a.ConfigurationClassEnhancer - Successfully enhanced org.springframework.boot.autoconfigure.web.HttpMessageConvertersAutoConfiguration$StringHttpMessageConverterConfiguration; enhanced class name is: org.springframework.boot.autoconfigure.web.HttpMessageConvertersAutoConfiguration$StringHttpMessageConverterConfiguration$$EnhancerBySpringCGLIB$$3c9f95f5
15:44:10.518 [Test worker] DEBUG o.s.c.a.ConfigurationClassPostProcessor - Replacing bean definition 'org.springframework.boot.autoconfigure.web.HttpMessageConvertersAutoConfiguration$StringHttpMessageConverterConfiguration' existing class name 'org.springframework.boot.autoconfigure.web.HttpMessageConvertersAutoConfiguration$StringHttpMessageConverterConfiguration' with enhanced class name 'org.springframework.boot.autoconfigure.web.HttpMessageConvertersAutoConfiguration$StringHttpMessageConverterConfiguration$$EnhancerBySpringCGLIB$$3c9f95f5'
15:44:10.522 [Test worker] DEBUG o.s.c.a.ConfigurationClassEnhancer - Successfully enhanced org.springframework.boot.autoconfigure.web.JacksonHttpMessageConvertersConfiguration$MappingJackson2HttpMessageConverterConfiguration; enhanced class name is: org.springframework.boot.autoconfigure.web.JacksonHttpMessageConvertersConfiguration$MappingJackson2HttpMessageConverterConfiguration$$EnhancerBySpringCGLIB$$6c307ff5
15:44:10.522 [Test worker] DEBUG o.s.c.a.ConfigurationClassPostProcessor - Replacing bean definition 'org.springframework.boot.autoconfigure.web.JacksonHttpMessageConvertersConfiguration$MappingJackson2HttpMessageConverterConfiguration' existing class name 'org.springframework.boot.autoconfigure.web.JacksonHttpMessageConvertersConfiguration$MappingJackson2HttpMessageConverterConfiguration' with enhanced class name 'org.springframework.boot.autoconfigure.web.JacksonHttpMessageConvertersConfiguration$MappingJackson2HttpMessageConverterConfiguration$$EnhancerBySpringCGLIB$$6c307ff5'
15:44:10.526 [Test worker] DEBUG o.s.c.a.ConfigurationClassEnhancer - Successfully enhanced org.springframework.boot.autoconfigure.web.JacksonHttpMessageConvertersConfiguration; enhanced class name is: org.springframework.boot.autoconfigure.web.JacksonHttpMessageConvertersConfiguration$$EnhancerBySpringCGLIB$$bc8c41ab
15:44:10.526 [Test worker] DEBUG o.s.c.a.ConfigurationClassPostProcessor - Replacing bean definition 'org.springframework.boot.autoconfigure.web.JacksonHttpMessageConvertersConfiguration' existing class name 'org.springframework.boot.autoconfigure.web.JacksonHttpMessageConvertersConfiguration' with enhanced class name 'org.springframework.boot.autoconfigure.web.JacksonHttpMessageConvertersConfiguration$$EnhancerBySpringCGLIB$$bc8c41ab'
15:44:10.531 [Test worker] DEBUG o.s.c.a.ConfigurationClassEnhancer - Successfully enhanced org.springframework.boot.autoconfigure.web.HttpMessageConvertersAutoConfiguration; enhanced class name is: org.springframework.boot.autoconfigure.web.HttpMessageConvertersAutoConfiguration$$EnhancerBySpringCGLIB$$21965f55
15:44:10.531 [Test worker] DEBUG o.s.c.a.ConfigurationClassPostProcessor - Replacing bean definition 'org.springframework.boot.autoconfigure.web.HttpMessageConvertersAutoConfiguration' existing class name 'org.springframework.boot.autoconfigure.web.HttpMessageConvertersAutoConfiguration' with enhanced class name 'org.springframework.boot.autoconfigure.web.HttpMessageConvertersAutoConfiguration$$EnhancerBySpringCGLIB$$21965f55'
15:44:10.537 [Test worker] DEBUG o.s.c.a.ConfigurationClassEnhancer - Successfully enhanced org.springframework.data.web.config.SpringDataWebConfiguration; enhanced class name is: org.springframework.data.web.config.SpringDataWebConfiguration$$EnhancerBySpringCGLIB$$85fb6ce8
15:44:10.537 [Test worker] DEBUG o.s.c.a.ConfigurationClassPostProcessor - Replacing bean definition 'org.springframework.data.web.config.SpringDataWebConfiguration' existing class name 'org.springframework.data.web.config.SpringDataWebConfiguration' with enhanced class name 'org.springframework.data.web.config.SpringDataWebConfiguration$$EnhancerBySpringCGLIB$$85fb6ce8'
15:44:10.540 [Test worker] DEBUG o.s.c.a.ConfigurationClassEnhancer - Successfully enhanced org.springframework.data.mongodb.core.GeoJsonConfiguration; enhanced class name is: org.springframework.data.mongodb.core.GeoJsonConfiguration$$EnhancerBySpringCGLIB$$3a285ded
15:44:10.540 [Test worker] DEBUG o.s.c.a.ConfigurationClassPostProcessor - Replacing bean definition 'org.springframework.data.mongodb.core.GeoJsonConfiguration' existing class name 'org.springframework.data.mongodb.core.GeoJsonConfiguration' with enhanced class name 'org.springframework.data.mongodb.core.GeoJsonConfiguration$$EnhancerBySpringCGLIB$$3a285ded'
15:44:10.552 [Test worker] DEBUG o.s.c.a.ConfigurationClassEnhancer - Successfully enhanced org.springframework.data.web.config.SpringDataJacksonConfiguration; enhanced class name is: org.springframework.data.web.config.SpringDataJacksonConfiguration$$EnhancerBySpringCGLIB$$f3771649
15:44:10.552 [Test worker] DEBUG o.s.c.a.ConfigurationClassPostProcessor - Replacing bean definition 'org.springframework.data.web.config.SpringDataJacksonConfiguration' existing class name 'org.springframework.data.web.config.SpringDataJacksonConfiguration' with enhanced class name 'org.springframework.data.web.config.SpringDataJacksonConfiguration$$EnhancerBySpringCGLIB$$f3771649'
15:44:10.554 [Test worker] DEBUG o.s.c.a.ConfigurationClassEnhancer - Successfully enhanced org.springframework.boot.autoconfigure.data.web.SpringDataWebAutoConfiguration; enhanced class name is: org.springframework.boot.autoconfigure.data.web.SpringDataWebAutoConfiguration$$EnhancerBySpringCGLIB$$29112f6
15:44:10.555 [Test worker] DEBUG o.s.c.a.ConfigurationClassPostProcessor - Replacing bean definition 'org.springframework.boot.autoconfigure.data.web.SpringDataWebAutoConfiguration' existing class name 'org.springframework.boot.autoconfigure.data.web.SpringDataWebAutoConfiguration' with enhanced class name 'org.springframework.boot.autoconfigure.data.web.SpringDataWebAutoConfiguration$$EnhancerBySpringCGLIB$$29112f6'
15:44:10.558 [Test worker] DEBUG o.s.c.a.ConfigurationClassEnhancer - Successfully enhanced org.springframework.boot.autoconfigure.jdbc.DataSourceAutoConfiguration$JdbcTemplateConfiguration; enhanced class name is: org.springframework.boot.autoconfigure.jdbc.DataSourceAutoConfiguration$JdbcTemplateConfiguration$$EnhancerBySpringCGLIB$$d50e2632
15:44:10.559 [Test worker] DEBUG o.s.c.a.ConfigurationClassPostProcessor - Replacing bean definition 'org.springframework.boot.autoconfigure.jdbc.DataSourceAutoConfiguration$JdbcTemplateConfiguration' existing class name 'org.springframework.boot.autoconfigure.jdbc.DataSourceAutoConfiguration$JdbcTemplateConfiguration' with enhanced class name 'org.springframework.boot.autoconfigure.jdbc.DataSourceAutoConfiguration$JdbcTemplateConfiguration$$EnhancerBySpringCGLIB$$d50e2632'
15:44:10.562 [Test worker] DEBUG o.s.c.a.ConfigurationClassEnhancer - Successfully enhanced org.springframework.boot.autoconfigure.jdbc.DataSourceAutoConfiguration$DataSourceInitializerConfiguration; enhanced class name is: org.springframework.boot.autoconfigure.jdbc.DataSourceAutoConfiguration$DataSourceInitializerConfiguration$$EnhancerBySpringCGLIB$$20c69e3c
15:44:10.562 [Test worker] DEBUG o.s.c.a.ConfigurationClassPostProcessor - Replacing bean definition 'org.springframework.boot.autoconfigure.jdbc.DataSourceAutoConfiguration$DataSourceInitializerConfiguration' existing class name 'org.springframework.boot.autoconfigure.jdbc.DataSourceAutoConfiguration$DataSourceInitializerConfiguration' with enhanced class name 'org.springframework.boot.autoconfigure.jdbc.DataSourceAutoConfiguration$DataSourceInitializerConfiguration$$EnhancerBySpringCGLIB$$20c69e3c'
15:44:10.565 [Test worker] DEBUG o.s.c.a.ConfigurationClassEnhancer - Successfully enhanced org.springframework.boot.autoconfigure.jdbc.metadata.DataSourcePoolMetadataProvidersConfiguration$TomcatDataSourcePoolMetadataProviderConfiguration; enhanced class name is: org.springframework.boot.autoconfigure.jdbc.metadata.DataSourcePoolMetadataProvidersConfiguration$TomcatDataSourcePoolMetadataProviderConfiguration$$EnhancerBySpringCGLIB$$94de4d63
15:44:10.565 [Test worker] DEBUG o.s.c.a.ConfigurationClassPostProcessor - Replacing bean definition 'org.springframework.boot.autoconfigure.jdbc.metadata.DataSourcePoolMetadataProvidersConfiguration$TomcatDataSourcePoolMetadataProviderConfiguration' existing class name 'org.springframework.boot.autoconfigure.jdbc.metadata.DataSourcePoolMetadataProvidersConfiguration$TomcatDataSourcePoolMetadataProviderConfiguration' with enhanced class name 'org.springframework.boot.autoconfigure.jdbc.metadata.DataSourcePoolMetadataProvidersConfiguration$TomcatDataSourcePoolMetadataProviderConfiguration$$EnhancerBySpringCGLIB$$94de4d63'
15:44:10.567 [Test worker] DEBUG o.s.c.a.ConfigurationClassEnhancer - Successfully enhanced org.springframework.boot.autoconfigure.jdbc.metadata.DataSourcePoolMetadataProvidersConfiguration; enhanced class name is: org.springframework.boot.autoconfigure.jdbc.metadata.DataSourcePoolMetadataProvidersConfiguration$$EnhancerBySpringCGLIB$$1f0f8116
15:44:10.567 [Test worker] DEBUG o.s.c.a.ConfigurationClassPostProcessor - Replacing bean definition 'org.springframework.boot.autoconfigure.jdbc.metadata.DataSourcePoolMetadataProvidersConfiguration' existing class name 'org.springframework.boot.autoconfigure.jdbc.metadata.DataSourcePoolMetadataProvidersConfiguration' with enhanced class name 'org.springframework.boot.autoconfigure.jdbc.metadata.DataSourcePoolMetadataProvidersConfiguration$$EnhancerBySpringCGLIB$$1f0f8116'
15:44:10.570 [Test worker] DEBUG o.s.c.a.ConfigurationClassEnhancer - Successfully enhanced org.springframework.boot.autoconfigure.jdbc.DataSourceAutoConfiguration; enhanced class name is: org.springframework.boot.autoconfigure.jdbc.DataSourceAutoConfiguration$$EnhancerBySpringCGLIB$$55c54455
15:44:10.570 [Test worker] DEBUG o.s.c.a.ConfigurationClassPostProcessor - Replacing bean definition 'org.springframework.boot.autoconfigure.jdbc.DataSourceAutoConfiguration' existing class name 'org.springframework.boot.autoconfigure.jdbc.DataSourceAutoConfiguration' with enhanced class name 'org.springframework.boot.autoconfigure.jdbc.DataSourceAutoConfiguration$$EnhancerBySpringCGLIB$$55c54455'
15:44:10.573 [Test worker] DEBUG o.s.c.a.ConfigurationClassEnhancer - Successfully enhanced org.springframework.boot.autoconfigure.jmx.JmxAutoConfiguration; enhanced class name is: org.springframework.boot.autoconfigure.jmx.JmxAutoConfiguration$$EnhancerBySpringCGLIB$$3ede4891
15:44:10.574 [Test worker] DEBUG o.s.c.a.ConfigurationClassPostProcessor - Replacing bean definition 'org.springframework.boot.autoconfigure.jmx.JmxAutoConfiguration' existing class name 'org.springframework.boot.autoconfigure.jmx.JmxAutoConfiguration' with enhanced class name 'org.springframework.boot.autoconfigure.jmx.JmxAutoConfiguration$$EnhancerBySpringCGLIB$$3ede4891'
15:44:10.579 [Test worker] DEBUG o.s.c.a.ConfigurationClassEnhancer - Successfully enhanced org.springframework.transaction.annotation.ProxyTransactionManagementConfiguration; enhanced class name is: org.springframework.transaction.annotation.ProxyTransactionManagementConfiguration$$EnhancerBySpringCGLIB$$c6028cf5
15:44:10.580 [Test worker] DEBUG o.s.c.a.ConfigurationClassPostProcessor - Replacing bean definition 'org.springframework.transaction.annotation.ProxyTransactionManagementConfiguration' existing class name 'org.springframework.transaction.annotation.ProxyTransactionManagementConfiguration' with enhanced class name 'org.springframework.transaction.annotation.ProxyTransactionManagementConfiguration$$EnhancerBySpringCGLIB$$c6028cf5'
15:44:10.582 [Test worker] DEBUG o.s.c.a.ConfigurationClassEnhancer - Successfully enhanced org.springframework.boot.autoconfigure.jdbc.DataSourceTransactionManagerAutoConfiguration$TransactionManagementConfiguration; enhanced class name is: org.springframework.boot.autoconfigure.jdbc.DataSourceTransactionManagerAutoConfiguration$TransactionManagementConfiguration$$EnhancerBySpringCGLIB$$675f93c7
15:44:10.582 [Test worker] DEBUG o.s.c.a.ConfigurationClassPostProcessor - Replacing bean definition 'org.springframework.boot.autoconfigure.jdbc.DataSourceTransactionManagerAutoConfiguration$TransactionManagementConfiguration' existing class name 'org.springframework.boot.autoconfigure.jdbc.DataSourceTransactionManagerAutoConfiguration$TransactionManagementConfiguration' with enhanced class name 'org.springframework.boot.autoconfigure.jdbc.DataSourceTransactionManagerAutoConfiguration$TransactionManagementConfiguration$$EnhancerBySpringCGLIB$$675f93c7'
15:44:10.591 [Test worker] DEBUG o.s.c.a.ConfigurationClassEnhancer - Successfully enhanced org.springframework.boot.autoconfigure.jdbc.DataSourceTransactionManagerAutoConfiguration; enhanced class name is: org.springframework.boot.autoconfigure.jdbc.DataSourceTransactionManagerAutoConfiguration$$EnhancerBySpringCGLIB$$a015c726
15:44:10.591 [Test worker] DEBUG o.s.c.a.ConfigurationClassPostProcessor - Replacing bean definition 'org.springframework.boot.autoconfigure.jdbc.DataSourceTransactionManagerAutoConfiguration' existing class name 'org.springframework.boot.autoconfigure.jdbc.DataSourceTransactionManagerAutoConfiguration' with enhanced class name 'org.springframework.boot.autoconfigure.jdbc.DataSourceTransactionManagerAutoConfiguration$$EnhancerBySpringCGLIB$$a015c726'
15:44:10.611 [Test worker] DEBUG o.s.c.a.ConfigurationClassEnhancer - Successfully enhanced org.springframework.boot.autoconfigure.thymeleaf.ThymeleafAutoConfiguration$ThymeleafViewResolverConfiguration; enhanced class name is: org.springframework.boot.autoconfigure.thymeleaf.ThymeleafAutoConfiguration$ThymeleafViewResolverConfiguration$$EnhancerBySpringCGLIB$$6a77c1c3
15:44:10.611 [Test worker] DEBUG o.s.c.a.ConfigurationClassPostProcessor - Replacing bean definition 'org.springframework.boot.autoconfigure.thymeleaf.ThymeleafAutoConfiguration$ThymeleafViewResolverConfiguration' existing class name 'org.springframework.boot.autoconfigure.thymeleaf.ThymeleafAutoConfiguration$ThymeleafViewResolverConfiguration' with enhanced class name 'org.springframework.boot.autoconfigure.thymeleaf.ThymeleafAutoConfiguration$ThymeleafViewResolverConfiguration$$EnhancerBySpringCGLIB$$6a77c1c3'
15:44:10.617 [Test worker] DEBUG o.s.c.a.ConfigurationClassEnhancer - Successfully enhanced org.springframework.boot.autoconfigure.thymeleaf.ThymeleafAutoConfiguration$ThymeleafDefaultConfiguration; enhanced class name is: org.springframework.boot.autoconfigure.thymeleaf.ThymeleafAutoConfiguration$ThymeleafDefaultConfiguration$$EnhancerBySpringCGLIB$$d926ac11
15:44:10.617 [Test worker] DEBUG o.s.c.a.ConfigurationClassPostProcessor - Replacing bean definition 'org.springframework.boot.autoconfigure.thymeleaf.ThymeleafAutoConfiguration$ThymeleafDefaultConfiguration' existing class name 'org.springframework.boot.autoconfigure.thymeleaf.ThymeleafAutoConfiguration$ThymeleafDefaultConfiguration' with enhanced class name 'org.springframework.boot.autoconfigure.thymeleaf.ThymeleafAutoConfiguration$ThymeleafDefaultConfiguration$$EnhancerBySpringCGLIB$$d926ac11'
15:44:10.621 [Test worker] DEBUG o.s.c.a.ConfigurationClassEnhancer - Successfully enhanced org.springframework.boot.autoconfigure.thymeleaf.ThymeleafAutoConfiguration$DefaultTemplateResolverConfiguration; enhanced class name is: org.springframework.boot.autoconfigure.thymeleaf.ThymeleafAutoConfiguration$DefaultTemplateResolverConfiguration$$EnhancerBySpringCGLIB$$ab7d5288
15:44:10.622 [Test worker] DEBUG o.s.c.a.ConfigurationClassPostProcessor - Replacing bean definition 'org.springframework.boot.autoconfigure.thymeleaf.ThymeleafAutoConfiguration$DefaultTemplateResolverConfiguration' existing class name 'org.springframework.boot.autoconfigure.thymeleaf.ThymeleafAutoConfiguration$DefaultTemplateResolverConfiguration' with enhanced class name 'org.springframework.boot.autoconfigure.thymeleaf.ThymeleafAutoConfiguration$DefaultTemplateResolverConfiguration$$EnhancerBySpringCGLIB$$ab7d5288'
15:44:10.625 [Test worker] DEBUG o.s.c.a.ConfigurationClassEnhancer - Successfully enhanced org.springframework.boot.autoconfigure.thymeleaf.ThymeleafAutoConfiguration; enhanced class name is: org.springframework.boot.autoconfigure.thymeleaf.ThymeleafAutoConfiguration$$EnhancerBySpringCGLIB$$e1c9b885
15:44:10.625 [Test worker] DEBUG o.s.c.a.ConfigurationClassPostProcessor - Replacing bean definition 'org.springframework.boot.autoconfigure.thymeleaf.ThymeleafAutoConfiguration' existing class name 'org.springframework.boot.autoconfigure.thymeleaf.ThymeleafAutoConfiguration' with enhanced class name 'org.springframework.boot.autoconfigure.thymeleaf.ThymeleafAutoConfiguration$$EnhancerBySpringCGLIB$$e1c9b885'
15:44:10.645 [Test worker] DEBUG o.s.c.a.ConfigurationClassEnhancer - Successfully enhanced org.springframework.boot.autoconfigure.mongo.MongoDataAutoConfiguration; enhanced class name is: org.springframework.boot.autoconfigure.mongo.MongoDataAutoConfiguration$$EnhancerBySpringCGLIB$$b7bcfd09
15:44:10.645 [Test worker] DEBUG o.s.c.a.ConfigurationClassPostProcessor - Replacing bean definition 'org.springframework.boot.autoconfigure.mongo.MongoDataAutoConfiguration' existing class name 'org.springframework.boot.autoconfigure.mongo.MongoDataAutoConfiguration' with enhanced class name 'org.springframework.boot.autoconfigure.mongo.MongoDataAutoConfiguration$$EnhancerBySpringCGLIB$$b7bcfd09'
15:44:10.664 [Test worker] DEBUG o.s.c.a.ConfigurationClassEnhancer - Successfully enhanced org.springframework.boot.autoconfigure.security.SpringBootWebSecurityConfiguration$ApplicationWebSecurityConfigurerAdapter; enhanced class name is: org.springframework.boot.autoconfigure.security.SpringBootWebSecurityConfiguration$ApplicationWebSecurityConfigurerAdapter$$EnhancerBySpringCGLIB$$c4d8d658
15:44:10.664 [Test worker] DEBUG o.s.c.a.ConfigurationClassPostProcessor - Replacing bean definition 'org.springframework.boot.autoconfigure.security.SpringBootWebSecurityConfiguration$ApplicationWebSecurityConfigurerAdapter' existing class name 'org.springframework.boot.autoconfigure.security.SpringBootWebSecurityConfiguration$ApplicationWebSecurityConfigurerAdapter' with enhanced class name 'org.springframework.boot.autoconfigure.security.SpringBootWebSecurityConfiguration$ApplicationWebSecurityConfigurerAdapter$$EnhancerBySpringCGLIB$$c4d8d658'
15:44:10.667 [Test worker] DEBUG o.s.c.a.ConfigurationClassEnhancer - Successfully enhanced org.springframework.security.config.annotation.authentication.configuration.AuthenticationConfiguration; enhanced class name is: org.springframework.security.config.annotation.authentication.configuration.AuthenticationConfiguration$$EnhancerBySpringCGLIB$$86c0b5c4
15:44:10.668 [Test worker] DEBUG o.s.c.a.ConfigurationClassPostProcessor - Replacing bean definition 'org.springframework.security.config.annotation.authentication.configuration.AuthenticationConfiguration' existing class name 'org.springframework.security.config.annotation.authentication.configuration.AuthenticationConfiguration' with enhanced class name 'org.springframework.security.config.annotation.authentication.configuration.AuthenticationConfiguration$$EnhancerBySpringCGLIB$$86c0b5c4'
15:44:10.668 [Test worker] DEBUG o.s.c.a.ConfigurationClassEnhancer - Successfully enhanced org.springframework.security.config.annotation.authentication.configuration.AuthenticationConfiguration; enhanced class name is: org.springframework.security.config.annotation.authentication.configuration.AuthenticationConfiguration$$EnhancerBySpringCGLIB$$86c0b5c4
15:44:10.668 [Test worker] DEBUG o.s.c.a.ConfigurationClassPostProcessor - Replacing bean definition 'enableGlobalAuthenticationAutowiredConfigurer' existing class name 'org.springframework.security.config.annotation.authentication.configuration.AuthenticationConfiguration' with enhanced class name 'org.springframework.security.config.annotation.authentication.configuration.AuthenticationConfiguration$$EnhancerBySpringCGLIB$$86c0b5c4'
15:44:10.673 [Test worker] DEBUG o.s.c.a.ConfigurationClassEnhancer - Successfully enhanced org.springframework.security.config.annotation.web.configuration.WebSecurityConfiguration; enhanced class name is: org.springframework.security.config.annotation.web.configuration.WebSecurityConfiguration$$EnhancerBySpringCGLIB$$da8d1788
15:44:10.673 [Test worker] DEBUG o.s.c.a.ConfigurationClassPostProcessor - Replacing bean definition 'org.springframework.security.config.annotation.web.configuration.WebSecurityConfiguration' existing class name 'org.springframework.security.config.annotation.web.configuration.WebSecurityConfiguration' with enhanced class name 'org.springframework.security.config.annotation.web.configuration.WebSecurityConfiguration$$EnhancerBySpringCGLIB$$da8d1788'
15:44:10.674 [Test worker] DEBUG o.s.c.a.ConfigurationClassEnhancer - Successfully enhanced org.springframework.security.config.annotation.web.configuration.WebSecurityConfiguration; enhanced class name is: org.springframework.security.config.annotation.web.configuration.WebSecurityConfiguration$$EnhancerBySpringCGLIB$$da8d1788
15:44:10.674 [Test worker] DEBUG o.s.c.a.ConfigurationClassPostProcessor - Replacing bean definition 'delegatingApplicationListener' existing class name 'org.springframework.security.config.annotation.web.configuration.WebSecurityConfiguration' with enhanced class name 'org.springframework.security.config.annotation.web.configuration.WebSecurityConfiguration$$EnhancerBySpringCGLIB$$da8d1788'
15:44:10.676 [Test worker] DEBUG o.s.c.a.ConfigurationClassEnhancer - Successfully enhanced org.springframework.security.config.annotation.configuration.ObjectPostProcessorConfiguration; enhanced class name is: org.springframework.security.config.annotation.configuration.ObjectPostProcessorConfiguration$$EnhancerBySpringCGLIB$$ef23d5ef
15:44:10.677 [Test worker] DEBUG o.s.c.a.ConfigurationClassPostProcessor - Replacing bean definition 'org.springframework.security.config.annotation.configuration.ObjectPostProcessorConfiguration' existing class name 'org.springframework.security.config.annotation.configuration.ObjectPostProcessorConfiguration' with enhanced class name 'org.springframework.security.config.annotation.configuration.ObjectPostProcessorConfiguration$$EnhancerBySpringCGLIB$$ef23d5ef'
15:44:10.680 [Test worker] DEBUG o.s.c.a.ConfigurationClassEnhancer - Successfully enhanced org.springframework.security.config.annotation.web.servlet.configuration.WebMvcSecurityConfiguration; enhanced class name is: org.springframework.security.config.annotation.web.servlet.configuration.WebMvcSecurityConfiguration$$EnhancerBySpringCGLIB$$78f5daf5
15:44:10.680 [Test worker] DEBUG o.s.c.a.ConfigurationClassPostProcessor - Replacing bean definition 'org.springframework.security.config.annotation.web.servlet.configuration.WebMvcSecurityConfiguration' existing class name 'org.springframework.security.config.annotation.web.servlet.configuration.WebMvcSecurityConfiguration' with enhanced class name 'org.springframework.security.config.annotation.web.servlet.configuration.WebMvcSecurityConfiguration$$EnhancerBySpringCGLIB$$78f5daf5'
15:44:10.682 [Test worker] DEBUG o.s.c.a.ConfigurationClassEnhancer - Successfully enhanced org.springframework.boot.autoconfigure.security.SpringBootWebSecurityConfiguration$WebMvcSecurityConfigurationConditions$DefaultWebMvcSecurityConfiguration; enhanced class name is: org.springframework.boot.autoconfigure.security.SpringBootWebSecurityConfiguration$WebMvcSecurityConfigurationConditions$DefaultWebMvcSecurityConfiguration$$EnhancerBySpringCGLIB$$f71a93e6
15:44:10.682 [Test worker] DEBUG o.s.c.a.ConfigurationClassPostProcessor - Replacing bean definition 'org.springframework.boot.autoconfigure.security.SpringBootWebSecurityConfiguration$WebMvcSecurityConfigurationConditions$DefaultWebMvcSecurityConfiguration' existing class name 'org.springframework.boot.autoconfigure.security.SpringBootWebSecurityConfiguration$WebMvcSecurityConfigurationConditions$DefaultWebMvcSecurityConfiguration' with enhanced class name 'org.springframework.boot.autoconfigure.security.SpringBootWebSecurityConfiguration$WebMvcSecurityConfigurationConditions$DefaultWebMvcSecurityConfiguration$$EnhancerBySpringCGLIB$$f71a93e6'
15:44:10.684 [Test worker] DEBUG o.s.c.a.ConfigurationClassEnhancer - Successfully enhanced org.springframework.boot.autoconfigure.security.SpringBootWebSecurityConfiguration$WebMvcSecurityConfigurationConditions; enhanced class name is: org.springframework.boot.autoconfigure.security.SpringBootWebSecurityConfiguration$WebMvcSecurityConfigurationConditions$$EnhancerBySpringCGLIB$$bf8de8c1
15:44:10.684 [Test worker] DEBUG o.s.c.a.ConfigurationClassPostProcessor - Replacing bean definition 'org.springframework.boot.autoconfigure.security.SpringBootWebSecurityConfiguration$WebMvcSecurityConfigurationConditions' existing class name 'org.springframework.boot.autoconfigure.security.SpringBootWebSecurityConfiguration$WebMvcSecurityConfigurationConditions' with enhanced class name 'org.springframework.boot.autoconfigure.security.SpringBootWebSecurityConfiguration$WebMvcSecurityConfigurationConditions$$EnhancerBySpringCGLIB$$bf8de8c1'
15:44:10.688 [Test worker] DEBUG o.s.c.a.ConfigurationClassEnhancer - Successfully enhanced org.springframework.boot.autoconfigure.security.SpringBootWebSecurityConfiguration; enhanced class name is: org.springframework.boot.autoconfigure.security.SpringBootWebSecurityConfiguration$$EnhancerBySpringCGLIB$$83dbdc9d
15:44:10.688 [Test worker] DEBUG o.s.c.a.ConfigurationClassPostProcessor - Replacing bean definition 'org.springframework.boot.autoconfigure.security.SpringBootWebSecurityConfiguration' existing class name 'org.springframework.boot.autoconfigure.security.SpringBootWebSecurityConfiguration' with enhanced class name 'org.springframework.boot.autoconfigure.security.SpringBootWebSecurityConfiguration$$EnhancerBySpringCGLIB$$83dbdc9d'
15:44:10.690 [Test worker] DEBUG o.s.c.a.ConfigurationClassEnhancer - Successfully enhanced org.springframework.boot.autoconfigure.security.AuthenticationManagerConfiguration; enhanced class name is: org.springframework.boot.autoconfigure.security.AuthenticationManagerConfiguration$$EnhancerBySpringCGLIB$$33d74d1d
15:44:10.691 [Test worker] DEBUG o.s.c.a.ConfigurationClassPostProcessor - Replacing bean definition 'org.springframework.boot.autoconfigure.security.AuthenticationManagerConfiguration' existing class name 'org.springframework.boot.autoconfigure.security.AuthenticationManagerConfiguration' with enhanced class name 'org.springframework.boot.autoconfigure.security.AuthenticationManagerConfiguration$$EnhancerBySpringCGLIB$$33d74d1d'
15:44:10.691 [Test worker] DEBUG o.s.c.a.ConfigurationClassEnhancer - Successfully enhanced org.springframework.boot.autoconfigure.security.AuthenticationManagerConfiguration; enhanced class name is: org.springframework.boot.autoconfigure.security.AuthenticationManagerConfiguration$$EnhancerBySpringCGLIB$$33d74d1d
15:44:10.691 [Test worker] DEBUG o.s.c.a.ConfigurationClassPostProcessor - Replacing bean definition 'springBootAuthenticationConfigurerAdapter' existing class name 'org.springframework.boot.autoconfigure.security.AuthenticationManagerConfiguration' with enhanced class name 'org.springframework.boot.autoconfigure.security.AuthenticationManagerConfiguration$$EnhancerBySpringCGLIB$$33d74d1d'
15:44:10.693 [Test worker] DEBUG o.s.c.a.ConfigurationClassEnhancer - Successfully enhanced org.springframework.boot.autoconfigure.security.BootGlobalAuthenticationConfiguration; enhanced class name is: org.springframework.boot.autoconfigure.security.BootGlobalAuthenticationConfiguration$$EnhancerBySpringCGLIB$$5eb0d8e1
15:44:10.693 [Test worker] DEBUG o.s.c.a.ConfigurationClassPostProcessor - Replacing bean definition 'org.springframework.boot.autoconfigure.security.BootGlobalAuthenticationConfiguration' existing class name 'org.springframework.boot.autoconfigure.security.BootGlobalAuthenticationConfiguration' with enhanced class name 'org.springframework.boot.autoconfigure.security.BootGlobalAuthenticationConfiguration$$EnhancerBySpringCGLIB$$5eb0d8e1'
15:44:10.693 [Test worker] DEBUG o.s.c.a.ConfigurationClassEnhancer - Successfully enhanced org.springframework.boot.autoconfigure.security.BootGlobalAuthenticationConfiguration; enhanced class name is: org.springframework.boot.autoconfigure.security.BootGlobalAuthenticationConfiguration$$EnhancerBySpringCGLIB$$5eb0d8e1
15:44:10.693 [Test worker] DEBUG o.s.c.a.ConfigurationClassPostProcessor - Replacing bean definition 'bootGlobalAuthenticationConfigurationAdapter' existing class name 'org.springframework.boot.autoconfigure.security.BootGlobalAuthenticationConfiguration' with enhanced class name 'org.springframework.boot.autoconfigure.security.BootGlobalAuthenticationConfiguration$$EnhancerBySpringCGLIB$$5eb0d8e1'
15:44:10.697 [Test worker] DEBUG o.s.c.a.ConfigurationClassEnhancer - Successfully enhanced org.springframework.boot.autoconfigure.security.SecurityAutoConfiguration; enhanced class name is: org.springframework.boot.autoconfigure.security.SecurityAutoConfiguration$$EnhancerBySpringCGLIB$$34eb251f
15:44:10.697 [Test worker] DEBUG o.s.c.a.ConfigurationClassPostProcessor - Replacing bean definition 'org.springframework.boot.autoconfigure.security.SecurityAutoConfiguration' existing class name 'org.springframework.boot.autoconfigure.security.SecurityAutoConfiguration' with enhanced class name 'org.springframework.boot.autoconfigure.security.SecurityAutoConfiguration$$EnhancerBySpringCGLIB$$34eb251f'
15:44:10.702 [Test worker] DEBUG o.s.c.a.ConfigurationClassEnhancer - Successfully enhanced org.springframework.boot.autoconfigure.web.HttpEncodingAutoConfiguration; enhanced class name is: org.springframework.boot.autoconfigure.web.HttpEncodingAutoConfiguration$$EnhancerBySpringCGLIB$$5dc37a40
15:44:10.702 [Test worker] DEBUG o.s.c.a.ConfigurationClassPostProcessor - Replacing bean definition 'org.springframework.boot.autoconfigure.web.HttpEncodingAutoConfiguration' existing class name 'org.springframework.boot.autoconfigure.web.HttpEncodingAutoConfiguration' with enhanced class name 'org.springframework.boot.autoconfigure.web.HttpEncodingAutoConfiguration$$EnhancerBySpringCGLIB$$5dc37a40'
15:44:10.705 [Test worker] DEBUG o.s.c.a.ConfigurationClassEnhancer - Successfully enhanced org.springframework.boot.autoconfigure.web.MultipartAutoConfiguration; enhanced class name is: org.springframework.boot.autoconfigure.web.MultipartAutoConfiguration$$EnhancerBySpringCGLIB$$d0734f7b
15:44:10.705 [Test worker] DEBUG o.s.c.a.ConfigurationClassPostProcessor - Replacing bean definition 'org.springframework.boot.autoconfigure.web.MultipartAutoConfiguration' existing class name 'org.springframework.boot.autoconfigure.web.MultipartAutoConfiguration' with enhanced class name 'org.springframework.boot.autoconfigure.web.MultipartAutoConfiguration$$EnhancerBySpringCGLIB$$d0734f7b'
15:44:10.707 [Test worker] DEBUG o.s.c.a.ConfigurationClassEnhancer - Successfully enhanced org.springframework.boot.autoconfigure.web.ServerPropertiesAutoConfiguration; enhanced class name is: org.springframework.boot.autoconfigure.web.ServerPropertiesAutoConfiguration$$EnhancerBySpringCGLIB$$7b94cec5
15:44:10.708 [Test worker] DEBUG o.s.c.a.ConfigurationClassPostProcessor - Replacing bean definition 'org.springframework.boot.autoconfigure.web.ServerPropertiesAutoConfiguration' existing class name 'org.springframework.boot.autoconfigure.web.ServerPropertiesAutoConfiguration' with enhanced class name 'org.springframework.boot.autoconfigure.web.ServerPropertiesAutoConfiguration$$EnhancerBySpringCGLIB$$7b94cec5'
15:44:10.725 [Test worker] DEBUG o.s.b.f.s.DefaultListableBeanFactory - Creating shared instance of singleton bean 'propertySourcesPlaceholderConfigurer'
15:44:10.725 [Test worker] DEBUG o.s.b.f.s.DefaultListableBeanFactory - Creating instance of bean 'propertySourcesPlaceholderConfigurer'
15:44:10.730 [Test worker] DEBUG o.s.b.f.s.DefaultListableBeanFactory - Eagerly caching bean 'propertySourcesPlaceholderConfigurer' to allow for resolving potential circular references
15:44:10.730 [Test worker] DEBUG o.s.b.f.s.DefaultListableBeanFactory - Finished creating instance of bean 'propertySourcesPlaceholderConfigurer'
15:44:10.731 [Test worker] DEBUG o.s.core.env.MutablePropertySources - Adding [environmentProperties] PropertySource with lowest search precedence
15:44:10.731 [Test worker] DEBUG o.s.core.env.MutablePropertySources - Adding [localProperties] PropertySource with lowest search precedence
15:44:10.737 [Test worker] DEBUG o.s.b.f.s.DefaultListableBeanFactory - Creating shared instance of singleton bean 'org.springframework.boot.context.properties.ConfigurationPropertiesBindingPostProcessor.store'
15:44:10.738 [Test worker] DEBUG o.s.b.f.s.DefaultListableBeanFactory - Creating instance of bean 'org.springframework.boot.context.properties.ConfigurationPropertiesBindingPostProcessor.store'
15:44:10.738 [Test worker] DEBUG o.s.b.f.s.DefaultListableBeanFactory - Eagerly caching bean 'org.springframework.boot.context.properties.ConfigurationPropertiesBindingPostProcessor.store' to allow for resolving potential circular references
15:44:10.738 [Test worker] DEBUG o.s.b.f.s.DefaultListableBeanFactory - Finished creating instance of bean 'org.springframework.boot.context.properties.ConfigurationPropertiesBindingPostProcessor.store'
15:44:10.760 [Test worker] DEBUG o.s.b.f.s.DefaultListableBeanFactory - Creating shared instance of singleton bean 'org.springframework.context.annotation.internalAutowiredAnnotationProcessor'
15:44:10.760 [Test worker] DEBUG o.s.b.f.s.DefaultListableBeanFactory - Creating instance of bean 'org.springframework.context.annotation.internalAutowiredAnnotationProcessor'
15:44:10.760 [Test worker] INFO  o.s.b.f.a.AutowiredAnnotationBeanPostProcessor - JSR-330 'javax.inject.Inject' annotation found and supported for autowiring
15:44:10.760 [Test worker] DEBUG o.s.b.f.s.DefaultListableBeanFactory - Eagerly caching bean 'org.springframework.context.annotation.internalAutowiredAnnotationProcessor' to allow for resolving potential circular references
15:44:10.760 [Test worker] DEBUG o.s.b.f.s.DefaultListableBeanFactory - Finished creating instance of bean 'org.springframework.context.annotation.internalAutowiredAnnotationProcessor'
15:44:10.760 [Test worker] DEBUG o.s.b.f.s.DefaultListableBeanFactory - Creating shared instance of singleton bean 'org.springframework.context.annotation.internalRequiredAnnotationProcessor'
15:44:10.760 [Test worker] DEBUG o.s.b.f.s.DefaultListableBeanFactory - Creating instance of bean 'org.springframework.context.annotation.internalRequiredAnnotationProcessor'
15:44:10.761 [Test worker] DEBUG o.s.b.f.s.DefaultListableBeanFactory - Eagerly caching bean 'org.springframework.context.annotation.internalRequiredAnnotationProcessor' to allow for resolving potential circular references
15:44:10.761 [Test worker] DEBUG o.s.b.f.s.DefaultListableBeanFactory - Finished creating instance of bean 'org.springframework.context.annotation.internalRequiredAnnotationProcessor'
15:44:10.761 [Test worker] DEBUG o.s.b.f.s.DefaultListableBeanFactory - Creating shared instance of singleton bean 'org.springframework.context.annotation.internalCommonAnnotationProcessor'
15:44:10.761 [Test worker] DEBUG o.s.b.f.s.DefaultListableBeanFactory - Creating instance of bean 'org.springframework.context.annotation.internalCommonAnnotationProcessor'
15:44:10.767 [Test worker] DEBUG o.s.b.f.s.DefaultListableBeanFactory - Eagerly caching bean 'org.springframework.context.annotation.internalCommonAnnotationProcessor' to allow for resolving potential circular references
15:44:10.767 [Test worker] DEBUG o.s.b.f.s.DefaultListableBeanFactory - Finished creating instance of bean 'org.springframework.context.annotation.internalCommonAnnotationProcessor'
15:44:10.767 [Test worker] DEBUG o.s.b.f.s.DefaultListableBeanFactory - Creating shared instance of singleton bean 'org.springframework.context.annotation.internalPersistenceAnnotationProcessor'
15:44:10.767 [Test worker] DEBUG o.s.b.f.s.DefaultListableBeanFactory - Creating instance of bean 'org.springframework.context.annotation.internalPersistenceAnnotationProcessor'
15:44:10.768 [Test worker] DEBUG o.s.b.f.s.DefaultListableBeanFactory - Eagerly caching bean 'org.springframework.context.annotation.internalPersistenceAnnotationProcessor' to allow for resolving potential circular references
15:44:10.769 [Test worker] DEBUG o.s.b.f.s.DefaultListableBeanFactory - Finished creating instance of bean 'org.springframework.context.annotation.internalPersistenceAnnotationProcessor'
15:44:10.769 [Test worker] DEBUG o.s.b.f.s.DefaultListableBeanFactory - Creating shared instance of singleton bean 'org.springframework.context.annotation.ConfigurationClassPostProcessor.importAwareProcessor'
15:44:10.769 [Test worker] DEBUG o.s.b.f.s.DefaultListableBeanFactory - Creating instance of bean 'org.springframework.context.annotation.ConfigurationClassPostProcessor.importAwareProcessor'
15:44:10.769 [Test worker] DEBUG o.s.b.f.s.DefaultListableBeanFactory - Eagerly caching bean 'org.springframework.context.annotation.ConfigurationClassPostProcessor.importAwareProcessor' to allow for resolving potential circular references
15:44:10.769 [Test worker] DEBUG o.s.b.f.s.DefaultListableBeanFactory - Finished creating instance of bean 'org.springframework.context.annotation.ConfigurationClassPostProcessor.importAwareProcessor'
15:44:10.769 [Test worker] DEBUG o.s.b.f.s.DefaultListableBeanFactory - Creating shared instance of singleton bean 'org.springframework.context.annotation.ConfigurationClassPostProcessor.enhancedConfigurationProcessor'
15:44:10.770 [Test worker] DEBUG o.s.b.f.s.DefaultListableBeanFactory - Creating instance of bean 'org.springframework.context.annotation.ConfigurationClassPostProcessor.enhancedConfigurationProcessor'
15:44:10.770 [Test worker] DEBUG o.s.b.f.s.DefaultListableBeanFactory - Eagerly caching bean 'org.springframework.context.annotation.ConfigurationClassPostProcessor.enhancedConfigurationProcessor' to allow for resolving potential circular references
15:44:10.770 [Test worker] DEBUG o.s.b.f.s.DefaultListableBeanFactory - Finished creating instance of bean 'org.springframework.context.annotation.ConfigurationClassPostProcessor.enhancedConfigurationProcessor'
15:44:10.770 [Test worker] DEBUG o.s.b.f.s.DefaultListableBeanFactory - Creating shared instance of singleton bean 'org.springframework.boot.context.properties.ConfigurationPropertiesBindingPostProcessor'
15:44:10.770 [Test worker] DEBUG o.s.b.f.s.DefaultListableBeanFactory - Creating instance of bean 'org.springframework.boot.context.properties.ConfigurationPropertiesBindingPostProcessor'
15:44:10.777 [Test worker] DEBUG o.s.core.env.StandardEnvironment - Adding [systemProperties] PropertySource with lowest search precedence
15:44:10.778 [Test worker] DEBUG o.s.core.env.StandardEnvironment - Adding [systemEnvironment] PropertySource with lowest search precedence
15:44:10.778 [Test worker] DEBUG o.s.core.env.StandardEnvironment - Initialized StandardEnvironment with PropertySources [systemProperties,systemEnvironment]
15:44:10.778 [Test worker] DEBUG o.s.b.f.s.DefaultListableBeanFactory - Eagerly caching bean 'org.springframework.boot.context.properties.ConfigurationPropertiesBindingPostProcessor' to allow for resolving potential circular references
15:44:10.778 [Test worker] DEBUG o.s.b.f.s.DefaultListableBeanFactory - Returning cached instance of singleton bean 'org.springframework.boot.context.properties.ConfigurationPropertiesBindingPostProcessor.store'
15:44:10.824 [Test worker] DEBUG o.s.b.f.s.DefaultListableBeanFactory - Invoking afterPropertiesSet() on bean with name 'org.springframework.boot.context.properties.ConfigurationPropertiesBindingPostProcessor'
15:44:10.837 [Test worker] DEBUG o.s.b.f.s.DefaultListableBeanFactory - Returning cached instance of singleton bean 'propertySourcesPlaceholderConfigurer'
15:44:10.924 [Test worker] DEBUG org.jboss.logging - Logging Provider: org.jboss.logging.Slf4jLoggerProvider
15:44:10.925 [Test worker] INFO  o.h.validator.internal.util.Version - HV000001: Hibernate Validator 5.1.3.Final
15:44:10.950 [Test worker] DEBUG o.h.v.i.e.r.DefaultTraversableResolver - Found javax.persistence.Persistence on classpath containing 'getPersistenceUtil'. Assuming JPA 2 environment. Trying to instantiate JPA aware TraversableResolver
15:44:10.953 [Test worker] DEBUG o.h.v.i.e.r.DefaultTraversableResolver - Instantiated JPA aware TraversableResolver of type org.hibernate.validator.internal.engine.resolver.JPATraversableResolver.
15:44:10.975 [Test worker] DEBUG o.h.v.i.engine.ConfigurationImpl - Setting custom MessageInterpolator of type org.springframework.validation.beanvalidation.LocaleContextMessageInterpolator
15:44:10.976 [Test worker] DEBUG o.h.v.i.engine.ConfigurationImpl - Setting custom ConstraintValidatorFactory of type org.springframework.validation.beanvalidation.SpringConstraintValidatorFactory
15:44:10.980 [Test worker] DEBUG o.h.v.i.engine.ConfigurationImpl - Setting custom ParameterNameProvider of type com.sun.proxy.$Proxy45
15:44:10.993 [Test worker] DEBUG o.h.v.i.xml.ValidationXmlParser - Trying to load META-INF/validation.xml for XML based Validator configuration.
15:44:11.004 [Test worker] DEBUG o.h.v.i.xml.ValidationXmlParser - No META-INF/validation.xml found. Using annotation based configuration only.
15:44:11.096 [Test worker] DEBUG o.s.b.f.s.DefaultListableBeanFactory - Finished creating instance of bean 'org.springframework.boot.context.properties.ConfigurationPropertiesBindingPostProcessor'
15:44:11.097 [Test worker] DEBUG o.s.b.f.s.DefaultListableBeanFactory - Creating shared instance of singleton bean 'org.springframework.data.repository.core.support.RepositoryInterfaceAwareBeanPostProcessor'
15:44:11.097 [Test worker] DEBUG o.s.b.f.s.DefaultListableBeanFactory - Creating instance of bean 'org.springframework.data.repository.core.support.RepositoryInterfaceAwareBeanPostProcessor'
15:44:11.098 [Test worker] DEBUG o.s.b.f.s.DefaultListableBeanFactory - Eagerly caching bean 'org.springframework.data.repository.core.support.RepositoryInterfaceAwareBeanPostProcessor' to allow for resolving potential circular references
15:44:11.098 [Test worker] DEBUG o.s.b.f.s.DefaultListableBeanFactory - Finished creating instance of bean 'org.springframework.data.repository.core.support.RepositoryInterfaceAwareBeanPostProcessor'
15:44:11.098 [Test worker] DEBUG o.s.b.f.s.DefaultListableBeanFactory - Creating shared instance of singleton bean 'org.springframework.aop.config.internalAutoProxyCreator'
15:44:11.098 [Test worker] DEBUG o.s.b.f.s.DefaultListableBeanFactory - Creating instance of bean 'org.springframework.aop.config.internalAutoProxyCreator'
15:44:11.159 [Test worker] DEBUG o.s.b.f.s.DefaultListableBeanFactory - Eagerly caching bean 'org.springframework.aop.config.internalAutoProxyCreator' to allow for resolving potential circular references
15:44:11.190 [Test worker] DEBUG o.s.b.f.s.DefaultListableBeanFactory - Finished creating instance of bean 'org.springframework.aop.config.internalAutoProxyCreator'
15:44:11.190 [Test worker] DEBUG o.s.b.f.s.DefaultListableBeanFactory - Creating shared instance of singleton bean 'persistenceExceptionTranslationPostProcessor'
15:44:11.190 [Test worker] DEBUG o.s.b.f.s.DefaultListableBeanFactory - Creating instance of bean 'persistenceExceptionTranslationPostProcessor'
15:44:11.193 [Test worker] DEBUG o.s.b.f.s.DefaultListableBeanFactory - Eagerly caching bean 'persistenceExceptionTranslationPostProcessor' to allow for resolving potential circular references
15:44:11.217 [Test worker] DEBUG o.s.b.f.s.DefaultListableBeanFactory - Finished creating instance of bean 'persistenceExceptionTranslationPostProcessor'
15:44:11.217 [Test worker] DEBUG o.s.b.f.s.DefaultListableBeanFactory - Creating shared instance of singleton bean 'dataSourceInitializerPostProcessor'
15:44:11.217 [Test worker] DEBUG o.s.b.f.s.DefaultListableBeanFactory - Creating instance of bean 'dataSourceInitializerPostProcessor'
15:44:11.225 [Test worker] DEBUG o.s.b.f.annotation.InjectionMetadata - Registered injected element on class [org.springframework.boot.autoconfigure.jdbc.DataSourceInitializerPostProcessor]: AutowiredFieldElement for private org.springframework.beans.factory.BeanFactory org.springframework.boot.autoconfigure.jdbc.DataSourceInitializerPostProcessor.beanFactory
15:44:11.225 [Test worker] DEBUG o.s.b.f.s.DefaultListableBeanFactory - Eagerly caching bean 'dataSourceInitializerPostProcessor' to allow for resolving potential circular references
15:44:11.230 [Test worker] DEBUG o.s.b.f.annotation.InjectionMetadata - Processing injected element of bean 'dataSourceInitializerPostProcessor': AutowiredFieldElement for private org.springframework.beans.factory.BeanFactory org.springframework.boot.autoconfigure.jdbc.DataSourceInitializerPostProcessor.beanFactory
15:44:11.241 [Test worker] DEBUG o.s.b.f.a.AutowiredAnnotationBeanPostProcessor - Autowiring by type from bean name 'dataSourceInitializerPostProcessor' to bean named 'org.springframework.beans.factory.support.DefaultListableBeanFactory@447e689b'
15:44:11.241 [Test worker] DEBUG o.s.b.f.s.DefaultListableBeanFactory - Finished creating instance of bean 'dataSourceInitializerPostProcessor'
15:44:11.241 [Test worker] DEBUG o.s.b.f.s.DefaultListableBeanFactory - Creating shared instance of singleton bean 'embeddedServletContainerCustomizerBeanPostProcessor'
15:44:11.241 [Test worker] DEBUG o.s.b.f.s.DefaultListableBeanFactory - Creating instance of bean 'embeddedServletContainerCustomizerBeanPostProcessor'
15:44:11.252 [Test worker] DEBUG o.s.b.f.s.DefaultListableBeanFactory - Creating shared instance of singleton bean 'org.springframework.transaction.config.internalTransactionAdvisor'
15:44:11.252 [Test worker] DEBUG o.s.b.f.s.DefaultListableBeanFactory - Creating instance of bean 'org.springframework.transaction.config.internalTransactionAdvisor'
15:44:11.252 [Test worker] DEBUG o.s.b.f.s.DefaultListableBeanFactory - Creating shared instance of singleton bean 'org.springframework.transaction.annotation.ProxyTransactionManagementConfiguration'
15:44:11.252 [Test worker] DEBUG o.s.b.f.s.DefaultListableBeanFactory - Creating instance of bean 'org.springframework.transaction.annotation.ProxyTransactionManagementConfiguration'
15:44:11.253 [Test worker] DEBUG o.s.a.f.a.BeanFactoryAdvisorRetrievalHelper - Skipping currently created advisor 'org.springframework.transaction.config.internalTransactionAdvisor'
15:44:11.326 [Test worker] DEBUG o.s.b.f.annotation.InjectionMetadata - Registered injected element on class [org.springframework.transaction.annotation.ProxyTransactionManagementConfiguration$$EnhancerBySpringCGLIB$$c6028cf5]: AutowiredMethodElement for void org.springframework.transaction.annotation.AbstractTransactionManagementConfiguration.setConfigurers(java.util.Collection)
15:44:11.326 [Test worker] DEBUG o.s.b.f.s.DefaultListableBeanFactory - Eagerly caching bean 'org.springframework.transaction.annotation.ProxyTransactionManagementConfiguration' to allow for resolving potential circular references
15:44:11.326 [Test worker] DEBUG o.s.b.f.annotation.InjectionMetadata - Processing injected element of bean 'org.springframework.transaction.annotation.ProxyTransactionManagementConfiguration': AutowiredMethodElement for void org.springframework.transaction.annotation.AbstractTransactionManagementConfiguration.setConfigurers(java.util.Collection)
15:44:11.338 [Test worker] DEBUG o.s.b.f.s.DefaultListableBeanFactory - Returning cached instance of singleton bean 'org.springframework.context.annotation.ConfigurationClassPostProcessor.importRegistry'
15:44:11.338 [Test worker] INFO  o.s.c.s.PostProcessorRegistrationDelegate$BeanPostProcessorChecker - Bean 'org.springframework.transaction.annotation.ProxyTransactionManagementConfiguration' of type [class org.springframework.transaction.annotation.ProxyTransactionManagementConfiguration$$EnhancerBySpringCGLIB$$c6028cf5] is not eligible for getting processed by all BeanPostProcessors (for example: not eligible for auto-proxying)
15:44:11.338 [Test worker] DEBUG o.s.a.f.a.BeanFactoryAdvisorRetrievalHelper - Skipping currently created advisor 'org.springframework.transaction.config.internalTransactionAdvisor'
15:44:11.339 [Test worker] DEBUG o.s.a.f.a.BeanFactoryAdvisorRetrievalHelper - Skipping currently created advisor 'org.springframework.transaction.config.internalTransactionAdvisor'
15:44:11.344 [Test worker] DEBUG o.s.b.f.s.DefaultListableBeanFactory - Finished creating instance of bean 'org.springframework.transaction.annotation.ProxyTransactionManagementConfiguration'
15:44:11.373 [Test worker] DEBUG o.s.b.f.s.DefaultListableBeanFactory - Creating shared instance of singleton bean 'transactionAttributeSource'
15:44:11.373 [Test worker] DEBUG o.s.b.f.s.DefaultListableBeanFactory - Creating instance of bean 'transactionAttributeSource'
15:44:11.373 [Test worker] DEBUG o.s.a.f.a.BeanFactoryAdvisorRetrievalHelper - Skipping currently created advisor 'org.springframework.transaction.config.internalTransactionAdvisor'
15:44:11.373 [Test worker] DEBUG o.s.b.f.s.DefaultListableBeanFactory - Returning cached instance of singleton bean 'org.springframework.transaction.annotation.ProxyTransactionManagementConfiguration'
15:44:11.375 [Test worker] DEBUG o.s.b.f.s.DefaultListableBeanFactory - Eagerly caching bean 'transactionAttributeSource' to allow for resolving potential circular references
15:44:11.384 [Test worker] INFO  o.s.c.s.PostProcessorRegistrationDelegate$BeanPostProcessorChecker - Bean 'transactionAttributeSource' of type [class org.springframework.transaction.annotation.AnnotationTransactionAttributeSource] is not eligible for getting processed by all BeanPostProcessors (for example: not eligible for auto-proxying)
15:44:11.384 [Test worker] DEBUG o.s.a.f.a.BeanFactoryAdvisorRetrievalHelper - Skipping currently created advisor 'org.springframework.transaction.config.internalTransactionAdvisor'
15:44:11.384 [Test worker] DEBUG o.s.a.f.a.BeanFactoryAdvisorRetrievalHelper - Skipping currently created advisor 'org.springframework.transaction.config.internalTransactionAdvisor'
15:44:11.384 [Test worker] DEBUG o.s.b.f.s.DefaultListableBeanFactory - Finished creating instance of bean 'transactionAttributeSource'
15:44:11.387 [Test worker] DEBUG o.s.b.f.s.DefaultListableBeanFactory - Creating shared instance of singleton bean 'transactionInterceptor'
15:44:11.387 [Test worker] DEBUG o.s.b.f.s.DefaultListableBeanFactory - Creating instance of bean 'transactionInterceptor'
15:44:11.388 [Test worker] DEBUG o.s.b.f.s.DefaultListableBeanFactory - Returning cached instance of singleton bean 'org.springframework.transaction.annotation.ProxyTransactionManagementConfiguration'
15:44:11.393 [Test worker] DEBUG o.s.b.f.s.DefaultListableBeanFactory - Returning cached instance of singleton bean 'transactionAttributeSource'
15:44:11.400 [Test worker] DEBUG o.s.b.f.s.DefaultListableBeanFactory - Eagerly caching bean 'transactionInterceptor' to allow for resolving potential circular references
15:44:11.426 [Test worker] DEBUG o.s.b.f.s.DefaultListableBeanFactory - Invoking afterPropertiesSet() on bean with name 'transactionInterceptor'
15:44:11.428 [Test worker] INFO  o.s.c.s.PostProcessorRegistrationDelegate$BeanPostProcessorChecker - Bean 'transactionInterceptor' of type [class org.springframework.transaction.interceptor.TransactionInterceptor] is not eligible for getting processed by all BeanPostProcessors (for example: not eligible for auto-proxying)
15:44:11.429 [Test worker] DEBUG o.s.b.f.s.DefaultListableBeanFactory - Finished creating instance of bean 'transactionInterceptor'
15:44:11.430 [Test worker] DEBUG o.s.b.f.s.DefaultListableBeanFactory - Eagerly caching bean 'org.springframework.transaction.config.internalTransactionAdvisor' to allow for resolving potential circular references
15:44:11.445 [Test worker] INFO  o.s.c.s.PostProcessorRegistrationDelegate$BeanPostProcessorChecker - Bean 'org.springframework.transaction.config.internalTransactionAdvisor' of type [class org.springframework.transaction.interceptor.BeanFactoryTransactionAttributeSourceAdvisor] is not eligible for getting processed by all BeanPostProcessors (for example: not eligible for auto-proxying)
15:44:11.445 [Test worker] DEBUG o.s.b.f.s.DefaultListableBeanFactory - Finished creating instance of bean 'org.springframework.transaction.config.internalTransactionAdvisor'
15:44:11.446 [Test worker] DEBUG o.s.b.f.s.DefaultListableBeanFactory - Eagerly caching bean 'embeddedServletContainerCustomizerBeanPostProcessor' to allow for resolving potential circular references
15:44:11.454 [Test worker] DEBUG o.s.b.f.s.DefaultListableBeanFactory - Returning cached instance of singleton bean 'org.springframework.transaction.config.internalTransactionAdvisor'
15:44:11.454 [Test worker] DEBUG o.s.b.f.s.DefaultListableBeanFactory - Returning cached instance of singleton bean 'org.springframework.transaction.config.internalTransactionAdvisor'
15:44:11.466 [Test worker] DEBUG o.s.b.f.s.DefaultListableBeanFactory - Finished creating instance of bean 'embeddedServletContainerCustomizerBeanPostProcessor'
15:44:11.472 [Test worker] DEBUG o.s.w.c.s.GenericWebApplicationContext - Unable to locate MessageSource with name 'messageSource': using default [org.springframework.context.support.DelegatingMessageSource@606b73fd]
15:44:11.477 [Test worker] DEBUG o.s.w.c.s.GenericWebApplicationContext - Unable to locate ApplicationEventMulticaster with name 'applicationEventMulticaster': using default [org.springframework.context.event.SimpleApplicationEventMulticaster@1bda3217]
15:44:11.480 [Test worker] DEBUG o.s.u.c.s.UiApplicationContextUtils - Unable to locate ThemeSource with name 'themeSource': using default [org.springframework.ui.context.support.ResourceBundleThemeSource@1dee32a]
15:44:11.501 [Test worker] DEBUG o.s.b.f.s.DefaultListableBeanFactory - Pre-instantiating singletons in org.springframework.beans.factory.support.DefaultListableBeanFactory@447e689b: defining beans [org.springframework.context.annotation.internalConfigurationAnnotationProcessor,org.springframework.context.annotation.internalAutowiredAnnotationProcessor,org.springframework.context.annotation.internalRequiredAnnotationProcessor,org.springframework.context.annotation.internalCommonAnnotationProcessor,org.springframework.context.annotation.internalPersistenceAnnotationProcessor,neoneCoreApplication,org.springframework.context.annotation.ConfigurationClassPostProcessor.importAwareProcessor,org.springframework.context.annotation.ConfigurationClassPostProcessor.enhancedConfigurationProcessor,gameController,indexController,org.springframework.boot.autoconfigure.AutoConfigurationPackages,org.springframework.boot.autoconfigure.PropertyPlaceholderAutoConfiguration,org.springframework.boot.autoconfigure.condition.BeanTypeRegistry,propertySourcesPlaceholderConfigurer,org.springframework.boot.autoconfigure.websocket.WebSocketAutoConfiguration$TomcatWebSocketConfiguration,websocketContainerCustomizer,org.springframework.boot.autoconfigure.websocket.WebSocketAutoConfiguration,org.springframework.boot.autoconfigure.web.EmbeddedServletContainerAutoConfiguration$EmbeddedTomcat,tomcatEmbeddedServletContainerFactory,org.springframework.boot.autoconfigure.web.EmbeddedServletContainerAutoConfiguration,embeddedServletContainerCustomizerBeanPostProcessor,org.springframework.boot.autoconfigure.web.DispatcherServletAutoConfiguration$DispatcherServletConfiguration,dispatcherServlet,dispatcherServletRegistration,org.springframework.boot.autoconfigure.web.DispatcherServletAutoConfiguration,org.springframework.boot.autoconfigure.web.ErrorMvcAutoConfiguration$WhitelabelErrorViewConfiguration,error,beanNameViewResolver,org.springframework.boot.autoconfigure.web.ErrorMvcAutoConfiguration,errorAttributes,basicErrorController,org.springframework.boot.autoconfigure.web.WebMvcAutoConfiguration$EnableWebMvcConfiguration,requestMappingHandlerAdapter,requestMappingHandlerMapping,mvcContentNegotiationManager,viewControllerHandlerMapping,beanNameHandlerMapping,resourceHandlerMapping,mvcResourceUrlProvider,defaultServletHandlerMapping,mvcConversionService,mvcValidator,mvcPathMatcher,mvcUrlPathHelper,mvcUriComponentsContributor,httpRequestHandlerAdapter,simpleControllerHandlerAdapter,handlerExceptionResolver,mvcViewResolver,org.springframework.boot.autoconfigure.web.WebMvcAutoConfiguration$WebMvcAutoConfigurationAdapter$FaviconConfiguration,faviconHandlerMapping,faviconRequestHandler,org.springframework.boot.autoconfigure.web.WebMvcAutoConfiguration$WebMvcAutoConfigurationAdapter,defaultViewResolver,requestContextListener,viewResolver,spring.mvc.CONFIGURATION_PROPERTIES,spring.resources.CONFIGURATION_PROPERTIES,org.springframework.boot.context.properties.ConfigurationPropertiesBindingPostProcessor,org.springframework.boot.context.properties.ConfigurationPropertiesBindingPostProcessor.store,org.springframework.boot.autoconfigure.web.WebMvcAutoConfiguration,hiddenHttpMethodFilter,org.springframework.boot.autoconfigure.aop.AopAutoConfiguration$JdkDynamicAutoProxyConfiguration,org.springframework.aop.config.internalAutoProxyCreator,org.springframework.boot.autoconfigure.aop.AopAutoConfiguration,org.springframework.boot.autoconfigure.dao.PersistenceExceptionTranslationAutoConfiguration,persistenceExceptionTranslationPostProcessor,org.springframework.boot.autoconfigure.mongo.MongoAutoConfiguration,mongo,spring.data.mongodb.CONFIGURATION_PROPERTIES,org.springframework.boot.autoconfigure.data.mongo.MongoRepositoriesAutoConfiguration,org.springframework.data.repository.core.support.RepositoryInterfaceAwareBeanPostProcessor,mongoMappingContext,org.springframework.boot.autoconfigure.jackson.JacksonAutoConfiguration$JacksonObjectMapperBuilderConfiguration,jacksonObjectMapperBuilder,http.mappers.CONFIGURATION_PROPERTIES,spring.jackson.CONFIGURATION_PROPERTIES,org.springframework.boot.autoconfigure.jackson.JacksonAutoConfiguration$JacksonObjectMapperConfiguration,jacksonObjectMapper,org.springframework.boot.autoconfigure.jackson.JacksonAutoConfiguration,org.springframework.boot.autoconfigure.web.HttpMessageConvertersAutoConfiguration$StringHttpMessageConverterConfiguration,stringHttpMessageConverter,spring.http.encoding.CONFIGURATION_PROPERTIES,org.springframework.boot.autoconfigure.web.JacksonHttpMessageConvertersConfiguration$MappingJackson2HttpMessageConverterConfiguration,mappingJackson2HttpMessageConverter,org.springframework.boot.autoconfigure.web.JacksonHttpMessageConvertersConfiguration,org.springframework.boot.autoconfigure.web.HttpMessageConvertersAutoConfiguration,messageConverters,org.springframework.data.web.config.SpringDataWebConfiguration,pageableResolver,sortResolver,org.springframework.data.mongodb.core.GeoJsonConfiguration,geoJsonModule,org.springframework.data.web.config.SpringDataJacksonConfiguration,jacksonGeoModule,org.springframework.boot.autoconfigure.data.web.SpringDataWebAutoConfiguration,org.springframework.boot.autoconfigure.jta.JtaAutoConfiguration,spring.jta.CONFIGURATION_PROPERTIES,org.springframework.boot.autoconfigure.jdbc.DataSourceAutoConfiguration$JdbcTemplateConfiguration,jdbcTemplate,namedParameterJdbcTemplate,org.springframework.boot.autoconfigure.jdbc.DataSourceAutoConfiguration$NonEmbeddedConfiguration,dataSource,org.springframework.boot.autoconfigure.jdbc.DataSourceAutoConfiguration$DataSourceInitializerConfiguration,dataSourceInitializer,org.springframework.boot.autoconfigure.jdbc.metadata.DataSourcePoolMetadataProvidersConfiguration$TomcatDataSourcePoolMetadataProviderConfiguration,tomcatPoolDataSourceMetadataProvider,org.springframework.boot.autoconfigure.jdbc.metadata.DataSourcePoolMetadataProvidersConfiguration,org.springframework.boot.autoconfigure.jdbc.DataSourceAutoConfiguration,spring.datasource.CONFIGURATION_PROPERTIES,dataSourceInitializerPostProcessor,org.springframework.boot.autoconfigure.jmx.JmxAutoConfiguration,mbeanExporter,objectNamingStrategy,mbeanServer,org.springframework.transaction.annotation.ProxyTransactionManagementConfiguration,org.springframework.transaction.config.internalTransactionAdvisor,transactionAttributeSource,transactionInterceptor,org.springframework.boot.autoconfigure.jdbc.DataSourceTransactionManagerAutoConfiguration$TransactionManagementConfiguration,org.springframework.boot.autoconfigure.jdbc.DataSourceTransactionManagerAutoConfiguration,transactionManager,org.springframework.boot.autoconfigure.thymeleaf.ThymeleafAutoConfiguration$ThymeleafViewResolverConfiguration,thymeleafViewResolver,org.springframework.boot.autoconfigure.thymeleaf.ThymeleafAutoConfiguration$ThymeleafDefaultConfiguration,templateEngine,org.springframework.boot.autoconfigure.thymeleaf.ThymeleafAutoConfiguration$DefaultTemplateResolverConfiguration,defaultTemplateResolver,thymeleafResourceResolver,org.springframework.boot.autoconfigure.thymeleaf.ThymeleafAutoConfiguration,spring.thymeleaf.CONFIGURATION_PROPERTIES,org.springframework.boot.autoconfigure.mongo.MongoDataAutoConfiguration,mongoDbFactory,mongoTemplate,mappingMongoConverter,gridFsTemplate,org.springframework.boot.autoconfigure.security.SpringBootWebSecurityConfiguration$ApplicationWebSecurityConfigurerAdapter,org.springframework.security.config.annotation.authentication.configuration.AuthenticationConfiguration,authenticationManagerBuilder,enableGlobalAuthenticationAutowiredConfigurer,org.springframework.security.config.annotation.web.configuration.WebSecurityConfiguration,delegatingApplicationListener,webSecurityExpressionHandler,springSecurityFilterChain,privilegeEvaluator,autowiredWebSecurityConfigurersIgnoreParents,org.springframework.security.config.annotation.configuration.ObjectPostProcessorConfiguration,objectPostProcessor,org.springframework.security.config.annotation.web.servlet.configuration.WebMvcSecurityConfiguration,requestDataValueProcessor,org.springframework.boot.autoconfigure.security.SpringBootWebSecurityConfiguration$WebMvcSecurityConfigurationConditions$DefaultWebMvcSecurityConfiguration,org.springframework.boot.autoconfigure.security.SpringBootWebSecurityConfiguration$WebMvcSecurityConfigurationConditions,org.springframework.boot.autoconfigure.security.SpringBootWebSecurityConfiguration,ignoredPathsWebSecurityConfigurerAdapter,securityFilterChainRegistration,org.springframework.boot.autoconfigure.security.AuthenticationManagerConfiguration$AuthenticationManagerConfigurationListener,org.springframework.boot.autoconfigure.security.AuthenticationManagerConfiguration,authenticationManager,springBootAuthenticationConfigurerAdapter,org.springframework.boot.autoconfigure.security.BootGlobalAuthenticationConfiguration,bootGlobalAuthenticationConfigurationAdapter,org.springframework.boot.autoconfigure.security.SecurityAutoConfiguration,authenticationEventPublisher,securityProperties,org.springframework.boot.autoconfigure.web.HttpEncodingAutoConfiguration,characterEncodingFilter,org.springframework.boot.autoconfigure.web.MultipartAutoConfiguration,multipartConfigElement,multipartResolver,multipart.CONFIGURATION_PROPERTIES,org.springframework.boot.autoconfigure.web.ServerPropertiesAutoConfiguration,serverProperties]; root of factory hierarchy
15:44:11.501 [Test worker] DEBUG o.s.b.f.s.DefaultListableBeanFactory - Returning cached instance of singleton bean 'org.springframework.context.annotation.internalConfigurationAnnotationProcessor'
15:44:11.501 [Test worker] DEBUG o.s.b.f.s.DefaultListableBeanFactory - Returning cached instance of singleton bean 'org.springframework.context.annotation.internalAutowiredAnnotationProcessor'
15:44:11.501 [Test worker] DEBUG o.s.b.f.s.DefaultListableBeanFactory - Returning cached instance of singleton bean 'org.springframework.context.annotation.internalRequiredAnnotationProcessor'
15:44:11.501 [Test worker] DEBUG o.s.b.f.s.DefaultListableBeanFactory - Returning cached instance of singleton bean 'org.springframework.context.annotation.internalCommonAnnotationProcessor'
15:44:11.501 [Test worker] DEBUG o.s.b.f.s.DefaultListableBeanFactory - Returning cached instance of singleton bean 'org.springframework.context.annotation.internalPersistenceAnnotationProcessor'
15:44:11.501 [Test worker] DEBUG o.s.b.f.s.DefaultListableBeanFactory - Creating shared instance of singleton bean 'neoneCoreApplication'
15:44:11.501 [Test worker] DEBUG o.s.b.f.s.DefaultListableBeanFactory - Creating instance of bean 'neoneCoreApplication'
15:44:11.502 [Test worker] DEBUG o.s.b.f.s.DefaultListableBeanFactory - Returning cached instance of singleton bean 'org.springframework.transaction.config.internalTransactionAdvisor'
15:44:11.503 [Test worker] DEBUG o.s.b.f.s.DefaultListableBeanFactory - Eagerly caching bean 'neoneCoreApplication' to allow for resolving potential circular references
15:44:11.513 [Test worker] DEBUG o.s.b.f.s.DefaultListableBeanFactory - Returning cached instance of singleton bean 'org.springframework.transaction.config.internalTransactionAdvisor'
15:44:11.513 [Test worker] DEBUG o.s.b.f.s.DefaultListableBeanFactory - Returning cached instance of singleton bean 'org.springframework.transaction.config.internalTransactionAdvisor'
15:44:11.516 [Test worker] DEBUG o.s.b.f.s.DefaultListableBeanFactory - Finished creating instance of bean 'neoneCoreApplication'
15:44:11.516 [Test worker] DEBUG o.s.b.f.s.DefaultListableBeanFactory - Returning cached instance of singleton bean 'org.springframework.context.annotation.ConfigurationClassPostProcessor.importAwareProcessor'
15:44:11.516 [Test worker] DEBUG o.s.b.f.s.DefaultListableBeanFactory - Returning cached instance of singleton bean 'org.springframework.context.annotation.ConfigurationClassPostProcessor.enhancedConfigurationProcessor'
15:44:11.516 [Test worker] DEBUG o.s.b.f.s.DefaultListableBeanFactory - Creating shared instance of singleton bean 'gameController'
15:44:11.516 [Test worker] DEBUG o.s.b.f.s.DefaultListableBeanFactory - Creating instance of bean 'gameController'
15:44:11.516 [Test worker] DEBUG o.s.b.f.s.DefaultListableBeanFactory - Returning cached instance of singleton bean 'org.springframework.transaction.config.internalTransactionAdvisor'
15:44:11.527 [Test worker] DEBUG o.s.b.f.s.DefaultListableBeanFactory - Eagerly caching bean 'gameController' to allow for resolving potential circular references
15:44:11.535 [Test worker] DEBUG o.s.b.f.s.DefaultListableBeanFactory - Returning cached instance of singleton bean 'org.springframework.transaction.config.internalTransactionAdvisor'
15:44:11.535 [Test worker] DEBUG o.s.b.f.s.DefaultListableBeanFactory - Returning cached instance of singleton bean 'org.springframework.transaction.config.internalTransactionAdvisor'
15:44:11.537 [Test worker] DEBUG o.s.b.f.s.DefaultListableBeanFactory - Finished creating instance of bean 'gameController'
15:44:11.537 [Test worker] DEBUG o.s.b.f.s.DefaultListableBeanFactory - Creating shared instance of singleton bean 'indexController'
15:44:11.537 [Test worker] DEBUG o.s.b.f.s.DefaultListableBeanFactory - Creating instance of bean 'indexController'
15:44:11.538 [Test worker] DEBUG o.s.b.f.s.DefaultListableBeanFactory - Returning cached instance of singleton bean 'org.springframework.transaction.config.internalTransactionAdvisor'
15:44:11.540 [Test worker] DEBUG o.s.b.f.s.DefaultListableBeanFactory - Eagerly caching bean 'indexController' to allow for resolving potential circular references
15:44:11.549 [Test worker] DEBUG o.s.b.f.s.DefaultListableBeanFactory - Returning cached instance of singleton bean 'org.springframework.transaction.config.internalTransactionAdvisor'
15:44:11.549 [Test worker] DEBUG o.s.b.f.s.DefaultListableBeanFactory - Returning cached instance of singleton bean 'org.springframework.transaction.config.internalTransactionAdvisor'
15:44:11.553 [Test worker] DEBUG o.s.b.f.s.DefaultListableBeanFactory - Finished creating instance of bean 'indexController'
15:44:11.554 [Test worker] DEBUG o.s.b.f.s.DefaultListableBeanFactory - Returning cached instance of singleton bean 'org.springframework.boot.autoconfigure.AutoConfigurationPackages'
15:44:11.554 [Test worker] DEBUG o.s.b.f.s.DefaultListableBeanFactory - Creating shared instance of singleton bean 'org.springframework.boot.autoconfigure.PropertyPlaceholderAutoConfiguration'
15:44:11.554 [Test worker] DEBUG o.s.b.f.s.DefaultListableBeanFactory - Creating instance of bean 'org.springframework.boot.autoconfigure.PropertyPlaceholderAutoConfiguration'
15:44:11.554 [Test worker] DEBUG o.s.b.f.s.DefaultListableBeanFactory - Returning cached instance of singleton bean 'org.springframework.transaction.config.internalTransactionAdvisor'
15:44:11.557 [Test worker] DEBUG o.s.b.f.s.DefaultListableBeanFactory - Eagerly caching bean 'org.springframework.boot.autoconfigure.PropertyPlaceholderAutoConfiguration' to allow for resolving potential circular references
15:44:11.570 [Test worker] DEBUG o.s.b.f.s.DefaultListableBeanFactory - Returning cached instance of singleton bean 'org.springframework.transaction.config.internalTransactionAdvisor'
15:44:11.570 [Test worker] DEBUG o.s.b.f.s.DefaultListableBeanFactory - Returning cached instance of singleton bean 'org.springframework.transaction.config.internalTransactionAdvisor'
15:44:11.571 [Test worker] DEBUG o.s.b.f.s.DefaultListableBeanFactory - Finished creating instance of bean 'org.springframework.boot.autoconfigure.PropertyPlaceholderAutoConfiguration'
15:44:11.572 [Test worker] DEBUG o.s.b.f.s.DefaultListableBeanFactory - Returning cached instance of singleton bean 'org.springframework.boot.autoconfigure.condition.BeanTypeRegistry'
15:44:11.572 [Test worker] DEBUG o.s.b.f.s.DefaultListableBeanFactory - Returning cached instance of singleton bean 'propertySourcesPlaceholderConfigurer'
15:44:11.572 [Test worker] DEBUG o.s.b.f.s.DefaultListableBeanFactory - Creating shared instance of singleton bean 'org.springframework.boot.autoconfigure.websocket.WebSocketAutoConfiguration$TomcatWebSocketConfiguration'
15:44:11.572 [Test worker] DEBUG o.s.b.f.s.DefaultListableBeanFactory - Creating instance of bean 'org.springframework.boot.autoconfigure.websocket.WebSocketAutoConfiguration$TomcatWebSocketConfiguration'
15:44:11.572 [Test worker] DEBUG o.s.b.f.s.DefaultListableBeanFactory - Returning cached instance of singleton bean 'org.springframework.transaction.config.internalTransactionAdvisor'
15:44:11.573 [Test worker] DEBUG o.s.b.f.s.DefaultListableBeanFactory - Eagerly caching bean 'org.springframework.boot.autoconfigure.websocket.WebSocketAutoConfiguration$TomcatWebSocketConfiguration' to allow for resolving potential circular references
15:44:11.586 [Test worker] DEBUG o.s.b.f.s.DefaultListableBeanFactory - Returning cached instance of singleton bean 'org.springframework.transaction.config.internalTransactionAdvisor'
15:44:11.586 [Test worker] DEBUG o.s.b.f.s.DefaultListableBeanFactory - Returning cached instance of singleton bean 'org.springframework.transaction.config.internalTransactionAdvisor'
15:44:11.587 [Test worker] DEBUG o.s.b.f.s.DefaultListableBeanFactory - Finished creating instance of bean 'org.springframework.boot.autoconfigure.websocket.WebSocketAutoConfiguration$TomcatWebSocketConfiguration'
15:44:11.588 [Test worker] DEBUG o.s.b.f.s.DefaultListableBeanFactory - Creating shared instance of singleton bean 'websocketContainerCustomizer'
15:44:11.588 [Test worker] DEBUG o.s.b.f.s.DefaultListableBeanFactory - Creating instance of bean 'websocketContainerCustomizer'
15:44:11.588 [Test worker] DEBUG o.s.b.f.s.DefaultListableBeanFactory - Returning cached instance of singleton bean 'org.springframework.transaction.config.internalTransactionAdvisor'
15:44:11.588 [Test worker] DEBUG o.s.b.f.s.DefaultListableBeanFactory - Returning cached instance of singleton bean 'org.springframework.boot.autoconfigure.websocket.WebSocketAutoConfiguration$TomcatWebSocketConfiguration'
15:44:11.607 [Test worker] DEBUG o.s.b.f.s.DefaultListableBeanFactory - Eagerly caching bean 'websocketContainerCustomizer' to allow for resolving potential circular references
15:44:11.614 [Test worker] DEBUG o.s.b.f.s.DefaultListableBeanFactory - Returning cached instance of singleton bean 'org.springframework.transaction.config.internalTransactionAdvisor'
15:44:11.614 [Test worker] DEBUG o.s.b.f.s.DefaultListableBeanFactory - Returning cached instance of singleton bean 'org.springframework.transaction.config.internalTransactionAdvisor'
15:44:11.615 [Test worker] DEBUG o.s.b.f.s.DefaultListableBeanFactory - Finished creating instance of bean 'websocketContainerCustomizer'
15:44:11.615 [Test worker] DEBUG o.s.b.f.s.DefaultListableBeanFactory - Creating shared instance of singleton bean 'org.springframework.boot.autoconfigure.websocket.WebSocketAutoConfiguration'
15:44:11.615 [Test worker] DEBUG o.s.b.f.s.DefaultListableBeanFactory - Creating instance of bean 'org.springframework.boot.autoconfigure.websocket.WebSocketAutoConfiguration'
15:44:11.616 [Test worker] DEBUG o.s.b.f.s.DefaultListableBeanFactory - Returning cached instance of singleton bean 'org.springframework.transaction.config.internalTransactionAdvisor'
15:44:11.616 [Test worker] DEBUG o.s.b.f.s.DefaultListableBeanFactory - Eagerly caching bean 'org.springframework.boot.autoconfigure.websocket.WebSocketAutoConfiguration' to allow for resolving potential circular references
15:44:11.646 [Test worker] DEBUG o.s.b.f.s.DefaultListableBeanFactory - Returning cached instance of singleton bean 'org.springframework.transaction.config.internalTransactionAdvisor'
15:44:11.646 [Test worker] DEBUG o.s.b.f.s.DefaultListableBeanFactory - Returning cached instance of singleton bean 'org.springframework.transaction.config.internalTransactionAdvisor'
15:44:11.656 [Test worker] DEBUG o.s.b.f.s.DefaultListableBeanFactory - Finished creating instance of bean 'org.springframework.boot.autoconfigure.websocket.WebSocketAutoConfiguration'
15:44:11.656 [Test worker] DEBUG o.s.b.f.s.DefaultListableBeanFactory - Creating shared instance of singleton bean 'org.springframework.boot.autoconfigure.web.EmbeddedServletContainerAutoConfiguration$EmbeddedTomcat'
15:44:11.656 [Test worker] DEBUG o.s.b.f.s.DefaultListableBeanFactory - Creating instance of bean 'org.springframework.boot.autoconfigure.web.EmbeddedServletContainerAutoConfiguration$EmbeddedTomcat'
15:44:11.656 [Test worker] DEBUG o.s.b.f.s.DefaultListableBeanFactory - Returning cached instance of singleton bean 'org.springframework.transaction.config.internalTransactionAdvisor'
15:44:11.672 [Test worker] DEBUG o.s.b.f.s.DefaultListableBeanFactory - Eagerly caching bean 'org.springframework.boot.autoconfigure.web.EmbeddedServletContainerAutoConfiguration$EmbeddedTomcat' to allow for resolving potential circular references
15:44:11.681 [Test worker] DEBUG o.s.b.f.s.DefaultListableBeanFactory - Returning cached instance of singleton bean 'org.springframework.transaction.config.internalTransactionAdvisor'
15:44:11.681 [Test worker] DEBUG o.s.b.f.s.DefaultListableBeanFactory - Returning cached instance of singleton bean 'org.springframework.transaction.config.internalTransactionAdvisor'
15:44:11.683 [Test worker] DEBUG o.s.b.f.s.DefaultListableBeanFactory - Finished creating instance of bean 'org.springframework.boot.autoconfigure.web.EmbeddedServletContainerAutoConfiguration$EmbeddedTomcat'
15:44:11.684 [Test worker] DEBUG o.s.b.f.s.DefaultListableBeanFactory - Creating shared instance of singleton bean 'tomcatEmbeddedServletContainerFactory'
15:44:11.684 [Test worker] DEBUG o.s.b.f.s.DefaultListableBeanFactory - Creating instance of bean 'tomcatEmbeddedServletContainerFactory'
15:44:11.684 [Test worker] DEBUG o.s.b.f.s.DefaultListableBeanFactory - Returning cached instance of singleton bean 'org.springframework.transaction.config.internalTransactionAdvisor'
15:44:11.684 [Test worker] DEBUG o.s.b.f.s.DefaultListableBeanFactory - Returning cached instance of singleton bean 'org.springframework.boot.autoconfigure.web.EmbeddedServletContainerAutoConfiguration$EmbeddedTomcat'
15:44:11.765 [Test worker] DEBUG o.s.b.f.s.DefaultListableBeanFactory - Eagerly caching bean 'tomcatEmbeddedServletContainerFactory' to allow for resolving potential circular references
15:44:11.800 [Test worker] DEBUG o.s.b.f.s.DefaultListableBeanFactory - Returning cached instance of singleton bean 'websocketContainerCustomizer'
15:44:11.801 [Test worker] DEBUG o.s.b.f.s.DefaultListableBeanFactory - Creating shared instance of singleton bean 'org.springframework.boot.autoconfigure.web.ErrorMvcAutoConfiguration'
15:44:11.801 [Test worker] DEBUG o.s.b.f.s.DefaultListableBeanFactory - Creating instance of bean 'org.springframework.boot.autoconfigure.web.ErrorMvcAutoConfiguration'
15:44:11.801 [Test worker] DEBUG o.s.b.f.s.DefaultListableBeanFactory - Returning cached instance of singleton bean 'org.springframework.transaction.config.internalTransactionAdvisor'
15:44:11.805 [Test worker] DEBUG o.s.b.f.annotation.InjectionMetadata - Registered injected element on class [org.springframework.boot.autoconfigure.web.ErrorMvcAutoConfiguration$$EnhancerBySpringCGLIB$$7c736869]: AutowiredFieldElement for private java.lang.String org.springframework.boot.autoconfigure.web.ErrorMvcAutoConfiguration.errorPath
15:44:11.805 [Test worker] DEBUG o.s.b.f.annotation.InjectionMetadata - Registered injected element on class [org.springframework.boot.autoconfigure.web.ErrorMvcAutoConfiguration$$EnhancerBySpringCGLIB$$7c736869]: AutowiredFieldElement for private org.springframework.boot.autoconfigure.web.ServerProperties org.springframework.boot.autoconfigure.web.ErrorMvcAutoConfiguration.properties
15:44:11.805 [Test worker] DEBUG o.s.b.f.s.DefaultListableBeanFactory - Eagerly caching bean 'org.springframework.boot.autoconfigure.web.ErrorMvcAutoConfiguration' to allow for resolving potential circular references
15:44:11.821 [Test worker] DEBUG o.s.b.f.annotation.InjectionMetadata - Processing injected element of bean 'org.springframework.boot.autoconfigure.web.ErrorMvcAutoConfiguration': AutowiredFieldElement for private java.lang.String org.springframework.boot.autoconfigure.web.ErrorMvcAutoConfiguration.errorPath
15:44:11.822 [Test worker] DEBUG o.s.c.e.PropertySourcesPropertyResolver - Searching for key 'error.path:/error' in [environmentProperties]
15:44:11.822 [Test worker] DEBUG o.s.c.e.PropertySourcesPropertyResolver - Searching for key 'error.path:/error' in [servletConfigInitParams]
15:44:11.822 [Test worker] DEBUG o.s.c.e.PropertySourcesPropertyResolver - Searching for key 'error.path:/error' in [servletContextInitParams]
15:44:11.822 [Test worker] DEBUG o.s.c.e.PropertySourcesPropertyResolver - Searching for key 'error.path:/error' in [systemProperties]
15:44:11.822 [Test worker] DEBUG o.s.c.e.PropertySourcesPropertyResolver - Searching for key 'error.path:/error' in [systemEnvironment]
15:44:11.822 [Test worker] DEBUG o.s.c.e.PropertySourcesPropertyResolver - Could not find key 'error.path:/error' in any property source. Returning [null]
15:44:11.822 [Test worker] DEBUG o.s.c.e.PropertySourcesPropertyResolver - Searching for key 'error.path:/error' in [localProperties]
15:44:11.822 [Test worker] DEBUG o.s.c.e.PropertySourcesPropertyResolver - Could not find key 'error.path:/error' in any property source. Returning [null]
15:44:11.822 [Test worker] DEBUG o.s.c.e.PropertySourcesPropertyResolver - Searching for key 'error.path' in [environmentProperties]
15:44:11.822 [Test worker] DEBUG o.s.c.e.PropertySourcesPropertyResolver - Searching for key 'error.path' in [servletConfigInitParams]
15:44:11.822 [Test worker] DEBUG o.s.c.e.PropertySourcesPropertyResolver - Searching for key 'error.path' in [servletContextInitParams]
15:44:11.822 [Test worker] DEBUG o.s.c.e.PropertySourcesPropertyResolver - Searching for key 'error.path' in [systemProperties]
15:44:11.822 [Test worker] DEBUG o.s.c.e.PropertySourcesPropertyResolver - Searching for key 'error.path' in [systemEnvironment]
15:44:11.822 [Test worker] DEBUG o.s.c.e.PropertySourcesPropertyResolver - Could not find key 'error.path' in any property source. Returning [null]
15:44:11.822 [Test worker] DEBUG o.s.c.e.PropertySourcesPropertyResolver - Searching for key 'error.path' in [localProperties]
15:44:11.822 [Test worker] DEBUG o.s.c.e.PropertySourcesPropertyResolver - Could not find key 'error.path' in any property source. Returning [null]
15:44:11.833 [Test worker] DEBUG o.s.b.f.annotation.InjectionMetadata - Processing injected element of bean 'org.springframework.boot.autoconfigure.web.ErrorMvcAutoConfiguration': AutowiredFieldElement for private org.springframework.boot.autoconfigure.web.ServerProperties org.springframework.boot.autoconfigure.web.ErrorMvcAutoConfiguration.properties
15:44:11.836 [Test worker] DEBUG o.s.b.f.s.DefaultListableBeanFactory - Creating shared instance of singleton bean 'serverProperties'
15:44:11.836 [Test worker] DEBUG o.s.b.f.s.DefaultListableBeanFactory - Creating instance of bean 'serverProperties'
15:44:11.837 [Test worker] DEBUG o.s.b.f.s.DefaultListableBeanFactory - Returning cached instance of singleton bean 'org.springframework.transaction.config.internalTransactionAdvisor'
15:44:11.837 [Test worker] DEBUG o.s.b.f.s.DefaultListableBeanFactory - Creating shared instance of singleton bean 'org.springframework.boot.autoconfigure.web.ServerPropertiesAutoConfiguration'
15:44:11.837 [Test worker] DEBUG o.s.b.f.s.DefaultListableBeanFactory - Creating instance of bean 'org.springframework.boot.autoconfigure.web.ServerPropertiesAutoConfiguration'
15:44:11.837 [Test worker] DEBUG o.s.b.f.s.DefaultListableBeanFactory - Returning cached instance of singleton bean 'org.springframework.transaction.config.internalTransactionAdvisor'
15:44:11.838 [Test worker] DEBUG o.s.b.f.s.DefaultListableBeanFactory - Eagerly caching bean 'org.springframework.boot.autoconfigure.web.ServerPropertiesAutoConfiguration' to allow for resolving potential circular references
15:44:11.850 [Test worker] DEBUG o.s.b.f.s.DefaultListableBeanFactory - Returning cached instance of singleton bean 'org.springframework.transaction.config.internalTransactionAdvisor'
15:44:11.851 [Test worker] DEBUG o.s.b.f.s.DefaultListableBeanFactory - Returning cached instance of singleton bean 'org.springframework.transaction.config.internalTransactionAdvisor'
15:44:11.852 [Test worker] DEBUG o.s.b.f.s.DefaultListableBeanFactory - Finished creating instance of bean 'org.springframework.boot.autoconfigure.web.ServerPropertiesAutoConfiguration'
15:44:11.875 [Test worker] DEBUG o.s.b.f.s.DefaultListableBeanFactory - Eagerly caching bean 'serverProperties' to allow for resolving potential circular references
15:44:11.913 [Test worker] DEBUG o.s.core.env.MutablePropertySources - Adding [servletConfigInitParams] PropertySource with lowest search precedence
15:44:11.913 [Test worker] DEBUG o.s.core.env.MutablePropertySources - Adding [servletContextInitParams] PropertySource with lowest search precedence
15:44:11.913 [Test worker] DEBUG o.s.core.env.MutablePropertySources - Adding [systemProperties] PropertySource with lowest search precedence
15:44:11.913 [Test worker] DEBUG o.s.core.env.MutablePropertySources - Adding [systemEnvironment] PropertySource with lowest search precedence
15:44:11.913 [Test worker] DEBUG o.s.core.env.MutablePropertySources - Adding [localProperties] PropertySource with lowest search precedence
15:44:12.372 [Test worker] DEBUG o.s.b.f.s.DefaultListableBeanFactory - Creating instance of bean 'org.hibernate.validator.internal.constraintvalidators.NotNullValidator'
15:44:12.372 [Test worker] DEBUG o.s.b.f.s.DefaultListableBeanFactory - Returning cached instance of singleton bean 'org.springframework.transaction.config.internalTransactionAdvisor'
15:44:12.376 [Test worker] DEBUG o.s.b.f.s.DefaultListableBeanFactory - Returning cached instance of singleton bean 'org.springframework.transaction.config.internalTransactionAdvisor'
15:44:12.377 [Test worker] DEBUG o.s.b.f.s.DefaultListableBeanFactory - Returning cached instance of singleton bean 'org.springframework.transaction.config.internalTransactionAdvisor'
15:44:12.378 [Test worker] DEBUG o.s.b.f.s.DefaultListableBeanFactory - Finished creating instance of bean 'org.hibernate.validator.internal.constraintvalidators.NotNullValidator'
15:44:12.385 [Test worker] DEBUG o.s.b.f.s.DefaultListableBeanFactory - Returning cached instance of singleton bean 'org.springframework.transaction.config.internalTransactionAdvisor'
15:44:12.385 [Test worker] DEBUG o.s.b.f.s.DefaultListableBeanFactory - Returning cached instance of singleton bean 'org.springframework.transaction.config.internalTransactionAdvisor'
15:44:12.386 [Test worker] DEBUG o.s.b.f.s.DefaultListableBeanFactory - Finished creating instance of bean 'serverProperties'
15:44:12.386 [Test worker] DEBUG o.s.b.f.a.AutowiredAnnotationBeanPostProcessor - Autowiring by type from bean name 'org.springframework.boot.autoconfigure.web.ErrorMvcAutoConfiguration' to bean named 'serverProperties'
15:44:12.387 [Test worker] DEBUG o.s.b.f.s.DefaultListableBeanFactory - Returning cached instance of singleton bean 'org.springframework.transaction.config.internalTransactionAdvisor'
15:44:12.387 [Test worker] DEBUG o.s.b.f.s.DefaultListableBeanFactory - Returning cached instance of singleton bean 'org.springframework.transaction.config.internalTransactionAdvisor'
15:44:12.389 [Test worker] DEBUG o.s.b.f.s.DefaultListableBeanFactory - Finished creating instance of bean 'org.springframework.boot.autoconfigure.web.ErrorMvcAutoConfiguration'
15:44:12.390 [Test worker] DEBUG o.s.b.f.s.DefaultListableBeanFactory - Returning cached instance of singleton bean 'org.springframework.boot.autoconfigure.web.ServerPropertiesAutoConfiguration'
15:44:12.390 [Test worker] DEBUG o.s.b.f.s.DefaultListableBeanFactory - Returning cached instance of singleton bean 'serverProperties'
15:44:12.399 [Test worker] DEBUG o.s.b.f.s.DefaultListableBeanFactory - Returning cached instance of singleton bean 'org.springframework.transaction.config.internalTransactionAdvisor'
15:44:12.399 [Test worker] DEBUG o.s.b.f.s.DefaultListableBeanFactory - Returning cached instance of singleton bean 'org.springframework.transaction.config.internalTransactionAdvisor'
15:44:12.407 [Test worker] DEBUG o.s.b.f.s.DefaultListableBeanFactory - Finished creating instance of bean 'tomcatEmbeddedServletContainerFactory'
15:44:12.407 [Test worker] DEBUG o.s.b.f.s.DefaultListableBeanFactory - Creating shared instance of singleton bean 'org.springframework.boot.autoconfigure.web.EmbeddedServletContainerAutoConfiguration'
15:44:12.407 [Test worker] DEBUG o.s.b.f.s.DefaultListableBeanFactory - Creating instance of bean 'org.springframework.boot.autoconfigure.web.EmbeddedServletContainerAutoConfiguration'
15:44:12.407 [Test worker] DEBUG o.s.b.f.s.DefaultListableBeanFactory - Returning cached instance of singleton bean 'org.springframework.transaction.config.internalTransactionAdvisor'
15:44:12.408 [Test worker] DEBUG o.s.b.f.s.DefaultListableBeanFactory - Eagerly caching bean 'org.springframework.boot.autoconfigure.web.EmbeddedServletContainerAutoConfiguration' to allow for resolving potential circular references
15:44:12.415 [Test worker] DEBUG o.s.b.f.s.DefaultListableBeanFactory - Returning cached instance of singleton bean 'org.springframework.transaction.config.internalTransactionAdvisor'
15:44:12.415 [Test worker] DEBUG o.s.b.f.s.DefaultListableBeanFactory - Returning cached instance of singleton bean 'org.springframework.transaction.config.internalTransactionAdvisor'
15:44:12.416 [Test worker] DEBUG o.s.b.f.s.DefaultListableBeanFactory - Finished creating instance of bean 'org.springframework.boot.autoconfigure.web.EmbeddedServletContainerAutoConfiguration'
15:44:12.416 [Test worker] DEBUG o.s.b.f.s.DefaultListableBeanFactory - Returning cached instance of singleton bean 'embeddedServletContainerCustomizerBeanPostProcessor'
15:44:12.416 [Test worker] DEBUG o.s.b.f.s.DefaultListableBeanFactory - Creating shared instance of singleton bean 'org.springframework.boot.autoconfigure.web.DispatcherServletAutoConfiguration$DispatcherServletConfiguration'
15:44:12.416 [Test worker] DEBUG o.s.b.f.s.DefaultListableBeanFactory - Creating instance of bean 'org.springframework.boot.autoconfigure.web.DispatcherServletAutoConfiguration$DispatcherServletConfiguration'
15:44:12.416 [Test worker] DEBUG o.s.b.f.s.DefaultListableBeanFactory - Returning cached instance of singleton bean 'org.springframework.transaction.config.internalTransactionAdvisor'
15:44:12.418 [Test worker] DEBUG o.s.b.f.annotation.InjectionMetadata - Registered injected element on class [org.springframework.boot.autoconfigure.web.DispatcherServletAutoConfiguration$DispatcherServletConfiguration$$EnhancerBySpringCGLIB$$f9ccba07]: AutowiredFieldElement for private org.springframework.boot.autoconfigure.web.ServerProperties org.springframework.boot.autoconfigure.web.DispatcherServletAutoConfiguration$DispatcherServletConfiguration.server
15:44:12.419 [Test worker] DEBUG o.s.b.f.annotation.InjectionMetadata - Registered injected element on class [org.springframework.boot.autoconfigure.web.DispatcherServletAutoConfiguration$DispatcherServletConfiguration$$EnhancerBySpringCGLIB$$f9ccba07]: AutowiredFieldElement for private javax.servlet.MultipartConfigElement org.springframework.boot.autoconfigure.web.DispatcherServletAutoConfiguration$DispatcherServletConfiguration.multipartConfig
15:44:12.419 [Test worker] DEBUG o.s.b.f.s.DefaultListableBeanFactory - Eagerly caching bean 'org.springframework.boot.autoconfigure.web.DispatcherServletAutoConfiguration$DispatcherServletConfiguration' to allow for resolving potential circular references
15:44:12.429 [Test worker] DEBUG o.s.b.f.annotation.InjectionMetadata - Processing injected element of bean 'org.springframework.boot.autoconfigure.web.DispatcherServletAutoConfiguration$DispatcherServletConfiguration': AutowiredFieldElement for private org.springframework.boot.autoconfigure.web.ServerProperties org.springframework.boot.autoconfigure.web.DispatcherServletAutoConfiguration$DispatcherServletConfiguration.server
15:44:12.430 [Test worker] DEBUG o.s.b.f.s.DefaultListableBeanFactory - Returning cached instance of singleton bean 'serverProperties'
15:44:12.430 [Test worker] DEBUG o.s.b.f.a.AutowiredAnnotationBeanPostProcessor - Autowiring by type from bean name 'org.springframework.boot.autoconfigure.web.DispatcherServletAutoConfiguration$DispatcherServletConfiguration' to bean named 'serverProperties'
15:44:12.430 [Test worker] DEBUG o.s.b.f.annotation.InjectionMetadata - Processing injected element of bean 'org.springframework.boot.autoconfigure.web.DispatcherServletAutoConfiguration$DispatcherServletConfiguration': AutowiredFieldElement for private javax.servlet.MultipartConfigElement org.springframework.boot.autoconfigure.web.DispatcherServletAutoConfiguration$DispatcherServletConfiguration.multipartConfig
15:44:12.433 [Test worker] DEBUG o.s.b.f.s.DefaultListableBeanFactory - Creating shared instance of singleton bean 'multipartConfigElement'
15:44:12.433 [Test worker] DEBUG o.s.b.f.s.DefaultListableBeanFactory - Creating instance of bean 'multipartConfigElement'
15:44:12.433 [Test worker] DEBUG o.s.b.f.s.DefaultListableBeanFactory - Returning cached instance of singleton bean 'org.springframework.transaction.config.internalTransactionAdvisor'
15:44:12.434 [Test worker] DEBUG o.s.b.f.s.DefaultListableBeanFactory - Creating shared instance of singleton bean 'org.springframework.boot.autoconfigure.web.MultipartAutoConfiguration'
15:44:12.434 [Test worker] DEBUG o.s.b.f.s.DefaultListableBeanFactory - Creating instance of bean 'org.springframework.boot.autoconfigure.web.MultipartAutoConfiguration'
15:44:12.434 [Test worker] DEBUG o.s.b.f.s.DefaultListableBeanFactory - Returning cached instance of singleton bean 'org.springframework.transaction.config.internalTransactionAdvisor'
15:44:12.436 [Test worker] DEBUG o.s.b.f.annotation.InjectionMetadata - Registered injected element on class [org.springframework.boot.autoconfigure.web.MultipartAutoConfiguration$$EnhancerBySpringCGLIB$$d0734f7b]: AutowiredFieldElement for private org.springframework.boot.autoconfigure.web.MultipartProperties org.springframework.boot.autoconfigure.web.MultipartAutoConfiguration.multipartProperties
15:44:12.436 [Test worker] DEBUG o.s.b.f.s.DefaultListableBeanFactory - Eagerly caching bean 'org.springframework.boot.autoconfigure.web.MultipartAutoConfiguration' to allow for resolving potential circular references
15:44:12.450 [Test worker] DEBUG o.s.b.f.annotation.InjectionMetadata - Processing injected element of bean 'org.springframework.boot.autoconfigure.web.MultipartAutoConfiguration': AutowiredFieldElement for private org.springframework.boot.autoconfigure.web.MultipartProperties org.springframework.boot.autoconfigure.web.MultipartAutoConfiguration.multipartProperties
15:44:12.455 [Test worker] DEBUG o.s.b.f.s.DefaultListableBeanFactory - Creating shared instance of singleton bean 'multipart.CONFIGURATION_PROPERTIES'
15:44:12.455 [Test worker] DEBUG o.s.b.f.s.DefaultListableBeanFactory - Creating instance of bean 'multipart.CONFIGURATION_PROPERTIES'
15:44:12.455 [Test worker] DEBUG o.s.b.f.s.DefaultListableBeanFactory - Returning cached instance of singleton bean 'org.springframework.transaction.config.internalTransactionAdvisor'
15:44:12.456 [Test worker] DEBUG o.s.b.f.s.DefaultListableBeanFactory - Eagerly caching bean 'multipart.CONFIGURATION_PROPERTIES' to allow for resolving potential circular references
15:44:12.464 [Test worker] DEBUG o.s.core.env.MutablePropertySources - Adding [servletConfigInitParams] PropertySource with lowest search precedence
15:44:12.464 [Test worker] DEBUG o.s.core.env.MutablePropertySources - Adding [servletContextInitParams] PropertySource with lowest search precedence
15:44:12.464 [Test worker] DEBUG o.s.core.env.MutablePropertySources - Adding [systemProperties] PropertySource with lowest search precedence
15:44:12.464 [Test worker] DEBUG o.s.core.env.MutablePropertySources - Adding [systemEnvironment] PropertySource with lowest search precedence
15:44:12.464 [Test worker] DEBUG o.s.core.env.MutablePropertySources - Adding [localProperties] PropertySource with lowest search precedence
15:44:12.480 [Test worker] DEBUG o.s.b.f.s.DefaultListableBeanFactory - Returning cached instance of singleton bean 'org.springframework.transaction.config.internalTransactionAdvisor'
15:44:12.480 [Test worker] DEBUG o.s.b.f.s.DefaultListableBeanFactory - Returning cached instance of singleton bean 'org.springframework.transaction.config.internalTransactionAdvisor'
15:44:12.481 [Test worker] DEBUG o.s.b.f.s.DefaultListableBeanFactory - Finished creating instance of bean 'multipart.CONFIGURATION_PROPERTIES'
15:44:12.481 [Test worker] DEBUG o.s.b.f.a.AutowiredAnnotationBeanPostProcessor - Autowiring by type from bean name 'org.springframework.boot.autoconfigure.web.MultipartAutoConfiguration' to bean named 'multipart.CONFIGURATION_PROPERTIES'
15:44:12.481 [Test worker] DEBUG o.s.b.f.s.DefaultListableBeanFactory - Returning cached instance of singleton bean 'org.springframework.transaction.config.internalTransactionAdvisor'
15:44:12.481 [Test worker] DEBUG o.s.b.f.s.DefaultListableBeanFactory - Returning cached instance of singleton bean 'org.springframework.transaction.config.internalTransactionAdvisor'
15:44:12.483 [Test worker] DEBUG o.s.b.f.s.DefaultListableBeanFactory - Finished creating instance of bean 'org.springframework.boot.autoconfigure.web.MultipartAutoConfiguration'
15:44:12.491 [Test worker] DEBUG o.s.b.f.s.DefaultListableBeanFactory - Eagerly caching bean 'multipartConfigElement' to allow for resolving potential circular references
15:44:12.494 [Test worker] DEBUG o.s.b.f.s.DefaultListableBeanFactory - Returning cached instance of singleton bean 'org.springframework.transaction.config.internalTransactionAdvisor'
15:44:12.494 [Test worker] DEBUG o.s.b.f.s.DefaultListableBeanFactory - Returning cached instance of singleton bean 'org.springframework.transaction.config.internalTransactionAdvisor'
15:44:12.495 [Test worker] DEBUG o.s.b.f.s.DefaultListableBeanFactory - Finished creating instance of bean 'multipartConfigElement'
15:44:12.495 [Test worker] DEBUG o.s.b.f.a.AutowiredAnnotationBeanPostProcessor - Autowiring by type from bean name 'org.springframework.boot.autoconfigure.web.DispatcherServletAutoConfiguration$DispatcherServletConfiguration' to bean named 'multipartConfigElement'
15:44:12.496 [Test worker] DEBUG o.s.b.f.s.DefaultListableBeanFactory - Returning cached instance of singleton bean 'org.springframework.transaction.config.internalTransactionAdvisor'
15:44:12.496 [Test worker] DEBUG o.s.b.f.s.DefaultListableBeanFactory - Returning cached instance of singleton bean 'org.springframework.transaction.config.internalTransactionAdvisor'
15:44:12.497 [Test worker] DEBUG o.s.b.f.s.DefaultListableBeanFactory - Finished creating instance of bean 'org.springframework.boot.autoconfigure.web.DispatcherServletAutoConfiguration$DispatcherServletConfiguration'
15:44:12.497 [Test worker] DEBUG o.s.b.f.s.DefaultListableBeanFactory - Creating shared instance of singleton bean 'dispatcherServlet'
15:44:12.497 [Test worker] DEBUG o.s.b.f.s.DefaultListableBeanFactory - Creating instance of bean 'dispatcherServlet'
15:44:12.497 [Test worker] DEBUG o.s.b.f.s.DefaultListableBeanFactory - Returning cached instance of singleton bean 'org.springframework.transaction.config.internalTransactionAdvisor'
15:44:12.497 [Test worker] DEBUG o.s.b.f.s.DefaultListableBeanFactory - Returning cached instance of singleton bean 'org.springframework.boot.autoconfigure.web.DispatcherServletAutoConfiguration$DispatcherServletConfiguration'
15:44:12.556 [Test worker] DEBUG o.s.b.f.s.DefaultListableBeanFactory - Eagerly caching bean 'dispatcherServlet' to allow for resolving potential circular references
15:44:12.609 [Test worker] DEBUG o.s.b.f.s.DefaultListableBeanFactory - Returning cached instance of singleton bean 'org.springframework.transaction.config.internalTransactionAdvisor'
15:44:12.610 [Test worker] DEBUG o.s.b.f.s.DefaultListableBeanFactory - Returning cached instance of singleton bean 'org.springframework.transaction.config.internalTransactionAdvisor'
15:44:12.611 [Test worker] DEBUG o.s.b.f.s.DefaultListableBeanFactory - Finished creating instance of bean 'dispatcherServlet'
15:44:12.612 [Test worker] DEBUG o.s.b.f.s.DefaultListableBeanFactory - Creating shared instance of singleton bean 'dispatcherServletRegistration'
15:44:12.612 [Test worker] DEBUG o.s.b.f.s.DefaultListableBeanFactory - Creating instance of bean 'dispatcherServletRegistration'
15:44:12.612 [Test worker] DEBUG o.s.b.f.s.DefaultListableBeanFactory - Returning cached instance of singleton bean 'org.springframework.transaction.config.internalTransactionAdvisor'
15:44:12.612 [Test worker] DEBUG o.s.b.f.s.DefaultListableBeanFactory - Returning cached instance of singleton bean 'org.springframework.boot.autoconfigure.web.DispatcherServletAutoConfiguration$DispatcherServletConfiguration'
15:44:12.614 [Test worker] DEBUG o.s.b.f.s.DefaultListableBeanFactory - Returning cached instance of singleton bean 'dispatcherServlet'
15:44:12.632 [Test worker] DEBUG o.s.b.f.s.DefaultListableBeanFactory - Eagerly caching bean 'dispatcherServletRegistration' to allow for resolving potential circular references
15:44:12.648 [Test worker] DEBUG o.s.b.f.s.DefaultListableBeanFactory - Returning cached instance of singleton bean 'org.springframework.transaction.config.internalTransactionAdvisor'
15:44:12.648 [Test worker] DEBUG o.s.b.f.s.DefaultListableBeanFactory - Returning cached instance of singleton bean 'org.springframework.transaction.config.internalTransactionAdvisor'
15:44:12.649 [Test worker] DEBUG o.s.b.f.s.DefaultListableBeanFactory - Finished creating instance of bean 'dispatcherServletRegistration'
15:44:12.649 [Test worker] DEBUG o.s.b.f.s.DefaultListableBeanFactory - Creating shared instance of singleton bean 'org.springframework.boot.autoconfigure.web.DispatcherServletAutoConfiguration'
15:44:12.649 [Test worker] DEBUG o.s.b.f.s.DefaultListableBeanFactory - Creating instance of bean 'org.springframework.boot.autoconfigure.web.DispatcherServletAutoConfiguration'
15:44:12.649 [Test worker] DEBUG o.s.b.f.s.DefaultListableBeanFactory - Returning cached instance of singleton bean 'org.springframework.transaction.config.internalTransactionAdvisor'
15:44:12.650 [Test worker] DEBUG o.s.b.f.s.DefaultListableBeanFactory - Eagerly caching bean 'org.springframework.boot.autoconfigure.web.DispatcherServletAutoConfiguration' to allow for resolving potential circular references
15:44:12.664 [Test worker] DEBUG o.s.b.f.s.DefaultListableBeanFactory - Returning cached instance of singleton bean 'org.springframework.transaction.config.internalTransactionAdvisor'
15:44:12.665 [Test worker] DEBUG o.s.b.f.s.DefaultListableBeanFactory - Returning cached instance of singleton bean 'org.springframework.transaction.config.internalTransactionAdvisor'
15:44:12.665 [Test worker] DEBUG o.s.b.f.s.DefaultListableBeanFactory - Finished creating instance of bean 'org.springframework.boot.autoconfigure.web.DispatcherServletAutoConfiguration'
15:44:12.665 [Test worker] DEBUG o.s.b.f.s.DefaultListableBeanFactory - Creating shared instance of singleton bean 'org.springframework.boot.autoconfigure.web.ErrorMvcAutoConfiguration$WhitelabelErrorViewConfiguration'
15:44:12.665 [Test worker] DEBUG o.s.b.f.s.DefaultListableBeanFactory - Creating instance of bean 'org.springframework.boot.autoconfigure.web.ErrorMvcAutoConfiguration$WhitelabelErrorViewConfiguration'
15:44:12.666 [Test worker] DEBUG o.s.b.f.s.DefaultListableBeanFactory - Returning cached instance of singleton bean 'org.springframework.transaction.config.internalTransactionAdvisor'
15:44:12.670 [Test worker] DEBUG o.s.b.f.s.DefaultListableBeanFactory - Eagerly caching bean 'org.springframework.boot.autoconfigure.web.ErrorMvcAutoConfiguration$WhitelabelErrorViewConfiguration' to allow for resolving potential circular references
15:44:12.682 [Test worker] DEBUG o.s.b.f.s.DefaultListableBeanFactory - Returning cached instance of singleton bean 'org.springframework.transaction.config.internalTransactionAdvisor'
15:44:12.682 [Test worker] DEBUG o.s.b.f.s.DefaultListableBeanFactory - Returning cached instance of singleton bean 'org.springframework.transaction.config.internalTransactionAdvisor'
15:44:12.683 [Test worker] DEBUG o.s.b.f.s.DefaultListableBeanFactory - Finished creating instance of bean 'org.springframework.boot.autoconfigure.web.ErrorMvcAutoConfiguration$WhitelabelErrorViewConfiguration'
15:44:12.683 [Test worker] DEBUG o.s.b.f.s.DefaultListableBeanFactory - Creating shared instance of singleton bean 'error'
15:44:12.683 [Test worker] DEBUG o.s.b.f.s.DefaultListableBeanFactory - Creating instance of bean 'error'
15:44:12.683 [Test worker] DEBUG o.s.b.f.s.DefaultListableBeanFactory - Returning cached instance of singleton bean 'org.springframework.transaction.config.internalTransactionAdvisor'
15:44:12.683 [Test worker] DEBUG o.s.b.f.s.DefaultListableBeanFactory - Returning cached instance of singleton bean 'org.springframework.boot.autoconfigure.web.ErrorMvcAutoConfiguration$WhitelabelErrorViewConfiguration'
15:44:12.695 [Test worker] DEBUG o.s.b.f.s.DefaultListableBeanFactory - Eagerly caching bean 'error' to allow for resolving potential circular references
15:44:12.705 [Test worker] DEBUG o.s.b.f.s.DefaultListableBeanFactory - Returning cached instance of singleton bean 'org.springframework.transaction.config.internalTransactionAdvisor'
15:44:12.705 [Test worker] DEBUG o.s.b.f.s.DefaultListableBeanFactory - Returning cached instance of singleton bean 'org.springframework.transaction.config.internalTransactionAdvisor'
15:44:12.706 [Test worker] DEBUG o.s.b.f.s.DefaultListableBeanFactory - Finished creating instance of bean 'error'
15:44:12.706 [Test worker] DEBUG o.s.b.f.s.DefaultListableBeanFactory - Creating shared instance of singleton bean 'beanNameViewResolver'
15:44:12.706 [Test worker] DEBUG o.s.b.f.s.DefaultListableBeanFactory - Creating instance of bean 'beanNameViewResolver'
15:44:12.706 [Test worker] DEBUG o.s.b.f.s.DefaultListableBeanFactory - Returning cached instance of singleton bean 'org.springframework.transaction.config.internalTransactionAdvisor'
15:44:12.706 [Test worker] DEBUG o.s.b.f.s.DefaultListableBeanFactory - Creating shared instance of singleton bean 'org.springframework.boot.autoconfigure.web.WebMvcAutoConfiguration$WebMvcAutoConfigurationAdapter'
15:44:12.706 [Test worker] DEBUG o.s.b.f.s.DefaultListableBeanFactory - Creating instance of bean 'org.springframework.boot.autoconfigure.web.WebMvcAutoConfiguration$WebMvcAutoConfigurationAdapter'
15:44:12.706 [Test worker] DEBUG o.s.b.f.s.DefaultListableBeanFactory - Returning cached instance of singleton bean 'org.springframework.transaction.config.internalTransactionAdvisor'
15:44:12.716 [Test worker] DEBUG o.s.b.f.annotation.InjectionMetadata - Registered injected element on class [org.springframework.boot.autoconfigure.web.WebMvcAutoConfiguration$WebMvcAutoConfigurationAdapter$$EnhancerBySpringCGLIB$$5d20a4f1]: AutowiredFieldElement for private java.lang.String org.springframework.boot.autoconfigure.web.WebMvcAutoConfiguration$WebMvcAutoConfigurationAdapter.prefix
15:44:12.716 [Test worker] DEBUG o.s.b.f.annotation.InjectionMetadata - Registered injected element on class [org.springframework.boot.autoconfigure.web.WebMvcAutoConfiguration$WebMvcAutoConfigurationAdapter$$EnhancerBySpringCGLIB$$5d20a4f1]: AutowiredFieldElement for private java.lang.String org.springframework.boot.autoconfigure.web.WebMvcAutoConfiguration$WebMvcAutoConfigurationAdapter.suffix
15:44:12.716 [Test worker] DEBUG o.s.b.f.annotation.InjectionMetadata - Registered injected element on class [org.springframework.boot.autoconfigure.web.WebMvcAutoConfiguration$WebMvcAutoConfigurationAdapter$$EnhancerBySpringCGLIB$$5d20a4f1]: AutowiredFieldElement for private org.springframework.boot.autoconfigure.web.ResourceProperties org.springframework.boot.autoconfigure.web.WebMvcAutoConfiguration$WebMvcAutoConfigurationAdapter.resourceProperties
15:44:12.716 [Test worker] DEBUG o.s.b.f.annotation.InjectionMetadata - Registered injected element on class [org.springframework.boot.autoconfigure.web.WebMvcAutoConfiguration$WebMvcAutoConfigurationAdapter$$EnhancerBySpringCGLIB$$5d20a4f1]: AutowiredFieldElement for private org.springframework.boot.autoconfigure.web.WebMvcProperties org.springframework.boot.autoconfigure.web.WebMvcAutoConfiguration$WebMvcAutoConfigurationAdapter.mvcProperties
15:44:12.716 [Test worker] DEBUG o.s.b.f.annotation.InjectionMetadata - Registered injected element on class [org.springframework.boot.autoconfigure.web.WebMvcAutoConfiguration$WebMvcAutoConfigurationAdapter$$EnhancerBySpringCGLIB$$5d20a4f1]: AutowiredFieldElement for private org.springframework.beans.factory.ListableBeanFactory org.springframework.boot.autoconfigure.web.WebMvcAutoConfiguration$WebMvcAutoConfigurationAdapter.beanFactory
15:44:12.716 [Test worker] DEBUG o.s.b.f.annotation.InjectionMetadata - Registered injected element on class [org.springframework.boot.autoconfigure.web.WebMvcAutoConfiguration$WebMvcAutoConfigurationAdapter$$EnhancerBySpringCGLIB$$5d20a4f1]: AutowiredFieldElement for private org.springframework.core.io.ResourceLoader org.springframework.boot.autoconfigure.web.WebMvcAutoConfiguration$WebMvcAutoConfigurationAdapter.resourceLoader
15:44:12.716 [Test worker] DEBUG o.s.b.f.annotation.InjectionMetadata - Registered injected element on class [org.springframework.boot.autoconfigure.web.WebMvcAutoConfiguration$WebMvcAutoConfigurationAdapter$$EnhancerBySpringCGLIB$$5d20a4f1]: AutowiredFieldElement for private org.springframework.boot.autoconfigure.web.HttpMessageConverters org.springframework.boot.autoconfigure.web.WebMvcAutoConfiguration$WebMvcAutoConfigurationAdapter.messageConverters
15:44:12.716 [Test worker] DEBUG o.s.b.f.s.DefaultListableBeanFactory - Eagerly caching bean 'org.springframework.boot.autoconfigure.web.WebMvcAutoConfiguration$WebMvcAutoConfigurationAdapter' to allow for resolving potential circular references
15:44:12.744 [Test worker] DEBUG o.s.b.f.annotation.InjectionMetadata - Processing injected element of bean 'org.springframework.boot.autoconfigure.web.WebMvcAutoConfiguration$WebMvcAutoConfigurationAdapter': AutowiredFieldElement for private java.lang.String org.springframework.boot.autoconfigure.web.WebMvcAutoConfiguration$WebMvcAutoConfigurationAdapter.prefix
15:44:12.744 [Test worker] DEBUG o.s.c.e.PropertySourcesPropertyResolver - Searching for key 'spring.view.prefix:' in [environmentProperties]
15:44:12.744 [Test worker] DEBUG o.s.c.e.PropertySourcesPropertyResolver - Searching for key 'spring.view.prefix:' in [servletConfigInitParams]
15:44:12.744 [Test worker] DEBUG o.s.c.e.PropertySourcesPropertyResolver - Searching for key 'spring.view.prefix:' in [servletContextInitParams]
15:44:12.744 [Test worker] DEBUG o.s.c.e.PropertySourcesPropertyResolver - Searching for key 'spring.view.prefix:' in [systemProperties]
15:44:12.744 [Test worker] DEBUG o.s.c.e.PropertySourcesPropertyResolver - Searching for key 'spring.view.prefix:' in [systemEnvironment]
15:44:12.744 [Test worker] DEBUG o.s.c.e.PropertySourcesPropertyResolver - Could not find key 'spring.view.prefix:' in any property source. Returning [null]
15:44:12.744 [Test worker] DEBUG o.s.c.e.PropertySourcesPropertyResolver - Searching for key 'spring.view.prefix:' in [localProperties]
15:44:12.744 [Test worker] DEBUG o.s.c.e.PropertySourcesPropertyResolver - Could not find key 'spring.view.prefix:' in any property source. Returning [null]
15:44:12.744 [Test worker] DEBUG o.s.c.e.PropertySourcesPropertyResolver - Searching for key 'spring.view.prefix' in [environmentProperties]
15:44:12.744 [Test worker] DEBUG o.s.c.e.PropertySourcesPropertyResolver - Searching for key 'spring.view.prefix' in [servletConfigInitParams]
15:44:12.744 [Test worker] DEBUG o.s.c.e.PropertySourcesPropertyResolver - Searching for key 'spring.view.prefix' in [servletContextInitParams]
15:44:12.744 [Test worker] DEBUG o.s.c.e.PropertySourcesPropertyResolver - Searching for key 'spring.view.prefix' in [systemProperties]
15:44:12.744 [Test worker] DEBUG o.s.c.e.PropertySourcesPropertyResolver - Searching for key 'spring.view.prefix' in [systemEnvironment]
15:44:12.745 [Test worker] DEBUG o.s.c.e.PropertySourcesPropertyResolver - Could not find key 'spring.view.prefix' in any property source. Returning [null]
15:44:12.745 [Test worker] DEBUG o.s.c.e.PropertySourcesPropertyResolver - Searching for key 'spring.view.prefix' in [localProperties]
15:44:12.745 [Test worker] DEBUG o.s.c.e.PropertySourcesPropertyResolver - Could not find key 'spring.view.prefix' in any property source. Returning [null]
15:44:12.745 [Test worker] DEBUG o.s.b.f.annotation.InjectionMetadata - Processing injected element of bean 'org.springframework.boot.autoconfigure.web.WebMvcAutoConfiguration$WebMvcAutoConfigurationAdapter': AutowiredFieldElement for private java.lang.String org.springframework.boot.autoconfigure.web.WebMvcAutoConfiguration$WebMvcAutoConfigurationAdapter.suffix
15:44:12.745 [Test worker] DEBUG o.s.c.e.PropertySourcesPropertyResolver - Searching for key 'spring.view.suffix:' in [environmentProperties]
15:44:12.745 [Test worker] DEBUG o.s.c.e.PropertySourcesPropertyResolver - Searching for key 'spring.view.suffix:' in [servletConfigInitParams]
15:44:12.745 [Test worker] DEBUG o.s.c.e.PropertySourcesPropertyResolver - Searching for key 'spring.view.suffix:' in [servletContextInitParams]
15:44:12.745 [Test worker] DEBUG o.s.c.e.PropertySourcesPropertyResolver - Searching for key 'spring.view.suffix:' in [systemProperties]
15:44:12.745 [Test worker] DEBUG o.s.c.e.PropertySourcesPropertyResolver - Searching for key 'spring.view.suffix:' in [systemEnvironment]
15:44:12.745 [Test worker] DEBUG o.s.c.e.PropertySourcesPropertyResolver - Could not find key 'spring.view.suffix:' in any property source. Returning [null]
15:44:12.745 [Test worker] DEBUG o.s.c.e.PropertySourcesPropertyResolver - Searching for key 'spring.view.suffix:' in [localProperties]
15:44:12.745 [Test worker] DEBUG o.s.c.e.PropertySourcesPropertyResolver - Could not find key 'spring.view.suffix:' in any property source. Returning [null]
15:44:12.745 [Test worker] DEBUG o.s.c.e.PropertySourcesPropertyResolver - Searching for key 'spring.view.suffix' in [environmentProperties]
15:44:12.745 [Test worker] DEBUG o.s.c.e.PropertySourcesPropertyResolver - Searching for key 'spring.view.suffix' in [servletConfigInitParams]
15:44:12.745 [Test worker] DEBUG o.s.c.e.PropertySourcesPropertyResolver - Searching for key 'spring.view.suffix' in [servletContextInitParams]
15:44:12.745 [Test worker] DEBUG o.s.c.e.PropertySourcesPropertyResolver - Searching for key 'spring.view.suffix' in [systemProperties]
15:44:12.745 [Test worker] DEBUG o.s.c.e.PropertySourcesPropertyResolver - Searching for key 'spring.view.suffix' in [systemEnvironment]
15:44:12.745 [Test worker] DEBUG o.s.c.e.PropertySourcesPropertyResolver - Could not find key 'spring.view.suffix' in any property source. Returning [null]
15:44:12.745 [Test worker] DEBUG o.s.c.e.PropertySourcesPropertyResolver - Searching for key 'spring.view.suffix' in [localProperties]
15:44:12.745 [Test worker] DEBUG o.s.c.e.PropertySourcesPropertyResolver - Could not find key 'spring.view.suffix' in any property source. Returning [null]
15:44:12.746 [Test worker] DEBUG o.s.b.f.annotation.InjectionMetadata - Processing injected element of bean 'org.springframework.boot.autoconfigure.web.WebMvcAutoConfiguration$WebMvcAutoConfigurationAdapter': AutowiredFieldElement for private org.springframework.boot.autoconfigure.web.ResourceProperties org.springframework.boot.autoconfigure.web.WebMvcAutoConfiguration$WebMvcAutoConfigurationAdapter.resourceProperties
15:44:12.747 [Test worker] DEBUG o.s.b.f.s.DefaultListableBeanFactory - Creating shared instance of singleton bean 'spring.resources.CONFIGURATION_PROPERTIES'
15:44:12.747 [Test worker] DEBUG o.s.b.f.s.DefaultListableBeanFactory - Creating instance of bean 'spring.resources.CONFIGURATION_PROPERTIES'
15:44:12.747 [Test worker] DEBUG o.s.b.f.s.DefaultListableBeanFactory - Returning cached instance of singleton bean 'org.springframework.transaction.config.internalTransactionAdvisor'
15:44:12.748 [Test worker] DEBUG o.s.b.f.s.DefaultListableBeanFactory - Eagerly caching bean 'spring.resources.CONFIGURATION_PROPERTIES' to allow for resolving potential circular references
15:44:12.754 [Test worker] DEBUG o.s.core.env.MutablePropertySources - Adding [servletConfigInitParams] PropertySource with lowest search precedence
15:44:12.754 [Test worker] DEBUG o.s.core.env.MutablePropertySources - Adding [servletContextInitParams] PropertySource with lowest search precedence
15:44:12.754 [Test worker] DEBUG o.s.core.env.MutablePropertySources - Adding [systemProperties] PropertySource with lowest search precedence
15:44:12.754 [Test worker] DEBUG o.s.core.env.MutablePropertySources - Adding [systemEnvironment] PropertySource with lowest search precedence
15:44:12.754 [Test worker] DEBUG o.s.core.env.MutablePropertySources - Adding [localProperties] PropertySource with lowest search precedence
15:44:12.764 [Test worker] DEBUG o.s.b.f.s.DefaultListableBeanFactory - Returning cached instance of singleton bean 'org.springframework.transaction.config.internalTransactionAdvisor'
15:44:12.764 [Test worker] DEBUG o.s.b.f.s.DefaultListableBeanFactory - Returning cached instance of singleton bean 'org.springframework.transaction.config.internalTransactionAdvisor'
15:44:12.764 [Test worker] DEBUG o.s.b.f.s.DefaultListableBeanFactory - Finished creating instance of bean 'spring.resources.CONFIGURATION_PROPERTIES'
15:44:12.764 [Test worker] DEBUG o.s.b.f.a.AutowiredAnnotationBeanPostProcessor - Autowiring by type from bean name 'org.springframework.boot.autoconfigure.web.WebMvcAutoConfiguration$WebMvcAutoConfigurationAdapter' to bean named 'spring.resources.CONFIGURATION_PROPERTIES'
15:44:12.765 [Test worker] DEBUG o.s.b.f.annotation.InjectionMetadata - Processing injected element of bean 'org.springframework.boot.autoconfigure.web.WebMvcAutoConfiguration$WebMvcAutoConfigurationAdapter': AutowiredFieldElement for private org.springframework.boot.autoconfigure.web.WebMvcProperties org.springframework.boot.autoconfigure.web.WebMvcAutoConfiguration$WebMvcAutoConfigurationAdapter.mvcProperties
15:44:12.766 [Test worker] DEBUG o.s.b.f.s.DefaultListableBeanFactory - Creating shared instance of singleton bean 'spring.mvc.CONFIGURATION_PROPERTIES'
15:44:12.766 [Test worker] DEBUG o.s.b.f.s.DefaultListableBeanFactory - Creating instance of bean 'spring.mvc.CONFIGURATION_PROPERTIES'
15:44:12.766 [Test worker] DEBUG o.s.b.f.s.DefaultListableBeanFactory - Returning cached instance of singleton bean 'org.springframework.transaction.config.internalTransactionAdvisor'
15:44:12.767 [Test worker] DEBUG o.s.b.f.s.DefaultListableBeanFactory - Eagerly caching bean 'spring.mvc.CONFIGURATION_PROPERTIES' to allow for resolving potential circular references
15:44:12.773 [Test worker] DEBUG o.s.core.env.MutablePropertySources - Adding [servletConfigInitParams] PropertySource with lowest search precedence
15:44:12.773 [Test worker] DEBUG o.s.core.env.MutablePropertySources - Adding [servletContextInitParams] PropertySource with lowest search precedence
15:44:12.773 [Test worker] DEBUG o.s.core.env.MutablePropertySources - Adding [systemProperties] PropertySource with lowest search precedence
15:44:12.773 [Test worker] DEBUG o.s.core.env.MutablePropertySources - Adding [systemEnvironment] PropertySource with lowest search precedence
15:44:12.773 [Test worker] DEBUG o.s.core.env.MutablePropertySources - Adding [localProperties] PropertySource with lowest search precedence
15:44:12.785 [Test worker] DEBUG o.s.b.f.s.DefaultListableBeanFactory - Returning cached instance of singleton bean 'org.springframework.transaction.config.internalTransactionAdvisor'
15:44:12.785 [Test worker] DEBUG o.s.b.f.s.DefaultListableBeanFactory - Returning cached instance of singleton bean 'org.springframework.transaction.config.internalTransactionAdvisor'
15:44:12.786 [Test worker] DEBUG o.s.b.f.s.DefaultListableBeanFactory - Finished creating instance of bean 'spring.mvc.CONFIGURATION_PROPERTIES'
15:44:12.786 [Test worker] DEBUG o.s.b.f.a.AutowiredAnnotationBeanPostProcessor - Autowiring by type from bean name 'org.springframework.boot.autoconfigure.web.WebMvcAutoConfiguration$WebMvcAutoConfigurationAdapter' to bean named 'spring.mvc.CONFIGURATION_PROPERTIES'
15:44:12.786 [Test worker] DEBUG o.s.b.f.annotation.InjectionMetadata - Processing injected element of bean 'org.springframework.boot.autoconfigure.web.WebMvcAutoConfiguration$WebMvcAutoConfigurationAdapter': AutowiredFieldElement for private org.springframework.beans.factory.ListableBeanFactory org.springframework.boot.autoconfigure.web.WebMvcAutoConfiguration$WebMvcAutoConfigurationAdapter.beanFactory
15:44:12.787 [Test worker] DEBUG o.s.b.f.a.AutowiredAnnotationBeanPostProcessor - Autowiring by type from bean name 'org.springframework.boot.autoconfigure.web.WebMvcAutoConfiguration$WebMvcAutoConfigurationAdapter' to bean named 'org.springframework.beans.factory.support.DefaultListableBeanFactory@447e689b'
15:44:12.788 [Test worker] DEBUG o.s.b.f.annotation.InjectionMetadata - Processing injected element of bean 'org.springframework.boot.autoconfigure.web.WebMvcAutoConfiguration$WebMvcAutoConfigurationAdapter': AutowiredFieldElement for private org.springframework.core.io.ResourceLoader org.springframework.boot.autoconfigure.web.WebMvcAutoConfiguration$WebMvcAutoConfigurationAdapter.resourceLoader
15:44:12.789 [Test worker] DEBUG o.s.b.f.s.DefaultListableBeanFactory - Creating shared instance of singleton bean 'gridFsTemplate'
15:44:12.789 [Test worker] DEBUG o.s.b.f.s.DefaultListableBeanFactory - Creating instance of bean 'gridFsTemplate'
15:44:12.789 [Test worker] DEBUG o.s.b.f.s.DefaultListableBeanFactory - Returning cached instance of singleton bean 'org.springframework.transaction.config.internalTransactionAdvisor'
15:44:12.789 [Test worker] DEBUG o.s.b.f.s.DefaultListableBeanFactory - Creating shared instance of singleton bean 'org.springframework.boot.autoconfigure.mongo.MongoDataAutoConfiguration'
15:44:12.789 [Test worker] DEBUG o.s.b.f.s.DefaultListableBeanFactory - Creating instance of bean 'org.springframework.boot.autoconfigure.mongo.MongoDataAutoConfiguration'
15:44:12.790 [Test worker] DEBUG o.s.b.f.s.DefaultListableBeanFactory - Returning cached instance of singleton bean 'org.springframework.transaction.config.internalTransactionAdvisor'
15:44:12.793 [Test worker] DEBUG o.s.b.f.annotation.InjectionMetadata - Registered injected element on class [org.springframework.boot.autoconfigure.mongo.MongoDataAutoConfiguration$$EnhancerBySpringCGLIB$$b7bcfd09]: AutowiredFieldElement for private org.springframework.boot.autoconfigure.mongo.MongoProperties org.springframework.boot.autoconfigure.mongo.MongoDataAutoConfiguration.properties
15:44:12.793 [Test worker] DEBUG o.s.b.f.annotation.InjectionMetadata - Registered injected element on class [org.springframework.boot.autoconfigure.mongo.MongoDataAutoConfiguration$$EnhancerBySpringCGLIB$$b7bcfd09]: AutowiredFieldElement for private org.springframework.core.env.Environment org.springframework.boot.autoconfigure.mongo.MongoDataAutoConfiguration.environment
15:44:12.793 [Test worker] DEBUG o.s.b.f.annotation.InjectionMetadata - Registered injected element on class [org.springframework.boot.autoconfigure.mongo.MongoDataAutoConfiguration$$EnhancerBySpringCGLIB$$b7bcfd09]: AutowiredFieldElement for private org.springframework.core.io.ResourceLoader org.springframework.boot.autoconfigure.mongo.MongoDataAutoConfiguration.resourceLoader
15:44:12.793 [Test worker] DEBUG o.s.b.f.s.DefaultListableBeanFactory - Eagerly caching bean 'org.springframework.boot.autoconfigure.mongo.MongoDataAutoConfiguration' to allow for resolving potential circular references
15:44:12.802 [Test worker] DEBUG o.s.b.f.annotation.InjectionMetadata - Processing injected element of bean 'org.springframework.boot.autoconfigure.mongo.MongoDataAutoConfiguration': AutowiredFieldElement for private org.springframework.boot.autoconfigure.mongo.MongoProperties org.springframework.boot.autoconfigure.mongo.MongoDataAutoConfiguration.properties
15:44:12.804 [Test worker] DEBUG o.s.b.f.s.DefaultListableBeanFactory - Creating shared instance of singleton bean 'spring.data.mongodb.CONFIGURATION_PROPERTIES'
15:44:12.804 [Test worker] DEBUG o.s.b.f.s.DefaultListableBeanFactory - Creating instance of bean 'spring.data.mongodb.CONFIGURATION_PROPERTIES'
15:44:12.804 [Test worker] DEBUG o.s.b.f.s.DefaultListableBeanFactory - Returning cached instance of singleton bean 'org.springframework.transaction.config.internalTransactionAdvisor'
15:44:12.805 [Test worker] DEBUG o.s.b.f.s.DefaultListableBeanFactory - Eagerly caching bean 'spring.data.mongodb.CONFIGURATION_PROPERTIES' to allow for resolving potential circular references
15:44:12.813 [Test worker] DEBUG o.s.core.env.MutablePropertySources - Adding [servletConfigInitParams] PropertySource with lowest search precedence
15:44:12.813 [Test worker] DEBUG o.s.core.env.MutablePropertySources - Adding [servletContextInitParams] PropertySource with lowest search precedence
15:44:12.813 [Test worker] DEBUG o.s.core.env.MutablePropertySources - Adding [systemProperties] PropertySource with lowest search precedence
15:44:12.813 [Test worker] DEBUG o.s.core.env.MutablePropertySources - Adding [systemEnvironment] PropertySource with lowest search precedence
15:44:12.813 [Test worker] DEBUG o.s.core.env.MutablePropertySources - Adding [localProperties] PropertySource with lowest search precedence
15:44:12.849 [Test worker] DEBUG o.s.b.f.s.DefaultListableBeanFactory - Returning cached instance of singleton bean 'org.springframework.transaction.config.internalTransactionAdvisor'
15:44:12.849 [Test worker] DEBUG o.s.b.f.s.DefaultListableBeanFactory - Returning cached instance of singleton bean 'org.springframework.transaction.config.internalTransactionAdvisor'
15:44:12.854 [Test worker] DEBUG o.s.b.f.s.DefaultListableBeanFactory - Finished creating instance of bean 'spring.data.mongodb.CONFIGURATION_PROPERTIES'
15:44:12.854 [Test worker] DEBUG o.s.b.f.a.AutowiredAnnotationBeanPostProcessor - Autowiring by type from bean name 'org.springframework.boot.autoconfigure.mongo.MongoDataAutoConfiguration' to bean named 'spring.data.mongodb.CONFIGURATION_PROPERTIES'
15:44:12.854 [Test worker] DEBUG o.s.b.f.annotation.InjectionMetadata - Processing injected element of bean 'org.springframework.boot.autoconfigure.mongo.MongoDataAutoConfiguration': AutowiredFieldElement for private org.springframework.core.env.Environment org.springframework.boot.autoconfigure.mongo.MongoDataAutoConfiguration.environment
15:44:12.856 [Test worker] DEBUG o.s.b.f.s.DefaultListableBeanFactory - Returning cached instance of singleton bean 'environment'
15:44:12.856 [Test worker] DEBUG o.s.b.f.a.AutowiredAnnotationBeanPostProcessor - Autowiring by type from bean name 'org.springframework.boot.autoconfigure.mongo.MongoDataAutoConfiguration' to bean named 'environment'
15:44:12.856 [Test worker] DEBUG o.s.b.f.annotation.InjectionMetadata - Processing injected element of bean 'org.springframework.boot.autoconfigure.mongo.MongoDataAutoConfiguration': AutowiredFieldElement for private org.springframework.core.io.ResourceLoader org.springframework.boot.autoconfigure.mongo.MongoDataAutoConfiguration.resourceLoader
15:44:12.856 [Test worker] DEBUG o.s.b.f.a.AutowiredAnnotationBeanPostProcessor - Autowiring by type from bean name 'org.springframework.boot.autoconfigure.mongo.MongoDataAutoConfiguration' to bean named 'org.springframework.web.context.support.GenericWebApplicationContext@69735d79'
15:44:12.857 [Test worker] DEBUG o.s.b.f.s.DefaultListableBeanFactory - Returning cached instance of singleton bean 'org.springframework.transaction.config.internalTransactionAdvisor'
15:44:12.857 [Test worker] DEBUG o.s.b.f.s.DefaultListableBeanFactory - Returning cached instance of singleton bean 'org.springframework.transaction.config.internalTransactionAdvisor'
15:44:12.858 [Test worker] DEBUG o.s.b.f.s.DefaultListableBeanFactory - Finished creating instance of bean 'org.springframework.boot.autoconfigure.mongo.MongoDataAutoConfiguration'
15:44:12.864 [Test worker] DEBUG o.s.b.f.s.DefaultListableBeanFactory - Creating shared instance of singleton bean 'mongoDbFactory'
15:44:12.864 [Test worker] DEBUG o.s.b.f.s.DefaultListableBeanFactory - Creating instance of bean 'mongoDbFactory'
15:44:12.864 [Test worker] DEBUG o.s.b.f.s.DefaultListableBeanFactory - Returning cached instance of singleton bean 'org.springframework.transaction.config.internalTransactionAdvisor'
15:44:12.864 [Test worker] DEBUG o.s.b.f.s.DefaultListableBeanFactory - Returning cached instance of singleton bean 'org.springframework.boot.autoconfigure.mongo.MongoDataAutoConfiguration'
15:44:12.866 [Test worker] DEBUG o.s.b.f.s.DefaultListableBeanFactory - Creating shared instance of singleton bean 'mongo'
15:44:12.866 [Test worker] DEBUG o.s.b.f.s.DefaultListableBeanFactory - Creating instance of bean 'mongo'
15:44:12.866 [Test worker] DEBUG o.s.b.f.s.DefaultListableBeanFactory - Returning cached instance of singleton bean 'org.springframework.transaction.config.internalTransactionAdvisor'
15:44:12.866 [Test worker] DEBUG o.s.b.f.s.DefaultListableBeanFactory - Creating shared instance of singleton bean 'org.springframework.boot.autoconfigure.mongo.MongoAutoConfiguration'
15:44:12.866 [Test worker] DEBUG o.s.b.f.s.DefaultListableBeanFactory - Creating instance of bean 'org.springframework.boot.autoconfigure.mongo.MongoAutoConfiguration'
15:44:12.867 [Test worker] DEBUG o.s.b.f.s.DefaultListableBeanFactory - Returning cached instance of singleton bean 'org.springframework.transaction.config.internalTransactionAdvisor'
15:44:12.869 [Test worker] DEBUG o.s.c.a.CommonAnnotationBeanPostProcessor - Found destroy method on class [org.springframework.boot.autoconfigure.mongo.MongoAutoConfiguration$$EnhancerBySpringCGLIB$$a3feda93]: public void org.springframework.boot.autoconfigure.mongo.MongoAutoConfiguration.close()
15:44:12.869 [Test worker] DEBUG o.s.c.a.CommonAnnotationBeanPostProcessor - Registered destroy method on class [org.springframework.boot.autoconfigure.mongo.MongoAutoConfiguration$$EnhancerBySpringCGLIB$$a3feda93]: org.springframework.beans.factory.annotation.InitDestroyAnnotationBeanPostProcessor$LifecycleElement@5a5ddf8
15:44:12.871 [Test worker] DEBUG o.s.b.f.annotation.InjectionMetadata - Registered injected element on class [org.springframework.boot.autoconfigure.mongo.MongoAutoConfiguration$$EnhancerBySpringCGLIB$$a3feda93]: AutowiredFieldElement for private org.springframework.boot.autoconfigure.mongo.MongoProperties org.springframework.boot.autoconfigure.mongo.MongoAutoConfiguration.properties
15:44:12.871 [Test worker] DEBUG o.s.b.f.annotation.InjectionMetadata - Registered injected element on class [org.springframework.boot.autoconfigure.mongo.MongoAutoConfiguration$$EnhancerBySpringCGLIB$$a3feda93]: AutowiredFieldElement for private com.mongodb.MongoClientOptions org.springframework.boot.autoconfigure.mongo.MongoAutoConfiguration.options
15:44:12.871 [Test worker] DEBUG o.s.b.f.s.DefaultListableBeanFactory - Eagerly caching bean 'org.springframework.boot.autoconfigure.mongo.MongoAutoConfiguration' to allow for resolving potential circular references
15:44:12.878 [Test worker] DEBUG o.s.b.f.annotation.InjectionMetadata - Processing injected element of bean 'org.springframework.boot.autoconfigure.mongo.MongoAutoConfiguration': AutowiredFieldElement for private org.springframework.boot.autoconfigure.mongo.MongoProperties org.springframework.boot.autoconfigure.mongo.MongoAutoConfiguration.properties
15:44:12.879 [Test worker] DEBUG o.s.b.f.s.DefaultListableBeanFactory - Returning cached instance of singleton bean 'spring.data.mongodb.CONFIGURATION_PROPERTIES'
15:44:12.879 [Test worker] DEBUG o.s.b.f.a.AutowiredAnnotationBeanPostProcessor - Autowiring by type from bean name 'org.springframework.boot.autoconfigure.mongo.MongoAutoConfiguration' to bean named 'spring.data.mongodb.CONFIGURATION_PROPERTIES'
15:44:12.879 [Test worker] DEBUG o.s.b.f.annotation.InjectionMetadata - Processing injected element of bean 'org.springframework.boot.autoconfigure.mongo.MongoAutoConfiguration': AutowiredFieldElement for private com.mongodb.MongoClientOptions org.springframework.boot.autoconfigure.mongo.MongoAutoConfiguration.options
15:44:12.881 [Test worker] DEBUG o.s.b.f.s.DefaultListableBeanFactory - Returning cached instance of singleton bean 'org.springframework.transaction.config.internalTransactionAdvisor'
15:44:12.881 [Test worker] DEBUG o.s.b.f.s.DefaultListableBeanFactory - Returning cached instance of singleton bean 'org.springframework.transaction.config.internalTransactionAdvisor'
15:44:12.882 [Test worker] DEBUG o.s.b.f.s.DefaultListableBeanFactory - Finished creating instance of bean 'org.springframework.boot.autoconfigure.mongo.MongoAutoConfiguration'
15:44:13.369 [Test worker] DEBUG o.s.b.f.s.DefaultListableBeanFactory - Eagerly caching bean 'mongo' to allow for resolving potential circular references
15:44:13.390 [Test worker] DEBUG o.s.b.f.s.DefaultListableBeanFactory - Returning cached instance of singleton bean 'org.springframework.transaction.config.internalTransactionAdvisor'
15:44:13.390 [Test worker] DEBUG o.s.b.f.s.DefaultListableBeanFactory - Returning cached instance of singleton bean 'org.springframework.transaction.config.internalTransactionAdvisor'
15:44:13.394 [Test worker] DEBUG o.s.b.f.s.DefaultListableBeanFactory - Finished creating instance of bean 'mongo'
15:44:13.395 [Test worker] DEBUG o.s.b.f.s.DefaultListableBeanFactory - Autowiring by type from bean name 'mongoDbFactory' via factory method to bean named 'mongo'
15:44:13.428 [Test worker] DEBUG o.s.b.f.s.DefaultListableBeanFactory - Eagerly caching bean 'mongoDbFactory' to allow for resolving potential circular references
15:44:13.434 [Test worker] DEBUG o.s.b.f.s.DefaultListableBeanFactory - Returning cached instance of singleton bean 'org.springframework.transaction.config.internalTransactionAdvisor'
15:44:13.434 [Test worker] DEBUG o.s.b.f.s.DefaultListableBeanFactory - Returning cached instance of singleton bean 'org.springframework.transaction.config.internalTransactionAdvisor'
15:44:13.434 [Test worker] DEBUG o.s.b.f.s.DefaultListableBeanFactory - Finished creating instance of bean 'mongoDbFactory'
15:44:13.436 [Test worker] DEBUG o.s.b.f.s.DefaultListableBeanFactory - Creating shared instance of singleton bean 'mongoTemplate'
15:44:13.436 [Test worker] DEBUG o.s.b.f.s.DefaultListableBeanFactory - Creating instance of bean 'mongoTemplate'
15:44:13.436 [Test worker] DEBUG o.s.b.f.s.DefaultListableBeanFactory - Returning cached instance of singleton bean 'org.springframework.transaction.config.internalTransactionAdvisor'
15:44:13.436 [Test worker] DEBUG o.s.b.f.s.DefaultListableBeanFactory - Returning cached instance of singleton bean 'org.springframework.boot.autoconfigure.mongo.MongoDataAutoConfiguration'
15:44:13.436 [Test worker] DEBUG o.s.b.f.s.DefaultListableBeanFactory - Returning cached instance of singleton bean 'mongoDbFactory'
15:44:13.439 [Test worker] DEBUG o.s.b.f.s.DefaultListableBeanFactory - Creating shared instance of singleton bean 'mappingMongoConverter'
15:44:13.439 [Test worker] DEBUG o.s.b.f.s.DefaultListableBeanFactory - Creating instance of bean 'mappingMongoConverter'
15:44:13.439 [Test worker] DEBUG o.s.b.f.s.DefaultListableBeanFactory - Returning cached instance of singleton bean 'org.springframework.transaction.config.internalTransactionAdvisor'
15:44:13.440 [Test worker] DEBUG o.s.b.f.s.DefaultListableBeanFactory - Returning cached instance of singleton bean 'org.springframework.boot.autoconfigure.mongo.MongoDataAutoConfiguration'
15:44:13.440 [Test worker] DEBUG o.s.b.f.s.DefaultListableBeanFactory - Returning cached instance of singleton bean 'mongoDbFactory'
15:44:13.441 [Test worker] DEBUG o.s.b.f.s.DefaultListableBeanFactory - Creating shared instance of singleton bean 'mongoMappingContext'
15:44:13.441 [Test worker] DEBUG o.s.b.f.s.DefaultListableBeanFactory - Creating instance of bean 'mongoMappingContext'
15:44:13.441 [Test worker] DEBUG o.s.b.f.s.DefaultListableBeanFactory - Returning cached instance of singleton bean 'org.springframework.transaction.config.internalTransactionAdvisor'
15:44:13.468 [Test worker] DEBUG o.s.b.f.s.DefaultListableBeanFactory - Eagerly caching bean 'mongoMappingContext' to allow for resolving potential circular references
15:44:13.480 [Test worker] DEBUG o.s.b.f.s.DefaultListableBeanFactory - Invoking afterPropertiesSet() on bean with name 'mongoMappingContext'
15:44:13.480 [Test worker] DEBUG o.s.b.f.s.DefaultListableBeanFactory - Returning cached instance of singleton bean 'org.springframework.transaction.config.internalTransactionAdvisor'
15:44:13.480 [Test worker] DEBUG o.s.b.f.s.DefaultListableBeanFactory - Returning cached instance of singleton bean 'org.springframework.transaction.config.internalTransactionAdvisor'
15:44:13.486 [Test worker] DEBUG o.s.b.f.s.DefaultListableBeanFactory - Finished creating instance of bean 'mongoMappingContext'
15:44:13.488 [Test worker] DEBUG o.s.b.f.s.DefaultListableBeanFactory - Autowiring by type from bean name 'mappingMongoConverter' via factory method to bean named 'mongoDbFactory'
15:44:13.488 [Test worker] DEBUG o.s.b.f.s.DefaultListableBeanFactory - Autowiring by type from bean name 'mappingMongoConverter' via factory method to bean named 'mongoMappingContext'
15:44:13.488 [Test worker] DEBUG o.s.b.f.s.DefaultListableBeanFactory - Autowiring by type from bean name 'mappingMongoConverter' via factory method to bean named 'org.springframework.beans.factory.support.DefaultListableBeanFactory@447e689b'
15:44:13.588 [Test worker] DEBUG o.s.b.f.s.DefaultListableBeanFactory - Eagerly caching bean 'mappingMongoConverter' to allow for resolving potential circular references
15:44:13.594 [Test worker] DEBUG o.s.b.f.s.DefaultListableBeanFactory - Invoking afterPropertiesSet() on bean with name 'mappingMongoConverter'
15:44:13.600 [Test worker] DEBUG o.s.b.f.s.DefaultListableBeanFactory - Returning cached instance of singleton bean 'org.springframework.transaction.config.internalTransactionAdvisor'
15:44:13.600 [Test worker] DEBUG o.s.b.f.s.DefaultListableBeanFactory - Returning cached instance of singleton bean 'org.springframework.transaction.config.internalTransactionAdvisor'
15:44:13.602 [Test worker] DEBUG o.s.b.f.s.DefaultListableBeanFactory - Finished creating instance of bean 'mappingMongoConverter'
15:44:13.602 [Test worker] DEBUG o.s.b.f.s.DefaultListableBeanFactory - Autowiring by type from bean name 'mongoTemplate' via factory method to bean named 'mongoDbFactory'
15:44:13.602 [Test worker] DEBUG o.s.b.f.s.DefaultListableBeanFactory - Autowiring by type from bean name 'mongoTemplate' via factory method to bean named 'mappingMongoConverter'
15:44:13.639 [Test worker] DEBUG o.s.b.f.s.DefaultListableBeanFactory - Eagerly caching bean 'mongoTemplate' to allow for resolving potential circular references
15:44:13.648 [Test worker] DEBUG o.s.b.f.s.DefaultListableBeanFactory - Returning cached instance of singleton bean 'org.springframework.transaction.config.internalTransactionAdvisor'
15:44:13.648 [Test worker] DEBUG o.s.b.f.s.DefaultListableBeanFactory - Returning cached instance of singleton bean 'org.springframework.transaction.config.internalTransactionAdvisor'
15:44:13.650 [Test worker] DEBUG o.s.b.f.s.DefaultListableBeanFactory - Finished creating instance of bean 'mongoTemplate'
15:44:13.650 [Test worker] DEBUG o.s.b.f.s.DefaultListableBeanFactory - Autowiring by type from bean name 'gridFsTemplate' via factory method to bean named 'mongoDbFactory'
15:44:13.650 [Test worker] DEBUG o.s.b.f.s.DefaultListableBeanFactory - Autowiring by type from bean name 'gridFsTemplate' via factory method to bean named 'mongoTemplate'
15:44:13.662 [Test worker] DEBUG o.s.b.f.s.DefaultListableBeanFactory - Eagerly caching bean 'gridFsTemplate' to allow for resolving potential circular references
15:44:13.671 [Test worker] DEBUG o.s.b.f.s.DefaultListableBeanFactory - Returning cached instance of singleton bean 'org.springframework.transaction.config.internalTransactionAdvisor'
15:44:13.672 [Test worker] DEBUG o.s.b.f.s.DefaultListableBeanFactory - Returning cached instance of singleton bean 'org.springframework.transaction.config.internalTransactionAdvisor'
15:44:13.676 [Test worker] DEBUG o.s.b.f.s.DefaultListableBeanFactory - Finished creating instance of bean 'gridFsTemplate'
15:44:13.676 [Test worker] DEBUG o.s.b.f.a.AutowiredAnnotationBeanPostProcessor - Autowiring by type from bean name 'org.springframework.boot.autoconfigure.web.WebMvcAutoConfiguration$WebMvcAutoConfigurationAdapter' to bean named 'org.springframework.web.context.support.GenericWebApplicationContext@69735d79'
15:44:13.676 [Test worker] DEBUG o.s.b.f.annotation.InjectionMetadata - Processing injected element of bean 'org.springframework.boot.autoconfigure.web.WebMvcAutoConfiguration$WebMvcAutoConfigurationAdapter': AutowiredFieldElement for private org.springframework.boot.autoconfigure.web.HttpMessageConverters org.springframework.boot.autoconfigure.web.WebMvcAutoConfiguration$WebMvcAutoConfigurationAdapter.messageConverters
15:44:13.678 [Test worker] DEBUG o.s.b.f.s.DefaultListableBeanFactory - Creating shared instance of singleton bean 'messageConverters'
15:44:13.678 [Test worker] DEBUG o.s.b.f.s.DefaultListableBeanFactory - Creating instance of bean 'messageConverters'
15:44:13.690 [Test worker] DEBUG o.s.b.f.s.DefaultListableBeanFactory - Returning cached instance of singleton bean 'org.springframework.transaction.config.internalTransactionAdvisor'
15:44:13.690 [Test worker] DEBUG o.s.b.f.s.DefaultListableBeanFactory - Creating shared instance of singleton bean 'org.springframework.boot.autoconfigure.web.HttpMessageConvertersAutoConfiguration'
15:44:13.690 [Test worker] DEBUG o.s.b.f.s.DefaultListableBeanFactory - Creating instance of bean 'org.springframework.boot.autoconfigure.web.HttpMessageConvertersAutoConfiguration'
15:44:13.691 [Test worker] DEBUG o.s.b.f.s.DefaultListableBeanFactory - Returning cached instance of singleton bean 'org.springframework.transaction.config.internalTransactionAdvisor'
15:44:13.693 [Test worker] DEBUG o.s.b.f.annotation.InjectionMetadata - Registered injected element on class [org.springframework.boot.autoconfigure.web.HttpMessageConvertersAutoConfiguration$$EnhancerBySpringCGLIB$$21965f55]: AutowiredFieldElement for private final java.util.List org.springframework.boot.autoconfigure.web.HttpMessageConvertersAutoConfiguration.converters
15:44:13.693 [Test worker] DEBUG o.s.b.f.s.DefaultListableBeanFactory - Eagerly caching bean 'org.springframework.boot.autoconfigure.web.HttpMessageConvertersAutoConfiguration' to allow for resolving potential circular references
15:44:13.702 [Test worker] DEBUG o.s.b.f.annotation.InjectionMetadata - Processing injected element of bean 'org.springframework.boot.autoconfigure.web.HttpMessageConvertersAutoConfiguration': AutowiredFieldElement for private final java.util.List org.springframework.boot.autoconfigure.web.HttpMessageConvertersAutoConfiguration.converters
15:44:13.709 [Test worker] DEBUG o.s.b.f.s.DefaultListableBeanFactory - Creating shared instance of singleton bean 'stringHttpMessageConverter'
15:44:13.710 [Test worker] DEBUG o.s.b.f.s.DefaultListableBeanFactory - Creating instance of bean 'stringHttpMessageConverter'
15:44:13.712 [Test worker] DEBUG o.s.b.f.s.DefaultListableBeanFactory - Returning cached instance of singleton bean 'org.springframework.transaction.config.internalTransactionAdvisor'
15:44:13.713 [Test worker] DEBUG o.s.b.f.s.DefaultListableBeanFactory - Creating shared instance of singleton bean 'org.springframework.boot.autoconfigure.web.HttpMessageConvertersAutoConfiguration$StringHttpMessageConverterConfiguration'
15:44:13.713 [Test worker] DEBUG o.s.b.f.s.DefaultListableBeanFactory - Creating instance of bean 'org.springframework.boot.autoconfigure.web.HttpMessageConvertersAutoConfiguration$StringHttpMessageConverterConfiguration'
15:44:13.713 [Test worker] DEBUG o.s.b.f.s.DefaultListableBeanFactory - Returning cached instance of singleton bean 'org.springframework.transaction.config.internalTransactionAdvisor'
15:44:13.714 [Test worker] DEBUG o.s.b.f.annotation.InjectionMetadata - Registered injected element on class [org.springframework.boot.autoconfigure.web.HttpMessageConvertersAutoConfiguration$StringHttpMessageConverterConfiguration$$EnhancerBySpringCGLIB$$3c9f95f5]: AutowiredFieldElement for private org.springframework.boot.autoconfigure.web.HttpEncodingProperties org.springframework.boot.autoconfigure.web.HttpMessageConvertersAutoConfiguration$StringHttpMessageConverterConfiguration.encodingProperties
15:44:13.714 [Test worker] DEBUG o.s.b.f.s.DefaultListableBeanFactory - Eagerly caching bean 'org.springframework.boot.autoconfigure.web.HttpMessageConvertersAutoConfiguration$StringHttpMessageConverterConfiguration' to allow for resolving potential circular references
15:44:13.722 [Test worker] DEBUG o.s.b.f.annotation.InjectionMetadata - Processing injected element of bean 'org.springframework.boot.autoconfigure.web.HttpMessageConvertersAutoConfiguration$StringHttpMessageConverterConfiguration': AutowiredFieldElement for private org.springframework.boot.autoconfigure.web.HttpEncodingProperties org.springframework.boot.autoconfigure.web.HttpMessageConvertersAutoConfiguration$StringHttpMessageConverterConfiguration.encodingProperties
15:44:13.724 [Test worker] DEBUG o.s.b.f.s.DefaultListableBeanFactory - Creating shared instance of singleton bean 'spring.http.encoding.CONFIGURATION_PROPERTIES'
15:44:13.724 [Test worker] DEBUG o.s.b.f.s.DefaultListableBeanFactory - Creating instance of bean 'spring.http.encoding.CONFIGURATION_PROPERTIES'
15:44:13.724 [Test worker] DEBUG o.s.b.f.s.DefaultListableBeanFactory - Returning cached instance of singleton bean 'org.springframework.transaction.config.internalTransactionAdvisor'
15:44:13.724 [Test worker] DEBUG o.s.b.f.s.DefaultListableBeanFactory - Eagerly caching bean 'spring.http.encoding.CONFIGURATION_PROPERTIES' to allow for resolving potential circular references
15:44:13.740 [Test worker] DEBUG o.s.core.env.MutablePropertySources - Adding [servletConfigInitParams] PropertySource with lowest search precedence
15:44:13.740 [Test worker] DEBUG o.s.core.env.MutablePropertySources - Adding [servletContextInitParams] PropertySource with lowest search precedence
15:44:13.741 [Test worker] DEBUG o.s.core.env.MutablePropertySources - Adding [systemProperties] PropertySource with lowest search precedence
15:44:13.741 [Test worker] DEBUG o.s.core.env.MutablePropertySources - Adding [systemEnvironment] PropertySource with lowest search precedence
15:44:13.741 [Test worker] DEBUG o.s.core.env.MutablePropertySources - Adding [localProperties] PropertySource with lowest search precedence
15:44:13.745 [Test worker] DEBUG o.s.b.f.s.DefaultListableBeanFactory - Returning cached instance of singleton bean 'org.springframework.transaction.config.internalTransactionAdvisor'
15:44:13.746 [Test worker] DEBUG o.s.b.f.s.DefaultListableBeanFactory - Returning cached instance of singleton bean 'org.springframework.transaction.config.internalTransactionAdvisor'
15:44:13.746 [Test worker] DEBUG o.s.b.f.s.DefaultListableBeanFactory - Finished creating instance of bean 'spring.http.encoding.CONFIGURATION_PROPERTIES'
15:44:13.747 [Test worker] DEBUG o.s.b.f.a.AutowiredAnnotationBeanPostProcessor - Autowiring by type from bean name 'org.springframework.boot.autoconfigure.web.HttpMessageConvertersAutoConfiguration$StringHttpMessageConverterConfiguration' to bean named 'spring.http.encoding.CONFIGURATION_PROPERTIES'
15:44:13.747 [Test worker] DEBUG o.s.b.f.s.DefaultListableBeanFactory - Returning cached instance of singleton bean 'org.springframework.transaction.config.internalTransactionAdvisor'
15:44:13.747 [Test worker] DEBUG o.s.b.f.s.DefaultListableBeanFactory - Returning cached instance of singleton bean 'org.springframework.transaction.config.internalTransactionAdvisor'
15:44:13.748 [Test worker] DEBUG o.s.b.f.s.DefaultListableBeanFactory - Finished creating instance of bean 'org.springframework.boot.autoconfigure.web.HttpMessageConvertersAutoConfiguration$StringHttpMessageConverterConfiguration'
15:44:13.889 [Test worker] DEBUG o.s.b.f.s.DefaultListableBeanFactory - Eagerly caching bean 'stringHttpMessageConverter' to allow for resolving potential circular references
15:44:13.896 [Test worker] DEBUG o.s.b.f.s.DefaultListableBeanFactory - Returning cached instance of singleton bean 'org.springframework.transaction.config.internalTransactionAdvisor'
15:44:13.896 [Test worker] DEBUG o.s.b.f.s.DefaultListableBeanFactory - Returning cached instance of singleton bean 'org.springframework.transaction.config.internalTransactionAdvisor'
15:44:13.896 [Test worker] DEBUG o.s.b.f.s.DefaultListableBeanFactory - Finished creating instance of bean 'stringHttpMessageConverter'
15:44:13.897 [Test worker] DEBUG o.s.b.f.s.DefaultListableBeanFactory - Creating shared instance of singleton bean 'mappingJackson2HttpMessageConverter'
15:44:13.897 [Test worker] DEBUG o.s.b.f.s.DefaultListableBeanFactory - Creating instance of bean 'mappingJackson2HttpMessageConverter'
15:44:13.897 [Test worker] DEBUG o.s.b.f.s.DefaultListableBeanFactory - Returning cached instance of singleton bean 'org.springframework.transaction.config.internalTransactionAdvisor'
15:44:13.897 [Test worker] DEBUG o.s.b.f.s.DefaultListableBeanFactory - Creating shared instance of singleton bean 'org.springframework.boot.autoconfigure.web.JacksonHttpMessageConvertersConfiguration$MappingJackson2HttpMessageConverterConfiguration'
15:44:13.897 [Test worker] DEBUG o.s.b.f.s.DefaultListableBeanFactory - Creating instance of bean 'org.springframework.boot.autoconfigure.web.JacksonHttpMessageConvertersConfiguration$MappingJackson2HttpMessageConverterConfiguration'
15:44:13.898 [Test worker] DEBUG o.s.b.f.s.DefaultListableBeanFactory - Returning cached instance of singleton bean 'org.springframework.transaction.config.internalTransactionAdvisor'
15:44:13.899 [Test worker] DEBUG o.s.b.f.annotation.InjectionMetadata - Registered injected element on class [org.springframework.boot.autoconfigure.web.JacksonHttpMessageConvertersConfiguration$MappingJackson2HttpMessageConverterConfiguration$$EnhancerBySpringCGLIB$$6c307ff5]: AutowiredFieldElement for private org.springframework.boot.autoconfigure.web.HttpMapperProperties org.springframework.boot.autoconfigure.web.JacksonHttpMessageConvertersConfiguration$MappingJackson2HttpMessageConverterConfiguration.properties
15:44:13.900 [Test worker] DEBUG o.s.b.f.s.DefaultListableBeanFactory - Eagerly caching bean 'org.springframework.boot.autoconfigure.web.JacksonHttpMessageConvertersConfiguration$MappingJackson2HttpMessageConverterConfiguration' to allow for resolving potential circular references
15:44:13.908 [Test worker] DEBUG o.s.b.f.annotation.InjectionMetadata - Processing injected element of bean 'org.springframework.boot.autoconfigure.web.JacksonHttpMessageConvertersConfiguration$MappingJackson2HttpMessageConverterConfiguration': AutowiredFieldElement for private org.springframework.boot.autoconfigure.web.HttpMapperProperties org.springframework.boot.autoconfigure.web.JacksonHttpMessageConvertersConfiguration$MappingJackson2HttpMessageConverterConfiguration.properties
15:44:13.912 [Test worker] DEBUG o.s.b.f.s.DefaultListableBeanFactory - Creating shared instance of singleton bean 'http.mappers.CONFIGURATION_PROPERTIES'
15:44:13.912 [Test worker] DEBUG o.s.b.f.s.DefaultListableBeanFactory - Creating instance of bean 'http.mappers.CONFIGURATION_PROPERTIES'
15:44:13.912 [Test worker] DEBUG o.s.b.f.s.DefaultListableBeanFactory - Returning cached instance of singleton bean 'org.springframework.transaction.config.internalTransactionAdvisor'
15:44:13.913 [Test worker] DEBUG o.s.b.f.s.DefaultListableBeanFactory - Eagerly caching bean 'http.mappers.CONFIGURATION_PROPERTIES' to allow for resolving potential circular references
15:44:13.918 [Test worker] DEBUG o.s.core.env.MutablePropertySources - Adding [servletConfigInitParams] PropertySource with lowest search precedence
15:44:13.918 [Test worker] DEBUG o.s.core.env.MutablePropertySources - Adding [servletContextInitParams] PropertySource with lowest search precedence
15:44:13.918 [Test worker] DEBUG o.s.core.env.MutablePropertySources - Adding [systemProperties] PropertySource with lowest search precedence
15:44:13.918 [Test worker] DEBUG o.s.core.env.MutablePropertySources - Adding [systemEnvironment] PropertySource with lowest search precedence
15:44:13.918 [Test worker] DEBUG o.s.core.env.MutablePropertySources - Adding [localProperties] PropertySource with lowest search precedence
15:44:13.922 [Test worker] DEBUG o.s.b.f.s.DefaultListableBeanFactory - Returning cached instance of singleton bean 'org.springframework.transaction.config.internalTransactionAdvisor'
15:44:13.922 [Test worker] DEBUG o.s.b.f.s.DefaultListableBeanFactory - Returning cached instance of singleton bean 'org.springframework.transaction.config.internalTransactionAdvisor'
15:44:13.923 [Test worker] DEBUG o.s.b.f.s.DefaultListableBeanFactory - Finished creating instance of bean 'http.mappers.CONFIGURATION_PROPERTIES'
15:44:13.923 [Test worker] DEBUG o.s.b.f.a.AutowiredAnnotationBeanPostProcessor - Autowiring by type from bean name 'org.springframework.boot.autoconfigure.web.JacksonHttpMessageConvertersConfiguration$MappingJackson2HttpMessageConverterConfiguration' to bean named 'http.mappers.CONFIGURATION_PROPERTIES'
15:44:13.923 [Test worker] DEBUG o.s.b.f.s.DefaultListableBeanFactory - Returning cached instance of singleton bean 'org.springframework.transaction.config.internalTransactionAdvisor'
15:44:13.923 [Test worker] DEBUG o.s.b.f.s.DefaultListableBeanFactory - Returning cached instance of singleton bean 'org.springframework.transaction.config.internalTransactionAdvisor'
15:44:13.924 [Test worker] DEBUG o.s.b.f.s.DefaultListableBeanFactory - Finished creating instance of bean 'org.springframework.boot.autoconfigure.web.JacksonHttpMessageConvertersConfiguration$MappingJackson2HttpMessageConverterConfiguration'
15:44:13.926 [Test worker] DEBUG o.s.b.f.s.DefaultListableBeanFactory - Creating shared instance of singleton bean 'jacksonObjectMapper'
15:44:13.927 [Test worker] DEBUG o.s.b.f.s.DefaultListableBeanFactory - Creating instance of bean 'jacksonObjectMapper'
15:44:13.927 [Test worker] DEBUG o.s.b.f.s.DefaultListableBeanFactory - Returning cached instance of singleton bean 'org.springframework.transaction.config.internalTransactionAdvisor'
15:44:13.927 [Test worker] DEBUG o.s.b.f.s.DefaultListableBeanFactory - Creating shared instance of singleton bean 'org.springframework.boot.autoconfigure.jackson.JacksonAutoConfiguration$JacksonObjectMapperConfiguration'
15:44:13.927 [Test worker] DEBUG o.s.b.f.s.DefaultListableBeanFactory - Creating instance of bean 'org.springframework.boot.autoconfigure.jackson.JacksonAutoConfiguration$JacksonObjectMapperConfiguration'
15:44:13.927 [Test worker] DEBUG o.s.b.f.s.DefaultListableBeanFactory - Returning cached instance of singleton bean 'org.springframework.transaction.config.internalTransactionAdvisor'
15:44:13.928 [Test worker] DEBUG o.s.b.f.s.DefaultListableBeanFactory - Eagerly caching bean 'org.springframework.boot.autoconfigure.jackson.JacksonAutoConfiguration$JacksonObjectMapperConfiguration' to allow for resolving potential circular references
15:44:13.937 [Test worker] DEBUG o.s.b.f.s.DefaultListableBeanFactory - Returning cached instance of singleton bean 'org.springframework.transaction.config.internalTransactionAdvisor'
15:44:13.937 [Test worker] DEBUG o.s.b.f.s.DefaultListableBeanFactory - Returning cached instance of singleton bean 'org.springframework.transaction.config.internalTransactionAdvisor'
15:44:13.938 [Test worker] DEBUG o.s.b.f.s.DefaultListableBeanFactory - Finished creating instance of bean 'org.springframework.boot.autoconfigure.jackson.JacksonAutoConfiguration$JacksonObjectMapperConfiguration'
15:44:13.940 [Test worker] DEBUG o.s.b.f.s.DefaultListableBeanFactory - Creating shared instance of singleton bean 'jacksonObjectMapperBuilder'
15:44:13.940 [Test worker] DEBUG o.s.b.f.s.DefaultListableBeanFactory - Creating instance of bean 'jacksonObjectMapperBuilder'
15:44:13.940 [Test worker] DEBUG o.s.b.f.s.DefaultListableBeanFactory - Returning cached instance of singleton bean 'org.springframework.transaction.config.internalTransactionAdvisor'
15:44:13.940 [Test worker] DEBUG o.s.b.f.s.DefaultListableBeanFactory - Creating shared instance of singleton bean 'org.springframework.boot.autoconfigure.jackson.JacksonAutoConfiguration$JacksonObjectMapperBuilderConfiguration'
15:44:13.940 [Test worker] DEBUG o.s.b.f.s.DefaultListableBeanFactory - Creating instance of bean 'org.springframework.boot.autoconfigure.jackson.JacksonAutoConfiguration$JacksonObjectMapperBuilderConfiguration'
15:44:13.940 [Test worker] DEBUG o.s.b.f.s.DefaultListableBeanFactory - Returning cached instance of singleton bean 'org.springframework.transaction.config.internalTransactionAdvisor'
15:44:13.955 [Test worker] DEBUG o.s.b.f.annotation.InjectionMetadata - Registered injected element on class [org.springframework.boot.autoconfigure.jackson.JacksonAutoConfiguration$JacksonObjectMapperBuilderConfiguration$$EnhancerBySpringCGLIB$$7c43e15f]: AutowiredFieldElement for private org.springframework.boot.autoconfigure.jackson.JacksonProperties org.springframework.boot.autoconfigure.jackson.JacksonAutoConfiguration$JacksonObjectMapperBuilderConfiguration.jacksonProperties
15:44:13.956 [Test worker] DEBUG o.s.b.f.annotation.InjectionMetadata - Registered injected element on class [org.springframework.boot.autoconfigure.jackson.JacksonAutoConfiguration$JacksonObjectMapperBuilderConfiguration$$EnhancerBySpringCGLIB$$7c43e15f]: AutowiredFieldElement for private org.springframework.boot.autoconfigure.web.HttpMapperProperties org.springframework.boot.autoconfigure.jackson.JacksonAutoConfiguration$JacksonObjectMapperBuilderConfiguration.httpMapperProperties
15:44:13.956 [Test worker] DEBUG o.s.b.f.s.DefaultListableBeanFactory - Eagerly caching bean 'org.springframework.boot.autoconfigure.jackson.JacksonAutoConfiguration$JacksonObjectMapperBuilderConfiguration' to allow for resolving potential circular references
15:44:13.964 [Test worker] DEBUG o.s.b.f.annotation.InjectionMetadata - Processing injected element of bean 'org.springframework.boot.autoconfigure.jackson.JacksonAutoConfiguration$JacksonObjectMapperBuilderConfiguration': AutowiredFieldElement for private org.springframework.boot.autoconfigure.jackson.JacksonProperties org.springframework.boot.autoconfigure.jackson.JacksonAutoConfiguration$JacksonObjectMapperBuilderConfiguration.jacksonProperties
15:44:13.965 [Test worker] DEBUG o.s.b.f.s.DefaultListableBeanFactory - Creating shared instance of singleton bean 'spring.jackson.CONFIGURATION_PROPERTIES'
15:44:13.965 [Test worker] DEBUG o.s.b.f.s.DefaultListableBeanFactory - Creating instance of bean 'spring.jackson.CONFIGURATION_PROPERTIES'
15:44:13.965 [Test worker] DEBUG o.s.b.f.s.DefaultListableBeanFactory - Returning cached instance of singleton bean 'org.springframework.transaction.config.internalTransactionAdvisor'
15:44:13.966 [Test worker] DEBUG o.s.b.f.s.DefaultListableBeanFactory - Eagerly caching bean 'spring.jackson.CONFIGURATION_PROPERTIES' to allow for resolving potential circular references
15:44:13.984 [Test worker] DEBUG o.s.core.env.MutablePropertySources - Adding [servletConfigInitParams] PropertySource with lowest search precedence
15:44:13.984 [Test worker] DEBUG o.s.core.env.MutablePropertySources - Adding [servletContextInitParams] PropertySource with lowest search precedence
15:44:13.984 [Test worker] DEBUG o.s.core.env.MutablePropertySources - Adding [systemProperties] PropertySource with lowest search precedence
15:44:13.984 [Test worker] DEBUG o.s.core.env.MutablePropertySources - Adding [systemEnvironment] PropertySource with lowest search precedence
15:44:13.984 [Test worker] DEBUG o.s.core.env.MutablePropertySources - Adding [localProperties] PropertySource with lowest search precedence
15:44:13.992 [Test worker] DEBUG o.s.b.f.s.DefaultListableBeanFactory - Returning cached instance of singleton bean 'org.springframework.transaction.config.internalTransactionAdvisor'
15:44:13.992 [Test worker] DEBUG o.s.b.f.s.DefaultListableBeanFactory - Returning cached instance of singleton bean 'org.springframework.transaction.config.internalTransactionAdvisor'
15:44:13.993 [Test worker] DEBUG o.s.b.f.s.DefaultListableBeanFactory - Finished creating instance of bean 'spring.jackson.CONFIGURATION_PROPERTIES'
15:44:13.993 [Test worker] DEBUG o.s.b.f.a.AutowiredAnnotationBeanPostProcessor - Autowiring by type from bean name 'org.springframework.boot.autoconfigure.jackson.JacksonAutoConfiguration$JacksonObjectMapperBuilderConfiguration' to bean named 'spring.jackson.CONFIGURATION_PROPERTIES'
15:44:13.994 [Test worker] DEBUG o.s.b.f.annotation.InjectionMetadata - Processing injected element of bean 'org.springframework.boot.autoconfigure.jackson.JacksonAutoConfiguration$JacksonObjectMapperBuilderConfiguration': AutowiredFieldElement for private org.springframework.boot.autoconfigure.web.HttpMapperProperties org.springframework.boot.autoconfigure.jackson.JacksonAutoConfiguration$JacksonObjectMapperBuilderConfiguration.httpMapperProperties
15:44:13.994 [Test worker] DEBUG o.s.b.f.s.DefaultListableBeanFactory - Returning cached instance of singleton bean 'http.mappers.CONFIGURATION_PROPERTIES'
15:44:13.994 [Test worker] DEBUG o.s.b.f.a.AutowiredAnnotationBeanPostProcessor - Autowiring by type from bean name 'org.springframework.boot.autoconfigure.jackson.JacksonAutoConfiguration$JacksonObjectMapperBuilderConfiguration' to bean named 'http.mappers.CONFIGURATION_PROPERTIES'
15:44:13.995 [Test worker] DEBUG o.s.b.f.s.DefaultListableBeanFactory - Returning cached instance of singleton bean 'org.springframework.transaction.config.internalTransactionAdvisor'
15:44:13.995 [Test worker] DEBUG o.s.b.f.s.DefaultListableBeanFactory - Returning cached instance of singleton bean 'org.springframework.transaction.config.internalTransactionAdvisor'
15:44:13.996 [Test worker] DEBUG o.s.b.f.s.DefaultListableBeanFactory - Finished creating instance of bean 'org.springframework.boot.autoconfigure.jackson.JacksonAutoConfiguration$JacksonObjectMapperBuilderConfiguration'
15:44:14.010 [Test worker] DEBUG o.s.b.f.s.DefaultListableBeanFactory - Creating shared instance of singleton bean 'geoJsonModule'
15:44:14.010 [Test worker] DEBUG o.s.b.f.s.DefaultListableBeanFactory - Creating instance of bean 'geoJsonModule'
15:44:14.010 [Test worker] DEBUG o.s.b.f.s.DefaultListableBeanFactory - Returning cached instance of singleton bean 'org.springframework.transaction.config.internalTransactionAdvisor'
15:44:14.010 [Test worker] DEBUG o.s.b.f.s.DefaultListableBeanFactory - Creating shared instance of singleton bean 'org.springframework.data.mongodb.core.GeoJsonConfiguration'
15:44:14.010 [Test worker] DEBUG o.s.b.f.s.DefaultListableBeanFactory - Creating instance of bean 'org.springframework.data.mongodb.core.GeoJsonConfiguration'
15:44:14.010 [Test worker] DEBUG o.s.b.f.s.DefaultListableBeanFactory - Returning cached instance of singleton bean 'org.springframework.transaction.config.internalTransactionAdvisor'
15:44:14.011 [Test worker] DEBUG o.s.b.f.s.DefaultListableBeanFactory - Eagerly caching bean 'org.springframework.data.mongodb.core.GeoJsonConfiguration' to allow for resolving potential circular references
15:44:14.044 [Test worker] DEBUG o.s.b.f.s.DefaultListableBeanFactory - Returning cached instance of singleton bean 'org.springframework.transaction.config.internalTransactionAdvisor'
15:44:14.044 [Test worker] DEBUG o.s.b.f.s.DefaultListableBeanFactory - Returning cached instance of singleton bean 'org.springframework.transaction.config.internalTransactionAdvisor'
15:44:14.045 [Test worker] DEBUG o.s.b.f.s.DefaultListableBeanFactory - Finished creating instance of bean 'org.springframework.data.mongodb.core.GeoJsonConfiguration'
15:44:14.087 [Test worker] DEBUG o.s.b.f.s.DefaultListableBeanFactory - Eagerly caching bean 'geoJsonModule' to allow for resolving potential circular references
15:44:14.104 [Test worker] DEBUG o.s.b.f.s.DefaultListableBeanFactory - Returning cached instance of singleton bean 'org.springframework.transaction.config.internalTransactionAdvisor'
15:44:14.104 [Test worker] DEBUG o.s.b.f.s.DefaultListableBeanFactory - Returning cached instance of singleton bean 'org.springframework.transaction.config.internalTransactionAdvisor'
15:44:14.104 [Test worker] DEBUG o.s.b.f.s.DefaultListableBeanFactory - Finished creating instance of bean 'geoJsonModule'
15:44:14.105 [Test worker] DEBUG o.s.b.f.s.DefaultListableBeanFactory - Creating shared instance of singleton bean 'jacksonGeoModule'
15:44:14.105 [Test worker] DEBUG o.s.b.f.s.DefaultListableBeanFactory - Creating instance of bean 'jacksonGeoModule'
15:44:14.105 [Test worker] DEBUG o.s.b.f.s.DefaultListableBeanFactory - Returning cached instance of singleton bean 'org.springframework.transaction.config.internalTransactionAdvisor'
15:44:14.105 [Test worker] DEBUG o.s.b.f.s.DefaultListableBeanFactory - Creating shared instance of singleton bean 'org.springframework.data.web.config.SpringDataJacksonConfiguration'
15:44:14.105 [Test worker] DEBUG o.s.b.f.s.DefaultListableBeanFactory - Creating instance of bean 'org.springframework.data.web.config.SpringDataJacksonConfiguration'
15:44:14.105 [Test worker] DEBUG o.s.b.f.s.DefaultListableBeanFactory - Returning cached instance of singleton bean 'org.springframework.transaction.config.internalTransactionAdvisor'
15:44:14.106 [Test worker] DEBUG o.s.b.f.s.DefaultListableBeanFactory - Eagerly caching bean 'org.springframework.data.web.config.SpringDataJacksonConfiguration' to allow for resolving potential circular references
15:44:14.114 [Test worker] DEBUG o.s.b.f.s.DefaultListableBeanFactory - Returning cached instance of singleton bean 'org.springframework.transaction.config.internalTransactionAdvisor'
15:44:14.114 [Test worker] DEBUG o.s.b.f.s.DefaultListableBeanFactory - Returning cached instance of singleton bean 'org.springframework.transaction.config.internalTransactionAdvisor'
15:44:14.115 [Test worker] DEBUG o.s.b.f.s.DefaultListableBeanFactory - Finished creating instance of bean 'org.springframework.data.web.config.SpringDataJacksonConfiguration'
15:44:14.155 [Test worker] DEBUG o.s.b.f.s.DefaultListableBeanFactory - Eagerly caching bean 'jacksonGeoModule' to allow for resolving potential circular references
15:44:14.162 [Test worker] DEBUG o.s.b.f.s.DefaultListableBeanFactory - Returning cached instance of singleton bean 'org.springframework.transaction.config.internalTransactionAdvisor'
15:44:14.162 [Test worker] DEBUG o.s.b.f.s.DefaultListableBeanFactory - Returning cached instance of singleton bean 'org.springframework.transaction.config.internalTransactionAdvisor'
15:44:14.163 [Test worker] DEBUG o.s.b.f.s.DefaultListableBeanFactory - Finished creating instance of bean 'jacksonGeoModule'
15:44:14.172 [Test worker] DEBUG o.s.b.f.s.DefaultListableBeanFactory - Eagerly caching bean 'jacksonObjectMapperBuilder' to allow for resolving potential circular references
15:44:14.178 [Test worker] DEBUG o.s.b.f.s.DefaultListableBeanFactory - Returning cached instance of singleton bean 'org.springframework.transaction.config.internalTransactionAdvisor'
15:44:14.178 [Test worker] DEBUG o.s.b.f.s.DefaultListableBeanFactory - Returning cached instance of singleton bean 'org.springframework.transaction.config.internalTransactionAdvisor'
15:44:14.179 [Test worker] DEBUG o.s.b.f.s.DefaultListableBeanFactory - Finished creating instance of bean 'jacksonObjectMapperBuilder'
15:44:14.179 [Test worker] DEBUG o.s.b.f.s.DefaultListableBeanFactory - Autowiring by type from bean name 'jacksonObjectMapper' via factory method to bean named 'jacksonObjectMapperBuilder'
15:44:14.527 [Test worker] DEBUG o.s.b.f.s.DefaultListableBeanFactory - Eagerly caching bean 'jacksonObjectMapper' to allow for resolving potential circular references
15:44:14.546 [Test worker] DEBUG o.s.b.f.s.DefaultListableBeanFactory - Returning cached instance of singleton bean 'org.springframework.transaction.config.internalTransactionAdvisor'
15:44:14.546 [Test worker] DEBUG o.s.b.f.s.DefaultListableBeanFactory - Returning cached instance of singleton bean 'org.springframework.transaction.config.internalTransactionAdvisor'
15:44:14.552 [Test worker] DEBUG o.s.b.f.s.DefaultListableBeanFactory - Finished creating instance of bean 'jacksonObjectMapper'
15:44:14.553 [Test worker] DEBUG o.s.b.f.s.DefaultListableBeanFactory - Autowiring by type from bean name 'mappingJackson2HttpMessageConverter' via factory method to bean named 'jacksonObjectMapper'
15:44:14.564 [Test worker] DEBUG o.s.b.f.s.DefaultListableBeanFactory - Eagerly caching bean 'mappingJackson2HttpMessageConverter' to allow for resolving potential circular references
15:44:14.571 [Test worker] DEBUG o.s.b.f.s.DefaultListableBeanFactory - Returning cached instance of singleton bean 'org.springframework.transaction.config.internalTransactionAdvisor'
15:44:14.571 [Test worker] DEBUG o.s.b.f.s.DefaultListableBeanFactory - Returning cached instance of singleton bean 'org.springframework.transaction.config.internalTransactionAdvisor'
15:44:14.572 [Test worker] DEBUG o.s.b.f.s.DefaultListableBeanFactory - Finished creating instance of bean 'mappingJackson2HttpMessageConverter'
15:44:14.596 [Test worker] DEBUG o.s.b.f.a.AutowiredAnnotationBeanPostProcessor - Autowiring by type from bean name 'org.springframework.boot.autoconfigure.web.HttpMessageConvertersAutoConfiguration' to bean named 'stringHttpMessageConverter'
15:44:14.596 [Test worker] DEBUG o.s.b.f.a.AutowiredAnnotationBeanPostProcessor - Autowiring by type from bean name 'org.springframework.boot.autoconfigure.web.HttpMessageConvertersAutoConfiguration' to bean named 'mappingJackson2HttpMessageConverter'
15:44:14.596 [Test worker] DEBUG o.s.b.f.s.DefaultListableBeanFactory - Returning cached instance of singleton bean 'org.springframework.transaction.config.internalTransactionAdvisor'
15:44:14.596 [Test worker] DEBUG o.s.b.f.s.DefaultListableBeanFactory - Returning cached instance of singleton bean 'org.springframework.transaction.config.internalTransactionAdvisor'
15:44:14.597 [Test worker] DEBUG o.s.b.f.s.DefaultListableBeanFactory - Finished creating instance of bean 'org.springframework.boot.autoconfigure.web.HttpMessageConvertersAutoConfiguration'
15:44:14.638 [Test worker] DEBUG o.s.b.f.s.DefaultListableBeanFactory - Eagerly caching bean 'messageConverters' to allow for resolving potential circular references
15:44:14.641 [Test worker] DEBUG o.s.b.f.s.DefaultListableBeanFactory - Returning cached instance of singleton bean 'org.springframework.transaction.config.internalTransactionAdvisor'
15:44:14.641 [Test worker] DEBUG o.s.b.f.s.DefaultListableBeanFactory - Returning cached instance of singleton bean 'org.springframework.transaction.config.internalTransactionAdvisor'
15:44:14.642 [Test worker] DEBUG o.s.b.f.s.DefaultListableBeanFactory - Finished creating instance of bean 'messageConverters'
15:44:14.642 [Test worker] DEBUG o.s.b.f.a.AutowiredAnnotationBeanPostProcessor - Autowiring by type from bean name 'org.springframework.boot.autoconfigure.web.WebMvcAutoConfiguration$WebMvcAutoConfigurationAdapter' to bean named 'messageConverters'
15:44:14.642 [Test worker] DEBUG o.s.b.f.s.DefaultListableBeanFactory - Returning cached instance of singleton bean 'org.springframework.transaction.config.internalTransactionAdvisor'
15:44:14.642 [Test worker] DEBUG o.s.b.f.s.DefaultListableBeanFactory - Returning cached instance of singleton bean 'org.springframework.transaction.config.internalTransactionAdvisor'
15:44:14.649 [Test worker] DEBUG o.s.b.f.s.DefaultListableBeanFactory - Finished creating instance of bean 'org.springframework.boot.autoconfigure.web.WebMvcAutoConfiguration$WebMvcAutoConfigurationAdapter'
15:44:14.659 [Test worker] DEBUG o.s.b.f.s.DefaultListableBeanFactory - Eagerly caching bean 'beanNameViewResolver' to allow for resolving potential circular references
15:44:14.671 [Test worker] DEBUG o.s.b.f.s.DefaultListableBeanFactory - Returning cached instance of singleton bean 'org.springframework.transaction.config.internalTransactionAdvisor'
15:44:14.671 [Test worker] DEBUG o.s.b.f.s.DefaultListableBeanFactory - Returning cached instance of singleton bean 'org.springframework.transaction.config.internalTransactionAdvisor'
15:44:14.672 [Test worker] DEBUG o.s.b.f.s.DefaultListableBeanFactory - Finished creating instance of bean 'beanNameViewResolver'
15:44:14.672 [Test worker] DEBUG o.s.b.f.s.DefaultListableBeanFactory - Returning cached instance of singleton bean 'org.springframework.boot.autoconfigure.web.ErrorMvcAutoConfiguration'
15:44:14.672 [Test worker] DEBUG o.s.b.f.s.DefaultListableBeanFactory - Creating shared instance of singleton bean 'errorAttributes'
15:44:14.672 [Test worker] DEBUG o.s.b.f.s.DefaultListableBeanFactory - Creating instance of bean 'errorAttributes'
15:44:14.672 [Test worker] DEBUG o.s.b.f.s.DefaultListableBeanFactory - Returning cached instance of singleton bean 'org.springframework.transaction.config.internalTransactionAdvisor'
15:44:14.672 [Test worker] DEBUG o.s.b.f.s.DefaultListableBeanFactory - Returning cached instance of singleton bean 'org.springframework.boot.autoconfigure.web.ErrorMvcAutoConfiguration'
15:44:14.679 [Test worker] DEBUG o.s.b.f.s.DefaultListableBeanFactory - Eagerly caching bean 'errorAttributes' to allow for resolving potential circular references
15:44:14.683 [Test worker] DEBUG o.s.b.f.s.DefaultListableBeanFactory - Returning cached instance of singleton bean 'org.springframework.transaction.config.internalTransactionAdvisor'
15:44:14.683 [Test worker] DEBUG o.s.b.f.s.DefaultListableBeanFactory - Returning cached instance of singleton bean 'org.springframework.transaction.config.internalTransactionAdvisor'
15:44:14.683 [Test worker] DEBUG o.s.b.f.s.DefaultListableBeanFactory - Finished creating instance of bean 'errorAttributes'
15:44:14.684 [Test worker] DEBUG o.s.b.f.s.DefaultListableBeanFactory - Creating shared instance of singleton bean 'basicErrorController'
15:44:14.684 [Test worker] DEBUG o.s.b.f.s.DefaultListableBeanFactory - Creating instance of bean 'basicErrorController'
15:44:14.684 [Test worker] DEBUG o.s.b.f.s.DefaultListableBeanFactory - Returning cached instance of singleton bean 'org.springframework.transaction.config.internalTransactionAdvisor'
15:44:14.684 [Test worker] DEBUG o.s.b.f.s.DefaultListableBeanFactory - Returning cached instance of singleton bean 'org.springframework.boot.autoconfigure.web.ErrorMvcAutoConfiguration'
15:44:14.686 [Test worker] DEBUG o.s.b.f.s.DefaultListableBeanFactory - Returning cached instance of singleton bean 'errorAttributes'
15:44:14.686 [Test worker] DEBUG o.s.b.f.s.DefaultListableBeanFactory - Autowiring by type from bean name 'basicErrorController' via factory method to bean named 'errorAttributes'
15:44:14.690 [Test worker] DEBUG o.s.b.f.annotation.InjectionMetadata - Registered injected element on class [org.springframework.boot.autoconfigure.web.BasicErrorController]: AutowiredFieldElement for private java.lang.String org.springframework.boot.autoconfigure.web.BasicErrorController.errorPath
15:44:14.690 [Test worker] DEBUG o.s.b.f.s.DefaultListableBeanFactory - Eagerly caching bean 'basicErrorController' to allow for resolving potential circular references
15:44:14.693 [Test worker] DEBUG o.s.b.f.annotation.InjectionMetadata - Processing injected element of bean 'basicErrorController': AutowiredFieldElement for private java.lang.String org.springframework.boot.autoconfigure.web.BasicErrorController.errorPath
15:44:14.693 [Test worker] DEBUG o.s.c.e.PropertySourcesPropertyResolver - Searching for key 'error.path:/error' in [environmentProperties]
15:44:14.693 [Test worker] DEBUG o.s.c.e.PropertySourcesPropertyResolver - Searching for key 'error.path:/error' in [servletConfigInitParams]
15:44:14.693 [Test worker] DEBUG o.s.c.e.PropertySourcesPropertyResolver - Searching for key 'error.path:/error' in [servletContextInitParams]
15:44:14.693 [Test worker] DEBUG o.s.c.e.PropertySourcesPropertyResolver - Searching for key 'error.path:/error' in [systemProperties]
15:44:14.694 [Test worker] DEBUG o.s.c.e.PropertySourcesPropertyResolver - Searching for key 'error.path:/error' in [systemEnvironment]
15:44:14.694 [Test worker] DEBUG o.s.c.e.PropertySourcesPropertyResolver - Could not find key 'error.path:/error' in any property source. Returning [null]
15:44:14.694 [Test worker] DEBUG o.s.c.e.PropertySourcesPropertyResolver - Searching for key 'error.path:/error' in [localProperties]
15:44:14.694 [Test worker] DEBUG o.s.c.e.PropertySourcesPropertyResolver - Could not find key 'error.path:/error' in any property source. Returning [null]
15:44:14.694 [Test worker] DEBUG o.s.c.e.PropertySourcesPropertyResolver - Searching for key 'error.path' in [environmentProperties]
15:44:14.694 [Test worker] DEBUG o.s.c.e.PropertySourcesPropertyResolver - Searching for key 'error.path' in [servletConfigInitParams]
15:44:14.694 [Test worker] DEBUG o.s.c.e.PropertySourcesPropertyResolver - Searching for key 'error.path' in [servletContextInitParams]
15:44:14.694 [Test worker] DEBUG o.s.c.e.PropertySourcesPropertyResolver - Searching for key 'error.path' in [systemProperties]
15:44:14.694 [Test worker] DEBUG o.s.c.e.PropertySourcesPropertyResolver - Searching for key 'error.path' in [systemEnvironment]
15:44:14.694 [Test worker] DEBUG o.s.c.e.PropertySourcesPropertyResolver - Could not find key 'error.path' in any property source. Returning [null]
15:44:14.694 [Test worker] DEBUG o.s.c.e.PropertySourcesPropertyResolver - Searching for key 'error.path' in [localProperties]
15:44:14.694 [Test worker] DEBUG o.s.c.e.PropertySourcesPropertyResolver - Could not find key 'error.path' in any property source. Returning [null]
15:44:14.695 [Test worker] DEBUG o.s.b.f.s.DefaultListableBeanFactory - Returning cached instance of singleton bean 'org.springframework.transaction.config.internalTransactionAdvisor'
15:44:14.695 [Test worker] DEBUG o.s.b.f.s.DefaultListableBeanFactory - Returning cached instance of singleton bean 'org.springframework.transaction.config.internalTransactionAdvisor'
15:44:14.695 [Test worker] DEBUG o.s.b.f.s.DefaultListableBeanFactory - Finished creating instance of bean 'basicErrorController'
15:44:14.696 [Test worker] DEBUG o.s.b.f.s.DefaultListableBeanFactory - Creating shared instance of singleton bean 'org.springframework.boot.autoconfigure.web.WebMvcAutoConfiguration$EnableWebMvcConfiguration'
15:44:14.696 [Test worker] DEBUG o.s.b.f.s.DefaultListableBeanFactory - Creating instance of bean 'org.springframework.boot.autoconfigure.web.WebMvcAutoConfiguration$EnableWebMvcConfiguration'
15:44:14.696 [Test worker] DEBUG o.s.b.f.s.DefaultListableBeanFactory - Returning cached instance of singleton bean 'org.springframework.transaction.config.internalTransactionAdvisor'
15:44:14.723 [Test worker] DEBUG o.s.b.f.annotation.InjectionMetadata - Registered injected element on class [org.springframework.boot.autoconfigure.web.WebMvcAutoConfiguration$EnableWebMvcConfiguration$$EnhancerBySpringCGLIB$$ebd8a1de]: AutowiredMethodElement for public void org.springframework.web.servlet.config.annotation.DelegatingWebMvcConfiguration.setConfigurers(java.util.List)
15:44:14.723 [Test worker] DEBUG o.s.b.f.annotation.InjectionMetadata - Registered injected element on class [org.springframework.boot.autoconfigure.web.WebMvcAutoConfiguration$EnableWebMvcConfiguration$$EnhancerBySpringCGLIB$$ebd8a1de]: AutowiredFieldElement for private org.springframework.boot.autoconfigure.web.WebMvcProperties org.springframework.boot.autoconfigure.web.WebMvcAutoConfiguration$EnableWebMvcConfiguration.mvcProperties
15:44:14.723 [Test worker] DEBUG o.s.b.f.s.DefaultListableBeanFactory - Eagerly caching bean 'org.springframework.boot.autoconfigure.web.WebMvcAutoConfiguration$EnableWebMvcConfiguration' to allow for resolving potential circular references
15:44:14.724 [Test worker] DEBUG o.s.b.f.annotation.InjectionMetadata - Processing injected element of bean 'org.springframework.boot.autoconfigure.web.WebMvcAutoConfiguration$EnableWebMvcConfiguration': AutowiredMethodElement for public void org.springframework.web.servlet.config.annotation.DelegatingWebMvcConfiguration.setConfigurers(java.util.List)
15:44:14.725 [Test worker] DEBUG o.s.b.f.s.DefaultListableBeanFactory - Returning cached instance of singleton bean 'org.springframework.boot.autoconfigure.web.WebMvcAutoConfiguration$WebMvcAutoConfigurationAdapter'
15:44:14.726 [Test worker] DEBUG o.s.b.f.s.DefaultListableBeanFactory - Creating shared instance of singleton bean 'org.springframework.data.web.config.SpringDataWebConfiguration'
15:44:14.726 [Test worker] DEBUG o.s.b.f.s.DefaultListableBeanFactory - Creating instance of bean 'org.springframework.data.web.config.SpringDataWebConfiguration'
15:44:14.726 [Test worker] DEBUG o.s.b.f.s.DefaultListableBeanFactory - Returning cached instance of singleton bean 'org.springframework.transaction.config.internalTransactionAdvisor'
15:44:14.729 [Test worker] DEBUG o.s.b.f.annotation.InjectionMetadata - Registered injected element on class [org.springframework.data.web.config.SpringDataWebConfiguration$$EnhancerBySpringCGLIB$$85fb6ce8]: AutowiredFieldElement for private org.springframework.context.ApplicationContext org.springframework.data.web.config.SpringDataWebConfiguration.context
15:44:14.729 [Test worker] DEBUG o.s.b.f.annotation.InjectionMetadata - Registered injected element on class [org.springframework.data.web.config.SpringDataWebConfiguration$$EnhancerBySpringCGLIB$$85fb6ce8]: AutowiredFieldElement for org.springframework.beans.factory.ObjectFactory org.springframework.data.web.config.SpringDataWebConfiguration.conversionService
15:44:14.729 [Test worker] DEBUG o.s.b.f.s.DefaultListableBeanFactory - Eagerly caching bean 'org.springframework.data.web.config.SpringDataWebConfiguration' to allow for resolving potential circular references
15:44:14.741 [Test worker] DEBUG o.s.b.f.annotation.InjectionMetadata - Processing injected element of bean 'org.springframework.data.web.config.SpringDataWebConfiguration': AutowiredFieldElement for private org.springframework.context.ApplicationContext org.springframework.data.web.config.SpringDataWebConfiguration.context
15:44:14.742 [Test worker] DEBUG o.s.b.f.a.AutowiredAnnotationBeanPostProcessor - Autowiring by type from bean name 'org.springframework.data.web.config.SpringDataWebConfiguration' to bean named 'org.springframework.web.context.support.GenericWebApplicationContext@69735d79'
15:44:14.743 [Test worker] DEBUG o.s.b.f.annotation.InjectionMetadata - Processing injected element of bean 'org.springframework.data.web.config.SpringDataWebConfiguration': AutowiredFieldElement for org.springframework.beans.factory.ObjectFactory org.springframework.data.web.config.SpringDataWebConfiguration.conversionService
15:44:14.744 [Test worker] DEBUG o.s.b.f.s.DefaultListableBeanFactory - Returning cached instance of singleton bean 'org.springframework.transaction.config.internalTransactionAdvisor'
15:44:14.744 [Test worker] DEBUG o.s.b.f.s.DefaultListableBeanFactory - Returning cached instance of singleton bean 'org.springframework.transaction.config.internalTransactionAdvisor'
15:44:14.745 [Test worker] DEBUG o.s.b.f.s.DefaultListableBeanFactory - Finished creating instance of bean 'org.springframework.data.web.config.SpringDataWebConfiguration'
15:44:14.746 [Test worker] DEBUG o.s.b.f.s.DefaultListableBeanFactory - Creating shared instance of singleton bean 'org.springframework.security.config.annotation.web.servlet.configuration.WebMvcSecurityConfiguration'
15:44:14.746 [Test worker] DEBUG o.s.b.f.s.DefaultListableBeanFactory - Creating instance of bean 'org.springframework.security.config.annotation.web.servlet.configuration.WebMvcSecurityConfiguration'
15:44:14.746 [Test worker] DEBUG o.s.b.f.s.DefaultListableBeanFactory - Returning cached instance of singleton bean 'org.springframework.transaction.config.internalTransactionAdvisor'
15:44:14.747 [Test worker] DEBUG o.s.b.f.s.DefaultListableBeanFactory - Eagerly caching bean 'org.springframework.security.config.annotation.web.servlet.configuration.WebMvcSecurityConfiguration' to allow for resolving potential circular references
15:44:14.757 [Test worker] DEBUG o.s.b.f.s.DefaultListableBeanFactory - Returning cached instance of singleton bean 'org.springframework.transaction.config.internalTransactionAdvisor'
15:44:14.757 [Test worker] DEBUG o.s.b.f.s.DefaultListableBeanFactory - Returning cached instance of singleton bean 'org.springframework.transaction.config.internalTransactionAdvisor'
15:44:14.758 [Test worker] DEBUG o.s.b.f.s.DefaultListableBeanFactory - Finished creating instance of bean 'org.springframework.security.config.annotation.web.servlet.configuration.WebMvcSecurityConfiguration'
15:44:14.759 [Test worker] DEBUG o.s.b.f.a.AutowiredAnnotationBeanPostProcessor - Autowiring by type from bean name 'org.springframework.boot.autoconfigure.web.WebMvcAutoConfiguration$EnableWebMvcConfiguration' to bean named 'org.springframework.boot.autoconfigure.web.WebMvcAutoConfiguration$WebMvcAutoConfigurationAdapter'
15:44:14.759 [Test worker] DEBUG o.s.b.f.a.AutowiredAnnotationBeanPostProcessor - Autowiring by type from bean name 'org.springframework.boot.autoconfigure.web.WebMvcAutoConfiguration$EnableWebMvcConfiguration' to bean named 'org.springframework.data.web.config.SpringDataWebConfiguration'
15:44:14.759 [Test worker] DEBUG o.s.b.f.a.AutowiredAnnotationBeanPostProcessor - Autowiring by type from bean name 'org.springframework.boot.autoconfigure.web.WebMvcAutoConfiguration$EnableWebMvcConfiguration' to bean named 'org.springframework.security.config.annotation.web.servlet.configuration.WebMvcSecurityConfiguration'
15:44:14.759 [Test worker] DEBUG o.s.b.f.annotation.InjectionMetadata - Processing injected element of bean 'org.springframework.boot.autoconfigure.web.WebMvcAutoConfiguration$EnableWebMvcConfiguration': AutowiredFieldElement for private org.springframework.boot.autoconfigure.web.WebMvcProperties org.springframework.boot.autoconfigure.web.WebMvcAutoConfiguration$EnableWebMvcConfiguration.mvcProperties
15:44:14.759 [Test worker] DEBUG o.s.b.f.s.DefaultListableBeanFactory - Returning cached instance of singleton bean 'spring.mvc.CONFIGURATION_PROPERTIES'
15:44:14.759 [Test worker] DEBUG o.s.b.f.a.AutowiredAnnotationBeanPostProcessor - Autowiring by type from bean name 'org.springframework.boot.autoconfigure.web.WebMvcAutoConfiguration$EnableWebMvcConfiguration' to bean named 'spring.mvc.CONFIGURATION_PROPERTIES'
15:44:14.760 [Test worker] DEBUG o.s.b.f.s.DefaultListableBeanFactory - Returning cached instance of singleton bean 'org.springframework.transaction.config.internalTransactionAdvisor'
15:44:14.760 [Test worker] DEBUG o.s.b.f.s.DefaultListableBeanFactory - Returning cached instance of singleton bean 'org.springframework.transaction.config.internalTransactionAdvisor'
15:44:14.797 [Test worker] DEBUG o.s.b.f.s.DefaultListableBeanFactory - Finished creating instance of bean 'org.springframework.boot.autoconfigure.web.WebMvcAutoConfiguration$EnableWebMvcConfiguration'
15:44:14.797 [Test worker] DEBUG o.s.b.f.s.DefaultListableBeanFactory - Creating shared instance of singleton bean 'requestMappingHandlerAdapter'
15:44:14.797 [Test worker] DEBUG o.s.b.f.s.DefaultListableBeanFactory - Creating instance of bean 'requestMappingHandlerAdapter'
15:44:14.797 [Test worker] DEBUG o.s.b.f.s.DefaultListableBeanFactory - Returning cached instance of singleton bean 'org.springframework.transaction.config.internalTransactionAdvisor'
15:44:14.797 [Test worker] DEBUG o.s.b.f.s.DefaultListableBeanFactory - Returning cached instance of singleton bean 'org.springframework.boot.autoconfigure.web.WebMvcAutoConfiguration$EnableWebMvcConfiguration'
15:44:14.810 [Test worker] DEBUG o.s.b.f.s.DefaultListableBeanFactory - Creating shared instance of singleton bean 'sortResolver'
15:44:14.811 [Test worker] DEBUG o.s.b.f.s.DefaultListableBeanFactory - Creating instance of bean 'sortResolver'
15:44:14.813 [Test worker] DEBUG o.s.b.f.s.DefaultListableBeanFactory - Returning cached instance of singleton bean 'org.springframework.transaction.config.internalTransactionAdvisor'
15:44:14.814 [Test worker] DEBUG o.s.b.f.s.DefaultListableBeanFactory - Returning cached instance of singleton bean 'org.springframework.data.web.config.SpringDataWebConfiguration'
15:44:14.827 [Test worker] DEBUG o.s.b.f.s.DefaultListableBeanFactory - Eagerly caching bean 'sortResolver' to allow for resolving potential circular references
15:44:14.832 [Test worker] DEBUG o.s.b.f.s.DefaultListableBeanFactory - Returning cached instance of singleton bean 'org.springframework.transaction.config.internalTransactionAdvisor'
15:44:14.834 [Test worker] DEBUG o.s.b.f.s.DefaultListableBeanFactory - Returning cached instance of singleton bean 'org.springframework.transaction.config.internalTransactionAdvisor'
15:44:14.839 [Test worker] DEBUG o.s.b.f.s.DefaultListableBeanFactory - Finished creating instance of bean 'sortResolver'
15:44:14.840 [Test worker] DEBUG o.s.b.f.s.DefaultListableBeanFactory - Creating shared instance of singleton bean 'pageableResolver'
15:44:14.840 [Test worker] DEBUG o.s.b.f.s.DefaultListableBeanFactory - Creating instance of bean 'pageableResolver'
15:44:14.840 [Test worker] DEBUG o.s.b.f.s.DefaultListableBeanFactory - Returning cached instance of singleton bean 'org.springframework.transaction.config.internalTransactionAdvisor'
15:44:14.841 [Test worker] DEBUG o.s.b.f.s.DefaultListableBeanFactory - Returning cached instance of singleton bean 'org.springframework.data.web.config.SpringDataWebConfiguration'
15:44:14.848 [Test worker] DEBUG o.s.b.f.s.DefaultListableBeanFactory - Returning cached instance of singleton bean 'sortResolver'
15:44:14.849 [Test worker] DEBUG o.s.b.f.s.DefaultListableBeanFactory - Eagerly caching bean 'pageableResolver' to allow for resolving potential circular references
15:44:14.853 [Test worker] DEBUG o.s.b.f.s.DefaultListableBeanFactory - Returning cached instance of singleton bean 'org.springframework.transaction.config.internalTransactionAdvisor'
15:44:14.853 [Test worker] DEBUG o.s.b.f.s.DefaultListableBeanFactory - Returning cached instance of singleton bean 'org.springframework.transaction.config.internalTransactionAdvisor'
15:44:14.854 [Test worker] DEBUG o.s.b.f.s.DefaultListableBeanFactory - Finished creating instance of bean 'pageableResolver'
15:44:14.866 [Test worker] DEBUG o.s.b.f.s.DefaultListableBeanFactory - Creating shared instance of singleton bean 'mvcConversionService'
15:44:14.866 [Test worker] DEBUG o.s.b.f.s.DefaultListableBeanFactory - Creating instance of bean 'mvcConversionService'
15:44:14.866 [Test worker] DEBUG o.s.b.f.s.DefaultListableBeanFactory - Returning cached instance of singleton bean 'org.springframework.transaction.config.internalTransactionAdvisor'
15:44:14.866 [Test worker] DEBUG o.s.b.f.s.DefaultListableBeanFactory - Returning cached instance of singleton bean 'org.springframework.boot.autoconfigure.web.WebMvcAutoConfiguration$EnableWebMvcConfiguration'
15:44:14.981 [Test worker] DEBUG o.s.b.f.s.DefaultListableBeanFactory - Eagerly caching bean 'mvcConversionService' to allow for resolving potential circular references
15:44:14.991 [Test worker] DEBUG o.s.b.f.s.DefaultListableBeanFactory - Returning cached instance of singleton bean 'org.springframework.transaction.config.internalTransactionAdvisor'
15:44:14.991 [Test worker] DEBUG o.s.b.f.s.DefaultListableBeanFactory - Returning cached instance of singleton bean 'org.springframework.transaction.config.internalTransactionAdvisor'
15:44:14.992 [Test worker] DEBUG o.s.b.f.s.DefaultListableBeanFactory - Finished creating instance of bean 'mvcConversionService'
15:44:15.038 [Test worker] DEBUG o.s.b.f.s.DefaultListableBeanFactory - Creating shared instance of singleton bean 'mvcContentNegotiationManager'
15:44:15.039 [Test worker] DEBUG o.s.b.f.s.DefaultListableBeanFactory - Creating instance of bean 'mvcContentNegotiationManager'
15:44:15.039 [Test worker] DEBUG o.s.b.f.s.DefaultListableBeanFactory - Returning cached instance of singleton bean 'org.springframework.transaction.config.internalTransactionAdvisor'
15:44:15.039 [Test worker] DEBUG o.s.b.f.s.DefaultListableBeanFactory - Returning cached instance of singleton bean 'org.springframework.boot.autoconfigure.web.WebMvcAutoConfiguration$EnableWebMvcConfiguration'
15:44:15.049 [Test worker] DEBUG o.s.b.f.s.DefaultListableBeanFactory - Eagerly caching bean 'mvcContentNegotiationManager' to allow for resolving potential circular references
15:44:15.054 [Test worker] DEBUG o.s.b.f.s.DefaultListableBeanFactory - Returning cached instance of singleton bean 'org.springframework.transaction.config.internalTransactionAdvisor'
15:44:15.054 [Test worker] DEBUG o.s.b.f.s.DefaultListableBeanFactory - Returning cached instance of singleton bean 'org.springframework.transaction.config.internalTransactionAdvisor'
15:44:15.055 [Test worker] DEBUG o.s.b.f.s.DefaultListableBeanFactory - Finished creating instance of bean 'mvcContentNegotiationManager'
15:44:15.055 [Test worker] DEBUG o.s.b.f.s.DefaultListableBeanFactory - Returning cached instance of singleton bean 'mvcConversionService'
15:44:15.057 [Test worker] DEBUG o.s.b.f.s.DefaultListableBeanFactory - Creating shared instance of singleton bean 'mvcValidator'
15:44:15.057 [Test worker] DEBUG o.s.b.f.s.DefaultListableBeanFactory - Creating instance of bean 'mvcValidator'
15:44:15.057 [Test worker] DEBUG o.s.b.f.s.DefaultListableBeanFactory - Returning cached instance of singleton bean 'org.springframework.transaction.config.internalTransactionAdvisor'
15:44:15.057 [Test worker] DEBUG o.s.b.f.s.DefaultListableBeanFactory - Returning cached instance of singleton bean 'org.springframework.boot.autoconfigure.web.WebMvcAutoConfiguration$EnableWebMvcConfiguration'
15:44:15.062 [Test worker] DEBUG o.s.b.f.s.DefaultListableBeanFactory - Eagerly caching bean 'mvcValidator' to allow for resolving potential circular references
15:44:15.075 [Test worker] DEBUG o.s.b.f.s.DefaultListableBeanFactory - Invoking afterPropertiesSet() on bean with name 'mvcValidator'
15:44:15.076 [Test worker] DEBUG o.h.v.i.e.r.DefaultTraversableResolver - Found javax.persistence.Persistence on classpath containing 'getPersistenceUtil'. Assuming JPA 2 environment. Trying to instantiate JPA aware TraversableResolver
15:44:15.076 [Test worker] DEBUG o.h.v.i.e.r.DefaultTraversableResolver - Instantiated JPA aware TraversableResolver of type org.hibernate.validator.internal.engine.resolver.JPATraversableResolver.
15:44:15.076 [Test worker] DEBUG o.h.v.i.engine.ConfigurationImpl - Setting custom MessageInterpolator of type org.springframework.validation.beanvalidation.LocaleContextMessageInterpolator
15:44:15.076 [Test worker] DEBUG o.h.v.i.engine.ConfigurationImpl - Setting custom ConstraintValidatorFactory of type org.springframework.validation.beanvalidation.SpringConstraintValidatorFactory
15:44:15.076 [Test worker] DEBUG o.h.v.i.engine.ConfigurationImpl - Setting custom ParameterNameProvider of type com.sun.proxy.$Proxy45
15:44:15.078 [Test worker] DEBUG o.h.v.i.xml.ValidationXmlParser - Trying to load META-INF/validation.xml for XML based Validator configuration.
15:44:15.082 [Test worker] DEBUG o.h.v.i.xml.ValidationXmlParser - No META-INF/validation.xml found. Using annotation based configuration only.
15:44:15.087 [Test worker] DEBUG o.s.b.f.s.DefaultListableBeanFactory - Returning cached instance of singleton bean 'org.springframework.transaction.config.internalTransactionAdvisor'
15:44:15.087 [Test worker] DEBUG o.s.b.f.s.DefaultListableBeanFactory - Returning cached instance of singleton bean 'org.springframework.transaction.config.internalTransactionAdvisor'
15:44:15.089 [Test worker] DEBUG o.s.b.f.s.DefaultListableBeanFactory - Finished creating instance of bean 'mvcValidator'
15:44:15.099 [Test worker] DEBUG o.s.b.f.s.DefaultListableBeanFactory - Eagerly caching bean 'requestMappingHandlerAdapter' to allow for resolving potential circular references
15:44:15.119 [Test worker] DEBUG o.s.b.f.s.DefaultListableBeanFactory - Invoking afterPropertiesSet() on bean with name 'requestMappingHandlerAdapter'
15:44:15.119 [Test worker] INFO  o.s.w.s.m.m.a.RequestMappingHandlerAdapter - Looking for @ControllerAdvice: org.springframework.web.context.support.GenericWebApplicationContext@69735d79: startup date [Tue Nov 17 15:44:05 EST 2015]; root of context hierarchy
15:44:15.202 [Test worker] DEBUG o.s.b.f.s.DefaultListableBeanFactory - Returning cached instance of singleton bean 'org.springframework.transaction.config.internalTransactionAdvisor'
15:44:15.202 [Test worker] DEBUG o.s.b.f.s.DefaultListableBeanFactory - Returning cached instance of singleton bean 'org.springframework.transaction.config.internalTransactionAdvisor'
15:44:15.203 [Test worker] DEBUG o.s.b.f.s.DefaultListableBeanFactory - Finished creating instance of bean 'requestMappingHandlerAdapter'
15:44:15.203 [Test worker] DEBUG o.s.b.f.s.DefaultListableBeanFactory - Creating shared instance of singleton bean 'requestMappingHandlerMapping'
15:44:15.204 [Test worker] DEBUG o.s.b.f.s.DefaultListableBeanFactory - Creating instance of bean 'requestMappingHandlerMapping'
15:44:15.204 [Test worker] DEBUG o.s.b.f.s.DefaultListableBeanFactory - Returning cached instance of singleton bean 'org.springframework.transaction.config.internalTransactionAdvisor'
15:44:15.204 [Test worker] DEBUG o.s.b.f.s.DefaultListableBeanFactory - Returning cached instance of singleton bean 'org.springframework.boot.autoconfigure.web.WebMvcAutoConfiguration$EnableWebMvcConfiguration'
15:44:15.226 [Test worker] DEBUG o.s.b.f.s.DefaultListableBeanFactory - Returning cached instance of singleton bean 'mvcConversionService'
15:44:15.229 [Test worker] DEBUG o.s.b.f.s.DefaultListableBeanFactory - Creating shared instance of singleton bean 'mvcResourceUrlProvider'
15:44:15.229 [Test worker] DEBUG o.s.b.f.s.DefaultListableBeanFactory - Creating instance of bean 'mvcResourceUrlProvider'
15:44:15.229 [Test worker] DEBUG o.s.b.f.s.DefaultListableBeanFactory - Returning cached instance of singleton bean 'org.springframework.transaction.config.internalTransactionAdvisor'
15:44:15.229 [Test worker] DEBUG o.s.b.f.s.DefaultListableBeanFactory - Returning cached instance of singleton bean 'org.springframework.boot.autoconfigure.web.WebMvcAutoConfiguration$EnableWebMvcConfiguration'
15:44:15.232 [Test worker] DEBUG o.s.b.f.s.DefaultListableBeanFactory - Eagerly caching bean 'mvcResourceUrlProvider' to allow for resolving potential circular references
15:44:15.236 [Test worker] DEBUG o.s.b.f.s.DefaultListableBeanFactory - Returning cached instance of singleton bean 'org.springframework.transaction.config.internalTransactionAdvisor'
15:44:15.236 [Test worker] DEBUG o.s.b.f.s.DefaultListableBeanFactory - Returning cached instance of singleton bean 'org.springframework.transaction.config.internalTransactionAdvisor'
15:44:15.237 [Test worker] DEBUG o.s.b.f.s.DefaultListableBeanFactory - Finished creating instance of bean 'mvcResourceUrlProvider'
15:44:15.239 [Test worker] DEBUG o.s.b.f.s.DefaultListableBeanFactory - Returning cached instance of singleton bean 'mvcContentNegotiationManager'
15:44:15.249 [Test worker] DEBUG o.s.b.f.s.DefaultListableBeanFactory - Eagerly caching bean 'requestMappingHandlerMapping' to allow for resolving potential circular references
15:44:15.313 [Test worker] DEBUG o.s.b.f.s.DefaultListableBeanFactory - Invoking afterPropertiesSet() on bean with name 'requestMappingHandlerMapping'
15:44:15.313 [Test worker] DEBUG o.s.w.s.m.m.a.RequestMappingHandlerMapping - Looking for request mappings in application context: org.springframework.web.context.support.GenericWebApplicationContext@69735d79: startup date [Tue Nov 17 15:44:05 EST 2015]; root of context hierarchy
15:44:15.343 [Test worker] INFO  o.s.w.s.m.m.a.RequestMappingHandlerMapping - Mapped "{[/{author}/{gamename}/{version}/]}" onto public void io.github.thisisnozaku.charactercreator.controllers.GameController.delete(int)
15:44:15.344 [Test worker] INFO  o.s.w.s.m.m.a.RequestMappingHandlerMapping - Mapped "{[/{author}/{gamename}/{version}/],methods=[PUT]}" onto public java.lang.Object io.github.thisisnozaku.charactercreator.controllers.GameController.save(java.lang.Object)
15:44:15.344 [Test worker] INFO  o.s.w.s.m.m.a.RequestMappingHandlerMapping - Mapped "{[/{author}/{gamename}/{version}/],methods=[POST]}" onto public java.lang.Object io.github.thisisnozaku.charactercreator.controllers.GameController.create(java.lang.Object)
15:44:15.344 [Test worker] INFO  o.s.w.s.m.m.a.RequestMappingHandlerMapping - Mapped "{[/{author}/{gamename}/{version}],methods=[GET]}" onto public org.springframework.web.servlet.ModelAndView io.github.thisisnozaku.charactercreator.controllers.GameController.view(org.springframework.ui.Model)
15:44:15.344 [Test worker] INFO  o.s.w.s.m.m.a.RequestMappingHandlerMapping - Mapped "{[/{author}/{gamename}/{version}/{id}],methods=[GET]}" onto public java.lang.Object io.github.thisisnozaku.charactercreator.controllers.GameController.getCharacter(int)
15:44:15.345 [Test worker] INFO  o.s.w.s.m.m.a.RequestMappingHandlerMapping - Mapped "{[/{author}/{gamename}/{version}/],methods=[GET]}" onto public java.util.List<?> io.github.thisisnozaku.charactercreator.controllers.GameController.getAllCharacters()
15:44:15.345 [Test worker] INFO  o.s.w.s.m.m.a.RequestMappingHandlerMapping - Mapped "{[/],methods=[GET]}" onto public org.springframework.web.servlet.ModelAndView io.github.thisisnozaku.charactercreator.controllers.IndexController.index()
15:44:15.346 [Test worker] DEBUG o.s.c.e.PropertySourcesPropertyResolver - Searching for key 'error.path:/error' in [environmentProperties]
15:44:15.347 [Test worker] DEBUG o.s.c.e.PropertySourcesPropertyResolver - Searching for key 'error.path:/error' in [servletConfigInitParams]
15:44:15.347 [Test worker] DEBUG o.s.c.e.PropertySourcesPropertyResolver - Searching for key 'error.path:/error' in [servletContextInitParams]
15:44:15.347 [Test worker] DEBUG o.s.c.e.PropertySourcesPropertyResolver - Searching for key 'error.path:/error' in [systemProperties]
15:44:15.347 [Test worker] DEBUG o.s.c.e.PropertySourcesPropertyResolver - Searching for key 'error.path:/error' in [systemEnvironment]
15:44:15.347 [Test worker] DEBUG o.s.c.e.PropertySourcesPropertyResolver - Could not find key 'error.path:/error' in any property source. Returning [null]
15:44:15.347 [Test worker] DEBUG o.s.c.e.PropertySourcesPropertyResolver - Searching for key 'error.path:/error' in [localProperties]
15:44:15.347 [Test worker] DEBUG o.s.c.e.PropertySourcesPropertyResolver - Could not find key 'error.path:/error' in any property source. Returning [null]
15:44:15.347 [Test worker] DEBUG o.s.c.e.PropertySourcesPropertyResolver - Searching for key 'error.path' in [environmentProperties]
15:44:15.347 [Test worker] DEBUG o.s.c.e.PropertySourcesPropertyResolver - Searching for key 'error.path' in [servletConfigInitParams]
15:44:15.347 [Test worker] DEBUG o.s.c.e.PropertySourcesPropertyResolver - Searching for key 'error.path' in [servletContextInitParams]
15:44:15.347 [Test worker] DEBUG o.s.c.e.PropertySourcesPropertyResolver - Searching for key 'error.path' in [systemProperties]
15:44:15.347 [Test worker] DEBUG o.s.c.e.PropertySourcesPropertyResolver - Searching for key 'error.path' in [systemEnvironment]
15:44:15.347 [Test worker] DEBUG o.s.c.e.PropertySourcesPropertyResolver - Could not find key 'error.path' in any property source. Returning [null]
15:44:15.347 [Test worker] DEBUG o.s.c.e.PropertySourcesPropertyResolver - Searching for key 'error.path' in [localProperties]
15:44:15.347 [Test worker] DEBUG o.s.c.e.PropertySourcesPropertyResolver - Could not find key 'error.path' in any property source. Returning [null]
15:44:15.348 [Test worker] DEBUG o.s.c.e.PropertySourcesPropertyResolver - Searching for key 'error.path:/error' in [environmentProperties]
15:44:15.348 [Test worker] DEBUG o.s.c.e.PropertySourcesPropertyResolver - Searching for key 'error.path:/error' in [servletConfigInitParams]
15:44:15.348 [Test worker] DEBUG o.s.c.e.PropertySourcesPropertyResolver - Searching for key 'error.path:/error' in [servletContextInitParams]
15:44:15.348 [Test worker] DEBUG o.s.c.e.PropertySourcesPropertyResolver - Searching for key 'error.path:/error' in [systemProperties]
15:44:15.348 [Test worker] DEBUG o.s.c.e.PropertySourcesPropertyResolver - Searching for key 'error.path:/error' in [systemEnvironment]
15:44:15.348 [Test worker] DEBUG o.s.c.e.PropertySourcesPropertyResolver - Could not find key 'error.path:/error' in any property source. Returning [null]
15:44:15.348 [Test worker] DEBUG o.s.c.e.PropertySourcesPropertyResolver - Searching for key 'error.path:/error' in [localProperties]
15:44:15.348 [Test worker] DEBUG o.s.c.e.PropertySourcesPropertyResolver - Could not find key 'error.path:/error' in any property source. Returning [null]
15:44:15.348 [Test worker] DEBUG o.s.c.e.PropertySourcesPropertyResolver - Searching for key 'error.path' in [environmentProperties]
15:44:15.348 [Test worker] DEBUG o.s.c.e.PropertySourcesPropertyResolver - Searching for key 'error.path' in [servletConfigInitParams]
15:44:15.348 [Test worker] DEBUG o.s.c.e.PropertySourcesPropertyResolver - Searching for key 'error.path' in [servletContextInitParams]
15:44:15.348 [Test worker] DEBUG o.s.c.e.PropertySourcesPropertyResolver - Searching for key 'error.path' in [systemProperties]
15:44:15.348 [Test worker] DEBUG o.s.c.e.PropertySourcesPropertyResolver - Searching for key 'error.path' in [systemEnvironment]
15:44:15.348 [Test worker] DEBUG o.s.c.e.PropertySourcesPropertyResolver - Could not find key 'error.path' in any property source. Returning [null]
15:44:15.348 [Test worker] DEBUG o.s.c.e.PropertySourcesPropertyResolver - Searching for key 'error.path' in [localProperties]
15:44:15.348 [Test worker] DEBUG o.s.c.e.PropertySourcesPropertyResolver - Could not find key 'error.path' in any property source. Returning [null]
15:44:15.349 [Test worker] INFO  o.s.w.s.m.m.a.RequestMappingHandlerMapping - Mapped "{[/error]}" onto public org.springframework.http.ResponseEntity<java.util.Map<java.lang.String, java.lang.Object>> org.springframework.boot.autoconfigure.web.BasicErrorController.error(javax.servlet.http.HttpServletRequest)
15:44:15.349 [Test worker] INFO  o.s.w.s.m.m.a.RequestMappingHandlerMapping - Mapped "{[/error],produces=[text/html]}" onto public org.springframework.web.servlet.ModelAndView org.springframework.boot.autoconfigure.web.BasicErrorController.errorHtml(javax.servlet.http.HttpServletRequest)
15:44:15.360 [Test worker] DEBUG o.s.b.f.s.DefaultListableBeanFactory - Returning cached instance of singleton bean 'org.springframework.transaction.config.internalTransactionAdvisor'
15:44:15.360 [Test worker] DEBUG o.s.b.f.s.DefaultListableBeanFactory - Returning cached instance of singleton bean 'org.springframework.transaction.config.internalTransactionAdvisor'
15:44:15.361 [Test worker] DEBUG o.s.b.f.s.DefaultListableBeanFactory - Finished creating instance of bean 'requestMappingHandlerMapping'
15:44:15.361 [Test worker] DEBUG o.s.b.f.s.DefaultListableBeanFactory - Returning cached instance of singleton bean 'mvcContentNegotiationManager'
15:44:15.361 [Test worker] DEBUG o.s.b.f.s.DefaultListableBeanFactory - Creating shared instance of singleton bean 'viewControllerHandlerMapping'
15:44:15.361 [Test worker] DEBUG o.s.b.f.s.DefaultListableBeanFactory - Creating instance of bean 'viewControllerHandlerMapping'
15:44:15.361 [Test worker] DEBUG o.s.b.f.s.DefaultListableBeanFactory - Returning cached instance of singleton bean 'org.springframework.transaction.config.internalTransactionAdvisor'
15:44:15.361 [Test worker] DEBUG o.s.b.f.s.DefaultListableBeanFactory - Returning cached instance of singleton bean 'org.springframework.boot.autoconfigure.web.WebMvcAutoConfiguration$EnableWebMvcConfiguration'
15:44:15.372 [Test worker] DEBUG o.s.b.f.s.DefaultListableBeanFactory - Creating shared instance of singleton bean 'mvcPathMatcher'
15:44:15.372 [Test worker] DEBUG o.s.b.f.s.DefaultListableBeanFactory - Creating instance of bean 'mvcPathMatcher'
15:44:15.372 [Test worker] DEBUG o.s.b.f.s.DefaultListableBeanFactory - Returning cached instance of singleton bean 'org.springframework.transaction.config.internalTransactionAdvisor'
15:44:15.372 [Test worker] DEBUG o.s.b.f.s.DefaultListableBeanFactory - Returning cached instance of singleton bean 'org.springframework.boot.autoconfigure.web.WebMvcAutoConfiguration$EnableWebMvcConfiguration'
15:44:15.373 [Test worker] DEBUG o.s.b.f.s.DefaultListableBeanFactory - Eagerly caching bean 'mvcPathMatcher' to allow for resolving potential circular references
15:44:15.377 [Test worker] DEBUG o.s.b.f.s.DefaultListableBeanFactory - Returning cached instance of singleton bean 'org.springframework.transaction.config.internalTransactionAdvisor'
15:44:15.377 [Test worker] DEBUG o.s.b.f.s.DefaultListableBeanFactory - Returning cached instance of singleton bean 'org.springframework.transaction.config.internalTransactionAdvisor'
15:44:15.377 [Test worker] DEBUG o.s.b.f.s.DefaultListableBeanFactory - Finished creating instance of bean 'mvcPathMatcher'
15:44:15.378 [Test worker] DEBUG o.s.b.f.s.DefaultListableBeanFactory - Creating shared instance of singleton bean 'mvcUrlPathHelper'
15:44:15.378 [Test worker] DEBUG o.s.b.f.s.DefaultListableBeanFactory - Creating instance of bean 'mvcUrlPathHelper'
15:44:15.378 [Test worker] DEBUG o.s.b.f.s.DefaultListableBeanFactory - Returning cached instance of singleton bean 'org.springframework.transaction.config.internalTransactionAdvisor'
15:44:15.378 [Test worker] DEBUG o.s.b.f.s.DefaultListableBeanFactory - Returning cached instance of singleton bean 'org.springframework.boot.autoconfigure.web.WebMvcAutoConfiguration$EnableWebMvcConfiguration'
15:44:15.379 [Test worker] DEBUG o.s.b.f.s.DefaultListableBeanFactory - Eagerly caching bean 'mvcUrlPathHelper' to allow for resolving potential circular references
15:44:15.385 [Test worker] DEBUG o.s.b.f.s.DefaultListableBeanFactory - Returning cached instance of singleton bean 'org.springframework.transaction.config.internalTransactionAdvisor'
15:44:15.385 [Test worker] DEBUG o.s.b.f.s.DefaultListableBeanFactory - Returning cached instance of singleton bean 'org.springframework.transaction.config.internalTransactionAdvisor'
15:44:15.385 [Test worker] DEBUG o.s.b.f.s.DefaultListableBeanFactory - Finished creating instance of bean 'mvcUrlPathHelper'
15:44:15.386 [Test worker] DEBUG o.s.b.f.s.DefaultListableBeanFactory - Eagerly caching bean 'viewControllerHandlerMapping' to allow for resolving potential circular references
15:44:15.394 [Test worker] DEBUG o.s.b.f.s.DefaultListableBeanFactory - Returning cached instance of singleton bean 'org.springframework.transaction.config.internalTransactionAdvisor'
15:44:15.395 [Test worker] DEBUG o.s.b.f.s.DefaultListableBeanFactory - Returning cached instance of singleton bean 'org.springframework.transaction.config.internalTransactionAdvisor'
15:44:15.395 [Test worker] DEBUG o.s.b.f.s.DefaultListableBeanFactory - Finished creating instance of bean 'viewControllerHandlerMapping'
15:44:15.396 [Test worker] DEBUG o.s.b.f.s.DefaultListableBeanFactory - Creating shared instance of singleton bean 'beanNameHandlerMapping'
15:44:15.396 [Test worker] DEBUG o.s.b.f.s.DefaultListableBeanFactory - Creating instance of bean 'beanNameHandlerMapping'
15:44:15.396 [Test worker] DEBUG o.s.b.f.s.DefaultListableBeanFactory - Returning cached instance of singleton bean 'org.springframework.transaction.config.internalTransactionAdvisor'
15:44:15.396 [Test worker] DEBUG o.s.b.f.s.DefaultListableBeanFactory - Returning cached instance of singleton bean 'org.springframework.boot.autoconfigure.web.WebMvcAutoConfiguration$EnableWebMvcConfiguration'
15:44:15.399 [Test worker] DEBUG o.s.b.f.s.DefaultListableBeanFactory - Eagerly caching bean 'beanNameHandlerMapping' to allow for resolving potential circular references
15:44:15.435 [Test worker] DEBUG o.s.w.s.h.BeanNameUrlHandlerMapping - Looking for URL mappings in application context: org.springframework.web.context.support.GenericWebApplicationContext@69735d79: startup date [Tue Nov 17 15:44:05 EST 2015]; root of context hierarchy
15:44:15.435 [Test worker] DEBUG o.s.w.s.h.BeanNameUrlHandlerMapping - Rejected bean name 'org.springframework.context.annotation.internalConfigurationAnnotationProcessor': no URL paths identified
15:44:15.435 [Test worker] DEBUG o.s.w.s.h.BeanNameUrlHandlerMapping - Rejected bean name 'org.springframework.context.annotation.internalAutowiredAnnotationProcessor': no URL paths identified
15:44:15.435 [Test worker] DEBUG o.s.w.s.h.BeanNameUrlHandlerMapping - Rejected bean name 'org.springframework.context.annotation.internalRequiredAnnotationProcessor': no URL paths identified
15:44:15.435 [Test worker] DEBUG o.s.w.s.h.BeanNameUrlHandlerMapping - Rejected bean name 'org.springframework.context.annotation.internalCommonAnnotationProcessor': no URL paths identified
15:44:15.435 [Test worker] DEBUG o.s.w.s.h.BeanNameUrlHandlerMapping - Rejected bean name 'org.springframework.context.annotation.internalPersistenceAnnotationProcessor': no URL paths identified
15:44:15.435 [Test worker] DEBUG o.s.w.s.h.BeanNameUrlHandlerMapping - Rejected bean name 'neoneCoreApplication': no URL paths identified
15:44:15.435 [Test worker] DEBUG o.s.w.s.h.BeanNameUrlHandlerMapping - Rejected bean name 'org.springframework.context.annotation.ConfigurationClassPostProcessor.importAwareProcessor': no URL paths identified
15:44:15.435 [Test worker] DEBUG o.s.w.s.h.BeanNameUrlHandlerMapping - Rejected bean name 'org.springframework.context.annotation.ConfigurationClassPostProcessor.enhancedConfigurationProcessor': no URL paths identified
15:44:15.436 [Test worker] DEBUG o.s.w.s.h.BeanNameUrlHandlerMapping - Rejected bean name 'gameController': no URL paths identified
15:44:15.436 [Test worker] DEBUG o.s.w.s.h.BeanNameUrlHandlerMapping - Rejected bean name 'indexController': no URL paths identified
15:44:15.436 [Test worker] DEBUG o.s.w.s.h.BeanNameUrlHandlerMapping - Rejected bean name 'org.springframework.boot.autoconfigure.AutoConfigurationPackages': no URL paths identified
15:44:15.436 [Test worker] DEBUG o.s.w.s.h.BeanNameUrlHandlerMapping - Rejected bean name 'org.springframework.boot.autoconfigure.PropertyPlaceholderAutoConfiguration': no URL paths identified
15:44:15.436 [Test worker] DEBUG o.s.w.s.h.BeanNameUrlHandlerMapping - Rejected bean name 'org.springframework.boot.autoconfigure.condition.BeanTypeRegistry': no URL paths identified
15:44:15.436 [Test worker] DEBUG o.s.w.s.h.BeanNameUrlHandlerMapping - Rejected bean name 'propertySourcesPlaceholderConfigurer': no URL paths identified
15:44:15.436 [Test worker] DEBUG o.s.w.s.h.BeanNameUrlHandlerMapping - Rejected bean name 'org.springframework.boot.autoconfigure.websocket.WebSocketAutoConfiguration$TomcatWebSocketConfiguration': no URL paths identified
15:44:15.436 [Test worker] DEBUG o.s.w.s.h.BeanNameUrlHandlerMapping - Rejected bean name 'websocketContainerCustomizer': no URL paths identified
15:44:15.436 [Test worker] DEBUG o.s.w.s.h.BeanNameUrlHandlerMapping - Rejected bean name 'org.springframework.boot.autoconfigure.websocket.WebSocketAutoConfiguration': no URL paths identified
15:44:15.436 [Test worker] DEBUG o.s.w.s.h.BeanNameUrlHandlerMapping - Rejected bean name 'org.springframework.boot.autoconfigure.web.EmbeddedServletContainerAutoConfiguration$EmbeddedTomcat': no URL paths identified
15:44:15.436 [Test worker] DEBUG o.s.w.s.h.BeanNameUrlHandlerMapping - Rejected bean name 'tomcatEmbeddedServletContainerFactory': no URL paths identified
15:44:15.436 [Test worker] DEBUG o.s.w.s.h.BeanNameUrlHandlerMapping - Rejected bean name 'org.springframework.boot.autoconfigure.web.EmbeddedServletContainerAutoConfiguration': no URL paths identified
15:44:15.436 [Test worker] DEBUG o.s.w.s.h.BeanNameUrlHandlerMapping - Rejected bean name 'embeddedServletContainerCustomizerBeanPostProcessor': no URL paths identified
15:44:15.436 [Test worker] DEBUG o.s.w.s.h.BeanNameUrlHandlerMapping - Rejected bean name 'org.springframework.boot.autoconfigure.web.DispatcherServletAutoConfiguration$DispatcherServletConfiguration': no URL paths identified
15:44:15.436 [Test worker] DEBUG o.s.w.s.h.BeanNameUrlHandlerMapping - Rejected bean name 'dispatcherServlet': no URL paths identified
15:44:15.436 [Test worker] DEBUG o.s.w.s.h.BeanNameUrlHandlerMapping - Rejected bean name 'dispatcherServletRegistration': no URL paths identified
15:44:15.436 [Test worker] DEBUG o.s.w.s.h.BeanNameUrlHandlerMapping - Rejected bean name 'org.springframework.boot.autoconfigure.web.DispatcherServletAutoConfiguration': no URL paths identified
15:44:15.436 [Test worker] DEBUG o.s.w.s.h.BeanNameUrlHandlerMapping - Rejected bean name 'org.springframework.boot.autoconfigure.web.ErrorMvcAutoConfiguration$WhitelabelErrorViewConfiguration': no URL paths identified
15:44:15.436 [Test worker] DEBUG o.s.w.s.h.BeanNameUrlHandlerMapping - Rejected bean name 'error': no URL paths identified
15:44:15.436 [Test worker] DEBUG o.s.w.s.h.BeanNameUrlHandlerMapping - Rejected bean name 'beanNameViewResolver': no URL paths identified
15:44:15.436 [Test worker] DEBUG o.s.w.s.h.BeanNameUrlHandlerMapping - Rejected bean name 'org.springframework.boot.autoconfigure.web.ErrorMvcAutoConfiguration': no URL paths identified
15:44:15.436 [Test worker] DEBUG o.s.w.s.h.BeanNameUrlHandlerMapping - Rejected bean name 'errorAttributes': no URL paths identified
15:44:15.436 [Test worker] DEBUG o.s.w.s.h.BeanNameUrlHandlerMapping - Rejected bean name 'basicErrorController': no URL paths identified
15:44:15.436 [Test worker] DEBUG o.s.w.s.h.BeanNameUrlHandlerMapping - Rejected bean name 'org.springframework.boot.autoconfigure.web.WebMvcAutoConfiguration$EnableWebMvcConfiguration': no URL paths identified
15:44:15.436 [Test worker] DEBUG o.s.w.s.h.BeanNameUrlHandlerMapping - Rejected bean name 'requestMappingHandlerAdapter': no URL paths identified
15:44:15.436 [Test worker] DEBUG o.s.w.s.h.BeanNameUrlHandlerMapping - Rejected bean name 'requestMappingHandlerMapping': no URL paths identified
15:44:15.436 [Test worker] DEBUG o.s.w.s.h.BeanNameUrlHandlerMapping - Rejected bean name 'mvcContentNegotiationManager': no URL paths identified
15:44:15.436 [Test worker] DEBUG o.s.w.s.h.BeanNameUrlHandlerMapping - Rejected bean name 'viewControllerHandlerMapping': no URL paths identified
15:44:15.436 [Test worker] DEBUG o.s.w.s.h.BeanNameUrlHandlerMapping - Rejected bean name 'beanNameHandlerMapping': no URL paths identified
15:44:15.436 [Test worker] DEBUG o.s.w.s.h.BeanNameUrlHandlerMapping - Rejected bean name 'resourceHandlerMapping': no URL paths identified
15:44:15.436 [Test worker] DEBUG o.s.w.s.h.BeanNameUrlHandlerMapping - Rejected bean name 'mvcResourceUrlProvider': no URL paths identified
15:44:15.436 [Test worker] DEBUG o.s.w.s.h.BeanNameUrlHandlerMapping - Rejected bean name 'defaultServletHandlerMapping': no URL paths identified
15:44:15.437 [Test worker] DEBUG o.s.w.s.h.BeanNameUrlHandlerMapping - Rejected bean name 'mvcConversionService': no URL paths identified
15:44:15.437 [Test worker] DEBUG o.s.w.s.h.BeanNameUrlHandlerMapping - Rejected bean name 'mvcValidator': no URL paths identified
15:44:15.437 [Test worker] DEBUG o.s.w.s.h.BeanNameUrlHandlerMapping - Rejected bean name 'mvcPathMatcher': no URL paths identified
15:44:15.437 [Test worker] DEBUG o.s.w.s.h.BeanNameUrlHandlerMapping - Rejected bean name 'mvcUrlPathHelper': no URL paths identified
15:44:15.437 [Test worker] DEBUG o.s.w.s.h.BeanNameUrlHandlerMapping - Rejected bean name 'mvcUriComponentsContributor': no URL paths identified
15:44:15.437 [Test worker] DEBUG o.s.w.s.h.BeanNameUrlHandlerMapping - Rejected bean name 'httpRequestHandlerAdapter': no URL paths identified
15:44:15.437 [Test worker] DEBUG o.s.w.s.h.BeanNameUrlHandlerMapping - Rejected bean name 'simpleControllerHandlerAdapter': no URL paths identified
15:44:15.437 [Test worker] DEBUG o.s.w.s.h.BeanNameUrlHandlerMapping - Rejected bean name 'handlerExceptionResolver': no URL paths identified
15:44:15.437 [Test worker] DEBUG o.s.w.s.h.BeanNameUrlHandlerMapping - Rejected bean name 'mvcViewResolver': no URL paths identified
15:44:15.437 [Test worker] DEBUG o.s.w.s.h.BeanNameUrlHandlerMapping - Rejected bean name 'org.springframework.boot.autoconfigure.web.WebMvcAutoConfiguration$WebMvcAutoConfigurationAdapter$FaviconConfiguration': no URL paths identified
15:44:15.437 [Test worker] DEBUG o.s.w.s.h.BeanNameUrlHandlerMapping - Rejected bean name 'faviconHandlerMapping': no URL paths identified
15:44:15.439 [Test worker] DEBUG o.s.w.s.h.BeanNameUrlHandlerMapping - Rejected bean name 'faviconRequestHandler': no URL paths identified
15:44:15.440 [Test worker] DEBUG o.s.w.s.h.BeanNameUrlHandlerMapping - Rejected bean name 'org.springframework.boot.autoconfigure.web.WebMvcAutoConfiguration$WebMvcAutoConfigurationAdapter': no URL paths identified
15:44:15.440 [Test worker] DEBUG o.s.w.s.h.BeanNameUrlHandlerMapping - Rejected bean name 'defaultViewResolver': no URL paths identified
15:44:15.440 [Test worker] DEBUG o.s.w.s.h.BeanNameUrlHandlerMapping - Rejected bean name 'requestContextListener': no URL paths identified
15:44:15.440 [Test worker] DEBUG o.s.w.s.h.BeanNameUrlHandlerMapping - Rejected bean name 'viewResolver': no URL paths identified
15:44:15.440 [Test worker] DEBUG o.s.w.s.h.BeanNameUrlHandlerMapping - Rejected bean name 'spring.mvc.CONFIGURATION_PROPERTIES': no URL paths identified
15:44:15.440 [Test worker] DEBUG o.s.w.s.h.BeanNameUrlHandlerMapping - Rejected bean name 'spring.resources.CONFIGURATION_PROPERTIES': no URL paths identified
15:44:15.440 [Test worker] DEBUG o.s.w.s.h.BeanNameUrlHandlerMapping - Rejected bean name 'org.springframework.boot.context.properties.ConfigurationPropertiesBindingPostProcessor': no URL paths identified
15:44:15.440 [Test worker] DEBUG o.s.w.s.h.BeanNameUrlHandlerMapping - Rejected bean name 'org.springframework.boot.context.properties.ConfigurationPropertiesBindingPostProcessor.store': no URL paths identified
15:44:15.440 [Test worker] DEBUG o.s.w.s.h.BeanNameUrlHandlerMapping - Rejected bean name 'org.springframework.boot.autoconfigure.web.WebMvcAutoConfiguration': no URL paths identified
15:44:15.440 [Test worker] DEBUG o.s.w.s.h.BeanNameUrlHandlerMapping - Rejected bean name 'hiddenHttpMethodFilter': no URL paths identified
15:44:15.440 [Test worker] DEBUG o.s.w.s.h.BeanNameUrlHandlerMapping - Rejected bean name 'org.springframework.boot.autoconfigure.aop.AopAutoConfiguration$JdkDynamicAutoProxyConfiguration': no URL paths identified
15:44:15.440 [Test worker] DEBUG o.s.w.s.h.BeanNameUrlHandlerMapping - Rejected bean name 'org.springframework.aop.config.internalAutoProxyCreator': no URL paths identified
15:44:15.440 [Test worker] DEBUG o.s.w.s.h.BeanNameUrlHandlerMapping - Rejected bean name 'org.springframework.boot.autoconfigure.aop.AopAutoConfiguration': no URL paths identified
15:44:15.440 [Test worker] DEBUG o.s.w.s.h.BeanNameUrlHandlerMapping - Rejected bean name 'org.springframework.boot.autoconfigure.dao.PersistenceExceptionTranslationAutoConfiguration': no URL paths identified
15:44:15.440 [Test worker] DEBUG o.s.w.s.h.BeanNameUrlHandlerMapping - Rejected bean name 'persistenceExceptionTranslationPostProcessor': no URL paths identified
15:44:15.440 [Test worker] DEBUG o.s.w.s.h.BeanNameUrlHandlerMapping - Rejected bean name 'org.springframework.boot.autoconfigure.mongo.MongoAutoConfiguration': no URL paths identified
15:44:15.440 [Test worker] DEBUG o.s.w.s.h.BeanNameUrlHandlerMapping - Rejected bean name 'mongo': no URL paths identified
15:44:15.440 [Test worker] DEBUG o.s.w.s.h.BeanNameUrlHandlerMapping - Rejected bean name 'spring.data.mongodb.CONFIGURATION_PROPERTIES': no URL paths identified
15:44:15.440 [Test worker] DEBUG o.s.w.s.h.BeanNameUrlHandlerMapping - Rejected bean name 'org.springframework.boot.autoconfigure.data.mongo.MongoRepositoriesAutoConfiguration': no URL paths identified
15:44:15.440 [Test worker] DEBUG o.s.w.s.h.BeanNameUrlHandlerMapping - Rejected bean name 'org.springframework.data.repository.core.support.RepositoryInterfaceAwareBeanPostProcessor': no URL paths identified
15:44:15.440 [Test worker] DEBUG o.s.w.s.h.BeanNameUrlHandlerMapping - Rejected bean name 'mongoMappingContext': no URL paths identified
15:44:15.440 [Test worker] DEBUG o.s.w.s.h.BeanNameUrlHandlerMapping - Rejected bean name 'org.springframework.boot.autoconfigure.jackson.JacksonAutoConfiguration$JacksonObjectMapperBuilderConfiguration': no URL paths identified
15:44:15.440 [Test worker] DEBUG o.s.w.s.h.BeanNameUrlHandlerMapping - Rejected bean name 'jacksonObjectMapperBuilder': no URL paths identified
15:44:15.440 [Test worker] DEBUG o.s.w.s.h.BeanNameUrlHandlerMapping - Rejected bean name 'http.mappers.CONFIGURATION_PROPERTIES': no URL paths identified
15:44:15.440 [Test worker] DEBUG o.s.w.s.h.BeanNameUrlHandlerMapping - Rejected bean name 'spring.jackson.CONFIGURATION_PROPERTIES': no URL paths identified
15:44:15.440 [Test worker] DEBUG o.s.w.s.h.BeanNameUrlHandlerMapping - Rejected bean name 'org.springframework.boot.autoconfigure.jackson.JacksonAutoConfiguration$JacksonObjectMapperConfiguration': no URL paths identified
15:44:15.440 [Test worker] DEBUG o.s.w.s.h.BeanNameUrlHandlerMapping - Rejected bean name 'jacksonObjectMapper': no URL paths identified
15:44:15.440 [Test worker] DEBUG o.s.w.s.h.BeanNameUrlHandlerMapping - Rejected bean name 'org.springframework.boot.autoconfigure.jackson.JacksonAutoConfiguration': no URL paths identified
15:44:15.440 [Test worker] DEBUG o.s.w.s.h.BeanNameUrlHandlerMapping - Rejected bean name 'org.springframework.boot.autoconfigure.web.HttpMessageConvertersAutoConfiguration$StringHttpMessageConverterConfiguration': no URL paths identified
15:44:15.441 [Test worker] DEBUG o.s.w.s.h.BeanNameUrlHandlerMapping - Rejected bean name 'stringHttpMessageConverter': no URL paths identified
15:44:15.441 [Test worker] DEBUG o.s.w.s.h.BeanNameUrlHandlerMapping - Rejected bean name 'spring.http.encoding.CONFIGURATION_PROPERTIES': no URL paths identified
15:44:15.441 [Test worker] DEBUG o.s.w.s.h.BeanNameUrlHandlerMapping - Rejected bean name 'org.springframework.boot.autoconfigure.web.JacksonHttpMessageConvertersConfiguration$MappingJackson2HttpMessageConverterConfiguration': no URL paths identified
15:44:15.441 [Test worker] DEBUG o.s.w.s.h.BeanNameUrlHandlerMapping - Rejected bean name 'mappingJackson2HttpMessageConverter': no URL paths identified
15:44:15.441 [Test worker] DEBUG o.s.w.s.h.BeanNameUrlHandlerMapping - Rejected bean name 'org.springframework.boot.autoconfigure.web.JacksonHttpMessageConvertersConfiguration': no URL paths identified
15:44:15.441 [Test worker] DEBUG o.s.w.s.h.BeanNameUrlHandlerMapping - Rejected bean name 'org.springframework.boot.autoconfigure.web.HttpMessageConvertersAutoConfiguration': no URL paths identified
15:44:15.441 [Test worker] DEBUG o.s.w.s.h.BeanNameUrlHandlerMapping - Rejected bean name 'messageConverters': no URL paths identified
15:44:15.441 [Test worker] DEBUG o.s.w.s.h.BeanNameUrlHandlerMapping - Rejected bean name 'org.springframework.data.web.config.SpringDataWebConfiguration': no URL paths identified
15:44:15.441 [Test worker] DEBUG o.s.w.s.h.BeanNameUrlHandlerMapping - Rejected bean name 'pageableResolver': no URL paths identified
15:44:15.441 [Test worker] DEBUG o.s.w.s.h.BeanNameUrlHandlerMapping - Rejected bean name 'sortResolver': no URL paths identified
15:44:15.441 [Test worker] DEBUG o.s.w.s.h.BeanNameUrlHandlerMapping - Rejected bean name 'org.springframework.data.mongodb.core.GeoJsonConfiguration': no URL paths identified
15:44:15.441 [Test worker] DEBUG o.s.w.s.h.BeanNameUrlHandlerMapping - Rejected bean name 'geoJsonModule': no URL paths identified
15:44:15.441 [Test worker] DEBUG o.s.w.s.h.BeanNameUrlHandlerMapping - Rejected bean name 'org.springframework.data.web.config.SpringDataJacksonConfiguration': no URL paths identified
15:44:15.441 [Test worker] DEBUG o.s.w.s.h.BeanNameUrlHandlerMapping - Rejected bean name 'jacksonGeoModule': no URL paths identified
15:44:15.441 [Test worker] DEBUG o.s.w.s.h.BeanNameUrlHandlerMapping - Rejected bean name 'org.springframework.boot.autoconfigure.data.web.SpringDataWebAutoConfiguration': no URL paths identified
15:44:15.441 [Test worker] DEBUG o.s.w.s.h.BeanNameUrlHandlerMapping - Rejected bean name 'org.springframework.boot.autoconfigure.jta.JtaAutoConfiguration': no URL paths identified
15:44:15.441 [Test worker] DEBUG o.s.w.s.h.BeanNameUrlHandlerMapping - Rejected bean name 'spring.jta.CONFIGURATION_PROPERTIES': no URL paths identified
15:44:15.441 [Test worker] DEBUG o.s.w.s.h.BeanNameUrlHandlerMapping - Rejected bean name 'org.springframework.boot.autoconfigure.jdbc.DataSourceAutoConfiguration$JdbcTemplateConfiguration': no URL paths identified
15:44:15.441 [Test worker] DEBUG o.s.w.s.h.BeanNameUrlHandlerMapping - Rejected bean name 'jdbcTemplate': no URL paths identified
15:44:15.441 [Test worker] DEBUG o.s.w.s.h.BeanNameUrlHandlerMapping - Rejected bean name 'namedParameterJdbcTemplate': no URL paths identified
15:44:15.441 [Test worker] DEBUG o.s.w.s.h.BeanNameUrlHandlerMapping - Rejected bean name 'org.springframework.boot.autoconfigure.jdbc.DataSourceAutoConfiguration$NonEmbeddedConfiguration': no URL paths identified
15:44:15.441 [Test worker] DEBUG o.s.w.s.h.BeanNameUrlHandlerMapping - Rejected bean name 'dataSource': no URL paths identified
15:44:15.441 [Test worker] DEBUG o.s.w.s.h.BeanNameUrlHandlerMapping - Rejected bean name 'org.springframework.boot.autoconfigure.jdbc.DataSourceAutoConfiguration$DataSourceInitializerConfiguration': no URL paths identified
15:44:15.441 [Test worker] DEBUG o.s.w.s.h.BeanNameUrlHandlerMapping - Rejected bean name 'dataSourceInitializer': no URL paths identified
15:44:15.441 [Test worker] DEBUG o.s.w.s.h.BeanNameUrlHandlerMapping - Rejected bean name 'org.springframework.boot.autoconfigure.jdbc.metadata.DataSourcePoolMetadataProvidersConfiguration$TomcatDataSourcePoolMetadataProviderConfiguration': no URL paths identified
15:44:15.441 [Test worker] DEBUG o.s.w.s.h.BeanNameUrlHandlerMapping - Rejected bean name 'tomcatPoolDataSourceMetadataProvider': no URL paths identified
15:44:15.441 [Test worker] DEBUG o.s.w.s.h.BeanNameUrlHandlerMapping - Rejected bean name 'org.springframework.boot.autoconfigure.jdbc.metadata.DataSourcePoolMetadataProvidersConfiguration': no URL paths identified
15:44:15.441 [Test worker] DEBUG o.s.w.s.h.BeanNameUrlHandlerMapping - Rejected bean name 'org.springframework.boot.autoconfigure.jdbc.DataSourceAutoConfiguration': no URL paths identified
15:44:15.441 [Test worker] DEBUG o.s.w.s.h.BeanNameUrlHandlerMapping - Rejected bean name 'spring.datasource.CONFIGURATION_PROPERTIES': no URL paths identified
15:44:15.441 [Test worker] DEBUG o.s.w.s.h.BeanNameUrlHandlerMapping - Rejected bean name 'dataSourceInitializerPostProcessor': no URL paths identified
15:44:15.441 [Test worker] DEBUG o.s.w.s.h.BeanNameUrlHandlerMapping - Rejected bean name 'org.springframework.boot.autoconfigure.jmx.JmxAutoConfiguration': no URL paths identified
15:44:15.442 [Test worker] DEBUG o.s.w.s.h.BeanNameUrlHandlerMapping - Rejected bean name 'mbeanExporter': no URL paths identified
15:44:15.442 [Test worker] DEBUG o.s.w.s.h.BeanNameUrlHandlerMapping - Rejected bean name 'objectNamingStrategy': no URL paths identified
15:44:15.442 [Test worker] DEBUG o.s.w.s.h.BeanNameUrlHandlerMapping - Rejected bean name 'mbeanServer': no URL paths identified
15:44:15.442 [Test worker] DEBUG o.s.w.s.h.BeanNameUrlHandlerMapping - Rejected bean name 'org.springframework.transaction.annotation.ProxyTransactionManagementConfiguration': no URL paths identified
15:44:15.442 [Test worker] DEBUG o.s.w.s.h.BeanNameUrlHandlerMapping - Rejected bean name 'org.springframework.transaction.config.internalTransactionAdvisor': no URL paths identified
15:44:15.442 [Test worker] DEBUG o.s.w.s.h.BeanNameUrlHandlerMapping - Rejected bean name 'transactionAttributeSource': no URL paths identified
15:44:15.442 [Test worker] DEBUG o.s.w.s.h.BeanNameUrlHandlerMapping - Rejected bean name 'transactionInterceptor': no URL paths identified
15:44:15.442 [Test worker] DEBUG o.s.w.s.h.BeanNameUrlHandlerMapping - Rejected bean name 'org.springframework.boot.autoconfigure.jdbc.DataSourceTransactionManagerAutoConfiguration$TransactionManagementConfiguration': no URL paths identified
15:44:15.442 [Test worker] DEBUG o.s.w.s.h.BeanNameUrlHandlerMapping - Rejected bean name 'org.springframework.boot.autoconfigure.jdbc.DataSourceTransactionManagerAutoConfiguration': no URL paths identified
15:44:15.442 [Test worker] DEBUG o.s.w.s.h.BeanNameUrlHandlerMapping - Rejected bean name 'transactionManager': no URL paths identified
15:44:15.442 [Test worker] DEBUG o.s.w.s.h.BeanNameUrlHandlerMapping - Rejected bean name 'org.springframework.boot.autoconfigure.thymeleaf.ThymeleafAutoConfiguration$ThymeleafViewResolverConfiguration': no URL paths identified
15:44:15.442 [Test worker] DEBUG o.s.w.s.h.BeanNameUrlHandlerMapping - Rejected bean name 'thymeleafViewResolver': no URL paths identified
15:44:15.442 [Test worker] DEBUG o.s.w.s.h.BeanNameUrlHandlerMapping - Rejected bean name 'org.springframework.boot.autoconfigure.thymeleaf.ThymeleafAutoConfiguration$ThymeleafDefaultConfiguration': no URL paths identified
15:44:15.442 [Test worker] DEBUG o.s.w.s.h.BeanNameUrlHandlerMapping - Rejected bean name 'templateEngine': no URL paths identified
15:44:15.442 [Test worker] DEBUG o.s.w.s.h.BeanNameUrlHandlerMapping - Rejected bean name 'org.springframework.boot.autoconfigure.thymeleaf.ThymeleafAutoConfiguration$DefaultTemplateResolverConfiguration': no URL paths identified
15:44:15.442 [Test worker] DEBUG o.s.w.s.h.BeanNameUrlHandlerMapping - Rejected bean name 'defaultTemplateResolver': no URL paths identified
15:44:15.442 [Test worker] DEBUG o.s.w.s.h.BeanNameUrlHandlerMapping - Rejected bean name 'thymeleafResourceResolver': no URL paths identified
15:44:15.442 [Test worker] DEBUG o.s.w.s.h.BeanNameUrlHandlerMapping - Rejected bean name 'org.springframework.boot.autoconfigure.thymeleaf.ThymeleafAutoConfiguration': no URL paths identified
15:44:15.442 [Test worker] DEBUG o.s.w.s.h.BeanNameUrlHandlerMapping - Rejected bean name 'spring.thymeleaf.CONFIGURATION_PROPERTIES': no URL paths identified
15:44:15.442 [Test worker] DEBUG o.s.w.s.h.BeanNameUrlHandlerMapping - Rejected bean name 'org.springframework.boot.autoconfigure.mongo.MongoDataAutoConfiguration': no URL paths identified
15:44:15.442 [Test worker] DEBUG o.s.w.s.h.BeanNameUrlHandlerMapping - Rejected bean name 'mongoDbFactory': no URL paths identified
15:44:15.442 [Test worker] DEBUG o.s.w.s.h.BeanNameUrlHandlerMapping - Rejected bean name 'mongoTemplate': no URL paths identified
15:44:15.442 [Test worker] DEBUG o.s.w.s.h.BeanNameUrlHandlerMapping - Rejected bean name 'mappingMongoConverter': no URL paths identified
15:44:15.443 [Test worker] DEBUG o.s.w.s.h.BeanNameUrlHandlerMapping - Rejected bean name 'gridFsTemplate': no URL paths identified
15:44:15.443 [Test worker] DEBUG o.s.w.s.h.BeanNameUrlHandlerMapping - Rejected bean name 'org.springframework.boot.autoconfigure.security.SpringBootWebSecurityConfiguration$ApplicationWebSecurityConfigurerAdapter': no URL paths identified
15:44:15.443 [Test worker] DEBUG o.s.w.s.h.BeanNameUrlHandlerMapping - Rejected bean name 'org.springframework.security.config.annotation.authentication.configuration.AuthenticationConfiguration': no URL paths identified
15:44:15.443 [Test worker] DEBUG o.s.w.s.h.BeanNameUrlHandlerMapping - Rejected bean name 'authenticationManagerBuilder': no URL paths identified
15:44:15.443 [Test worker] DEBUG o.s.w.s.h.BeanNameUrlHandlerMapping - Rejected bean name 'enableGlobalAuthenticationAutowiredConfigurer': no URL paths identified
15:44:15.443 [Test worker] DEBUG o.s.w.s.h.BeanNameUrlHandlerMapping - Rejected bean name 'org.springframework.security.config.annotation.web.configuration.WebSecurityConfiguration': no URL paths identified
15:44:15.443 [Test worker] DEBUG o.s.w.s.h.BeanNameUrlHandlerMapping - Rejected bean name 'delegatingApplicationListener': no URL paths identified
15:44:15.443 [Test worker] DEBUG o.s.w.s.h.BeanNameUrlHandlerMapping - Rejected bean name 'webSecurityExpressionHandler': no URL paths identified
15:44:15.443 [Test worker] DEBUG o.s.w.s.h.BeanNameUrlHandlerMapping - Rejected bean name 'springSecurityFilterChain': no URL paths identified
15:44:15.443 [Test worker] DEBUG o.s.w.s.h.BeanNameUrlHandlerMapping - Rejected bean name 'privilegeEvaluator': no URL paths identified
15:44:15.443 [Test worker] DEBUG o.s.w.s.h.BeanNameUrlHandlerMapping - Rejected bean name 'autowiredWebSecurityConfigurersIgnoreParents': no URL paths identified
15:44:15.443 [Test worker] DEBUG o.s.w.s.h.BeanNameUrlHandlerMapping - Rejected bean name 'org.springframework.security.config.annotation.configuration.ObjectPostProcessorConfiguration': no URL paths identified
15:44:15.443 [Test worker] DEBUG o.s.w.s.h.BeanNameUrlHandlerMapping - Rejected bean name 'objectPostProcessor': no URL paths identified
15:44:15.443 [Test worker] DEBUG o.s.w.s.h.BeanNameUrlHandlerMapping - Rejected bean name 'org.springframework.security.config.annotation.web.servlet.configuration.WebMvcSecurityConfiguration': no URL paths identified
15:44:15.443 [Test worker] DEBUG o.s.w.s.h.BeanNameUrlHandlerMapping - Rejected bean name 'requestDataValueProcessor': no URL paths identified
15:44:15.443 [Test worker] DEBUG o.s.w.s.h.BeanNameUrlHandlerMapping - Rejected bean name 'org.springframework.boot.autoconfigure.security.SpringBootWebSecurityConfiguration$WebMvcSecurityConfigurationConditions$DefaultWebMvcSecurityConfiguration': no URL paths identified
15:44:15.443 [Test worker] DEBUG o.s.w.s.h.BeanNameUrlHandlerMapping - Rejected bean name 'org.springframework.boot.autoconfigure.security.SpringBootWebSecurityConfiguration$WebMvcSecurityConfigurationConditions': no URL paths identified
15:44:15.443 [Test worker] DEBUG o.s.w.s.h.BeanNameUrlHandlerMapping - Rejected bean name 'org.springframework.boot.autoconfigure.security.SpringBootWebSecurityConfiguration': no URL paths identified
15:44:15.443 [Test worker] DEBUG o.s.w.s.h.BeanNameUrlHandlerMapping - Rejected bean name 'ignoredPathsWebSecurityConfigurerAdapter': no URL paths identified
15:44:15.443 [Test worker] DEBUG o.s.w.s.h.BeanNameUrlHandlerMapping - Rejected bean name 'securityFilterChainRegistration': no URL paths identified
15:44:15.443 [Test worker] DEBUG o.s.w.s.h.BeanNameUrlHandlerMapping - Rejected bean name 'org.springframework.boot.autoconfigure.security.AuthenticationManagerConfiguration$AuthenticationManagerConfigurationListener': no URL paths identified
15:44:15.443 [Test worker] DEBUG o.s.w.s.h.BeanNameUrlHandlerMapping - Rejected bean name 'org.springframework.boot.autoconfigure.security.AuthenticationManagerConfiguration': no URL paths identified
15:44:15.443 [Test worker] DEBUG o.s.w.s.h.BeanNameUrlHandlerMapping - Rejected bean name 'authenticationManager': no URL paths identified
15:44:15.443 [Test worker] DEBUG o.s.w.s.h.BeanNameUrlHandlerMapping - Rejected bean name 'springBootAuthenticationConfigurerAdapter': no URL paths identified
15:44:15.443 [Test worker] DEBUG o.s.w.s.h.BeanNameUrlHandlerMapping - Rejected bean name 'org.springframework.boot.autoconfigure.security.BootGlobalAuthenticationConfiguration': no URL paths identified
15:44:15.443 [Test worker] DEBUG o.s.w.s.h.BeanNameUrlHandlerMapping - Rejected bean name 'bootGlobalAuthenticationConfigurationAdapter': no URL paths identified
15:44:15.443 [Test worker] DEBUG o.s.w.s.h.BeanNameUrlHandlerMapping - Rejected bean name 'org.springframework.boot.autoconfigure.security.SecurityAutoConfiguration': no URL paths identified
15:44:15.443 [Test worker] DEBUG o.s.w.s.h.BeanNameUrlHandlerMapping - Rejected bean name 'authenticationEventPublisher': no URL paths identified
15:44:15.443 [Test worker] DEBUG o.s.w.s.h.BeanNameUrlHandlerMapping - Rejected bean name 'securityProperties': no URL paths identified
15:44:15.443 [Test worker] DEBUG o.s.w.s.h.BeanNameUrlHandlerMapping - Rejected bean name 'org.springframework.boot.autoconfigure.web.HttpEncodingAutoConfiguration': no URL paths identified
15:44:15.443 [Test worker] DEBUG o.s.w.s.h.BeanNameUrlHandlerMapping - Rejected bean name 'characterEncodingFilter': no URL paths identified
15:44:15.444 [Test worker] DEBUG o.s.w.s.h.BeanNameUrlHandlerMapping - Rejected bean name 'org.springframework.boot.autoconfigure.web.MultipartAutoConfiguration': no URL paths identified
15:44:15.444 [Test worker] DEBUG o.s.w.s.h.BeanNameUrlHandlerMapping - Rejected bean name 'multipartConfigElement': no URL paths identified
15:44:15.444 [Test worker] DEBUG o.s.w.s.h.BeanNameUrlHandlerMapping - Rejected bean name 'multipartResolver': no URL paths identified
15:44:15.444 [Test worker] DEBUG o.s.w.s.h.BeanNameUrlHandlerMapping - Rejected bean name 'multipart.CONFIGURATION_PROPERTIES': no URL paths identified
15:44:15.444 [Test worker] DEBUG o.s.w.s.h.BeanNameUrlHandlerMapping - Rejected bean name 'org.springframework.boot.autoconfigure.web.ServerPropertiesAutoConfiguration': no URL paths identified
15:44:15.444 [Test worker] DEBUG o.s.w.s.h.BeanNameUrlHandlerMapping - Rejected bean name 'serverProperties': no URL paths identified
15:44:15.444 [Test worker] DEBUG o.s.w.s.h.BeanNameUrlHandlerMapping - Rejected bean name 'environment': no URL paths identified
15:44:15.444 [Test worker] DEBUG o.s.w.s.h.BeanNameUrlHandlerMapping - Rejected bean name 'systemProperties': no URL paths identified
15:44:15.444 [Test worker] DEBUG o.s.w.s.h.BeanNameUrlHandlerMapping - Rejected bean name 'systemEnvironment': no URL paths identified
15:44:15.444 [Test worker] DEBUG o.s.w.s.h.BeanNameUrlHandlerMapping - Rejected bean name 'servletContext': no URL paths identified
15:44:15.444 [Test worker] DEBUG o.s.w.s.h.BeanNameUrlHandlerMapping - Rejected bean name 'contextParameters': no URL paths identified
15:44:15.444 [Test worker] DEBUG o.s.w.s.h.BeanNameUrlHandlerMapping - Rejected bean name 'contextAttributes': no URL paths identified
15:44:15.444 [Test worker] DEBUG o.s.w.s.h.BeanNameUrlHandlerMapping - Rejected bean name 'autoConfigurationReport': no URL paths identified
15:44:15.444 [Test worker] DEBUG o.s.w.s.h.BeanNameUrlHandlerMapping - Rejected bean name 'org.springframework.context.annotation.ConfigurationClassPostProcessor.importRegistry': no URL paths identified
15:44:15.444 [Test worker] DEBUG o.s.w.s.h.BeanNameUrlHandlerMapping - Rejected bean name 'messageSource': no URL paths identified
15:44:15.444 [Test worker] DEBUG o.s.w.s.h.BeanNameUrlHandlerMapping - Rejected bean name 'applicationEventMulticaster': no URL paths identified
15:44:15.444 [Test worker] DEBUG o.s.b.f.s.DefaultListableBeanFactory - Returning cached instance of singleton bean 'org.springframework.transaction.config.internalTransactionAdvisor'
15:44:15.445 [Test worker] DEBUG o.s.b.f.s.DefaultListableBeanFactory - Returning cached instance of singleton bean 'org.springframework.transaction.config.internalTransactionAdvisor'
15:44:15.445 [Test worker] DEBUG o.s.b.f.s.DefaultListableBeanFactory - Finished creating instance of bean 'beanNameHandlerMapping'
15:44:15.446 [Test worker] DEBUG o.s.b.f.s.DefaultListableBeanFactory - Creating shared instance of singleton bean 'resourceHandlerMapping'
15:44:15.446 [Test worker] DEBUG o.s.b.f.s.DefaultListableBeanFactory - Creating instance of bean 'resourceHandlerMapping'
15:44:15.446 [Test worker] DEBUG o.s.b.f.s.DefaultListableBeanFactory - Returning cached instance of singleton bean 'org.springframework.transaction.config.internalTransactionAdvisor'
15:44:15.446 [Test worker] DEBUG o.s.b.f.s.DefaultListableBeanFactory - Returning cached instance of singleton bean 'org.springframework.boot.autoconfigure.web.WebMvcAutoConfiguration$EnableWebMvcConfiguration'
15:44:15.458 [Test worker] DEBUG o.s.b.f.s.DefaultListableBeanFactory - Returning cached instance of singleton bean 'mvcPathMatcher'
15:44:15.458 [Test worker] DEBUG o.s.b.f.s.DefaultListableBeanFactory - Returning cached instance of singleton bean 'mvcUrlPathHelper'
15:44:15.458 [Test worker] DEBUG o.s.b.f.s.DefaultListableBeanFactory - Returning cached instance of singleton bean 'mvcResourceUrlProvider'
15:44:15.459 [Test worker] DEBUG o.s.b.f.s.DefaultListableBeanFactory - Eagerly caching bean 'resourceHandlerMapping' to allow for resolving potential circular references
15:44:15.479 [Test worker] INFO  o.s.w.s.h.SimpleUrlHandlerMapping - Mapped URL path [/webjars/**] onto handler of type [class org.springframework.web.servlet.resource.ResourceHttpRequestHandler]
15:44:15.479 [Test worker] INFO  o.s.w.s.h.SimpleUrlHandlerMapping - Mapped URL path [/**] onto handler of type [class org.springframework.web.servlet.resource.ResourceHttpRequestHandler]
15:44:15.480 [Test worker] DEBUG o.s.b.f.s.DefaultListableBeanFactory - Returning cached instance of singleton bean 'org.springframework.transaction.config.internalTransactionAdvisor'
15:44:15.480 [Test worker] DEBUG o.s.b.f.s.DefaultListableBeanFactory - Returning cached instance of singleton bean 'org.springframework.transaction.config.internalTransactionAdvisor'
15:44:15.481 [Test worker] DEBUG o.s.b.f.s.DefaultListableBeanFactory - Finished creating instance of bean 'resourceHandlerMapping'
15:44:15.481 [Test worker] DEBUG o.s.b.f.s.DefaultListableBeanFactory - Returning cached instance of singleton bean 'mvcResourceUrlProvider'
15:44:15.481 [Test worker] DEBUG o.s.b.f.s.DefaultListableBeanFactory - Creating shared instance of singleton bean 'defaultServletHandlerMapping'
15:44:15.481 [Test worker] DEBUG o.s.b.f.s.DefaultListableBeanFactory - Creating instance of bean 'defaultServletHandlerMapping'
15:44:15.481 [Test worker] DEBUG o.s.b.f.s.DefaultListableBeanFactory - Returning cached instance of singleton bean 'org.springframework.transaction.config.internalTransactionAdvisor'
15:44:15.481 [Test worker] DEBUG o.s.b.f.s.DefaultListableBeanFactory - Returning cached instance of singleton bean 'org.springframework.boot.autoconfigure.web.WebMvcAutoConfiguration$EnableWebMvcConfiguration'
15:44:15.482 [Test worker] DEBUG o.s.b.f.s.DefaultListableBeanFactory - Eagerly caching bean 'defaultServletHandlerMapping' to allow for resolving potential circular references
15:44:15.484 [Test worker] DEBUG o.s.b.f.s.DefaultListableBeanFactory - Returning cached instance of singleton bean 'org.springframework.transaction.config.internalTransactionAdvisor'
15:44:15.484 [Test worker] DEBUG o.s.b.f.s.DefaultListableBeanFactory - Returning cached instance of singleton bean 'org.springframework.transaction.config.internalTransactionAdvisor'
15:44:15.485 [Test worker] DEBUG o.s.b.f.s.DefaultListableBeanFactory - Finished creating instance of bean 'defaultServletHandlerMapping'
15:44:15.485 [Test worker] DEBUG o.s.b.f.s.DefaultListableBeanFactory - Returning cached instance of singleton bean 'mvcConversionService'
15:44:15.485 [Test worker] DEBUG o.s.b.f.s.DefaultListableBeanFactory - Returning cached instance of singleton bean 'mvcValidator'
15:44:15.485 [Test worker] DEBUG o.s.b.f.s.DefaultListableBeanFactory - Returning cached instance of singleton bean 'mvcPathMatcher'
15:44:15.485 [Test worker] DEBUG o.s.b.f.s.DefaultListableBeanFactory - Returning cached instance of singleton bean 'mvcUrlPathHelper'
15:44:15.485 [Test worker] DEBUG o.s.b.f.s.DefaultListableBeanFactory - Creating shared instance of singleton bean 'mvcUriComponentsContributor'
15:44:15.485 [Test worker] DEBUG o.s.b.f.s.DefaultListableBeanFactory - Creating instance of bean 'mvcUriComponentsContributor'
15:44:15.486 [Test worker] DEBUG o.s.b.f.s.DefaultListableBeanFactory - Returning cached instance of singleton bean 'org.springframework.transaction.config.internalTransactionAdvisor'
15:44:15.486 [Test worker] DEBUG o.s.b.f.s.DefaultListableBeanFactory - Returning cached instance of singleton bean 'org.springframework.boot.autoconfigure.web.WebMvcAutoConfiguration$EnableWebMvcConfiguration'
15:44:15.486 [Test worker] DEBUG o.s.b.f.s.DefaultListableBeanFactory - Returning cached instance of singleton bean 'requestMappingHandlerAdapter'
15:44:15.487 [Test worker] DEBUG o.s.b.f.s.DefaultListableBeanFactory - Returning cached instance of singleton bean 'mvcConversionService'
15:44:15.489 [Test worker] DEBUG o.s.b.f.s.DefaultListableBeanFactory - Eagerly caching bean 'mvcUriComponentsContributor' to allow for resolving potential circular references
15:44:15.493 [Test worker] DEBUG o.s.b.f.s.DefaultListableBeanFactory - Returning cached instance of singleton bean 'org.springframework.transaction.config.internalTransactionAdvisor'
15:44:15.493 [Test worker] DEBUG o.s.b.f.s.DefaultListableBeanFactory - Returning cached instance of singleton bean 'org.springframework.transaction.config.internalTransactionAdvisor'
15:44:15.494 [Test worker] DEBUG o.s.b.f.s.DefaultListableBeanFactory - Finished creating instance of bean 'mvcUriComponentsContributor'
15:44:15.494 [Test worker] DEBUG o.s.b.f.s.DefaultListableBeanFactory - Creating shared instance of singleton bean 'httpRequestHandlerAdapter'
15:44:15.494 [Test worker] DEBUG o.s.b.f.s.DefaultListableBeanFactory - Creating instance of bean 'httpRequestHandlerAdapter'
15:44:15.494 [Test worker] DEBUG o.s.b.f.s.DefaultListableBeanFactory - Returning cached instance of singleton bean 'org.springframework.transaction.config.internalTransactionAdvisor'
15:44:15.495 [Test worker] DEBUG o.s.b.f.s.DefaultListableBeanFactory - Returning cached instance of singleton bean 'org.springframework.boot.autoconfigure.web.WebMvcAutoConfiguration$EnableWebMvcConfiguration'
15:44:15.495 [Test worker] DEBUG o.s.b.f.s.DefaultListableBeanFactory - Eagerly caching bean 'httpRequestHandlerAdapter' to allow for resolving potential circular references
15:44:15.519 [Test worker] DEBUG o.s.b.f.s.DefaultListableBeanFactory - Returning cached instance of singleton bean 'org.springframework.transaction.config.internalTransactionAdvisor'
15:44:15.519 [Test worker] DEBUG o.s.b.f.s.DefaultListableBeanFactory - Returning cached instance of singleton bean 'org.springframework.transaction.config.internalTransactionAdvisor'
15:44:15.520 [Test worker] DEBUG o.s.b.f.s.DefaultListableBeanFactory - Finished creating instance of bean 'httpRequestHandlerAdapter'
15:44:15.520 [Test worker] DEBUG o.s.b.f.s.DefaultListableBeanFactory - Creating shared instance of singleton bean 'simpleControllerHandlerAdapter'
15:44:15.520 [Test worker] DEBUG o.s.b.f.s.DefaultListableBeanFactory - Creating instance of bean 'simpleControllerHandlerAdapter'
15:44:15.520 [Test worker] DEBUG o.s.b.f.s.DefaultListableBeanFactory - Returning cached instance of singleton bean 'org.springframework.transaction.config.internalTransactionAdvisor'
15:44:15.520 [Test worker] DEBUG o.s.b.f.s.DefaultListableBeanFactory - Returning cached instance of singleton bean 'org.springframework.boot.autoconfigure.web.WebMvcAutoConfiguration$EnableWebMvcConfiguration'
15:44:15.521 [Test worker] DEBUG o.s.b.f.s.DefaultListableBeanFactory - Eagerly caching bean 'simpleControllerHandlerAdapter' to allow for resolving potential circular references
15:44:15.528 [Test worker] DEBUG o.s.b.f.s.DefaultListableBeanFactory - Returning cached instance of singleton bean 'org.springframework.transaction.config.internalTransactionAdvisor'
15:44:15.529 [Test worker] DEBUG o.s.b.f.s.DefaultListableBeanFactory - Returning cached instance of singleton bean 'org.springframework.transaction.config.internalTransactionAdvisor'
15:44:15.529 [Test worker] DEBUG o.s.b.f.s.DefaultListableBeanFactory - Finished creating instance of bean 'simpleControllerHandlerAdapter'
15:44:15.529 [Test worker] DEBUG o.s.b.f.s.DefaultListableBeanFactory - Creating shared instance of singleton bean 'handlerExceptionResolver'
15:44:15.529 [Test worker] DEBUG o.s.b.f.s.DefaultListableBeanFactory - Creating instance of bean 'handlerExceptionResolver'
15:44:15.529 [Test worker] DEBUG o.s.b.f.s.DefaultListableBeanFactory - Returning cached instance of singleton bean 'org.springframework.transaction.config.internalTransactionAdvisor'
15:44:15.530 [Test worker] DEBUG o.s.b.f.s.DefaultListableBeanFactory - Returning cached instance of singleton bean 'org.springframework.boot.autoconfigure.web.WebMvcAutoConfiguration$EnableWebMvcConfiguration'
15:44:15.556 [Test worker] DEBUG o.s.b.f.s.DefaultListableBeanFactory - Returning cached instance of singleton bean 'mvcContentNegotiationManager'
15:44:15.556 [Test worker] DEBUG o.s.w.s.m.m.a.ExceptionHandlerExceptionResolver - Looking for exception mappings: org.springframework.web.context.support.GenericWebApplicationContext@69735d79: startup date [Tue Nov 17 15:44:05 EST 2015]; root of context hierarchy
15:44:15.571 [Test worker] DEBUG o.s.b.f.s.DefaultListableBeanFactory - Eagerly caching bean 'handlerExceptionResolver' to allow for resolving potential circular references
15:44:15.576 [Test worker] DEBUG o.s.b.f.s.DefaultListableBeanFactory - Returning cached instance of singleton bean 'org.springframework.transaction.config.internalTransactionAdvisor'
15:44:15.576 [Test worker] DEBUG o.s.b.f.s.DefaultListableBeanFactory - Returning cached instance of singleton bean 'org.springframework.transaction.config.internalTransactionAdvisor'
15:44:15.577 [Test worker] DEBUG o.s.b.f.s.DefaultListableBeanFactory - Finished creating instance of bean 'handlerExceptionResolver'
15:44:15.577 [Test worker] DEBUG o.s.b.f.s.DefaultListableBeanFactory - Creating shared instance of singleton bean 'mvcViewResolver'
15:44:15.577 [Test worker] DEBUG o.s.b.f.s.DefaultListableBeanFactory - Creating instance of bean 'mvcViewResolver'
15:44:15.577 [Test worker] DEBUG o.s.b.f.s.DefaultListableBeanFactory - Returning cached instance of singleton bean 'org.springframework.transaction.config.internalTransactionAdvisor'
15:44:15.578 [Test worker] DEBUG o.s.b.f.s.DefaultListableBeanFactory - Returning cached instance of singleton bean 'org.springframework.boot.autoconfigure.web.WebMvcAutoConfiguration$EnableWebMvcConfiguration'
15:44:15.598 [Test worker] DEBUG o.s.b.f.s.DefaultListableBeanFactory - Returning cached instance of singleton bean 'mvcContentNegotiationManager'
15:44:15.603 [Test worker] DEBUG o.s.b.f.s.DefaultListableBeanFactory - Eagerly caching bean 'mvcViewResolver' to allow for resolving potential circular references
15:44:15.618 [Test worker] DEBUG o.s.b.f.s.DefaultListableBeanFactory - Invoking afterPropertiesSet() on bean with name 'mvcViewResolver'
15:44:15.618 [Test worker] DEBUG o.s.b.f.s.DefaultListableBeanFactory - Returning cached instance of singleton bean 'org.springframework.transaction.config.internalTransactionAdvisor'
15:44:15.619 [Test worker] DEBUG o.s.b.f.s.DefaultListableBeanFactory - Returning cached instance of singleton bean 'org.springframework.transaction.config.internalTransactionAdvisor'
15:44:15.619 [Test worker] DEBUG o.s.b.f.s.DefaultListableBeanFactory - Finished creating instance of bean 'mvcViewResolver'
15:44:15.619 [Test worker] DEBUG o.s.b.f.s.DefaultListableBeanFactory - Creating shared instance of singleton bean 'org.springframework.boot.autoconfigure.web.WebMvcAutoConfiguration$WebMvcAutoConfigurationAdapter$FaviconConfiguration'
15:44:15.619 [Test worker] DEBUG o.s.b.f.s.DefaultListableBeanFactory - Creating instance of bean 'org.springframework.boot.autoconfigure.web.WebMvcAutoConfiguration$WebMvcAutoConfigurationAdapter$FaviconConfiguration'
15:44:15.619 [Test worker] DEBUG o.s.b.f.s.DefaultListableBeanFactory - Returning cached instance of singleton bean 'org.springframework.transaction.config.internalTransactionAdvisor'
15:44:15.624 [Test worker] DEBUG o.s.b.f.s.DefaultListableBeanFactory - Eagerly caching bean 'org.springframework.boot.autoconfigure.web.WebMvcAutoConfiguration$WebMvcAutoConfigurationAdapter$FaviconConfiguration' to allow for resolving potential circular references
15:44:15.636 [Test worker] DEBUG o.s.b.f.s.DefaultListableBeanFactory - Returning cached instance of singleton bean 'org.springframework.transaction.config.internalTransactionAdvisor'
15:44:15.636 [Test worker] DEBUG o.s.b.f.s.DefaultListableBeanFactory - Returning cached instance of singleton bean 'org.springframework.transaction.config.internalTransactionAdvisor'
15:44:15.636 [Test worker] DEBUG o.s.b.f.s.DefaultListableBeanFactory - Finished creating instance of bean 'org.springframework.boot.autoconfigure.web.WebMvcAutoConfiguration$WebMvcAutoConfigurationAdapter$FaviconConfiguration'
15:44:15.636 [Test worker] DEBUG o.s.b.f.s.DefaultListableBeanFactory - Creating shared instance of singleton bean 'faviconHandlerMapping'
15:44:15.636 [Test worker] DEBUG o.s.b.f.s.DefaultListableBeanFactory - Creating instance of bean 'faviconHandlerMapping'
15:44:15.637 [Test worker] DEBUG o.s.b.f.s.DefaultListableBeanFactory - Returning cached instance of singleton bean 'org.springframework.transaction.config.internalTransactionAdvisor'
15:44:15.637 [Test worker] DEBUG o.s.b.f.s.DefaultListableBeanFactory - Returning cached instance of singleton bean 'org.springframework.boot.autoconfigure.web.WebMvcAutoConfiguration$WebMvcAutoConfigurationAdapter$FaviconConfiguration'
15:44:15.648 [Test worker] DEBUG o.s.b.f.s.DefaultListableBeanFactory - Creating shared instance of singleton bean 'faviconRequestHandler'
15:44:15.648 [Test worker] DEBUG o.s.b.f.s.DefaultListableBeanFactory - Creating instance of bean 'faviconRequestHandler'
15:44:15.648 [Test worker] DEBUG o.s.b.f.s.DefaultListableBeanFactory - Returning cached instance of singleton bean 'org.springframework.transaction.config.internalTransactionAdvisor'
15:44:15.648 [Test worker] DEBUG o.s.b.f.s.DefaultListableBeanFactory - Returning cached instance of singleton bean 'org.springframework.boot.autoconfigure.web.WebMvcAutoConfiguration$WebMvcAutoConfigurationAdapter$FaviconConfiguration'
15:44:15.650 [Test worker] DEBUG o.s.b.f.s.DefaultListableBeanFactory - Eagerly caching bean 'faviconRequestHandler' to allow for resolving potential circular references
15:44:15.657 [Test worker] DEBUG o.s.b.f.s.DefaultListableBeanFactory - Invoking afterPropertiesSet() on bean with name 'faviconRequestHandler'
15:44:15.657 [Test worker] DEBUG o.s.b.f.s.DefaultListableBeanFactory - Returning cached instance of singleton bean 'org.springframework.transaction.config.internalTransactionAdvisor'
15:44:15.657 [Test worker] DEBUG o.s.b.f.s.DefaultListableBeanFactory - Returning cached instance of singleton bean 'org.springframework.transaction.config.internalTransactionAdvisor'
15:44:15.658 [Test worker] DEBUG o.s.b.f.s.DefaultListableBeanFactory - Finished creating instance of bean 'faviconRequestHandler'
15:44:15.715 [Test worker] DEBUG o.s.b.f.s.DefaultListableBeanFactory - Eagerly caching bean 'faviconHandlerMapping' to allow for resolving potential circular references
15:44:15.717 [Test worker] INFO  o.s.w.s.h.SimpleUrlHandlerMapping - Mapped URL path [/**/favicon.ico] onto handler of type [class org.springframework.web.servlet.resource.ResourceHttpRequestHandler]
15:44:15.717 [Test worker] DEBUG o.s.b.f.s.DefaultListableBeanFactory - Returning cached instance of singleton bean 'org.springframework.transaction.config.internalTransactionAdvisor'
15:44:15.717 [Test worker] DEBUG o.s.b.f.s.DefaultListableBeanFactory - Returning cached instance of singleton bean 'org.springframework.transaction.config.internalTransactionAdvisor'
15:44:15.717 [Test worker] DEBUG o.s.b.f.s.DefaultListableBeanFactory - Finished creating instance of bean 'faviconHandlerMapping'
15:44:15.718 [Test worker] DEBUG o.s.b.f.s.DefaultListableBeanFactory - Returning cached instance of singleton bean 'faviconRequestHandler'
15:44:15.718 [Test worker] DEBUG o.s.b.f.s.DefaultListableBeanFactory - Returning cached instance of singleton bean 'org.springframework.boot.autoconfigure.web.WebMvcAutoConfiguration$WebMvcAutoConfigurationAdapter'
15:44:15.718 [Test worker] DEBUG o.s.b.f.s.DefaultListableBeanFactory - Creating shared instance of singleton bean 'defaultViewResolver'
15:44:15.718 [Test worker] DEBUG o.s.b.f.s.DefaultListableBeanFactory - Creating instance of bean 'defaultViewResolver'
15:44:15.718 [Test worker] DEBUG o.s.b.f.s.DefaultListableBeanFactory - Returning cached instance of singleton bean 'org.springframework.transaction.config.internalTransactionAdvisor'
15:44:15.718 [Test worker] DEBUG o.s.b.f.s.DefaultListableBeanFactory - Returning cached instance of singleton bean 'org.springframework.boot.autoconfigure.web.WebMvcAutoConfiguration$WebMvcAutoConfigurationAdapter'
15:44:15.748 [Test worker] DEBUG o.s.b.f.s.DefaultListableBeanFactory - Eagerly caching bean 'defaultViewResolver' to allow for resolving potential circular references
15:44:15.765 [Test worker] DEBUG o.s.b.f.s.DefaultListableBeanFactory - Returning cached instance of singleton bean 'org.springframework.transaction.config.internalTransactionAdvisor'
15:44:15.773 [Test worker] DEBUG o.s.b.f.s.DefaultListableBeanFactory - Returning cached instance of singleton bean 'org.springframework.transaction.config.internalTransactionAdvisor'
15:44:15.774 [Test worker] DEBUG o.s.b.f.s.DefaultListableBeanFactory - Finished creating instance of bean 'defaultViewResolver'
15:44:15.774 [Test worker] DEBUG o.s.b.f.s.DefaultListableBeanFactory - Creating shared instance of singleton bean 'requestContextListener'
15:44:15.774 [Test worker] DEBUG o.s.b.f.s.DefaultListableBeanFactory - Creating instance of bean 'requestContextListener'
15:44:15.775 [Test worker] DEBUG o.s.b.f.s.DefaultListableBeanFactory - Returning cached instance of singleton bean 'org.springframework.transaction.config.internalTransactionAdvisor'
15:44:15.775 [Test worker] DEBUG o.s.b.f.s.DefaultListableBeanFactory - Returning cached instance of singleton bean 'org.springframework.boot.autoconfigure.web.WebMvcAutoConfiguration$WebMvcAutoConfigurationAdapter'
15:44:15.778 [Test worker] DEBUG o.s.b.f.s.DefaultListableBeanFactory - Eagerly caching bean 'requestContextListener' to allow for resolving potential circular references
15:44:15.787 [Test worker] DEBUG o.s.b.f.s.DefaultListableBeanFactory - Returning cached instance of singleton bean 'org.springframework.transaction.config.internalTransactionAdvisor'
15:44:15.788 [Test worker] DEBUG o.s.b.f.s.DefaultListableBeanFactory - Returning cached instance of singleton bean 'org.springframework.transaction.config.internalTransactionAdvisor'
15:44:15.788 [Test worker] DEBUG o.s.b.f.s.DefaultListableBeanFactory - Finished creating instance of bean 'requestContextListener'
15:44:15.789 [Test worker] DEBUG o.s.b.f.s.DefaultListableBeanFactory - Creating shared instance of singleton bean 'viewResolver'
15:44:15.789 [Test worker] DEBUG o.s.b.f.s.DefaultListableBeanFactory - Creating instance of bean 'viewResolver'
15:44:15.789 [Test worker] DEBUG o.s.b.f.s.DefaultListableBeanFactory - Returning cached instance of singleton bean 'org.springframework.transaction.config.internalTransactionAdvisor'
15:44:15.789 [Test worker] DEBUG o.s.b.f.s.DefaultListableBeanFactory - Returning cached instance of singleton bean 'org.springframework.boot.autoconfigure.web.WebMvcAutoConfiguration$WebMvcAutoConfigurationAdapter'
15:44:15.791 [Test worker] DEBUG o.s.b.f.s.DefaultListableBeanFactory - Autowiring by type from bean name 'viewResolver' via factory method to bean named 'org.springframework.beans.factory.support.DefaultListableBeanFactory@447e689b'
15:44:15.803 [Test worker] DEBUG o.s.b.f.s.DefaultListableBeanFactory - Returning cached instance of singleton bean 'mvcContentNegotiationManager'
15:44:15.809 [Test worker] DEBUG o.s.b.f.s.DefaultListableBeanFactory - Eagerly caching bean 'viewResolver' to allow for resolving potential circular references
15:44:15.817 [Test worker] DEBUG o.s.b.f.s.DefaultListableBeanFactory - Returning cached instance of singleton bean 'beanNameViewResolver'
15:44:15.817 [Test worker] DEBUG o.s.b.f.s.DefaultListableBeanFactory - Returning cached instance of singleton bean 'mvcViewResolver'
15:44:15.817 [Test worker] DEBUG o.s.b.f.s.DefaultListableBeanFactory - Returning cached instance of singleton bean 'defaultViewResolver'
15:44:15.817 [Test worker] DEBUG o.s.b.f.s.DefaultListableBeanFactory - Returning cached instance of singleton bean 'org.springframework.transaction.config.internalTransactionAdvisor'
15:44:15.817 [Test worker] DEBUG o.s.b.f.s.DefaultListableBeanFactory - Returning cached instance of singleton bean 'org.springframework.transaction.config.internalTransactionAdvisor'
15:44:15.818 [Test worker] DEBUG o.s.b.f.s.DefaultListableBeanFactory - Returning eagerly cached instance of singleton bean 'viewResolver' that is not fully initialized yet - a consequence of a circular reference
15:44:15.818 [Test worker] DEBUG o.s.b.f.s.DefaultListableBeanFactory - Creating shared instance of singleton bean 'thymeleafViewResolver'
15:44:15.818 [Test worker] DEBUG o.s.b.f.s.DefaultListableBeanFactory - Creating instance of bean 'thymeleafViewResolver'
15:44:15.818 [Test worker] DEBUG o.s.b.f.s.DefaultListableBeanFactory - Returning cached instance of singleton bean 'org.springframework.transaction.config.internalTransactionAdvisor'
15:44:15.818 [Test worker] DEBUG o.s.b.f.s.DefaultListableBeanFactory - Creating shared instance of singleton bean 'org.springframework.boot.autoconfigure.thymeleaf.ThymeleafAutoConfiguration$ThymeleafViewResolverConfiguration'
15:44:15.818 [Test worker] DEBUG o.s.b.f.s.DefaultListableBeanFactory - Creating instance of bean 'org.springframework.boot.autoconfigure.thymeleaf.ThymeleafAutoConfiguration$ThymeleafViewResolverConfiguration'
15:44:15.818 [Test worker] DEBUG o.s.b.f.s.DefaultListableBeanFactory - Returning cached instance of singleton bean 'org.springframework.transaction.config.internalTransactionAdvisor'
15:44:15.820 [Test worker] DEBUG o.s.b.f.annotation.InjectionMetadata - Registered injected element on class [org.springframework.boot.autoconfigure.thymeleaf.ThymeleafAutoConfiguration$ThymeleafViewResolverConfiguration$$EnhancerBySpringCGLIB$$6a77c1c3]: AutowiredFieldElement for private org.springframework.boot.autoconfigure.thymeleaf.ThymeleafProperties org.springframework.boot.autoconfigure.thymeleaf.ThymeleafAutoConfiguration$ThymeleafViewResolverConfiguration.properties
15:44:15.821 [Test worker] DEBUG o.s.b.f.annotation.InjectionMetadata - Registered injected element on class [org.springframework.boot.autoconfigure.thymeleaf.ThymeleafAutoConfiguration$ThymeleafViewResolverConfiguration$$EnhancerBySpringCGLIB$$6a77c1c3]: AutowiredFieldElement for private org.thymeleaf.spring4.SpringTemplateEngine org.springframework.boot.autoconfigure.thymeleaf.ThymeleafAutoConfiguration$ThymeleafViewResolverConfiguration.templateEngine
15:44:15.821 [Test worker] DEBUG o.s.b.f.s.DefaultListableBeanFactory - Eagerly caching bean 'org.springframework.boot.autoconfigure.thymeleaf.ThymeleafAutoConfiguration$ThymeleafViewResolverConfiguration' to allow for resolving potential circular references
15:44:15.833 [Test worker] DEBUG o.s.b.f.annotation.InjectionMetadata - Processing injected element of bean 'org.springframework.boot.autoconfigure.thymeleaf.ThymeleafAutoConfiguration$ThymeleafViewResolverConfiguration': AutowiredFieldElement for private org.springframework.boot.autoconfigure.thymeleaf.ThymeleafProperties org.springframework.boot.autoconfigure.thymeleaf.ThymeleafAutoConfiguration$ThymeleafViewResolverConfiguration.properties
15:44:15.836 [Test worker] DEBUG o.s.b.f.s.DefaultListableBeanFactory - Creating shared instance of singleton bean 'spring.thymeleaf.CONFIGURATION_PROPERTIES'
15:44:15.837 [Test worker] DEBUG o.s.b.f.s.DefaultListableBeanFactory - Creating instance of bean 'spring.thymeleaf.CONFIGURATION_PROPERTIES'
15:44:15.837 [Test worker] DEBUG o.s.b.f.s.DefaultListableBeanFactory - Returning cached instance of singleton bean 'org.springframework.transaction.config.internalTransactionAdvisor'
15:44:15.838 [Test worker] DEBUG o.s.b.f.s.DefaultListableBeanFactory - Eagerly caching bean 'spring.thymeleaf.CONFIGURATION_PROPERTIES' to allow for resolving potential circular references
15:44:15.856 [Test worker] DEBUG o.s.core.env.MutablePropertySources - Adding [servletConfigInitParams] PropertySource with lowest search precedence
15:44:15.856 [Test worker] DEBUG o.s.core.env.MutablePropertySources - Adding [servletContextInitParams] PropertySource with lowest search precedence
15:44:15.856 [Test worker] DEBUG o.s.core.env.MutablePropertySources - Adding [systemProperties] PropertySource with lowest search precedence
15:44:15.856 [Test worker] DEBUG o.s.core.env.MutablePropertySources - Adding [systemEnvironment] PropertySource with lowest search precedence
15:44:15.857 [Test worker] DEBUG o.s.core.env.MutablePropertySources - Adding [localProperties] PropertySource with lowest search precedence
15:44:15.879 [Test worker] DEBUG o.s.b.f.s.DefaultListableBeanFactory - Returning cached instance of singleton bean 'org.springframework.transaction.config.internalTransactionAdvisor'
15:44:15.879 [Test worker] DEBUG o.s.b.f.s.DefaultListableBeanFactory - Returning cached instance of singleton bean 'org.springframework.transaction.config.internalTransactionAdvisor'
15:44:15.879 [Test worker] DEBUG o.s.b.f.s.DefaultListableBeanFactory - Finished creating instance of bean 'spring.thymeleaf.CONFIGURATION_PROPERTIES'
15:44:15.914 [Test worker] DEBUG o.s.b.f.a.AutowiredAnnotationBeanPostProcessor - Autowiring by type from bean name 'org.springframework.boot.autoconfigure.thymeleaf.ThymeleafAutoConfiguration$ThymeleafViewResolverConfiguration' to bean named 'spring.thymeleaf.CONFIGURATION_PROPERTIES'
15:44:15.914 [Test worker] DEBUG o.s.b.f.annotation.InjectionMetadata - Processing injected element of bean 'org.springframework.boot.autoconfigure.thymeleaf.ThymeleafAutoConfiguration$ThymeleafViewResolverConfiguration': AutowiredFieldElement for private org.thymeleaf.spring4.SpringTemplateEngine org.springframework.boot.autoconfigure.thymeleaf.ThymeleafAutoConfiguration$ThymeleafViewResolverConfiguration.templateEngine
15:44:15.915 [Test worker] DEBUG o.s.b.f.s.DefaultListableBeanFactory - Creating shared instance of singleton bean 'templateEngine'
15:44:15.915 [Test worker] DEBUG o.s.b.f.s.DefaultListableBeanFactory - Creating instance of bean 'templateEngine'
15:44:15.916 [Test worker] DEBUG o.s.b.f.s.DefaultListableBeanFactory - Returning cached instance of singleton bean 'org.springframework.transaction.config.internalTransactionAdvisor'
15:44:15.916 [Test worker] DEBUG o.s.b.f.s.DefaultListableBeanFactory - Creating shared instance of singleton bean 'org.springframework.boot.autoconfigure.thymeleaf.ThymeleafAutoConfiguration$ThymeleafDefaultConfiguration'
15:44:15.916 [Test worker] DEBUG o.s.b.f.s.DefaultListableBeanFactory - Creating instance of bean 'org.springframework.boot.autoconfigure.thymeleaf.ThymeleafAutoConfiguration$ThymeleafDefaultConfiguration'
15:44:15.916 [Test worker] DEBUG o.s.b.f.s.DefaultListableBeanFactory - Returning cached instance of singleton bean 'org.springframework.transaction.config.internalTransactionAdvisor'
15:44:15.934 [Test worker] DEBUG o.s.b.f.annotation.InjectionMetadata - Registered injected element on class [org.springframework.boot.autoconfigure.thymeleaf.ThymeleafAutoConfiguration$ThymeleafDefaultConfiguration$$EnhancerBySpringCGLIB$$d926ac11]: AutowiredFieldElement for private final java.util.Collection org.springframework.boot.autoconfigure.thymeleaf.ThymeleafAutoConfiguration$ThymeleafDefaultConfiguration.templateResolvers
15:44:15.934 [Test worker] DEBUG o.s.b.f.annotation.InjectionMetadata - Registered injected element on class [org.springframework.boot.autoconfigure.thymeleaf.ThymeleafAutoConfiguration$ThymeleafDefaultConfiguration$$EnhancerBySpringCGLIB$$d926ac11]: AutowiredFieldElement for private final java.util.Collection org.springframework.boot.autoconfigure.thymeleaf.ThymeleafAutoConfiguration$ThymeleafDefaultConfiguration.dialects
15:44:15.934 [Test worker] DEBUG o.s.b.f.s.DefaultListableBeanFactory - Eagerly caching bean 'org.springframework.boot.autoconfigure.thymeleaf.ThymeleafAutoConfiguration$ThymeleafDefaultConfiguration' to allow for resolving potential circular references
15:44:15.944 [Test worker] DEBUG o.s.b.f.annotation.InjectionMetadata - Processing injected element of bean 'org.springframework.boot.autoconfigure.thymeleaf.ThymeleafAutoConfiguration$ThymeleafDefaultConfiguration': AutowiredFieldElement for private final java.util.Collection org.springframework.boot.autoconfigure.thymeleaf.ThymeleafAutoConfiguration$ThymeleafDefaultConfiguration.templateResolvers
15:44:15.946 [Test worker] DEBUG o.s.b.f.s.DefaultListableBeanFactory - Creating shared instance of singleton bean 'defaultTemplateResolver'
15:44:15.946 [Test worker] DEBUG o.s.b.f.s.DefaultListableBeanFactory - Creating instance of bean 'defaultTemplateResolver'
15:44:15.946 [Test worker] DEBUG o.s.b.f.s.DefaultListableBeanFactory - Returning cached instance of singleton bean 'org.springframework.transaction.config.internalTransactionAdvisor'
15:44:15.946 [Test worker] DEBUG o.s.b.f.s.DefaultListableBeanFactory - Creating shared instance of singleton bean 'org.springframework.boot.autoconfigure.thymeleaf.ThymeleafAutoConfiguration$DefaultTemplateResolverConfiguration'
15:44:15.946 [Test worker] DEBUG o.s.b.f.s.DefaultListableBeanFactory - Creating instance of bean 'org.springframework.boot.autoconfigure.thymeleaf.ThymeleafAutoConfiguration$DefaultTemplateResolverConfiguration'
15:44:15.946 [Test worker] DEBUG o.s.b.f.s.DefaultListableBeanFactory - Returning cached instance of singleton bean 'org.springframework.transaction.config.internalTransactionAdvisor'
15:44:15.952 [Test worker] DEBUG o.s.c.a.CommonAnnotationBeanPostProcessor - Found init method on class [org.springframework.boot.autoconfigure.thymeleaf.ThymeleafAutoConfiguration$DefaultTemplateResolverConfiguration$$EnhancerBySpringCGLIB$$ab7d5288]: public void org.springframework.boot.autoconfigure.thymeleaf.ThymeleafAutoConfiguration$DefaultTemplateResolverConfiguration.checkTemplateLocationExists()
15:44:15.952 [Test worker] DEBUG o.s.c.a.CommonAnnotationBeanPostProcessor - Registered init method on class [org.springframework.boot.autoconfigure.thymeleaf.ThymeleafAutoConfiguration$DefaultTemplateResolverConfiguration$$EnhancerBySpringCGLIB$$ab7d5288]: org.springframework.beans.factory.annotation.InitDestroyAnnotationBeanPostProcessor$LifecycleElement@7bbfab3
15:44:15.953 [Test worker] DEBUG o.s.b.f.annotation.InjectionMetadata - Registered injected element on class [org.springframework.boot.autoconfigure.thymeleaf.ThymeleafAutoConfiguration$DefaultTemplateResolverConfiguration$$EnhancerBySpringCGLIB$$ab7d5288]: AutowiredFieldElement for private org.springframework.boot.autoconfigure.thymeleaf.ThymeleafProperties org.springframework.boot.autoconfigure.thymeleaf.ThymeleafAutoConfiguration$DefaultTemplateResolverConfiguration.properties
15:44:15.953 [Test worker] DEBUG o.s.b.f.annotation.InjectionMetadata - Registered injected element on class [org.springframework.boot.autoconfigure.thymeleaf.ThymeleafAutoConfiguration$DefaultTemplateResolverConfiguration$$EnhancerBySpringCGLIB$$ab7d5288]: AutowiredFieldElement for private org.springframework.context.ApplicationContext org.springframework.boot.autoconfigure.thymeleaf.ThymeleafAutoConfiguration$DefaultTemplateResolverConfiguration.applicationContext
15:44:15.953 [Test worker] DEBUG o.s.b.f.s.DefaultListableBeanFactory - Eagerly caching bean 'org.springframework.boot.autoconfigure.thymeleaf.ThymeleafAutoConfiguration$DefaultTemplateResolverConfiguration' to allow for resolving potential circular references
15:44:15.964 [Test worker] DEBUG o.s.b.f.annotation.InjectionMetadata - Processing injected element of bean 'org.springframework.boot.autoconfigure.thymeleaf.ThymeleafAutoConfiguration$DefaultTemplateResolverConfiguration': AutowiredFieldElement for private org.springframework.boot.autoconfigure.thymeleaf.ThymeleafProperties org.springframework.boot.autoconfigure.thymeleaf.ThymeleafAutoConfiguration$DefaultTemplateResolverConfiguration.properties
15:44:15.964 [Test worker] DEBUG o.s.b.f.s.DefaultListableBeanFactory - Returning cached instance of singleton bean 'spring.thymeleaf.CONFIGURATION_PROPERTIES'
15:44:15.964 [Test worker] DEBUG o.s.b.f.a.AutowiredAnnotationBeanPostProcessor - Autowiring by type from bean name 'org.springframework.boot.autoconfigure.thymeleaf.ThymeleafAutoConfiguration$DefaultTemplateResolverConfiguration' to bean named 'spring.thymeleaf.CONFIGURATION_PROPERTIES'
15:44:15.964 [Test worker] DEBUG o.s.b.f.annotation.InjectionMetadata - Processing injected element of bean 'org.springframework.boot.autoconfigure.thymeleaf.ThymeleafAutoConfiguration$DefaultTemplateResolverConfiguration': AutowiredFieldElement for private org.springframework.context.ApplicationContext org.springframework.boot.autoconfigure.thymeleaf.ThymeleafAutoConfiguration$DefaultTemplateResolverConfiguration.applicationContext
15:44:15.965 [Test worker] DEBUG o.s.b.f.a.AutowiredAnnotationBeanPostProcessor - Autowiring by type from bean name 'org.springframework.boot.autoconfigure.thymeleaf.ThymeleafAutoConfiguration$DefaultTemplateResolverConfiguration' to bean named 'org.springframework.web.context.support.GenericWebApplicationContext@69735d79'
15:44:15.965 [Test worker] DEBUG o.s.c.a.CommonAnnotationBeanPostProcessor - Invoking init method on bean 'org.springframework.boot.autoconfigure.thymeleaf.ThymeleafAutoConfiguration$DefaultTemplateResolverConfiguration': public void org.springframework.boot.autoconfigure.thymeleaf.ThymeleafAutoConfiguration$DefaultTemplateResolverConfiguration.checkTemplateLocationExists()
15:44:15.972 [Test worker] DEBUG o.s.b.f.s.DefaultListableBeanFactory - Returning cached instance of singleton bean 'org.springframework.transaction.config.internalTransactionAdvisor'
15:44:15.972 [Test worker] DEBUG o.s.b.f.s.DefaultListableBeanFactory - Returning cached instance of singleton bean 'org.springframework.transaction.config.internalTransactionAdvisor'
15:44:15.973 [Test worker] DEBUG o.s.b.f.s.DefaultListableBeanFactory - Finished creating instance of bean 'org.springframework.boot.autoconfigure.thymeleaf.ThymeleafAutoConfiguration$DefaultTemplateResolverConfiguration'
15:44:16.178 [Test worker] DEBUG o.s.b.f.s.DefaultListableBeanFactory - Creating shared instance of singleton bean 'thymeleafResourceResolver'
15:44:16.178 [Test worker] DEBUG o.s.b.f.s.DefaultListableBeanFactory - Creating instance of bean 'thymeleafResourceResolver'
15:44:16.178 [Test worker] DEBUG o.s.b.f.s.DefaultListableBeanFactory - Returning cached instance of singleton bean 'org.springframework.transaction.config.internalTransactionAdvisor'
15:44:16.178 [Test worker] DEBUG o.s.b.f.s.DefaultListableBeanFactory - Returning cached instance of singleton bean 'org.springframework.boot.autoconfigure.thymeleaf.ThymeleafAutoConfiguration$DefaultTemplateResolverConfiguration'
15:44:16.181 [Test worker] DEBUG o.s.b.f.s.DefaultListableBeanFactory - Eagerly caching bean 'thymeleafResourceResolver' to allow for resolving potential circular references
15:44:16.186 [Test worker] DEBUG o.s.b.f.s.DefaultListableBeanFactory - Returning cached instance of singleton bean 'org.springframework.transaction.config.internalTransactionAdvisor'
15:44:16.186 [Test worker] DEBUG o.s.b.f.s.DefaultListableBeanFactory - Returning cached instance of singleton bean 'org.springframework.transaction.config.internalTransactionAdvisor'
15:44:16.187 [Test worker] DEBUG o.s.b.f.s.DefaultListableBeanFactory - Finished creating instance of bean 'thymeleafResourceResolver'
15:44:16.190 [Test worker] DEBUG o.s.b.f.s.DefaultListableBeanFactory - Eagerly caching bean 'defaultTemplateResolver' to allow for resolving potential circular references
15:44:16.208 [Test worker] DEBUG o.s.b.f.s.DefaultListableBeanFactory - Returning cached instance of singleton bean 'org.springframework.transaction.config.internalTransactionAdvisor'
15:44:16.208 [Test worker] DEBUG o.s.b.f.s.DefaultListableBeanFactory - Returning cached instance of singleton bean 'org.springframework.transaction.config.internalTransactionAdvisor'
15:44:16.209 [Test worker] DEBUG o.s.b.f.s.DefaultListableBeanFactory - Finished creating instance of bean 'defaultTemplateResolver'
15:44:16.210 [Test worker] DEBUG o.s.b.f.a.AutowiredAnnotationBeanPostProcessor - Autowiring by type from bean name 'org.springframework.boot.autoconfigure.thymeleaf.ThymeleafAutoConfiguration$ThymeleafDefaultConfiguration' to bean named 'defaultTemplateResolver'
15:44:16.210 [Test worker] DEBUG o.s.b.f.annotation.InjectionMetadata - Processing injected element of bean 'org.springframework.boot.autoconfigure.thymeleaf.ThymeleafAutoConfiguration$ThymeleafDefaultConfiguration': AutowiredFieldElement for private final java.util.Collection org.springframework.boot.autoconfigure.thymeleaf.ThymeleafAutoConfiguration$ThymeleafDefaultConfiguration.dialects
15:44:16.214 [Test worker] DEBUG o.s.b.f.s.DefaultListableBeanFactory - Returning cached instance of singleton bean 'org.springframework.transaction.config.internalTransactionAdvisor'
15:44:16.214 [Test worker] DEBUG o.s.b.f.s.DefaultListableBeanFactory - Returning cached instance of singleton bean 'org.springframework.transaction.config.internalTransactionAdvisor'
15:44:16.215 [Test worker] DEBUG o.s.b.f.s.DefaultListableBeanFactory - Finished creating instance of bean 'org.springframework.boot.autoconfigure.thymeleaf.ThymeleafAutoConfiguration$ThymeleafDefaultConfiguration'
15:44:16.291 [Test worker] DEBUG o.s.b.f.s.DefaultListableBeanFactory - Eagerly caching bean 'templateEngine' to allow for resolving potential circular references
15:44:16.304 [Test worker] DEBUG o.s.b.f.s.DefaultListableBeanFactory - Invoking afterPropertiesSet() on bean with name 'templateEngine'
15:44:16.306 [Test worker] DEBUG o.s.b.f.s.DefaultListableBeanFactory - Returning cached instance of singleton bean 'org.springframework.transaction.config.internalTransactionAdvisor'
15:44:16.306 [Test worker] DEBUG o.s.b.f.s.DefaultListableBeanFactory - Returning cached instance of singleton bean 'org.springframework.transaction.config.internalTransactionAdvisor'
15:44:16.307 [Test worker] DEBUG o.s.b.f.s.DefaultListableBeanFactory - Finished creating instance of bean 'templateEngine'
15:44:16.307 [Test worker] DEBUG o.s.b.f.a.AutowiredAnnotationBeanPostProcessor - Autowiring by type from bean name 'org.springframework.boot.autoconfigure.thymeleaf.ThymeleafAutoConfiguration$ThymeleafViewResolverConfiguration' to bean named 'templateEngine'
15:44:16.308 [Test worker] DEBUG o.s.b.f.s.DefaultListableBeanFactory - Returning cached instance of singleton bean 'org.springframework.transaction.config.internalTransactionAdvisor'
15:44:16.308 [Test worker] DEBUG o.s.b.f.s.DefaultListableBeanFactory - Returning cached instance of singleton bean 'org.springframework.transaction.config.internalTransactionAdvisor'
15:44:16.309 [Test worker] DEBUG o.s.b.f.s.DefaultListableBeanFactory - Finished creating instance of bean 'org.springframework.boot.autoconfigure.thymeleaf.ThymeleafAutoConfiguration$ThymeleafViewResolverConfiguration'
15:44:16.328 [Test worker] DEBUG o.s.b.f.s.DefaultListableBeanFactory - Eagerly caching bean 'thymeleafViewResolver' to allow for resolving potential circular references
15:44:16.340 [Test worker] DEBUG o.s.b.f.s.DefaultListableBeanFactory - Returning cached instance of singleton bean 'org.springframework.transaction.config.internalTransactionAdvisor'
15:44:16.340 [Test worker] DEBUG o.s.b.f.s.DefaultListableBeanFactory - Returning cached instance of singleton bean 'org.springframework.transaction.config.internalTransactionAdvisor'
15:44:16.341 [Test worker] DEBUG o.s.b.f.s.DefaultListableBeanFactory - Finished creating instance of bean 'thymeleafViewResolver'
15:44:16.342 [Test worker] DEBUG o.s.b.f.s.DefaultListableBeanFactory - Invoking afterPropertiesSet() on bean with name 'viewResolver'
15:44:16.342 [Test worker] DEBUG o.s.b.f.s.DefaultListableBeanFactory - Finished creating instance of bean 'viewResolver'
15:44:16.342 [Test worker] DEBUG o.s.b.f.s.DefaultListableBeanFactory - Returning cached instance of singleton bean 'spring.mvc.CONFIGURATION_PROPERTIES'
15:44:16.342 [Test worker] DEBUG o.s.b.f.s.DefaultListableBeanFactory - Returning cached instance of singleton bean 'spring.resources.CONFIGURATION_PROPERTIES'
15:44:16.342 [Test worker] DEBUG o.s.b.f.s.DefaultListableBeanFactory - Returning cached instance of singleton bean 'org.springframework.boot.context.properties.ConfigurationPropertiesBindingPostProcessor'
15:44:16.342 [Test worker] DEBUG o.s.b.f.s.DefaultListableBeanFactory - Returning cached instance of singleton bean 'org.springframework.boot.context.properties.ConfigurationPropertiesBindingPostProcessor.store'
15:44:16.342 [Test worker] DEBUG o.s.b.f.s.DefaultListableBeanFactory - Creating shared instance of singleton bean 'org.springframework.boot.autoconfigure.web.WebMvcAutoConfiguration'
15:44:16.342 [Test worker] DEBUG o.s.b.f.s.DefaultListableBeanFactory - Creating instance of bean 'org.springframework.boot.autoconfigure.web.WebMvcAutoConfiguration'
15:44:16.342 [Test worker] DEBUG o.s.b.f.s.DefaultListableBeanFactory - Returning cached instance of singleton bean 'org.springframework.transaction.config.internalTransactionAdvisor'
15:44:16.344 [Test worker] DEBUG o.s.b.f.s.DefaultListableBeanFactory - Eagerly caching bean 'org.springframework.boot.autoconfigure.web.WebMvcAutoConfiguration' to allow for resolving potential circular references
15:44:16.351 [Test worker] DEBUG o.s.b.f.s.DefaultListableBeanFactory - Returning cached instance of singleton bean 'org.springframework.transaction.config.internalTransactionAdvisor'
15:44:16.352 [Test worker] DEBUG o.s.b.f.s.DefaultListableBeanFactory - Returning cached instance of singleton bean 'org.springframework.transaction.config.internalTransactionAdvisor'
15:44:16.352 [Test worker] DEBUG o.s.b.f.s.DefaultListableBeanFactory - Finished creating instance of bean 'org.springframework.boot.autoconfigure.web.WebMvcAutoConfiguration'
15:44:16.352 [Test worker] DEBUG o.s.b.f.s.DefaultListableBeanFactory - Creating shared instance of singleton bean 'hiddenHttpMethodFilter'
15:44:16.353 [Test worker] DEBUG o.s.b.f.s.DefaultListableBeanFactory - Creating instance of bean 'hiddenHttpMethodFilter'
15:44:16.353 [Test worker] DEBUG o.s.b.f.s.DefaultListableBeanFactory - Returning cached instance of singleton bean 'org.springframework.transaction.config.internalTransactionAdvisor'
15:44:16.353 [Test worker] DEBUG o.s.b.f.s.DefaultListableBeanFactory - Returning cached instance of singleton bean 'org.springframework.boot.autoconfigure.web.WebMvcAutoConfiguration'
15:44:16.358 [Test worker] DEBUG o.s.w.c.s.StandardServletEnvironment - Adding [servletConfigInitParams] PropertySource with lowest search precedence
15:44:16.359 [Test worker] DEBUG o.s.w.c.s.StandardServletEnvironment - Adding [servletContextInitParams] PropertySource with lowest search precedence
15:44:16.359 [Test worker] DEBUG o.s.w.c.s.StandardServletEnvironment - Adding [systemProperties] PropertySource with lowest search precedence
15:44:16.359 [Test worker] DEBUG o.s.w.c.s.StandardServletEnvironment - Adding [systemEnvironment] PropertySource with lowest search precedence
15:44:16.359 [Test worker] DEBUG o.s.w.c.s.StandardServletEnvironment - Initialized StandardServletEnvironment with PropertySources [servletConfigInitParams,servletContextInitParams,systemProperties,systemEnvironment]
15:44:16.362 [Test worker] DEBUG o.s.b.f.s.DefaultListableBeanFactory - Eagerly caching bean 'hiddenHttpMethodFilter' to allow for resolving potential circular references
15:44:16.399 [Test worker] DEBUG o.s.b.f.s.DefaultListableBeanFactory - Invoking afterPropertiesSet() on bean with name 'hiddenHttpMethodFilter'
15:44:16.399 [Test worker] DEBUG o.s.b.f.s.DefaultListableBeanFactory - Returning cached instance of singleton bean 'org.springframework.transaction.config.internalTransactionAdvisor'
15:44:16.399 [Test worker] DEBUG o.s.b.f.s.DefaultListableBeanFactory - Returning cached instance of singleton bean 'org.springframework.transaction.config.internalTransactionAdvisor'
15:44:16.400 [Test worker] DEBUG o.s.b.f.s.DefaultListableBeanFactory - Finished creating instance of bean 'hiddenHttpMethodFilter'
15:44:16.400 [Test worker] DEBUG o.s.b.f.s.DefaultListableBeanFactory - Creating shared instance of singleton bean 'org.springframework.boot.autoconfigure.aop.AopAutoConfiguration$JdkDynamicAutoProxyConfiguration'
15:44:16.400 [Test worker] DEBUG o.s.b.f.s.DefaultListableBeanFactory - Creating instance of bean 'org.springframework.boot.autoconfigure.aop.AopAutoConfiguration$JdkDynamicAutoProxyConfiguration'
15:44:16.400 [Test worker] DEBUG o.s.b.f.s.DefaultListableBeanFactory - Returning cached instance of singleton bean 'org.springframework.transaction.config.internalTransactionAdvisor'
15:44:16.401 [Test worker] DEBUG o.s.b.f.s.DefaultListableBeanFactory - Eagerly caching bean 'org.springframework.boot.autoconfigure.aop.AopAutoConfiguration$JdkDynamicAutoProxyConfiguration' to allow for resolving potential circular references
15:44:16.455 [Test worker] DEBUG o.s.b.f.s.DefaultListableBeanFactory - Returning cached instance of singleton bean 'org.springframework.transaction.config.internalTransactionAdvisor'
15:44:16.455 [Test worker] DEBUG o.s.b.f.s.DefaultListableBeanFactory - Returning cached instance of singleton bean 'org.springframework.transaction.config.internalTransactionAdvisor'
15:44:16.455 [Test worker] DEBUG o.s.b.f.s.DefaultListableBeanFactory - Finished creating instance of bean 'org.springframework.boot.autoconfigure.aop.AopAutoConfiguration$JdkDynamicAutoProxyConfiguration'
15:44:16.455 [Test worker] DEBUG o.s.b.f.s.DefaultListableBeanFactory - Returning cached instance of singleton bean 'org.springframework.aop.config.internalAutoProxyCreator'
15:44:16.455 [Test worker] DEBUG o.s.b.f.s.DefaultListableBeanFactory - Creating shared instance of singleton bean 'org.springframework.boot.autoconfigure.aop.AopAutoConfiguration'
15:44:16.455 [Test worker] DEBUG o.s.b.f.s.DefaultListableBeanFactory - Creating instance of bean 'org.springframework.boot.autoconfigure.aop.AopAutoConfiguration'
15:44:16.456 [Test worker] DEBUG o.s.b.f.s.DefaultListableBeanFactory - Returning cached instance of singleton bean 'org.springframework.transaction.config.internalTransactionAdvisor'
15:44:16.456 [Test worker] DEBUG o.s.b.f.s.DefaultListableBeanFactory - Eagerly caching bean 'org.springframework.boot.autoconfigure.aop.AopAutoConfiguration' to allow for resolving potential circular references
15:44:16.479 [Test worker] DEBUG o.s.b.f.s.DefaultListableBeanFactory - Returning cached instance of singleton bean 'org.springframework.transaction.config.internalTransactionAdvisor'
15:44:16.479 [Test worker] DEBUG o.s.b.f.s.DefaultListableBeanFactory - Returning cached instance of singleton bean 'org.springframework.transaction.config.internalTransactionAdvisor'
15:44:16.480 [Test worker] DEBUG o.s.b.f.s.DefaultListableBeanFactory - Finished creating instance of bean 'org.springframework.boot.autoconfigure.aop.AopAutoConfiguration'
15:44:16.480 [Test worker] DEBUG o.s.b.f.s.DefaultListableBeanFactory - Creating shared instance of singleton bean 'org.springframework.boot.autoconfigure.dao.PersistenceExceptionTranslationAutoConfiguration'
15:44:16.480 [Test worker] DEBUG o.s.b.f.s.DefaultListableBeanFactory - Creating instance of bean 'org.springframework.boot.autoconfigure.dao.PersistenceExceptionTranslationAutoConfiguration'
15:44:16.480 [Test worker] DEBUG o.s.b.f.s.DefaultListableBeanFactory - Returning cached instance of singleton bean 'org.springframework.transaction.config.internalTransactionAdvisor'
15:44:16.481 [Test worker] DEBUG o.s.b.f.s.DefaultListableBeanFactory - Eagerly caching bean 'org.springframework.boot.autoconfigure.dao.PersistenceExceptionTranslationAutoConfiguration' to allow for resolving potential circular references
15:44:16.487 [Test worker] DEBUG o.s.b.f.s.DefaultListableBeanFactory - Returning cached instance of singleton bean 'org.springframework.transaction.config.internalTransactionAdvisor'
15:44:16.487 [Test worker] DEBUG o.s.b.f.s.DefaultListableBeanFactory - Returning cached instance of singleton bean 'org.springframework.transaction.config.internalTransactionAdvisor'
15:44:16.488 [Test worker] DEBUG o.s.b.f.s.DefaultListableBeanFactory - Finished creating instance of bean 'org.springframework.boot.autoconfigure.dao.PersistenceExceptionTranslationAutoConfiguration'
15:44:16.488 [Test worker] DEBUG o.s.b.f.s.DefaultListableBeanFactory - Returning cached instance of singleton bean 'persistenceExceptionTranslationPostProcessor'
15:44:16.488 [Test worker] DEBUG o.s.b.f.s.DefaultListableBeanFactory - Returning cached instance of singleton bean 'org.springframework.boot.autoconfigure.mongo.MongoAutoConfiguration'
15:44:16.488 [Test worker] DEBUG o.s.b.f.s.DefaultListableBeanFactory - Returning cached instance of singleton bean 'mongo'
15:44:16.488 [Test worker] DEBUG o.s.b.f.s.DefaultListableBeanFactory - Returning cached instance of singleton bean 'spring.data.mongodb.CONFIGURATION_PROPERTIES'
15:44:16.488 [Test worker] DEBUG o.s.b.f.s.DefaultListableBeanFactory - Creating shared instance of singleton bean 'org.springframework.boot.autoconfigure.data.mongo.MongoRepositoriesAutoConfiguration'
15:44:16.488 [Test worker] DEBUG o.s.b.f.s.DefaultListableBeanFactory - Creating instance of bean 'org.springframework.boot.autoconfigure.data.mongo.MongoRepositoriesAutoConfiguration'
15:44:16.488 [Test worker] DEBUG o.s.b.f.s.DefaultListableBeanFactory - Returning cached instance of singleton bean 'org.springframework.transaction.config.internalTransactionAdvisor'
15:44:16.502 [Test worker] DEBUG o.s.b.f.s.DefaultListableBeanFactory - Eagerly caching bean 'org.springframework.boot.autoconfigure.data.mongo.MongoRepositoriesAutoConfiguration' to allow for resolving potential circular references
15:44:16.510 [Test worker] DEBUG o.s.b.f.s.DefaultListableBeanFactory - Returning cached instance of singleton bean 'org.springframework.transaction.config.internalTransactionAdvisor'
15:44:16.510 [Test worker] DEBUG o.s.b.f.s.DefaultListableBeanFactory - Returning cached instance of singleton bean 'org.springframework.transaction.config.internalTransactionAdvisor'
15:44:16.514 [Test worker] DEBUG o.s.b.f.s.DefaultListableBeanFactory - Finished creating instance of bean 'org.springframework.boot.autoconfigure.data.mongo.MongoRepositoriesAutoConfiguration'
15:44:16.514 [Test worker] DEBUG o.s.b.f.s.DefaultListableBeanFactory - Returning cached instance of singleton bean 'org.springframework.data.repository.core.support.RepositoryInterfaceAwareBeanPostProcessor'
15:44:16.514 [Test worker] DEBUG o.s.b.f.s.DefaultListableBeanFactory - Returning cached instance of singleton bean 'mongoMappingContext'
15:44:16.514 [Test worker] DEBUG o.s.b.f.s.DefaultListableBeanFactory - Returning cached instance of singleton bean 'org.springframework.boot.autoconfigure.jackson.JacksonAutoConfiguration$JacksonObjectMapperBuilderConfiguration'
15:44:16.514 [Test worker] DEBUG o.s.b.f.s.DefaultListableBeanFactory - Returning cached instance of singleton bean 'jacksonObjectMapperBuilder'
15:44:16.514 [Test worker] DEBUG o.s.b.f.s.DefaultListableBeanFactory - Returning cached instance of singleton bean 'http.mappers.CONFIGURATION_PROPERTIES'
15:44:16.515 [Test worker] DEBUG o.s.b.f.s.DefaultListableBeanFactory - Returning cached instance of singleton bean 'spring.jackson.CONFIGURATION_PROPERTIES'
15:44:16.515 [Test worker] DEBUG o.s.b.f.s.DefaultListableBeanFactory - Returning cached instance of singleton bean 'org.springframework.boot.autoconfigure.jackson.JacksonAutoConfiguration$JacksonObjectMapperConfiguration'
15:44:16.515 [Test worker] DEBUG o.s.b.f.s.DefaultListableBeanFactory - Returning cached instance of singleton bean 'jacksonObjectMapper'
15:44:16.515 [Test worker] DEBUG o.s.b.f.s.DefaultListableBeanFactory - Creating shared instance of singleton bean 'org.springframework.boot.autoconfigure.jackson.JacksonAutoConfiguration'
15:44:16.515 [Test worker] DEBUG o.s.b.f.s.DefaultListableBeanFactory - Creating instance of bean 'org.springframework.boot.autoconfigure.jackson.JacksonAutoConfiguration'
15:44:16.515 [Test worker] DEBUG o.s.b.f.s.DefaultListableBeanFactory - Returning cached instance of singleton bean 'org.springframework.transaction.config.internalTransactionAdvisor'
15:44:16.515 [Test worker] DEBUG o.s.c.a.CommonAnnotationBeanPostProcessor - Found init method on class [org.springframework.boot.autoconfigure.jackson.JacksonAutoConfiguration$$EnhancerBySpringCGLIB$$64848615]: private void org.springframework.boot.autoconfigure.jackson.JacksonAutoConfiguration.registerModulesWithObjectMappers()
15:44:16.516 [Test worker] DEBUG o.s.c.a.CommonAnnotationBeanPostProcessor - Registered init method on class [org.springframework.boot.autoconfigure.jackson.JacksonAutoConfiguration$$EnhancerBySpringCGLIB$$64848615]: org.springframework.beans.factory.annotation.InitDestroyAnnotationBeanPostProcessor$LifecycleElement@927d7c4
15:44:16.516 [Test worker] DEBUG o.s.b.f.annotation.InjectionMetadata - Registered injected element on class [org.springframework.boot.autoconfigure.jackson.JacksonAutoConfiguration$$EnhancerBySpringCGLIB$$64848615]: AutowiredFieldElement for private org.springframework.beans.factory.ListableBeanFactory org.springframework.boot.autoconfigure.jackson.JacksonAutoConfiguration.beanFactory
15:44:16.516 [Test worker] DEBUG o.s.b.f.s.DefaultListableBeanFactory - Eagerly caching bean 'org.springframework.boot.autoconfigure.jackson.JacksonAutoConfiguration' to allow for resolving potential circular references
15:44:16.527 [Test worker] DEBUG o.s.b.f.annotation.InjectionMetadata - Processing injected element of bean 'org.springframework.boot.autoconfigure.jackson.JacksonAutoConfiguration': AutowiredFieldElement for private org.springframework.beans.factory.ListableBeanFactory org.springframework.boot.autoconfigure.jackson.JacksonAutoConfiguration.beanFactory
15:44:16.527 [Test worker] DEBUG o.s.b.f.a.AutowiredAnnotationBeanPostProcessor - Autowiring by type from bean name 'org.springframework.boot.autoconfigure.jackson.JacksonAutoConfiguration' to bean named 'org.springframework.beans.factory.support.DefaultListableBeanFactory@447e689b'
15:44:16.527 [Test worker] DEBUG o.s.c.a.CommonAnnotationBeanPostProcessor - Invoking init method on bean 'org.springframework.boot.autoconfigure.jackson.JacksonAutoConfiguration': private void org.springframework.boot.autoconfigure.jackson.JacksonAutoConfiguration.registerModulesWithObjectMappers()
15:44:16.527 [Test worker] DEBUG o.s.b.f.s.DefaultListableBeanFactory - Returning cached instance of singleton bean 'geoJsonModule'
15:44:16.527 [Test worker] DEBUG o.s.b.f.s.DefaultListableBeanFactory - Returning cached instance of singleton bean 'jacksonGeoModule'
15:44:16.527 [Test worker] DEBUG o.s.b.f.s.DefaultListableBeanFactory - Returning cached instance of singleton bean 'jacksonObjectMapper'
15:44:16.528 [Test worker] DEBUG o.s.b.f.s.DefaultListableBeanFactory - Returning cached instance of singleton bean 'org.springframework.transaction.config.internalTransactionAdvisor'
15:44:16.528 [Test worker] DEBUG o.s.b.f.s.DefaultListableBeanFactory - Returning cached instance of singleton bean 'org.springframework.transaction.config.internalTransactionAdvisor'
15:44:16.531 [Test worker] DEBUG o.s.b.f.s.DefaultListableBeanFactory - Finished creating instance of bean 'org.springframework.boot.autoconfigure.jackson.JacksonAutoConfiguration'
15:44:16.531 [Test worker] DEBUG o.s.b.f.s.DefaultListableBeanFactory - Returning cached instance of singleton bean 'org.springframework.boot.autoconfigure.web.HttpMessageConvertersAutoConfiguration$StringHttpMessageConverterConfiguration'
15:44:16.531 [Test worker] DEBUG o.s.b.f.s.DefaultListableBeanFactory - Returning cached instance of singleton bean 'stringHttpMessageConverter'
15:44:16.531 [Test worker] DEBUG o.s.b.f.s.DefaultListableBeanFactory - Returning cached instance of singleton bean 'spring.http.encoding.CONFIGURATION_PROPERTIES'
15:44:16.531 [Test worker] DEBUG o.s.b.f.s.DefaultListableBeanFactory - Returning cached instance of singleton bean 'org.springframework.boot.autoconfigure.web.JacksonHttpMessageConvertersConfiguration$MappingJackson2HttpMessageConverterConfiguration'
15:44:16.531 [Test worker] DEBUG o.s.b.f.s.DefaultListableBeanFactory - Returning cached instance of singleton bean 'mappingJackson2HttpMessageConverter'
15:44:16.531 [Test worker] DEBUG o.s.b.f.s.DefaultListableBeanFactory - Creating shared instance of singleton bean 'org.springframework.boot.autoconfigure.web.JacksonHttpMessageConvertersConfiguration'
15:44:16.531 [Test worker] DEBUG o.s.b.f.s.DefaultListableBeanFactory - Creating instance of bean 'org.springframework.boot.autoconfigure.web.JacksonHttpMessageConvertersConfiguration'
15:44:16.531 [Test worker] DEBUG o.s.b.f.s.DefaultListableBeanFactory - Returning cached instance of singleton bean 'org.springframework.transaction.config.internalTransactionAdvisor'
15:44:16.532 [Test worker] DEBUG o.s.b.f.s.DefaultListableBeanFactory - Eagerly caching bean 'org.springframework.boot.autoconfigure.web.JacksonHttpMessageConvertersConfiguration' to allow for resolving potential circular references
15:44:16.554 [Test worker] DEBUG o.s.b.f.s.DefaultListableBeanFactory - Returning cached instance of singleton bean 'org.springframework.transaction.config.internalTransactionAdvisor'
15:44:16.554 [Test worker] DEBUG o.s.b.f.s.DefaultListableBeanFactory - Returning cached instance of singleton bean 'org.springframework.transaction.config.internalTransactionAdvisor'
15:44:16.555 [Test worker] DEBUG o.s.b.f.s.DefaultListableBeanFactory - Finished creating instance of bean 'org.springframework.boot.autoconfigure.web.JacksonHttpMessageConvertersConfiguration'
15:44:16.555 [Test worker] DEBUG o.s.b.f.s.DefaultListableBeanFactory - Returning cached instance of singleton bean 'org.springframework.boot.autoconfigure.web.HttpMessageConvertersAutoConfiguration'
15:44:16.555 [Test worker] DEBUG o.s.b.f.s.DefaultListableBeanFactory - Returning cached instance of singleton bean 'messageConverters'
15:44:16.555 [Test worker] DEBUG o.s.b.f.s.DefaultListableBeanFactory - Returning cached instance of singleton bean 'org.springframework.data.web.config.SpringDataWebConfiguration'
15:44:16.555 [Test worker] DEBUG o.s.b.f.s.DefaultListableBeanFactory - Returning cached instance of singleton bean 'pageableResolver'
15:44:16.555 [Test worker] DEBUG o.s.b.f.s.DefaultListableBeanFactory - Returning cached instance of singleton bean 'sortResolver'
15:44:16.555 [Test worker] DEBUG o.s.b.f.s.DefaultListableBeanFactory - Returning cached instance of singleton bean 'org.springframework.data.mongodb.core.GeoJsonConfiguration'
15:44:16.555 [Test worker] DEBUG o.s.b.f.s.DefaultListableBeanFactory - Returning cached instance of singleton bean 'geoJsonModule'
15:44:16.555 [Test worker] DEBUG o.s.b.f.s.DefaultListableBeanFactory - Returning cached instance of singleton bean 'org.springframework.data.web.config.SpringDataJacksonConfiguration'
15:44:16.555 [Test worker] DEBUG o.s.b.f.s.DefaultListableBeanFactory - Returning cached instance of singleton bean 'jacksonGeoModule'
15:44:16.555 [Test worker] DEBUG o.s.b.f.s.DefaultListableBeanFactory - Creating shared instance of singleton bean 'org.springframework.boot.autoconfigure.data.web.SpringDataWebAutoConfiguration'
15:44:16.555 [Test worker] DEBUG o.s.b.f.s.DefaultListableBeanFactory - Creating instance of bean 'org.springframework.boot.autoconfigure.data.web.SpringDataWebAutoConfiguration'
15:44:16.556 [Test worker] DEBUG o.s.b.f.s.DefaultListableBeanFactory - Returning cached instance of singleton bean 'org.springframework.transaction.config.internalTransactionAdvisor'
15:44:16.556 [Test worker] DEBUG o.s.b.f.s.DefaultListableBeanFactory - Eagerly caching bean 'org.springframework.boot.autoconfigure.data.web.SpringDataWebAutoConfiguration' to allow for resolving potential circular references
15:44:16.564 [Test worker] DEBUG o.s.b.f.s.DefaultListableBeanFactory - Returning cached instance of singleton bean 'org.springframework.transaction.config.internalTransactionAdvisor'
15:44:16.564 [Test worker] DEBUG o.s.b.f.s.DefaultListableBeanFactory - Returning cached instance of singleton bean 'org.springframework.transaction.config.internalTransactionAdvisor'
15:44:16.565 [Test worker] DEBUG o.s.b.f.s.DefaultListableBeanFactory - Finished creating instance of bean 'org.springframework.boot.autoconfigure.data.web.SpringDataWebAutoConfiguration'
15:44:16.565 [Test worker] DEBUG o.s.b.f.s.DefaultListableBeanFactory - Creating shared instance of singleton bean 'org.springframework.boot.autoconfigure.jta.JtaAutoConfiguration'
15:44:16.565 [Test worker] DEBUG o.s.b.f.s.DefaultListableBeanFactory - Creating instance of bean 'org.springframework.boot.autoconfigure.jta.JtaAutoConfiguration'
15:44:16.565 [Test worker] DEBUG o.s.b.f.s.DefaultListableBeanFactory - Returning cached instance of singleton bean 'org.springframework.transaction.config.internalTransactionAdvisor'
15:44:16.565 [Test worker] DEBUG o.s.b.f.s.DefaultListableBeanFactory - Eagerly caching bean 'org.springframework.boot.autoconfigure.jta.JtaAutoConfiguration' to allow for resolving potential circular references
15:44:16.573 [Test worker] DEBUG o.s.b.f.s.DefaultListableBeanFactory - Returning cached instance of singleton bean 'org.springframework.transaction.config.internalTransactionAdvisor'
15:44:16.573 [Test worker] DEBUG o.s.b.f.s.DefaultListableBeanFactory - Returning cached instance of singleton bean 'org.springframework.transaction.config.internalTransactionAdvisor'
15:44:16.573 [Test worker] DEBUG o.s.b.f.s.DefaultListableBeanFactory - Finished creating instance of bean 'org.springframework.boot.autoconfigure.jta.JtaAutoConfiguration'
15:44:16.573 [Test worker] DEBUG o.s.b.f.s.DefaultListableBeanFactory - Creating shared instance of singleton bean 'spring.jta.CONFIGURATION_PROPERTIES'
15:44:16.573 [Test worker] DEBUG o.s.b.f.s.DefaultListableBeanFactory - Creating instance of bean 'spring.jta.CONFIGURATION_PROPERTIES'
15:44:16.573 [Test worker] DEBUG o.s.b.f.s.DefaultListableBeanFactory - Returning cached instance of singleton bean 'org.springframework.transaction.config.internalTransactionAdvisor'
15:44:16.573 [Test worker] DEBUG o.s.b.f.s.DefaultListableBeanFactory - Eagerly caching bean 'spring.jta.CONFIGURATION_PROPERTIES' to allow for resolving potential circular references
15:44:16.581 [Test worker] DEBUG o.s.core.env.MutablePropertySources - Adding [servletConfigInitParams] PropertySource with lowest search precedence
15:44:16.581 [Test worker] DEBUG o.s.core.env.MutablePropertySources - Adding [servletContextInitParams] PropertySource with lowest search precedence
15:44:16.581 [Test worker] DEBUG o.s.core.env.MutablePropertySources - Adding [systemProperties] PropertySource with lowest search precedence
15:44:16.581 [Test worker] DEBUG o.s.core.env.MutablePropertySources - Adding [systemEnvironment] PropertySource with lowest search precedence
15:44:16.581 [Test worker] DEBUG o.s.core.env.MutablePropertySources - Adding [localProperties] PropertySource with lowest search precedence
15:44:16.602 [Test worker] DEBUG o.s.b.f.s.DefaultListableBeanFactory - Returning cached instance of singleton bean 'org.springframework.transaction.config.internalTransactionAdvisor'
15:44:16.602 [Test worker] DEBUG o.s.b.f.s.DefaultListableBeanFactory - Returning cached instance of singleton bean 'org.springframework.transaction.config.internalTransactionAdvisor'
15:44:16.602 [Test worker] DEBUG o.s.b.f.s.DefaultListableBeanFactory - Finished creating instance of bean 'spring.jta.CONFIGURATION_PROPERTIES'
15:44:16.602 [Test worker] DEBUG o.s.b.f.s.DefaultListableBeanFactory - Creating shared instance of singleton bean 'org.springframework.boot.autoconfigure.jdbc.DataSourceAutoConfiguration$JdbcTemplateConfiguration'
15:44:16.602 [Test worker] DEBUG o.s.b.f.s.DefaultListableBeanFactory - Creating instance of bean 'org.springframework.boot.autoconfigure.jdbc.DataSourceAutoConfiguration$JdbcTemplateConfiguration'
15:44:16.603 [Test worker] DEBUG o.s.b.f.s.DefaultListableBeanFactory - Returning cached instance of singleton bean 'org.springframework.transaction.config.internalTransactionAdvisor'
15:44:16.604 [Test worker] DEBUG o.s.b.f.annotation.InjectionMetadata - Registered injected element on class [org.springframework.boot.autoconfigure.jdbc.DataSourceAutoConfiguration$JdbcTemplateConfiguration$$EnhancerBySpringCGLIB$$d50e2632]: AutowiredFieldElement for private javax.sql.DataSource org.springframework.boot.autoconfigure.jdbc.DataSourceAutoConfiguration$JdbcTemplateConfiguration.dataSource
15:44:16.605 [Test worker] DEBUG o.s.b.f.s.DefaultListableBeanFactory - Eagerly caching bean 'org.springframework.boot.autoconfigure.jdbc.DataSourceAutoConfiguration$JdbcTemplateConfiguration' to allow for resolving potential circular references
15:44:16.615 [Test worker] DEBUG o.s.b.f.annotation.InjectionMetadata - Processing injected element of bean 'org.springframework.boot.autoconfigure.jdbc.DataSourceAutoConfiguration$JdbcTemplateConfiguration': AutowiredFieldElement for private javax.sql.DataSource org.springframework.boot.autoconfigure.jdbc.DataSourceAutoConfiguration$JdbcTemplateConfiguration.dataSource
15:44:16.621 [Test worker] DEBUG o.s.b.f.s.DefaultListableBeanFactory - Creating shared instance of singleton bean 'dataSource'
15:44:16.621 [Test worker] DEBUG o.s.b.f.s.DefaultListableBeanFactory - Creating instance of bean 'dataSource'
15:44:16.622 [Test worker] DEBUG o.s.b.f.s.DefaultListableBeanFactory - Returning cached instance of singleton bean 'org.springframework.transaction.config.internalTransactionAdvisor'
15:44:16.622 [Test worker] DEBUG o.s.b.f.s.DefaultListableBeanFactory - Creating shared instance of singleton bean 'org.springframework.boot.autoconfigure.jdbc.DataSourceAutoConfiguration$NonEmbeddedConfiguration'
15:44:16.622 [Test worker] DEBUG o.s.b.f.s.DefaultListableBeanFactory - Creating instance of bean 'org.springframework.boot.autoconfigure.jdbc.DataSourceAutoConfiguration$NonEmbeddedConfiguration'
15:44:16.622 [Test worker] DEBUG o.s.b.f.s.DefaultListableBeanFactory - Returning cached instance of singleton bean 'org.springframework.transaction.config.internalTransactionAdvisor'
15:44:16.623 [Test worker] DEBUG o.s.b.f.annotation.InjectionMetadata - Registered injected element on class [org.springframework.boot.autoconfigure.jdbc.DataSourceAutoConfiguration$NonEmbeddedConfiguration]: AutowiredFieldElement for private org.springframework.boot.autoconfigure.jdbc.DataSourceProperties org.springframework.boot.autoconfigure.jdbc.DataSourceAutoConfiguration$NonEmbeddedConfiguration.properties
15:44:16.623 [Test worker] DEBUG o.s.b.f.s.DefaultListableBeanFactory - Eagerly caching bean 'org.springframework.boot.autoconfigure.jdbc.DataSourceAutoConfiguration$NonEmbeddedConfiguration' to allow for resolving potential circular references
15:44:16.627 [Test worker] DEBUG o.s.b.f.annotation.InjectionMetadata - Processing injected element of bean 'org.springframework.boot.autoconfigure.jdbc.DataSourceAutoConfiguration$NonEmbeddedConfiguration': AutowiredFieldElement for private org.springframework.boot.autoconfigure.jdbc.DataSourceProperties org.springframework.boot.autoconfigure.jdbc.DataSourceAutoConfiguration$NonEmbeddedConfiguration.properties
15:44:16.629 [Test worker] DEBUG o.s.b.f.s.DefaultListableBeanFactory - Creating shared instance of singleton bean 'spring.datasource.CONFIGURATION_PROPERTIES'
15:44:16.629 [Test worker] DEBUG o.s.b.f.s.DefaultListableBeanFactory - Creating instance of bean 'spring.datasource.CONFIGURATION_PROPERTIES'
15:44:16.629 [Test worker] DEBUG o.s.b.f.s.DefaultListableBeanFactory - Returning cached instance of singleton bean 'org.springframework.transaction.config.internalTransactionAdvisor'
15:44:16.632 [Test worker] DEBUG o.s.b.f.s.DefaultListableBeanFactory - Eagerly caching bean 'spring.datasource.CONFIGURATION_PROPERTIES' to allow for resolving potential circular references
15:44:16.641 [Test worker] DEBUG o.s.core.env.MutablePropertySources - Adding [servletConfigInitParams] PropertySource with lowest search precedence
15:44:16.641 [Test worker] DEBUG o.s.core.env.MutablePropertySources - Adding [servletContextInitParams] PropertySource with lowest search precedence
15:44:16.641 [Test worker] DEBUG o.s.core.env.MutablePropertySources - Adding [systemProperties] PropertySource with lowest search precedence
15:44:16.642 [Test worker] DEBUG o.s.core.env.MutablePropertySources - Adding [systemEnvironment] PropertySource with lowest search precedence
15:44:16.642 [Test worker] DEBUG o.s.core.env.MutablePropertySources - Adding [localProperties] PropertySource with lowest search precedence
15:44:16.670 [Test worker] DEBUG o.s.b.f.s.DefaultListableBeanFactory - Invoking afterPropertiesSet() on bean with name 'spring.datasource.CONFIGURATION_PROPERTIES'
15:44:16.675 [Test worker] DEBUG o.s.b.f.s.DefaultListableBeanFactory - Returning cached instance of singleton bean 'org.springframework.transaction.config.internalTransactionAdvisor'
15:44:16.675 [Test worker] DEBUG o.s.b.f.s.DefaultListableBeanFactory - Returning cached instance of singleton bean 'org.springframework.transaction.config.internalTransactionAdvisor'
15:44:16.676 [Test worker] DEBUG o.s.b.f.s.DefaultListableBeanFactory - Finished creating instance of bean 'spring.datasource.CONFIGURATION_PROPERTIES'
15:44:16.676 [Test worker] DEBUG o.s.b.f.a.AutowiredAnnotationBeanPostProcessor - Autowiring by type from bean name 'org.springframework.boot.autoconfigure.jdbc.DataSourceAutoConfiguration$NonEmbeddedConfiguration' to bean named 'spring.datasource.CONFIGURATION_PROPERTIES'
15:44:16.676 [Test worker] DEBUG o.s.b.f.s.DefaultListableBeanFactory - Returning cached instance of singleton bean 'org.springframework.transaction.config.internalTransactionAdvisor'
15:44:16.676 [Test worker] DEBUG o.s.b.f.s.DefaultListableBeanFactory - Returning cached instance of singleton bean 'org.springframework.transaction.config.internalTransactionAdvisor'
15:44:16.677 [Test worker] DEBUG o.s.b.f.s.DefaultListableBeanFactory - Finished creating instance of bean 'org.springframework.boot.autoconfigure.jdbc.DataSourceAutoConfiguration$NonEmbeddedConfiguration'
15:44:16.805 [Test worker] DEBUG o.s.b.f.s.DefaultListableBeanFactory - Eagerly caching bean 'dataSource' to allow for resolving potential circular references
15:44:16.820 [Test worker] DEBUG o.s.core.env.MutablePropertySources - Adding [servletConfigInitParams] PropertySource with lowest search precedence
15:44:16.820 [Test worker] DEBUG o.s.core.env.MutablePropertySources - Adding [servletContextInitParams] PropertySource with lowest search precedence
15:44:16.820 [Test worker] DEBUG o.s.core.env.MutablePropertySources - Adding [systemProperties] PropertySource with lowest search precedence
15:44:16.820 [Test worker] DEBUG o.s.core.env.MutablePropertySources - Adding [systemEnvironment] PropertySource with lowest search precedence
15:44:16.820 [Test worker] DEBUG o.s.core.env.MutablePropertySources - Adding [localProperties] PropertySource with lowest search precedence
15:44:17.066 [Test worker] DEBUG o.s.b.f.s.DefaultListableBeanFactory - Returning cached instance of singleton bean 'org.springframework.transaction.config.internalTransactionAdvisor'
15:44:17.066 [Test worker] DEBUG o.s.b.f.s.DefaultListableBeanFactory - Returning cached instance of singleton bean 'org.springframework.transaction.config.internalTransactionAdvisor'
15:44:17.072 [Test worker] DEBUG o.s.b.f.s.DefaultListableBeanFactory - Creating shared instance of singleton bean 'dataSourceInitializer'
15:44:17.072 [Test worker] DEBUG o.s.b.f.s.DefaultListableBeanFactory - Creating instance of bean 'dataSourceInitializer'
15:44:17.072 [Test worker] DEBUG o.s.b.f.s.DefaultListableBeanFactory - Returning cached instance of singleton bean 'org.springframework.transaction.config.internalTransactionAdvisor'
15:44:17.072 [Test worker] DEBUG o.s.b.f.s.DefaultListableBeanFactory - Creating shared instance of singleton bean 'org.springframework.boot.autoconfigure.jdbc.DataSourceAutoConfiguration$DataSourceInitializerConfiguration'
15:44:17.072 [Test worker] DEBUG o.s.b.f.s.DefaultListableBeanFactory - Creating instance of bean 'org.springframework.boot.autoconfigure.jdbc.DataSourceAutoConfiguration$DataSourceInitializerConfiguration'
15:44:17.072 [Test worker] DEBUG o.s.b.f.s.DefaultListableBeanFactory - Returning cached instance of singleton bean 'org.springframework.transaction.config.internalTransactionAdvisor'
15:44:17.073 [Test worker] DEBUG o.s.b.f.s.DefaultListableBeanFactory - Eagerly caching bean 'org.springframework.boot.autoconfigure.jdbc.DataSourceAutoConfiguration$DataSourceInitializerConfiguration' to allow for resolving potential circular references
15:44:17.083 [Test worker] DEBUG o.s.b.f.s.DefaultListableBeanFactory - Returning cached instance of singleton bean 'org.springframework.transaction.config.internalTransactionAdvisor'
15:44:17.083 [Test worker] DEBUG o.s.b.f.s.DefaultListableBeanFactory - Returning cached instance of singleton bean 'org.springframework.transaction.config.internalTransactionAdvisor'
15:44:17.083 [Test worker] DEBUG o.s.b.f.s.DefaultListableBeanFactory - Finished creating instance of bean 'org.springframework.boot.autoconfigure.jdbc.DataSourceAutoConfiguration$DataSourceInitializerConfiguration'
15:44:17.090 [Test worker] DEBUG o.s.c.a.CommonAnnotationBeanPostProcessor - Found init method on class [org.springframework.boot.autoconfigure.jdbc.DataSourceInitializer]: public void org.springframework.boot.autoconfigure.jdbc.DataSourceInitializer.init()
15:44:17.090 [Test worker] DEBUG o.s.c.a.CommonAnnotationBeanPostProcessor - Registered init method on class [org.springframework.boot.autoconfigure.jdbc.DataSourceInitializer]: org.springframework.beans.factory.annotation.InitDestroyAnnotationBeanPostProcessor$LifecycleElement@316510
15:44:17.091 [Test worker] DEBUG o.s.b.f.annotation.InjectionMetadata - Registered injected element on class [org.springframework.boot.autoconfigure.jdbc.DataSourceInitializer]: AutowiredFieldElement for private org.springframework.context.ConfigurableApplicationContext org.springframework.boot.autoconfigure.jdbc.DataSourceInitializer.applicationContext
15:44:17.092 [Test worker] DEBUG o.s.b.f.annotation.InjectionMetadata - Registered injected element on class [org.springframework.boot.autoconfigure.jdbc.DataSourceInitializer]: AutowiredFieldElement for private org.springframework.boot.autoconfigure.jdbc.DataSourceProperties org.springframework.boot.autoconfigure.jdbc.DataSourceInitializer.properties
15:44:17.092 [Test worker] DEBUG o.s.b.f.s.DefaultListableBeanFactory - Eagerly caching bean 'dataSourceInitializer' to allow for resolving potential circular references
15:44:17.120 [Test worker] DEBUG o.s.b.f.annotation.InjectionMetadata - Processing injected element of bean 'dataSourceInitializer': AutowiredFieldElement for private org.springframework.context.ConfigurableApplicationContext org.springframework.boot.autoconfigure.jdbc.DataSourceInitializer.applicationContext
15:44:17.122 [Test worker] DEBUG o.s.b.f.a.AutowiredAnnotationBeanPostProcessor - Autowiring by type from bean name 'dataSourceInitializer' to bean named 'org.springframework.web.context.support.GenericWebApplicationContext@69735d79'
15:44:17.122 [Test worker] DEBUG o.s.b.f.annotation.InjectionMetadata - Processing injected element of bean 'dataSourceInitializer': AutowiredFieldElement for private org.springframework.boot.autoconfigure.jdbc.DataSourceProperties org.springframework.boot.autoconfigure.jdbc.DataSourceInitializer.properties
15:44:17.122 [Test worker] DEBUG o.s.b.f.s.DefaultListableBeanFactory - Returning cached instance of singleton bean 'spring.datasource.CONFIGURATION_PROPERTIES'
15:44:17.122 [Test worker] DEBUG o.s.b.f.a.AutowiredAnnotationBeanPostProcessor - Autowiring by type from bean name 'dataSourceInitializer' to bean named 'spring.datasource.CONFIGURATION_PROPERTIES'
15:44:17.122 [Test worker] DEBUG o.s.c.a.CommonAnnotationBeanPostProcessor - Invoking init method on bean 'dataSourceInitializer': public void org.springframework.boot.autoconfigure.jdbc.DataSourceInitializer.init()
15:44:17.124 [Test worker] DEBUG o.s.b.f.s.DefaultListableBeanFactory - Returning eagerly cached instance of singleton bean 'dataSource' that is not fully initialized yet - a consequence of a circular reference
15:44:17.126 [Test worker] DEBUG o.s.b.f.s.DefaultListableBeanFactory - Returning cached instance of singleton bean 'org.springframework.transaction.config.internalTransactionAdvisor'
15:44:17.126 [Test worker] DEBUG o.s.b.f.s.DefaultListableBeanFactory - Returning cached instance of singleton bean 'org.springframework.transaction.config.internalTransactionAdvisor'
15:44:17.126 [Test worker] DEBUG o.s.b.f.s.DefaultListableBeanFactory - Finished creating instance of bean 'dataSourceInitializer'
15:44:17.126 [Test worker] DEBUG o.s.b.f.s.DefaultListableBeanFactory - Finished creating instance of bean 'dataSource'
15:44:17.126 [Test worker] DEBUG o.s.b.f.a.AutowiredAnnotationBeanPostProcessor - Autowiring by type from bean name 'org.springframework.boot.autoconfigure.jdbc.DataSourceAutoConfiguration$JdbcTemplateConfiguration' to bean named 'dataSource'
15:44:17.127 [Test worker] DEBUG o.s.b.f.s.DefaultListableBeanFactory - Returning cached instance of singleton bean 'org.springframework.transaction.config.internalTransactionAdvisor'
15:44:17.127 [Test worker] DEBUG o.s.b.f.s.DefaultListableBeanFactory - Returning cached instance of singleton bean 'org.springframework.transaction.config.internalTransactionAdvisor'
15:44:17.128 [Test worker] DEBUG o.s.b.f.s.DefaultListableBeanFactory - Finished creating instance of bean 'org.springframework.boot.autoconfigure.jdbc.DataSourceAutoConfiguration$JdbcTemplateConfiguration'
15:44:17.129 [Test worker] DEBUG o.s.b.f.s.DefaultListableBeanFactory - Creating shared instance of singleton bean 'jdbcTemplate'
15:44:17.129 [Test worker] DEBUG o.s.b.f.s.DefaultListableBeanFactory - Creating instance of bean 'jdbcTemplate'
15:44:17.129 [Test worker] DEBUG o.s.b.f.s.DefaultListableBeanFactory - Returning cached instance of singleton bean 'org.springframework.transaction.config.internalTransactionAdvisor'
15:44:17.129 [Test worker] DEBUG o.s.b.f.s.DefaultListableBeanFactory - Returning cached instance of singleton bean 'org.springframework.boot.autoconfigure.jdbc.DataSourceAutoConfiguration$JdbcTemplateConfiguration'
15:44:17.168 [Test worker] DEBUG o.s.b.f.s.DefaultListableBeanFactory - Eagerly caching bean 'jdbcTemplate' to allow for resolving potential circular references
15:44:17.182 [Test worker] DEBUG o.s.b.f.s.DefaultListableBeanFactory - Invoking afterPropertiesSet() on bean with name 'jdbcTemplate'
15:44:17.182 [Test worker] DEBUG o.s.b.f.s.DefaultListableBeanFactory - Returning cached instance of singleton bean 'org.springframework.transaction.config.internalTransactionAdvisor'
15:44:17.182 [Test worker] DEBUG o.s.b.f.s.DefaultListableBeanFactory - Returning cached instance of singleton bean 'org.springframework.transaction.config.internalTransactionAdvisor'
15:44:17.187 [Test worker] DEBUG o.s.b.f.s.DefaultListableBeanFactory - Finished creating instance of bean 'jdbcTemplate'
15:44:17.187 [Test worker] DEBUG o.s.b.f.s.DefaultListableBeanFactory - Creating shared instance of singleton bean 'namedParameterJdbcTemplate'
15:44:17.187 [Test worker] DEBUG o.s.b.f.s.DefaultListableBeanFactory - Creating instance of bean 'namedParameterJdbcTemplate'
15:44:17.187 [Test worker] DEBUG o.s.b.f.s.DefaultListableBeanFactory - Returning cached instance of singleton bean 'org.springframework.transaction.config.internalTransactionAdvisor'
15:44:17.187 [Test worker] DEBUG o.s.b.f.s.DefaultListableBeanFactory - Returning cached instance of singleton bean 'org.springframework.boot.autoconfigure.jdbc.DataSourceAutoConfiguration$JdbcTemplateConfiguration'
15:44:17.193 [Test worker] DEBUG o.s.b.f.s.DefaultListableBeanFactory - Eagerly caching bean 'namedParameterJdbcTemplate' to allow for resolving potential circular references
15:44:17.457 [Test worker] DEBUG o.s.b.f.s.DefaultListableBeanFactory - Returning cached instance of singleton bean 'org.springframework.transaction.config.internalTransactionAdvisor'
15:44:17.457 [Test worker] DEBUG o.s.b.f.s.DefaultListableBeanFactory - Returning cached instance of singleton bean 'org.springframework.transaction.config.internalTransactionAdvisor'
15:44:17.458 [Test worker] DEBUG o.s.b.f.s.DefaultListableBeanFactory - Finished creating instance of bean 'namedParameterJdbcTemplate'
15:44:17.458 [Test worker] DEBUG o.s.b.f.s.DefaultListableBeanFactory - Returning cached instance of singleton bean 'org.springframework.boot.autoconfigure.jdbc.DataSourceAutoConfiguration$NonEmbeddedConfiguration'
15:44:17.458 [Test worker] DEBUG o.s.b.f.s.DefaultListableBeanFactory - Returning cached instance of singleton bean 'dataSource'
15:44:17.458 [Test worker] DEBUG o.s.b.f.s.DefaultListableBeanFactory - Returning cached instance of singleton bean 'org.springframework.boot.autoconfigure.jdbc.DataSourceAutoConfiguration$DataSourceInitializerConfiguration'
15:44:17.459 [Test worker] DEBUG o.s.b.f.s.DefaultListableBeanFactory - Returning cached instance of singleton bean 'dataSourceInitializer'
15:44:17.459 [Test worker] DEBUG o.s.b.f.s.DefaultListableBeanFactory - Creating shared instance of singleton bean 'org.springframework.boot.autoconfigure.jdbc.metadata.DataSourcePoolMetadataProvidersConfiguration$TomcatDataSourcePoolMetadataProviderConfiguration'
15:44:17.459 [Test worker] DEBUG o.s.b.f.s.DefaultListableBeanFactory - Creating instance of bean 'org.springframework.boot.autoconfigure.jdbc.metadata.DataSourcePoolMetadataProvidersConfiguration$TomcatDataSourcePoolMetadataProviderConfiguration'
15:44:17.459 [Test worker] DEBUG o.s.b.f.s.DefaultListableBeanFactory - Returning cached instance of singleton bean 'org.springframework.transaction.config.internalTransactionAdvisor'
15:44:17.459 [Test worker] DEBUG o.s.b.f.s.DefaultListableBeanFactory - Eagerly caching bean 'org.springframework.boot.autoconfigure.jdbc.metadata.DataSourcePoolMetadataProvidersConfiguration$TomcatDataSourcePoolMetadataProviderConfiguration' to allow for resolving potential circular references
15:44:17.467 [Test worker] DEBUG o.s.b.f.s.DefaultListableBeanFactory - Returning cached instance of singleton bean 'org.springframework.transaction.config.internalTransactionAdvisor'
15:44:17.467 [Test worker] DEBUG o.s.b.f.s.DefaultListableBeanFactory - Returning cached instance of singleton bean 'org.springframework.transaction.config.internalTransactionAdvisor'
15:44:17.467 [Test worker] DEBUG o.s.b.f.s.DefaultListableBeanFactory - Finished creating instance of bean 'org.springframework.boot.autoconfigure.jdbc.metadata.DataSourcePoolMetadataProvidersConfiguration$TomcatDataSourcePoolMetadataProviderConfiguration'
15:44:17.468 [Test worker] DEBUG o.s.b.f.s.DefaultListableBeanFactory - Creating shared instance of singleton bean 'tomcatPoolDataSourceMetadataProvider'
15:44:17.468 [Test worker] DEBUG o.s.b.f.s.DefaultListableBeanFactory - Creating instance of bean 'tomcatPoolDataSourceMetadataProvider'
15:44:17.468 [Test worker] DEBUG o.s.b.f.s.DefaultListableBeanFactory - Returning cached instance of singleton bean 'org.springframework.transaction.config.internalTransactionAdvisor'
15:44:17.468 [Test worker] DEBUG o.s.b.f.s.DefaultListableBeanFactory - Returning cached instance of singleton bean 'org.springframework.boot.autoconfigure.jdbc.metadata.DataSourcePoolMetadataProvidersConfiguration$TomcatDataSourcePoolMetadataProviderConfiguration'
15:44:17.474 [Test worker] DEBUG o.s.b.f.s.DefaultListableBeanFactory - Eagerly caching bean 'tomcatPoolDataSourceMetadataProvider' to allow for resolving potential circular references
15:44:17.478 [Test worker] DEBUG o.s.b.f.s.DefaultListableBeanFactory - Returning cached instance of singleton bean 'org.springframework.transaction.config.internalTransactionAdvisor'
15:44:17.478 [Test worker] DEBUG o.s.b.f.s.DefaultListableBeanFactory - Returning cached instance of singleton bean 'org.springframework.transaction.config.internalTransactionAdvisor'
15:44:17.478 [Test worker] DEBUG o.s.b.f.s.DefaultListableBeanFactory - Finished creating instance of bean 'tomcatPoolDataSourceMetadataProvider'
15:44:17.478 [Test worker] DEBUG o.s.b.f.s.DefaultListableBeanFactory - Creating shared instance of singleton bean 'org.springframework.boot.autoconfigure.jdbc.metadata.DataSourcePoolMetadataProvidersConfiguration'
15:44:17.478 [Test worker] DEBUG o.s.b.f.s.DefaultListableBeanFactory - Creating instance of bean 'org.springframework.boot.autoconfigure.jdbc.metadata.DataSourcePoolMetadataProvidersConfiguration'
15:44:17.478 [Test worker] DEBUG o.s.b.f.s.DefaultListableBeanFactory - Returning cached instance of singleton bean 'org.springframework.transaction.config.internalTransactionAdvisor'
15:44:17.479 [Test worker] DEBUG o.s.b.f.s.DefaultListableBeanFactory - Eagerly caching bean 'org.springframework.boot.autoconfigure.jdbc.metadata.DataSourcePoolMetadataProvidersConfiguration' to allow for resolving potential circular references
15:44:17.487 [Test worker] DEBUG o.s.b.f.s.DefaultListableBeanFactory - Returning cached instance of singleton bean 'org.springframework.transaction.config.internalTransactionAdvisor'
15:44:17.487 [Test worker] DEBUG o.s.b.f.s.DefaultListableBeanFactory - Returning cached instance of singleton bean 'org.springframework.transaction.config.internalTransactionAdvisor'
15:44:17.487 [Test worker] DEBUG o.s.b.f.s.DefaultListableBeanFactory - Finished creating instance of bean 'org.springframework.boot.autoconfigure.jdbc.metadata.DataSourcePoolMetadataProvidersConfiguration'
15:44:17.487 [Test worker] DEBUG o.s.b.f.s.DefaultListableBeanFactory - Creating shared instance of singleton bean 'org.springframework.boot.autoconfigure.jdbc.DataSourceAutoConfiguration'
15:44:17.487 [Test worker] DEBUG o.s.b.f.s.DefaultListableBeanFactory - Creating instance of bean 'org.springframework.boot.autoconfigure.jdbc.DataSourceAutoConfiguration'
15:44:17.487 [Test worker] DEBUG o.s.b.f.s.DefaultListableBeanFactory - Returning cached instance of singleton bean 'org.springframework.transaction.config.internalTransactionAdvisor'
15:44:17.488 [Test worker] DEBUG o.s.b.f.s.DefaultListableBeanFactory - Eagerly caching bean 'org.springframework.boot.autoconfigure.jdbc.DataSourceAutoConfiguration' to allow for resolving potential circular references
15:44:17.522 [Test worker] DEBUG o.s.b.f.s.DefaultListableBeanFactory - Returning cached instance of singleton bean 'org.springframework.transaction.config.internalTransactionAdvisor'
15:44:17.523 [Test worker] DEBUG o.s.b.f.s.DefaultListableBeanFactory - Returning cached instance of singleton bean 'org.springframework.transaction.config.internalTransactionAdvisor'
15:44:17.524 [Test worker] DEBUG o.s.b.f.s.DefaultListableBeanFactory - Finished creating instance of bean 'org.springframework.boot.autoconfigure.jdbc.DataSourceAutoConfiguration'
15:44:17.524 [Test worker] DEBUG o.s.b.f.s.DefaultListableBeanFactory - Returning cached instance of singleton bean 'spring.datasource.CONFIGURATION_PROPERTIES'
15:44:17.524 [Test worker] DEBUG o.s.b.f.s.DefaultListableBeanFactory - Returning cached instance of singleton bean 'dataSourceInitializerPostProcessor'
15:44:17.524 [Test worker] DEBUG o.s.b.f.s.DefaultListableBeanFactory - Creating shared instance of singleton bean 'org.springframework.boot.autoconfigure.jmx.JmxAutoConfiguration'
15:44:17.524 [Test worker] DEBUG o.s.b.f.s.DefaultListableBeanFactory - Creating instance of bean 'org.springframework.boot.autoconfigure.jmx.JmxAutoConfiguration'
15:44:17.524 [Test worker] DEBUG o.s.b.f.s.DefaultListableBeanFactory - Returning cached instance of singleton bean 'org.springframework.transaction.config.internalTransactionAdvisor'
15:44:17.527 [Test worker] DEBUG o.s.b.f.s.DefaultListableBeanFactory - Eagerly caching bean 'org.springframework.boot.autoconfigure.jmx.JmxAutoConfiguration' to allow for resolving potential circular references
15:44:17.542 [Test worker] DEBUG o.s.b.f.s.DefaultListableBeanFactory - Returning cached instance of singleton bean 'org.springframework.transaction.config.internalTransactionAdvisor'
15:44:17.542 [Test worker] DEBUG o.s.b.f.s.DefaultListableBeanFactory - Returning cached instance of singleton bean 'org.springframework.transaction.config.internalTransactionAdvisor'
15:44:17.544 [Test worker] DEBUG o.s.b.f.s.DefaultListableBeanFactory - Finished creating instance of bean 'org.springframework.boot.autoconfigure.jmx.JmxAutoConfiguration'
15:44:17.544 [Test worker] DEBUG o.s.b.f.s.DefaultListableBeanFactory - Creating shared instance of singleton bean 'mbeanExporter'
15:44:17.544 [Test worker] DEBUG o.s.b.f.s.DefaultListableBeanFactory - Creating instance of bean 'mbeanExporter'
15:44:17.544 [Test worker] DEBUG o.s.b.f.s.DefaultListableBeanFactory - Returning cached instance of singleton bean 'org.springframework.transaction.config.internalTransactionAdvisor'
15:44:17.544 [Test worker] DEBUG o.s.b.f.s.DefaultListableBeanFactory - Returning cached instance of singleton bean 'org.springframework.boot.autoconfigure.jmx.JmxAutoConfiguration'
15:44:17.546 [Test worker] DEBUG o.s.b.f.s.DefaultListableBeanFactory - Creating shared instance of singleton bean 'objectNamingStrategy'
15:44:17.546 [Test worker] DEBUG o.s.b.f.s.DefaultListableBeanFactory - Creating instance of bean 'objectNamingStrategy'
15:44:17.546 [Test worker] DEBUG o.s.b.f.s.DefaultListableBeanFactory - Returning cached instance of singleton bean 'org.springframework.transaction.config.internalTransactionAdvisor'
15:44:17.547 [Test worker] DEBUG o.s.b.f.s.DefaultListableBeanFactory - Returning cached instance of singleton bean 'org.springframework.boot.autoconfigure.jmx.JmxAutoConfiguration'
15:44:17.550 [Test worker] DEBUG o.s.b.f.s.DefaultListableBeanFactory - Eagerly caching bean 'objectNamingStrategy' to allow for resolving potential circular references
15:44:17.602 [Test worker] DEBUG o.s.b.f.s.DefaultListableBeanFactory - Invoking afterPropertiesSet() on bean with name 'objectNamingStrategy'
15:44:17.602 [Test worker] DEBUG o.s.b.f.s.DefaultListableBeanFactory - Returning cached instance of singleton bean 'org.springframework.transaction.config.internalTransactionAdvisor'
15:44:17.602 [Test worker] DEBUG o.s.b.f.s.DefaultListableBeanFactory - Returning cached instance of singleton bean 'org.springframework.transaction.config.internalTransactionAdvisor'
15:44:17.603 [Test worker] DEBUG o.s.b.f.s.DefaultListableBeanFactory - Finished creating instance of bean 'objectNamingStrategy'
15:44:17.603 [Test worker] DEBUG o.s.b.f.s.DefaultListableBeanFactory - Autowiring by type from bean name 'mbeanExporter' via factory method to bean named 'objectNamingStrategy'
15:44:17.629 [Test worker] DEBUG o.s.b.f.s.DefaultListableBeanFactory - Creating shared instance of singleton bean 'mbeanServer'
15:44:17.629 [Test worker] DEBUG o.s.b.f.s.DefaultListableBeanFactory - Creating instance of bean 'mbeanServer'
15:44:17.629 [Test worker] DEBUG o.s.b.f.s.DefaultListableBeanFactory - Returning cached instance of singleton bean 'org.springframework.transaction.config.internalTransactionAdvisor'
15:44:17.629 [Test worker] DEBUG o.s.b.f.s.DefaultListableBeanFactory - Returning cached instance of singleton bean 'org.springframework.boot.autoconfigure.jmx.JmxAutoConfiguration'
15:44:17.642 [Test worker] DEBUG o.s.jmx.support.JmxUtils - Found MBeanServer: com.sun.jmx.mbeanserver.JmxMBeanServer@5923f943
15:44:17.648 [Test worker] DEBUG o.s.b.f.s.DefaultListableBeanFactory - Eagerly caching bean 'mbeanServer' to allow for resolving potential circular references
15:44:17.654 [Test worker] DEBUG o.s.b.f.s.DefaultListableBeanFactory - Returning cached instance of singleton bean 'org.springframework.transaction.config.internalTransactionAdvisor'
15:44:17.655 [Test worker] DEBUG o.s.b.f.s.DefaultListableBeanFactory - Returning cached instance of singleton bean 'org.springframework.transaction.config.internalTransactionAdvisor'
15:44:17.656 [Test worker] DEBUG o.s.b.f.s.DefaultListableBeanFactory - Finished creating instance of bean 'mbeanServer'
15:44:17.661 [Test worker] DEBUG o.s.b.f.s.DefaultListableBeanFactory - Eagerly caching bean 'mbeanExporter' to allow for resolving potential circular references
15:44:17.674 [Test worker] DEBUG o.s.b.f.s.DefaultListableBeanFactory - Invoking afterPropertiesSet() on bean with name 'mbeanExporter'
15:44:17.674 [Test worker] DEBUG o.s.b.f.s.DefaultListableBeanFactory - Returning cached instance of singleton bean 'org.springframework.transaction.config.internalTransactionAdvisor'
15:44:17.674 [Test worker] DEBUG o.s.b.f.s.DefaultListableBeanFactory - Returning cached instance of singleton bean 'org.springframework.transaction.config.internalTransactionAdvisor'
15:44:17.675 [Test worker] DEBUG o.s.b.f.s.DefaultListableBeanFactory - Finished creating instance of bean 'mbeanExporter'
15:44:17.675 [Test worker] DEBUG o.s.b.f.s.DefaultListableBeanFactory - Returning cached instance of singleton bean 'objectNamingStrategy'
15:44:17.675 [Test worker] DEBUG o.s.b.f.s.DefaultListableBeanFactory - Returning cached instance of singleton bean 'mbeanServer'
15:44:17.675 [Test worker] DEBUG o.s.b.f.s.DefaultListableBeanFactory - Returning cached instance of singleton bean 'org.springframework.transaction.annotation.ProxyTransactionManagementConfiguration'
15:44:17.675 [Test worker] DEBUG o.s.b.f.s.DefaultListableBeanFactory - Returning cached instance of singleton bean 'org.springframework.transaction.config.internalTransactionAdvisor'
15:44:17.676 [Test worker] DEBUG o.s.b.f.s.DefaultListableBeanFactory - Returning cached instance of singleton bean 'transactionAttributeSource'
15:44:17.676 [Test worker] DEBUG o.s.b.f.s.DefaultListableBeanFactory - Returning cached instance of singleton bean 'transactionInterceptor'
15:44:17.676 [Test worker] DEBUG o.s.b.f.s.DefaultListableBeanFactory - Creating shared instance of singleton bean 'org.springframework.boot.autoconfigure.jdbc.DataSourceTransactionManagerAutoConfiguration$TransactionManagementConfiguration'
15:44:17.676 [Test worker] DEBUG o.s.b.f.s.DefaultListableBeanFactory - Creating instance of bean 'org.springframework.boot.autoconfigure.jdbc.DataSourceTransactionManagerAutoConfiguration$TransactionManagementConfiguration'
15:44:17.676 [Test worker] DEBUG o.s.b.f.s.DefaultListableBeanFactory - Returning cached instance of singleton bean 'org.springframework.transaction.config.internalTransactionAdvisor'
15:44:17.676 [Test worker] DEBUG o.s.b.f.s.DefaultListableBeanFactory - Eagerly caching bean 'org.springframework.boot.autoconfigure.jdbc.DataSourceTransactionManagerAutoConfiguration$TransactionManagementConfiguration' to allow for resolving potential circular references
15:44:17.684 [Test worker] DEBUG o.s.b.f.s.DefaultListableBeanFactory - Returning cached instance of singleton bean 'org.springframework.transaction.config.internalTransactionAdvisor'
15:44:17.684 [Test worker] DEBUG o.s.b.f.s.DefaultListableBeanFactory - Returning cached instance of singleton bean 'org.springframework.transaction.config.internalTransactionAdvisor'
15:44:17.684 [Test worker] DEBUG o.s.b.f.s.DefaultListableBeanFactory - Finished creating instance of bean 'org.springframework.boot.autoconfigure.jdbc.DataSourceTransactionManagerAutoConfiguration$TransactionManagementConfiguration'
15:44:17.684 [Test worker] DEBUG o.s.b.f.s.DefaultListableBeanFactory - Creating shared instance of singleton bean 'org.springframework.boot.autoconfigure.jdbc.DataSourceTransactionManagerAutoConfiguration'
15:44:17.684 [Test worker] DEBUG o.s.b.f.s.DefaultListableBeanFactory - Creating instance of bean 'org.springframework.boot.autoconfigure.jdbc.DataSourceTransactionManagerAutoConfiguration'
15:44:17.684 [Test worker] DEBUG o.s.b.f.s.DefaultListableBeanFactory - Returning cached instance of singleton bean 'org.springframework.transaction.config.internalTransactionAdvisor'
15:44:17.686 [Test worker] DEBUG o.s.b.f.annotation.InjectionMetadata - Registered injected element on class [org.springframework.boot.autoconfigure.jdbc.DataSourceTransactionManagerAutoConfiguration$$EnhancerBySpringCGLIB$$a015c726]: AutowiredFieldElement for private javax.sql.DataSource org.springframework.boot.autoconfigure.jdbc.DataSourceTransactionManagerAutoConfiguration.dataSource
15:44:17.686 [Test worker] DEBUG o.s.b.f.s.DefaultListableBeanFactory - Eagerly caching bean 'org.springframework.boot.autoconfigure.jdbc.DataSourceTransactionManagerAutoConfiguration' to allow for resolving potential circular references
15:44:17.692 [Test worker] DEBUG o.s.b.f.annotation.InjectionMetadata - Processing injected element of bean 'org.springframework.boot.autoconfigure.jdbc.DataSourceTransactionManagerAutoConfiguration': AutowiredFieldElement for private javax.sql.DataSource org.springframework.boot.autoconfigure.jdbc.DataSourceTransactionManagerAutoConfiguration.dataSource
15:44:17.693 [Test worker] DEBUG o.s.b.f.s.DefaultListableBeanFactory - Returning cached instance of singleton bean 'dataSource'
15:44:17.693 [Test worker] DEBUG o.s.b.f.a.AutowiredAnnotationBeanPostProcessor - Autowiring by type from bean name 'org.springframework.boot.autoconfigure.jdbc.DataSourceTransactionManagerAutoConfiguration' to bean named 'dataSource'
15:44:17.693 [Test worker] DEBUG o.s.b.f.s.DefaultListableBeanFactory - Returning cached instance of singleton bean 'org.springframework.transaction.config.internalTransactionAdvisor'
15:44:17.693 [Test worker] DEBUG o.s.b.f.s.DefaultListableBeanFactory - Returning cached instance of singleton bean 'org.springframework.transaction.config.internalTransactionAdvisor'
15:44:17.694 [Test worker] DEBUG o.s.b.f.s.DefaultListableBeanFactory - Finished creating instance of bean 'org.springframework.boot.autoconfigure.jdbc.DataSourceTransactionManagerAutoConfiguration'
15:44:17.694 [Test worker] DEBUG o.s.b.f.s.DefaultListableBeanFactory - Creating shared instance of singleton bean 'transactionManager'
15:44:17.694 [Test worker] DEBUG o.s.b.f.s.DefaultListableBeanFactory - Creating instance of bean 'transactionManager'
15:44:17.694 [Test worker] DEBUG o.s.b.f.s.DefaultListableBeanFactory - Returning cached instance of singleton bean 'org.springframework.transaction.config.internalTransactionAdvisor'
15:44:17.694 [Test worker] DEBUG o.s.b.f.s.DefaultListableBeanFactory - Returning cached instance of singleton bean 'org.springframework.boot.autoconfigure.jdbc.DataSourceTransactionManagerAutoConfiguration'
15:44:17.725 [Test worker] DEBUG o.s.b.f.s.DefaultListableBeanFactory - Eagerly caching bean 'transactionManager' to allow for resolving potential circular references
15:44:17.739 [Test worker] DEBUG o.s.b.f.s.DefaultListableBeanFactory - Invoking afterPropertiesSet() on bean with name 'transactionManager'
15:44:17.740 [Test worker] DEBUG o.s.b.f.s.DefaultListableBeanFactory - Returning cached instance of singleton bean 'org.springframework.transaction.config.internalTransactionAdvisor'
15:44:17.741 [Test worker] DEBUG o.s.b.f.s.DefaultListableBeanFactory - Returning cached instance of singleton bean 'org.springframework.transaction.config.internalTransactionAdvisor'
15:44:17.741 [Test worker] DEBUG o.s.b.f.s.DefaultListableBeanFactory - Finished creating instance of bean 'transactionManager'
15:44:17.741 [Test worker] DEBUG o.s.b.f.s.DefaultListableBeanFactory - Returning cached instance of singleton bean 'org.springframework.boot.autoconfigure.thymeleaf.ThymeleafAutoConfiguration$ThymeleafViewResolverConfiguration'
15:44:17.741 [Test worker] DEBUG o.s.b.f.s.DefaultListableBeanFactory - Returning cached instance of singleton bean 'thymeleafViewResolver'
15:44:17.741 [Test worker] DEBUG o.s.b.f.s.DefaultListableBeanFactory - Returning cached instance of singleton bean 'org.springframework.boot.autoconfigure.thymeleaf.ThymeleafAutoConfiguration$ThymeleafDefaultConfiguration'
15:44:17.741 [Test worker] DEBUG o.s.b.f.s.DefaultListableBeanFactory - Returning cached instance of singleton bean 'templateEngine'
15:44:17.741 [Test worker] DEBUG o.s.b.f.s.DefaultListableBeanFactory - Returning cached instance of singleton bean 'org.springframework.boot.autoconfigure.thymeleaf.ThymeleafAutoConfiguration$DefaultTemplateResolverConfiguration'
15:44:17.741 [Test worker] DEBUG o.s.b.f.s.DefaultListableBeanFactory - Returning cached instance of singleton bean 'defaultTemplateResolver'
15:44:17.741 [Test worker] DEBUG o.s.b.f.s.DefaultListableBeanFactory - Returning cached instance of singleton bean 'thymeleafResourceResolver'
15:44:17.741 [Test worker] DEBUG o.s.b.f.s.DefaultListableBeanFactory - Creating shared instance of singleton bean 'org.springframework.boot.autoconfigure.thymeleaf.ThymeleafAutoConfiguration'
15:44:17.741 [Test worker] DEBUG o.s.b.f.s.DefaultListableBeanFactory - Creating instance of bean 'org.springframework.boot.autoconfigure.thymeleaf.ThymeleafAutoConfiguration'
15:44:17.742 [Test worker] DEBUG o.s.b.f.s.DefaultListableBeanFactory - Returning cached instance of singleton bean 'org.springframework.transaction.config.internalTransactionAdvisor'
15:44:17.742 [Test worker] DEBUG o.s.b.f.s.DefaultListableBeanFactory - Eagerly caching bean 'org.springframework.boot.autoconfigure.thymeleaf.ThymeleafAutoConfiguration' to allow for resolving potential circular references
15:44:17.750 [Test worker] DEBUG o.s.b.f.s.DefaultListableBeanFactory - Returning cached instance of singleton bean 'org.springframework.transaction.config.internalTransactionAdvisor'
15:44:17.750 [Test worker] DEBUG o.s.b.f.s.DefaultListableBeanFactory - Returning cached instance of singleton bean 'org.springframework.transaction.config.internalTransactionAdvisor'
15:44:17.751 [Test worker] DEBUG o.s.b.f.s.DefaultListableBeanFactory - Finished creating instance of bean 'org.springframework.boot.autoconfigure.thymeleaf.ThymeleafAutoConfiguration'
15:44:17.751 [Test worker] DEBUG o.s.b.f.s.DefaultListableBeanFactory - Returning cached instance of singleton bean 'spring.thymeleaf.CONFIGURATION_PROPERTIES'
15:44:17.751 [Test worker] DEBUG o.s.b.f.s.DefaultListableBeanFactory - Returning cached instance of singleton bean 'org.springframework.boot.autoconfigure.mongo.MongoDataAutoConfiguration'
15:44:17.751 [Test worker] DEBUG o.s.b.f.s.DefaultListableBeanFactory - Returning cached instance of singleton bean 'mongoDbFactory'
15:44:17.751 [Test worker] DEBUG o.s.b.f.s.DefaultListableBeanFactory - Returning cached instance of singleton bean 'mongoTemplate'
15:44:17.752 [Test worker] DEBUG o.s.b.f.s.DefaultListableBeanFactory - Returning cached instance of singleton bean 'mappingMongoConverter'
15:44:17.752 [Test worker] DEBUG o.s.b.f.s.DefaultListableBeanFactory - Returning cached instance of singleton bean 'gridFsTemplate'
15:44:17.752 [Test worker] DEBUG o.s.b.f.s.DefaultListableBeanFactory - Creating shared instance of singleton bean 'org.springframework.boot.autoconfigure.security.SpringBootWebSecurityConfiguration$ApplicationWebSecurityConfigurerAdapter'
15:44:17.752 [Test worker] DEBUG o.s.b.f.s.DefaultListableBeanFactory - Creating instance of bean 'org.springframework.boot.autoconfigure.security.SpringBootWebSecurityConfiguration$ApplicationWebSecurityConfigurerAdapter'
15:44:17.755 [Test worker] DEBUG o.s.b.f.s.DefaultListableBeanFactory - Returning cached instance of singleton bean 'org.springframework.transaction.config.internalTransactionAdvisor'
15:44:17.780 [Test worker] DEBUG o.s.b.f.annotation.InjectionMetadata - Registered injected element on class [org.springframework.boot.autoconfigure.security.SpringBootWebSecurityConfiguration$ApplicationWebSecurityConfigurerAdapter$$EnhancerBySpringCGLIB$$c4d8d658]: AutowiredMethodElement for public void org.springframework.security.config.annotation.web.configuration.WebSecurityConfigurerAdapter.setContentNegotationStrategy(org.springframework.web.accept.ContentNegotiationStrategy)
15:44:17.780 [Test worker] DEBUG o.s.b.f.annotation.InjectionMetadata - Registered injected element on class [org.springframework.boot.autoconfigure.security.SpringBootWebSecurityConfiguration$ApplicationWebSecurityConfigurerAdapter$$EnhancerBySpringCGLIB$$c4d8d658]: AutowiredMethodElement for public void org.springframework.security.config.annotation.web.configuration.WebSecurityConfigurerAdapter.setAuthenticationConfiguration(org.springframework.security.config.annotation.authentication.configuration.AuthenticationConfiguration)
15:44:17.780 [Test worker] DEBUG o.s.b.f.annotation.InjectionMetadata - Registered injected element on class [org.springframework.boot.autoconfigure.security.SpringBootWebSecurityConfiguration$ApplicationWebSecurityConfigurerAdapter$$EnhancerBySpringCGLIB$$c4d8d658]: AutowiredMethodElement for public void org.springframework.security.config.annotation.web.configuration.WebSecurityConfigurerAdapter.setApplicationContext(org.springframework.context.ApplicationContext)
15:44:17.780 [Test worker] DEBUG o.s.b.f.annotation.InjectionMetadata - Registered injected element on class [org.springframework.boot.autoconfigure.security.SpringBootWebSecurityConfiguration$ApplicationWebSecurityConfigurerAdapter$$EnhancerBySpringCGLIB$$c4d8d658]: AutowiredMethodElement for public void org.springframework.security.config.annotation.web.configuration.WebSecurityConfigurerAdapter.setObjectPostProcessor(org.springframework.security.config.annotation.ObjectPostProcessor)
15:44:17.780 [Test worker] DEBUG o.s.b.f.annotation.InjectionMetadata - Registered injected element on class [org.springframework.boot.autoconfigure.security.SpringBootWebSecurityConfiguration$ApplicationWebSecurityConfigurerAdapter$$EnhancerBySpringCGLIB$$c4d8d658]: AutowiredMethodElement for public void org.springframework.security.config.annotation.web.configuration.WebSecurityConfigurerAdapter.setTrustResolver(org.springframework.security.authentication.AuthenticationTrustResolver)
15:44:17.780 [Test worker] DEBUG o.s.b.f.annotation.InjectionMetadata - Registered injected element on class [org.springframework.boot.autoconfigure.security.SpringBootWebSecurityConfiguration$ApplicationWebSecurityConfigurerAdapter$$EnhancerBySpringCGLIB$$c4d8d658]: AutowiredFieldElement for private org.springframework.boot.autoconfigure.security.SecurityProperties org.springframework.boot.autoconfigure.security.SpringBootWebSecurityConfiguration$ApplicationWebSecurityConfigurerAdapter.security
15:44:17.780 [Test worker] DEBUG o.s.b.f.s.DefaultListableBeanFactory - Eagerly caching bean 'org.springframework.boot.autoconfigure.security.SpringBootWebSecurityConfiguration$ApplicationWebSecurityConfigurerAdapter' to allow for resolving potential circular references
15:44:17.781 [Test worker] DEBUG o.s.b.f.annotation.InjectionMetadata - Processing injected element of bean 'org.springframework.boot.autoconfigure.security.SpringBootWebSecurityConfiguration$ApplicationWebSecurityConfigurerAdapter': AutowiredMethodElement for public void org.springframework.security.config.annotation.web.configuration.WebSecurityConfigurerAdapter.setContentNegotationStrategy(org.springframework.web.accept.ContentNegotiationStrategy)
15:44:17.782 [Test worker] DEBUG o.s.b.f.s.DefaultListableBeanFactory - Returning cached instance of singleton bean 'mvcContentNegotiationManager'
15:44:17.782 [Test worker] DEBUG o.s.b.f.a.AutowiredAnnotationBeanPostProcessor - Autowiring by type from bean name 'org.springframework.boot.autoconfigure.security.SpringBootWebSecurityConfiguration$ApplicationWebSecurityConfigurerAdapter' to bean named 'mvcContentNegotiationManager'
15:44:17.782 [Test worker] DEBUG o.s.b.f.annotation.InjectionMetadata - Processing injected element of bean 'org.springframework.boot.autoconfigure.security.SpringBootWebSecurityConfiguration$ApplicationWebSecurityConfigurerAdapter': AutowiredMethodElement for public void org.springframework.security.config.annotation.web.configuration.WebSecurityConfigurerAdapter.setAuthenticationConfiguration(org.springframework.security.config.annotation.authentication.configuration.AuthenticationConfiguration)
15:44:17.783 [Test worker] DEBUG o.s.b.f.s.DefaultListableBeanFactory - Creating shared instance of singleton bean 'org.springframework.security.config.annotation.authentication.configuration.AuthenticationConfiguration'
15:44:17.784 [Test worker] DEBUG o.s.b.f.s.DefaultListableBeanFactory - Creating instance of bean 'org.springframework.security.config.annotation.authentication.configuration.AuthenticationConfiguration'
15:44:17.784 [Test worker] DEBUG o.s.b.f.s.DefaultListableBeanFactory - Returning cached instance of singleton bean 'org.springframework.transaction.config.internalTransactionAdvisor'
15:44:17.794 [Test worker] DEBUG o.s.b.f.annotation.InjectionMetadata - Registered injected element on class [org.springframework.security.config.annotation.authentication.configuration.AuthenticationConfiguration$$EnhancerBySpringCGLIB$$86c0b5c4]: AutowiredMethodElement for public void org.springframework.security.config.annotation.authentication.configuration.AuthenticationConfiguration.setApplicationContext(org.springframework.context.ApplicationContext)
15:44:17.794 [Test worker] DEBUG o.s.b.f.annotation.InjectionMetadata - Registered injected element on class [org.springframework.security.config.annotation.authentication.configuration.AuthenticationConfiguration$$EnhancerBySpringCGLIB$$86c0b5c4]: AutowiredMethodElement for public void org.springframework.security.config.annotation.authentication.configuration.AuthenticationConfiguration.setGlobalAuthenticationConfigurers(java.util.List) throws java.lang.Exception
15:44:17.794 [Test worker] DEBUG o.s.b.f.annotation.InjectionMetadata - Registered injected element on class [org.springframework.security.config.annotation.authentication.configuration.AuthenticationConfiguration$$EnhancerBySpringCGLIB$$86c0b5c4]: AutowiredMethodElement for public void org.springframework.security.config.annotation.authentication.configuration.AuthenticationConfiguration.setObjectPostProcessor(org.springframework.security.config.annotation.ObjectPostProcessor)
15:44:17.794 [Test worker] DEBUG o.s.b.f.s.DefaultListableBeanFactory - Eagerly caching bean 'org.springframework.security.config.annotation.authentication.configuration.AuthenticationConfiguration' to allow for resolving potential circular references
15:44:17.795 [Test worker] DEBUG o.s.b.f.annotation.InjectionMetadata - Processing injected element of bean 'org.springframework.security.config.annotation.authentication.configuration.AuthenticationConfiguration': AutowiredMethodElement for public void org.springframework.security.config.annotation.authentication.configuration.AuthenticationConfiguration.setApplicationContext(org.springframework.context.ApplicationContext)
15:44:17.795 [Test worker] DEBUG o.s.b.f.a.AutowiredAnnotationBeanPostProcessor - Autowiring by type from bean name 'org.springframework.security.config.annotation.authentication.configuration.AuthenticationConfiguration' to bean named 'org.springframework.web.context.support.GenericWebApplicationContext@69735d79'
15:44:17.795 [Test worker] DEBUG o.s.b.f.annotation.InjectionMetadata - Processing injected element of bean 'org.springframework.security.config.annotation.authentication.configuration.AuthenticationConfiguration': AutowiredMethodElement for public void org.springframework.security.config.annotation.authentication.configuration.AuthenticationConfiguration.setGlobalAuthenticationConfigurers(java.util.List) throws java.lang.Exception
15:44:17.796 [Test worker] DEBUG o.s.b.f.s.DefaultListableBeanFactory - Creating shared instance of singleton bean 'enableGlobalAuthenticationAutowiredConfigurer'
15:44:17.797 [Test worker] DEBUG o.s.b.f.s.DefaultListableBeanFactory - Creating instance of bean 'enableGlobalAuthenticationAutowiredConfigurer'
15:44:17.797 [Test worker] DEBUG o.s.b.f.s.DefaultListableBeanFactory - Returning cached instance of singleton bean 'org.springframework.transaction.config.internalTransactionAdvisor'
15:44:17.798 [Test worker] DEBUG o.s.b.f.s.DefaultListableBeanFactory - Autowiring by type from bean name 'enableGlobalAuthenticationAutowiredConfigurer' via factory method to bean named 'org.springframework.web.context.support.GenericWebApplicationContext@69735d79'
15:44:17.801 [Test worker] DEBUG o.s.b.f.s.DefaultListableBeanFactory - Eagerly caching bean 'enableGlobalAuthenticationAutowiredConfigurer' to allow for resolving potential circular references
15:44:17.819 [Test worker] DEBUG o.s.b.f.s.DefaultListableBeanFactory - Returning cached instance of singleton bean 'org.springframework.transaction.config.internalTransactionAdvisor'
15:44:17.819 [Test worker] DEBUG o.s.b.f.s.DefaultListableBeanFactory - Returning cached instance of singleton bean 'org.springframework.transaction.config.internalTransactionAdvisor'
15:44:17.822 [Test worker] DEBUG o.s.b.f.s.DefaultListableBeanFactory - Finished creating instance of bean 'enableGlobalAuthenticationAutowiredConfigurer'
15:44:17.822 [Test worker] DEBUG o.s.b.f.s.DefaultListableBeanFactory - Creating shared instance of singleton bean 'springBootAuthenticationConfigurerAdapter'
15:44:17.823 [Test worker] DEBUG o.s.b.f.s.DefaultListableBeanFactory - Creating instance of bean 'springBootAuthenticationConfigurerAdapter'
15:44:17.823 [Test worker] DEBUG o.s.b.f.s.DefaultListableBeanFactory - Returning cached instance of singleton bean 'org.springframework.transaction.config.internalTransactionAdvisor'
15:44:17.825 [Test worker] DEBUG o.s.b.f.s.DefaultListableBeanFactory - Creating shared instance of singleton bean 'securityProperties'
15:44:17.825 [Test worker] DEBUG o.s.b.f.s.DefaultListableBeanFactory - Creating instance of bean 'securityProperties'
15:44:17.826 [Test worker] DEBUG o.s.b.f.s.DefaultListableBeanFactory - Returning cached instance of singleton bean 'org.springframework.transaction.config.internalTransactionAdvisor'
15:44:17.826 [Test worker] DEBUG o.s.b.f.s.DefaultListableBeanFactory - Creating shared instance of singleton bean 'org.springframework.boot.autoconfigure.security.SecurityAutoConfiguration'
15:44:17.826 [Test worker] DEBUG o.s.b.f.s.DefaultListableBeanFactory - Creating instance of bean 'org.springframework.boot.autoconfigure.security.SecurityAutoConfiguration'
15:44:17.827 [Test worker] DEBUG o.s.b.f.s.DefaultListableBeanFactory - Returning cached instance of singleton bean 'org.springframework.transaction.config.internalTransactionAdvisor'
15:44:17.828 [Test worker] DEBUG o.s.b.f.s.DefaultListableBeanFactory - Eagerly caching bean 'org.springframework.boot.autoconfigure.security.SecurityAutoConfiguration' to allow for resolving potential circular references
15:44:17.923 [Test worker] DEBUG o.s.b.f.s.DefaultListableBeanFactory - Returning cached instance of singleton bean 'org.springframework.transaction.config.internalTransactionAdvisor'
15:44:17.924 [Test worker] DEBUG o.s.b.f.s.DefaultListableBeanFactory - Returning cached instance of singleton bean 'org.springframework.transaction.config.internalTransactionAdvisor'
15:44:17.925 [Test worker] DEBUG o.s.b.f.s.DefaultListableBeanFactory - Finished creating instance of bean 'org.springframework.boot.autoconfigure.security.SecurityAutoConfiguration'
15:44:18.231 [Test worker] DEBUG o.s.b.f.s.DefaultListableBeanFactory - Eagerly caching bean 'securityProperties' to allow for resolving potential circular references
15:44:18.236 [Test worker] DEBUG o.s.core.env.MutablePropertySources - Adding [servletConfigInitParams] PropertySource with lowest search precedence
15:44:18.236 [Test worker] DEBUG o.s.core.env.MutablePropertySources - Adding [servletContextInitParams] PropertySource with lowest search precedence
15:44:18.236 [Test worker] DEBUG o.s.core.env.MutablePropertySources - Adding [systemProperties] PropertySource with lowest search precedence
15:44:18.236 [Test worker] DEBUG o.s.core.env.MutablePropertySources - Adding [systemEnvironment] PropertySource with lowest search precedence
15:44:18.237 [Test worker] DEBUG o.s.core.env.MutablePropertySources - Adding [localProperties] PropertySource with lowest search precedence
15:44:18.241 [Test worker] DEBUG o.s.b.f.s.DefaultListableBeanFactory - Returning cached instance of singleton bean 'org.springframework.transaction.config.internalTransactionAdvisor'
15:44:18.242 [Test worker] DEBUG o.s.b.f.s.DefaultListableBeanFactory - Returning cached instance of singleton bean 'org.springframework.transaction.config.internalTransactionAdvisor'
15:44:18.243 [Test worker] DEBUG o.s.b.f.s.DefaultListableBeanFactory - Finished creating instance of bean 'securityProperties'
15:44:18.245 [Test worker] DEBUG o.s.b.f.s.DefaultListableBeanFactory - Returning cached instance of singleton bean 'securityProperties'
15:44:18.245 [Test worker] DEBUG o.s.b.f.s.DefaultListableBeanFactory - Autowiring by type from bean name 'springBootAuthenticationConfigurerAdapter' via factory method to bean named 'securityProperties'
15:44:18.251 [Test worker] DEBUG o.s.b.f.s.DefaultListableBeanFactory - Eagerly caching bean 'springBootAuthenticationConfigurerAdapter' to allow for resolving potential circular references
15:44:18.256 [Test worker] DEBUG o.s.b.f.s.DefaultListableBeanFactory - Returning cached instance of singleton bean 'org.springframework.transaction.config.internalTransactionAdvisor'
15:44:18.256 [Test worker] DEBUG o.s.b.f.s.DefaultListableBeanFactory - Returning cached instance of singleton bean 'org.springframework.transaction.config.internalTransactionAdvisor'
15:44:18.257 [Test worker] DEBUG o.s.b.f.s.DefaultListableBeanFactory - Finished creating instance of bean 'springBootAuthenticationConfigurerAdapter'
15:44:18.258 [Test worker] DEBUG o.s.b.f.s.DefaultListableBeanFactory - Creating shared instance of singleton bean 'bootGlobalAuthenticationConfigurationAdapter'
15:44:18.258 [Test worker] DEBUG o.s.b.f.s.DefaultListableBeanFactory - Creating instance of bean 'bootGlobalAuthenticationConfigurationAdapter'
15:44:18.258 [Test worker] DEBUG o.s.b.f.s.DefaultListableBeanFactory - Returning cached instance of singleton bean 'org.springframework.transaction.config.internalTransactionAdvisor'
15:44:18.259 [Test worker] DEBUG o.s.b.f.s.DefaultListableBeanFactory - Autowiring by type from bean name 'bootGlobalAuthenticationConfigurationAdapter' via factory method to bean named 'org.springframework.web.context.support.GenericWebApplicationContext@69735d79'
15:44:18.260 [Test worker] DEBUG o.s.b.f.s.DefaultListableBeanFactory - Eagerly caching bean 'bootGlobalAuthenticationConfigurationAdapter' to allow for resolving potential circular references
15:44:18.267 [Test worker] DEBUG o.s.b.f.s.DefaultListableBeanFactory - Returning cached instance of singleton bean 'org.springframework.transaction.config.internalTransactionAdvisor'
15:44:18.267 [Test worker] DEBUG o.s.b.f.s.DefaultListableBeanFactory - Returning cached instance of singleton bean 'org.springframework.transaction.config.internalTransactionAdvisor'
15:44:18.268 [Test worker] DEBUG o.s.b.f.s.DefaultListableBeanFactory - Finished creating instance of bean 'bootGlobalAuthenticationConfigurationAdapter'
15:44:18.269 [Test worker] DEBUG o.s.b.f.a.AutowiredAnnotationBeanPostProcessor - Autowiring by type from bean name 'org.springframework.security.config.annotation.authentication.configuration.AuthenticationConfiguration' to bean named 'enableGlobalAuthenticationAutowiredConfigurer'
15:44:18.269 [Test worker] DEBUG o.s.b.f.a.AutowiredAnnotationBeanPostProcessor - Autowiring by type from bean name 'org.springframework.security.config.annotation.authentication.configuration.AuthenticationConfiguration' to bean named 'springBootAuthenticationConfigurerAdapter'
15:44:18.269 [Test worker] DEBUG o.s.b.f.a.AutowiredAnnotationBeanPostProcessor - Autowiring by type from bean name 'org.springframework.security.config.annotation.authentication.configuration.AuthenticationConfiguration' to bean named 'bootGlobalAuthenticationConfigurationAdapter'
15:44:18.269 [Test worker] DEBUG o.s.b.f.annotation.InjectionMetadata - Processing injected element of bean 'org.springframework.security.config.annotation.authentication.configuration.AuthenticationConfiguration': AutowiredMethodElement for public void org.springframework.security.config.annotation.authentication.configuration.AuthenticationConfiguration.setObjectPostProcessor(org.springframework.security.config.annotation.ObjectPostProcessor)
15:44:18.271 [Test worker] DEBUG o.s.b.f.s.DefaultListableBeanFactory - Creating shared instance of singleton bean 'objectPostProcessor'
15:44:18.271 [Test worker] DEBUG o.s.b.f.s.DefaultListableBeanFactory - Creating instance of bean 'objectPostProcessor'
15:44:18.271 [Test worker] DEBUG o.s.b.f.s.DefaultListableBeanFactory - Returning cached instance of singleton bean 'org.springframework.transaction.config.internalTransactionAdvisor'
15:44:18.271 [Test worker] DEBUG o.s.b.f.s.DefaultListableBeanFactory - Creating shared instance of singleton bean 'org.springframework.security.config.annotation.configuration.ObjectPostProcessorConfiguration'
15:44:18.271 [Test worker] DEBUG o.s.b.f.s.DefaultListableBeanFactory - Creating instance of bean 'org.springframework.security.config.annotation.configuration.ObjectPostProcessorConfiguration'
15:44:18.271 [Test worker] DEBUG o.s.b.f.s.DefaultListableBeanFactory - Returning cached instance of singleton bean 'org.springframework.transaction.config.internalTransactionAdvisor'
15:44:18.272 [Test worker] DEBUG o.s.b.f.s.DefaultListableBeanFactory - Eagerly caching bean 'org.springframework.security.config.annotation.configuration.ObjectPostProcessorConfiguration' to allow for resolving potential circular references
15:44:18.278 [Test worker] DEBUG o.s.b.f.s.DefaultListableBeanFactory - Returning cached instance of singleton bean 'org.springframework.transaction.config.internalTransactionAdvisor'
15:44:18.278 [Test worker] DEBUG o.s.b.f.s.DefaultListableBeanFactory - Returning cached instance of singleton bean 'org.springframework.transaction.config.internalTransactionAdvisor'
15:44:18.279 [Test worker] DEBUG o.s.b.f.s.DefaultListableBeanFactory - Finished creating instance of bean 'org.springframework.security.config.annotation.configuration.ObjectPostProcessorConfiguration'
15:44:18.281 [Test worker] DEBUG o.s.b.f.s.DefaultListableBeanFactory - Autowiring by type from bean name 'objectPostProcessor' via factory method to bean named 'org.springframework.beans.factory.support.DefaultListableBeanFactory@447e689b'
15:44:18.293 [Test worker] DEBUG o.s.b.f.s.DefaultListableBeanFactory - Eagerly caching bean 'objectPostProcessor' to allow for resolving potential circular references
15:44:18.297 [Test worker] DEBUG o.s.b.f.s.DefaultListableBeanFactory - Returning cached instance of singleton bean 'org.springframework.transaction.config.internalTransactionAdvisor'
15:44:18.297 [Test worker] DEBUG o.s.b.f.s.DefaultListableBeanFactory - Returning cached instance of singleton bean 'org.springframework.transaction.config.internalTransactionAdvisor'
15:44:18.298 [Test worker] DEBUG o.s.b.f.s.DefaultListableBeanFactory - Finished creating instance of bean 'objectPostProcessor'
15:44:18.298 [Test worker] DEBUG o.s.b.f.a.AutowiredAnnotationBeanPostProcessor - Autowiring by type from bean name 'org.springframework.security.config.annotation.authentication.configuration.AuthenticationConfiguration' to bean named 'objectPostProcessor'
15:44:18.298 [Test worker] DEBUG o.s.b.f.s.DefaultListableBeanFactory - Returning cached instance of singleton bean 'org.springframework.transaction.config.internalTransactionAdvisor'
15:44:18.298 [Test worker] DEBUG o.s.b.f.s.DefaultListableBeanFactory - Returning cached instance of singleton bean 'org.springframework.transaction.config.internalTransactionAdvisor'
15:44:18.299 [Test worker] DEBUG o.s.b.f.s.DefaultListableBeanFactory - Finished creating instance of bean 'org.springframework.security.config.annotation.authentication.configuration.AuthenticationConfiguration'
15:44:18.299 [Test worker] DEBUG o.s.b.f.a.AutowiredAnnotationBeanPostProcessor - Autowiring by type from bean name 'org.springframework.boot.autoconfigure.security.SpringBootWebSecurityConfiguration$ApplicationWebSecurityConfigurerAdapter' to bean named 'org.springframework.security.config.annotation.authentication.configuration.AuthenticationConfiguration'
15:44:18.299 [Test worker] DEBUG o.s.b.f.annotation.InjectionMetadata - Processing injected element of bean 'org.springframework.boot.autoconfigure.security.SpringBootWebSecurityConfiguration$ApplicationWebSecurityConfigurerAdapter': AutowiredMethodElement for public void org.springframework.security.config.annotation.web.configuration.WebSecurityConfigurerAdapter.setApplicationContext(org.springframework.context.ApplicationContext)
15:44:18.299 [Test worker] DEBUG o.s.b.f.a.AutowiredAnnotationBeanPostProcessor - Autowiring by type from bean name 'org.springframework.boot.autoconfigure.security.SpringBootWebSecurityConfiguration$ApplicationWebSecurityConfigurerAdapter' to bean named 'org.springframework.web.context.support.GenericWebApplicationContext@69735d79'
15:44:18.299 [Test worker] DEBUG o.s.b.f.annotation.InjectionMetadata - Processing injected element of bean 'org.springframework.boot.autoconfigure.security.SpringBootWebSecurityConfiguration$ApplicationWebSecurityConfigurerAdapter': AutowiredMethodElement for public void org.springframework.security.config.annotation.web.configuration.WebSecurityConfigurerAdapter.setObjectPostProcessor(org.springframework.security.config.annotation.ObjectPostProcessor)
15:44:18.300 [Test worker] DEBUG o.s.b.f.s.DefaultListableBeanFactory - Returning cached instance of singleton bean 'objectPostProcessor'
15:44:18.300 [Test worker] DEBUG o.s.b.f.a.AutowiredAnnotationBeanPostProcessor - Autowiring by type from bean name 'org.springframework.boot.autoconfigure.security.SpringBootWebSecurityConfiguration$ApplicationWebSecurityConfigurerAdapter' to bean named 'objectPostProcessor'
15:44:18.307 [Test worker] DEBUG o.s.b.f.annotation.InjectionMetadata - Processing injected element of bean 'org.springframework.boot.autoconfigure.security.SpringBootWebSecurityConfiguration$ApplicationWebSecurityConfigurerAdapter': AutowiredMethodElement for public void org.springframework.security.config.annotation.web.configuration.WebSecurityConfigurerAdapter.setTrustResolver(org.springframework.security.authentication.AuthenticationTrustResolver)
15:44:18.308 [Test worker] DEBUG o.s.b.f.annotation.InjectionMetadata - Processing injected element of bean 'org.springframework.boot.autoconfigure.security.SpringBootWebSecurityConfiguration$ApplicationWebSecurityConfigurerAdapter': AutowiredFieldElement for private org.springframework.boot.autoconfigure.security.SecurityProperties org.springframework.boot.autoconfigure.security.SpringBootWebSecurityConfiguration$ApplicationWebSecurityConfigurerAdapter.security
15:44:18.309 [Test worker] DEBUG o.s.b.f.s.DefaultListableBeanFactory - Returning cached instance of singleton bean 'securityProperties'
15:44:18.309 [Test worker] DEBUG o.s.b.f.a.AutowiredAnnotationBeanPostProcessor - Autowiring by type from bean name 'org.springframework.boot.autoconfigure.security.SpringBootWebSecurityConfiguration$ApplicationWebSecurityConfigurerAdapter' to bean named 'securityProperties'
15:44:18.309 [Test worker] DEBUG o.s.b.f.s.DefaultListableBeanFactory - Returning cached instance of singleton bean 'org.springframework.transaction.config.internalTransactionAdvisor'
15:44:18.309 [Test worker] DEBUG o.s.b.f.s.DefaultListableBeanFactory - Returning cached instance of singleton bean 'org.springframework.transaction.config.internalTransactionAdvisor'
15:44:18.312 [Test worker] DEBUG o.s.b.f.s.DefaultListableBeanFactory - Finished creating instance of bean 'org.springframework.boot.autoconfigure.security.SpringBootWebSecurityConfiguration$ApplicationWebSecurityConfigurerAdapter'
15:44:18.312 [Test worker] DEBUG o.s.b.f.s.DefaultListableBeanFactory - Returning cached instance of singleton bean 'org.springframework.security.config.annotation.authentication.configuration.AuthenticationConfiguration'
15:44:18.312 [Test worker] DEBUG o.s.b.f.s.DefaultListableBeanFactory - Creating shared instance of singleton bean 'authenticationManagerBuilder'
15:44:18.312 [Test worker] DEBUG o.s.b.f.s.DefaultListableBeanFactory - Creating instance of bean 'authenticationManagerBuilder'
15:44:18.312 [Test worker] DEBUG o.s.b.f.s.DefaultListableBeanFactory - Returning cached instance of singleton bean 'org.springframework.transaction.config.internalTransactionAdvisor'
15:44:18.313 [Test worker] DEBUG o.s.b.f.s.DefaultListableBeanFactory - Returning cached instance of singleton bean 'org.springframework.security.config.annotation.authentication.configuration.AuthenticationConfiguration'
15:44:18.313 [Test worker] DEBUG o.s.b.f.s.DefaultListableBeanFactory - Returning cached instance of singleton bean 'objectPostProcessor'
15:44:18.313 [Test worker] DEBUG o.s.b.f.s.DefaultListableBeanFactory - Autowiring by type from bean name 'authenticationManagerBuilder' via factory method to bean named 'objectPostProcessor'
15:44:18.325 [Test worker] DEBUG o.s.b.f.s.DefaultListableBeanFactory - Eagerly caching bean 'authenticationManagerBuilder' to allow for resolving potential circular references
15:44:18.360 [Test worker] DEBUG o.s.b.f.s.DefaultListableBeanFactory - Returning cached instance of singleton bean 'org.springframework.transaction.config.internalTransactionAdvisor'
15:44:18.360 [Test worker] DEBUG o.s.b.f.s.DefaultListableBeanFactory - Returning cached instance of singleton bean 'org.springframework.transaction.config.internalTransactionAdvisor'
15:44:18.361 [Test worker] DEBUG o.s.b.f.s.DefaultListableBeanFactory - Finished creating instance of bean 'authenticationManagerBuilder'
15:44:18.361 [Test worker] DEBUG o.s.b.f.s.DefaultListableBeanFactory - Returning cached instance of singleton bean 'enableGlobalAuthenticationAutowiredConfigurer'
15:44:18.362 [Test worker] DEBUG o.s.b.f.s.DefaultListableBeanFactory - Creating shared instance of singleton bean 'org.springframework.security.config.annotation.web.configuration.WebSecurityConfiguration'
15:44:18.362 [Test worker] DEBUG o.s.b.f.s.DefaultListableBeanFactory - Creating instance of bean 'org.springframework.security.config.annotation.web.configuration.WebSecurityConfiguration'
15:44:18.363 [Test worker] DEBUG o.s.b.f.s.DefaultListableBeanFactory - Returning cached instance of singleton bean 'org.springframework.transaction.config.internalTransactionAdvisor'
15:44:18.386 [Test worker] DEBUG o.s.b.f.annotation.InjectionMetadata - Registered injected element on class [org.springframework.security.config.annotation.web.configuration.WebSecurityConfiguration$$EnhancerBySpringCGLIB$$da8d1788]: AutowiredMethodElement for public void org.springframework.security.config.annotation.web.configuration.WebSecurityConfiguration.setFilterChainProxySecurityConfigurer(org.springframework.security.config.annotation.ObjectPostProcessor,java.util.List) throws java.lang.Exception
15:44:18.386 [Test worker] DEBUG o.s.b.f.s.DefaultListableBeanFactory - Eagerly caching bean 'org.springframework.security.config.annotation.web.configuration.WebSecurityConfiguration' to allow for resolving potential circular references
15:44:18.390 [Test worker] DEBUG o.s.b.f.annotation.InjectionMetadata - Processing injected element of bean 'org.springframework.security.config.annotation.web.configuration.WebSecurityConfiguration': AutowiredMethodElement for public void org.springframework.security.config.annotation.web.configuration.WebSecurityConfiguration.setFilterChainProxySecurityConfigurer(org.springframework.security.config.annotation.ObjectPostProcessor,java.util.List) throws java.lang.Exception
15:44:18.390 [Test worker] DEBUG o.s.b.f.s.DefaultListableBeanFactory - Returning cached instance of singleton bean 'objectPostProcessor'
15:44:18.448 [Test worker] DEBUG o.s.b.f.s.DefaultListableBeanFactory - Creating shared instance of singleton bean 'autowiredWebSecurityConfigurersIgnoreParents'
15:44:18.448 [Test worker] DEBUG o.s.b.f.s.DefaultListableBeanFactory - Creating instance of bean 'autowiredWebSecurityConfigurersIgnoreParents'
15:44:18.448 [Test worker] DEBUG o.s.b.f.s.DefaultListableBeanFactory - Returning cached instance of singleton bean 'org.springframework.transaction.config.internalTransactionAdvisor'
15:44:18.449 [Test worker] DEBUG o.s.b.f.s.DefaultListableBeanFactory - Returning cached instance of singleton bean 'org.springframework.transaction.config.internalTransactionAdvisor'
15:44:18.449 [Test worker] DEBUG o.s.b.f.s.DefaultListableBeanFactory - Returning cached instance of singleton bean 'org.springframework.transaction.config.internalTransactionAdvisor'
15:44:18.450 [Test worker] DEBUG o.s.b.f.s.DefaultListableBeanFactory - Returning eagerly cached instance of singleton bean 'org.springframework.security.config.annotation.web.configuration.WebSecurityConfiguration' that is not fully initialized yet - a consequence of a circular reference
15:44:18.452 [Test worker] DEBUG o.s.b.f.s.DefaultListableBeanFactory - Autowiring by type from bean name 'autowiredWebSecurityConfigurersIgnoreParents' via factory method to bean named 'org.springframework.beans.factory.support.DefaultListableBeanFactory@447e689b'
15:44:18.458 [Test worker] DEBUG o.s.b.f.s.DefaultListableBeanFactory - Eagerly caching bean 'autowiredWebSecurityConfigurersIgnoreParents' to allow for resolving potential circular references
15:44:18.461 [Test worker] DEBUG o.s.b.f.s.DefaultListableBeanFactory - Returning cached instance of singleton bean 'org.springframework.transaction.config.internalTransactionAdvisor'
15:44:18.461 [Test worker] DEBUG o.s.b.f.s.DefaultListableBeanFactory - Returning cached instance of singleton bean 'org.springframework.transaction.config.internalTransactionAdvisor'
15:44:18.462 [Test worker] DEBUG o.s.b.f.s.DefaultListableBeanFactory - Finished creating instance of bean 'autowiredWebSecurityConfigurersIgnoreParents'
15:44:18.475 [Test worker] DEBUG o.s.b.f.s.DefaultListableBeanFactory - Returning cached instance of singleton bean 'org.springframework.boot.autoconfigure.security.SpringBootWebSecurityConfiguration$ApplicationWebSecurityConfigurerAdapter'
15:44:18.475 [Test worker] DEBUG o.s.b.f.s.DefaultListableBeanFactory - Creating shared instance of singleton bean 'ignoredPathsWebSecurityConfigurerAdapter'
15:44:18.475 [Test worker] DEBUG o.s.b.f.s.DefaultListableBeanFactory - Creating instance of bean 'ignoredPathsWebSecurityConfigurerAdapter'
15:44:18.475 [Test worker] DEBUG o.s.b.f.s.DefaultListableBeanFactory - Returning cached instance of singleton bean 'org.springframework.transaction.config.internalTransactionAdvisor'
15:44:18.475 [Test worker] DEBUG o.s.b.f.s.DefaultListableBeanFactory - Creating shared instance of singleton bean 'org.springframework.boot.autoconfigure.security.SpringBootWebSecurityConfiguration'
15:44:18.476 [Test worker] DEBUG o.s.b.f.s.DefaultListableBeanFactory - Creating instance of bean 'org.springframework.boot.autoconfigure.security.SpringBootWebSecurityConfiguration'
15:44:18.476 [Test worker] DEBUG o.s.b.f.s.DefaultListableBeanFactory - Returning cached instance of singleton bean 'org.springframework.transaction.config.internalTransactionAdvisor'
15:44:18.477 [Test worker] DEBUG o.s.b.f.s.DefaultListableBeanFactory - Eagerly caching bean 'org.springframework.boot.autoconfigure.security.SpringBootWebSecurityConfiguration' to allow for resolving potential circular references
15:44:18.488 [Test worker] DEBUG o.s.b.f.s.DefaultListableBeanFactory - Returning cached instance of singleton bean 'org.springframework.transaction.config.internalTransactionAdvisor'
15:44:18.488 [Test worker] DEBUG o.s.b.f.s.DefaultListableBeanFactory - Returning cached instance of singleton bean 'org.springframework.transaction.config.internalTransactionAdvisor'
15:44:18.489 [Test worker] DEBUG o.s.b.f.s.DefaultListableBeanFactory - Finished creating instance of bean 'org.springframework.boot.autoconfigure.security.SpringBootWebSecurityConfiguration'
15:44:18.516 [Test worker] DEBUG o.s.b.f.annotation.InjectionMetadata - Registered injected element on class [org.springframework.boot.autoconfigure.security.SpringBootWebSecurityConfiguration$IgnoredPathsWebSecurityConfigurerAdapter]: AutowiredFieldElement for private org.springframework.boot.autoconfigure.web.ErrorController org.springframework.boot.autoconfigure.security.SpringBootWebSecurityConfiguration$IgnoredPathsWebSecurityConfigurerAdapter.errorController
15:44:18.517 [Test worker] DEBUG o.s.b.f.annotation.InjectionMetadata - Registered injected element on class [org.springframework.boot.autoconfigure.security.SpringBootWebSecurityConfiguration$IgnoredPathsWebSecurityConfigurerAdapter]: AutowiredFieldElement for private org.springframework.boot.autoconfigure.security.SecurityProperties org.springframework.boot.autoconfigure.security.SpringBootWebSecurityConfiguration$IgnoredPathsWebSecurityConfigurerAdapter.security
15:44:18.517 [Test worker] DEBUG o.s.b.f.annotation.InjectionMetadata - Registered injected element on class [org.springframework.boot.autoconfigure.security.SpringBootWebSecurityConfiguration$IgnoredPathsWebSecurityConfigurerAdapter]: AutowiredFieldElement for private org.springframework.boot.autoconfigure.web.ServerProperties org.springframework.boot.autoconfigure.security.SpringBootWebSecurityConfiguration$IgnoredPathsWebSecurityConfigurerAdapter.server
15:44:18.517 [Test worker] DEBUG o.s.b.f.s.DefaultListableBeanFactory - Eagerly caching bean 'ignoredPathsWebSecurityConfigurerAdapter' to allow for resolving potential circular references
15:44:18.521 [Test worker] DEBUG o.s.b.f.annotation.InjectionMetadata - Processing injected element of bean 'ignoredPathsWebSecurityConfigurerAdapter': AutowiredFieldElement for private org.springframework.boot.autoconfigure.web.ErrorController org.springframework.boot.autoconfigure.security.SpringBootWebSecurityConfiguration$IgnoredPathsWebSecurityConfigurerAdapter.errorController
15:44:18.523 [Test worker] DEBUG o.s.b.f.s.DefaultListableBeanFactory - Returning cached instance of singleton bean 'basicErrorController'
15:44:18.523 [Test worker] DEBUG o.s.b.f.a.AutowiredAnnotationBeanPostProcessor - Autowiring by type from bean name 'ignoredPathsWebSecurityConfigurerAdapter' to bean named 'basicErrorController'
15:44:18.523 [Test worker] DEBUG o.s.b.f.annotation.InjectionMetadata - Processing injected element of bean 'ignoredPathsWebSecurityConfigurerAdapter': AutowiredFieldElement for private org.springframework.boot.autoconfigure.security.SecurityProperties org.springframework.boot.autoconfigure.security.SpringBootWebSecurityConfiguration$IgnoredPathsWebSecurityConfigurerAdapter.security
15:44:18.523 [Test worker] DEBUG o.s.b.f.s.DefaultListableBeanFactory - Returning cached instance of singleton bean 'securityProperties'
15:44:18.523 [Test worker] DEBUG o.s.b.f.a.AutowiredAnnotationBeanPostProcessor - Autowiring by type from bean name 'ignoredPathsWebSecurityConfigurerAdapter' to bean named 'securityProperties'
15:44:18.523 [Test worker] DEBUG o.s.b.f.annotation.InjectionMetadata - Processing injected element of bean 'ignoredPathsWebSecurityConfigurerAdapter': AutowiredFieldElement for private org.springframework.boot.autoconfigure.web.ServerProperties org.springframework.boot.autoconfigure.security.SpringBootWebSecurityConfiguration$IgnoredPathsWebSecurityConfigurerAdapter.server
15:44:18.523 [Test worker] DEBUG o.s.b.f.s.DefaultListableBeanFactory - Returning cached instance of singleton bean 'serverProperties'
15:44:18.523 [Test worker] DEBUG o.s.b.f.a.AutowiredAnnotationBeanPostProcessor - Autowiring by type from bean name 'ignoredPathsWebSecurityConfigurerAdapter' to bean named 'serverProperties'
15:44:18.524 [Test worker] DEBUG o.s.b.f.s.DefaultListableBeanFactory - Returning cached instance of singleton bean 'org.springframework.transaction.config.internalTransactionAdvisor'
15:44:18.524 [Test worker] DEBUG o.s.b.f.s.DefaultListableBeanFactory - Returning cached instance of singleton bean 'org.springframework.transaction.config.internalTransactionAdvisor'
15:44:18.524 [Test worker] DEBUG o.s.b.f.s.DefaultListableBeanFactory - Finished creating instance of bean 'ignoredPathsWebSecurityConfigurerAdapter'
15:44:18.530 [Test worker] DEBUG o.s.b.f.a.AutowiredAnnotationBeanPostProcessor - Autowiring by type from bean name 'org.springframework.security.config.annotation.web.configuration.WebSecurityConfiguration' to bean named 'objectPostProcessor'
15:44:18.553 [Test worker] DEBUG o.s.b.f.s.DefaultListableBeanFactory - Returning cached instance of singleton bean 'org.springframework.transaction.config.internalTransactionAdvisor'
15:44:18.553 [Test worker] DEBUG o.s.b.f.s.DefaultListableBeanFactory - Returning cached instance of singleton bean 'org.springframework.transaction.config.internalTransactionAdvisor'
15:44:18.561 [Test worker] DEBUG o.s.b.f.s.DefaultListableBeanFactory - Returning cached instance of singleton bean 'org.springframework.context.annotation.ConfigurationClassPostProcessor.importRegistry'
15:44:18.561 [Test worker] DEBUG o.s.b.f.s.DefaultListableBeanFactory - Finished creating instance of bean 'org.springframework.security.config.annotation.web.configuration.WebSecurityConfiguration'
15:44:18.561 [Test worker] DEBUG o.s.b.f.s.DefaultListableBeanFactory - Creating shared instance of singleton bean 'delegatingApplicationListener'
15:44:18.561 [Test worker] DEBUG o.s.b.f.s.DefaultListableBeanFactory - Creating instance of bean 'delegatingApplicationListener'
15:44:18.561 [Test worker] DEBUG o.s.b.f.s.DefaultListableBeanFactory - Returning cached instance of singleton bean 'org.springframework.transaction.config.internalTransactionAdvisor'
15:44:18.562 [Test worker] DEBUG o.s.b.f.s.DefaultListableBeanFactory - Eagerly caching bean 'delegatingApplicationListener' to allow for resolving potential circular references
15:44:18.566 [Test worker] DEBUG o.s.b.f.s.DefaultListableBeanFactory - Returning cached instance of singleton bean 'org.springframework.transaction.config.internalTransactionAdvisor'
15:44:18.566 [Test worker] DEBUG o.s.b.f.s.DefaultListableBeanFactory - Returning cached instance of singleton bean 'org.springframework.transaction.config.internalTransactionAdvisor'
15:44:18.566 [Test worker] DEBUG o.s.b.f.s.DefaultListableBeanFactory - Finished creating instance of bean 'delegatingApplicationListener'
15:44:18.566 [Test worker] DEBUG o.s.b.f.s.DefaultListableBeanFactory - Creating shared instance of singleton bean 'springSecurityFilterChain'
15:44:18.566 [Test worker] DEBUG o.s.b.f.s.DefaultListableBeanFactory - Creating instance of bean 'springSecurityFilterChain'
15:44:18.566 [Test worker] DEBUG o.s.b.f.s.DefaultListableBeanFactory - Returning cached instance of singleton bean 'org.springframework.transaction.config.internalTransactionAdvisor'
15:44:18.567 [Test worker] DEBUG o.s.b.f.s.DefaultListableBeanFactory - Returning cached instance of singleton bean 'org.springframework.security.config.annotation.web.configuration.WebSecurityConfiguration'
15:44:18.596 [Test worker] DEBUG o.s.b.f.s.DefaultListableBeanFactory - Returning cached instance of singleton bean 'org.springframework.transaction.config.internalTransactionAdvisor'
15:44:18.596 [Test worker] DEBUG o.s.b.f.s.DefaultListableBeanFactory - Returning cached instance of singleton bean 'org.springframework.transaction.config.internalTransactionAdvisor'
15:44:18.601 [Test worker] DEBUG o.s.b.f.s.DefaultListableBeanFactory - Returning cached instance of singleton bean 'org.springframework.security.config.annotation.web.servlet.configuration.WebMvcSecurityConfiguration'
15:44:18.601 [Test worker] DEBUG o.s.b.f.s.DefaultListableBeanFactory - Creating shared instance of singleton bean 'org.springframework.boot.autoconfigure.security.SpringBootWebSecurityConfiguration$WebMvcSecurityConfigurationConditions$DefaultWebMvcSecurityConfiguration'
15:44:18.601 [Test worker] DEBUG o.s.b.f.s.DefaultListableBeanFactory - Creating instance of bean 'org.springframework.boot.autoconfigure.security.SpringBootWebSecurityConfiguration$WebMvcSecurityConfigurationConditions$DefaultWebMvcSecurityConfiguration'
15:44:18.601 [Test worker] DEBUG o.s.b.f.s.DefaultListableBeanFactory - Returning cached instance of singleton bean 'org.springframework.transaction.config.internalTransactionAdvisor'
15:44:18.601 [Test worker] DEBUG o.s.b.f.s.DefaultListableBeanFactory - Eagerly caching bean 'org.springframework.boot.autoconfigure.security.SpringBootWebSecurityConfiguration$WebMvcSecurityConfigurationConditions$DefaultWebMvcSecurityConfiguration' to allow for resolving potential circular references
15:44:18.610 [Test worker] DEBUG o.s.b.f.s.DefaultListableBeanFactory - Returning cached instance of singleton bean 'org.springframework.transaction.config.internalTransactionAdvisor'
15:44:18.610 [Test worker] DEBUG o.s.b.f.s.DefaultListableBeanFactory - Returning cached instance of singleton bean 'org.springframework.transaction.config.internalTransactionAdvisor'
15:44:18.611 [Test worker] DEBUG o.s.b.f.s.DefaultListableBeanFactory - Finished creating instance of bean 'org.springframework.boot.autoconfigure.security.SpringBootWebSecurityConfiguration$WebMvcSecurityConfigurationConditions$DefaultWebMvcSecurityConfiguration'
15:44:18.611 [Test worker] DEBUG o.s.s.c.a.a.c.AuthenticationConfiguration$EnableGlobalAuthenticationAutowiredConfigurer - Eagerly initializing {org.springframework.security.config.annotation.web.servlet.configuration.WebMvcSecurityConfiguration=org.springframework.security.config.annotation.web.servlet.configuration.WebMvcSecurityConfiguration$$EnhancerBySpringCGLIB$$78f5daf5@76979af1, org.springframework.boot.autoconfigure.security.SpringBootWebSecurityConfiguration$WebMvcSecurityConfigurationConditions$DefaultWebMvcSecurityConfiguration=org.springframework.boot.autoconfigure.security.SpringBootWebSecurityConfiguration$WebMvcSecurityConfigurationConditions$DefaultWebMvcSecurityConfiguration$$EnhancerBySpringCGLIB$$f71a93e6@237ccf9b}
15:44:18.615 [Test worker] DEBUG o.s.b.f.s.DefaultListableBeanFactory - Returning cached instance of singleton bean 'neoneCoreApplication'
15:44:18.616 [Test worker] DEBUG o.s.b.a.s.BootGlobalAuthenticationConfiguration - Eagerly initializing {neoneCoreApplication=io.github.thisisnozaku.charactercreator.NeoneCoreApplication$$EnhancerBySpringCGLIB$$a0ba2776@47721df3}
15:44:18.670 [Test worker] INFO  o.s.b.a.s.AuthenticationManagerConfiguration - 

Using default security password: 67893080-97ba-4ebb-a889-985fb3c24d7a

15:44:18.681 [Test worker] DEBUG o.s.b.f.s.DefaultListableBeanFactory - Invoking afterPropertiesSet() on bean with name 'org.springframework.security.authentication.dao.DaoAuthenticationProvider@53afb077'
15:44:18.681 [Test worker] DEBUG o.s.b.f.s.DefaultListableBeanFactory - Returning cached instance of singleton bean 'org.springframework.transaction.config.internalTransactionAdvisor'
15:44:18.681 [Test worker] DEBUG o.s.b.f.s.DefaultListableBeanFactory - Returning cached instance of singleton bean 'org.springframework.transaction.config.internalTransactionAdvisor'
15:44:18.684 [Test worker] DEBUG o.s.b.f.s.DefaultListableBeanFactory - Invoking afterPropertiesSet() on bean with name 'org.springframework.security.authentication.ProviderManager@4479a342'
15:44:18.684 [Test worker] DEBUG o.s.b.f.s.DefaultListableBeanFactory - Returning cached instance of singleton bean 'org.springframework.transaction.config.internalTransactionAdvisor'
15:44:18.684 [Test worker] DEBUG o.s.b.f.s.DefaultListableBeanFactory - Returning cached instance of singleton bean 'org.springframework.transaction.config.internalTransactionAdvisor'
15:44:18.754 [Test worker] DEBUG o.s.b.f.s.DefaultListableBeanFactory - Returning cached instance of singleton bean 'authenticationManagerBuilder'
15:44:18.767 [Test worker] DEBUG o.s.w.c.s.StandardServletEnvironment - Adding [servletConfigInitParams] PropertySource with lowest search precedence
15:44:18.767 [Test worker] DEBUG o.s.w.c.s.StandardServletEnvironment - Adding [servletContextInitParams] PropertySource with lowest search precedence
15:44:18.767 [Test worker] DEBUG o.s.w.c.s.StandardServletEnvironment - Adding [systemProperties] PropertySource with lowest search precedence
15:44:18.767 [Test worker] DEBUG o.s.w.c.s.StandardServletEnvironment - Adding [systemEnvironment] PropertySource with lowest search precedence
15:44:18.767 [Test worker] DEBUG o.s.w.c.s.StandardServletEnvironment - Initialized StandardServletEnvironment with PropertySources [servletConfigInitParams,servletContextInitParams,systemProperties,systemEnvironment]
15:44:18.788 [Test worker] DEBUG o.s.w.c.s.StandardServletEnvironment - Adding [servletConfigInitParams] PropertySource with lowest search precedence
15:44:18.788 [Test worker] DEBUG o.s.w.c.s.StandardServletEnvironment - Adding [servletContextInitParams] PropertySource with lowest search precedence
15:44:18.788 [Test worker] DEBUG o.s.w.c.s.StandardServletEnvironment - Adding [systemProperties] PropertySource with lowest search precedence
15:44:18.788 [Test worker] DEBUG o.s.w.c.s.StandardServletEnvironment - Adding [systemEnvironment] PropertySource with lowest search precedence
15:44:18.788 [Test worker] DEBUG o.s.w.c.s.StandardServletEnvironment - Initialized StandardServletEnvironment with PropertySources [servletConfigInitParams,servletContextInitParams,systemProperties,systemEnvironment]
15:44:18.790 [Test worker] DEBUG o.s.w.c.s.StandardServletEnvironment - Adding [servletConfigInitParams] PropertySource with lowest search precedence
15:44:18.790 [Test worker] DEBUG o.s.w.c.s.StandardServletEnvironment - Adding [servletContextInitParams] PropertySource with lowest search precedence
15:44:18.790 [Test worker] DEBUG o.s.w.c.s.StandardServletEnvironment - Adding [systemProperties] PropertySource with lowest search precedence
15:44:18.790 [Test worker] DEBUG o.s.w.c.s.StandardServletEnvironment - Adding [systemEnvironment] PropertySource with lowest search precedence
15:44:18.790 [Test worker] DEBUG o.s.w.c.s.StandardServletEnvironment - Initialized StandardServletEnvironment with PropertySources [servletConfigInitParams,servletContextInitParams,systemProperties,systemEnvironment]
15:44:18.823 [Test worker] INFO  o.s.s.web.DefaultSecurityFilterChain - Creating filter chain: Ant [pattern='/css/**'], []
15:44:18.824 [Test worker] INFO  o.s.s.web.DefaultSecurityFilterChain - Creating filter chain: Ant [pattern='/js/**'], []
15:44:18.824 [Test worker] INFO  o.s.s.web.DefaultSecurityFilterChain - Creating filter chain: Ant [pattern='/images/**'], []
15:44:18.824 [Test worker] INFO  o.s.s.web.DefaultSecurityFilterChain - Creating filter chain: Ant [pattern='/**/favicon.ico'], []
15:44:18.824 [Test worker] INFO  o.s.s.web.DefaultSecurityFilterChain - Creating filter chain: Ant [pattern='/error'], []
15:44:18.829 [Test worker] DEBUG o.s.b.f.s.DefaultListableBeanFactory - Returning cached instance of singleton bean 'org.springframework.transaction.config.internalTransactionAdvisor'
15:44:18.830 [Test worker] DEBUG o.s.b.f.s.DefaultListableBeanFactory - Returning cached instance of singleton bean 'org.springframework.transaction.config.internalTransactionAdvisor'
15:44:18.840 [Test worker] DEBUG o.s.b.f.s.DefaultListableBeanFactory - Returning cached instance of singleton bean 'org.springframework.transaction.config.internalTransactionAdvisor'
15:44:18.840 [Test worker] DEBUG o.s.b.f.s.DefaultListableBeanFactory - Returning cached instance of singleton bean 'org.springframework.transaction.config.internalTransactionAdvisor'
15:44:18.849 [Test worker] DEBUG o.s.w.c.s.StandardServletEnvironment - Adding [servletConfigInitParams] PropertySource with lowest search precedence
15:44:18.849 [Test worker] DEBUG o.s.w.c.s.StandardServletEnvironment - Adding [servletContextInitParams] PropertySource with lowest search precedence
15:44:18.849 [Test worker] DEBUG o.s.w.c.s.StandardServletEnvironment - Adding [systemProperties] PropertySource with lowest search precedence
15:44:18.849 [Test worker] DEBUG o.s.w.c.s.StandardServletEnvironment - Adding [systemEnvironment] PropertySource with lowest search precedence
15:44:18.849 [Test worker] DEBUG o.s.w.c.s.StandardServletEnvironment - Initialized StandardServletEnvironment with PropertySources [servletConfigInitParams,servletContextInitParams,systemProperties,systemEnvironment]
15:44:18.850 [Test worker] DEBUG o.s.b.f.s.DefaultListableBeanFactory - Invoking afterPropertiesSet() on bean with name 'org.springframework.security.authentication.AnonymousAuthenticationProvider@427dddce'
15:44:18.851 [Test worker] DEBUG o.s.b.f.s.DefaultListableBeanFactory - Returning cached instance of singleton bean 'org.springframework.transaction.config.internalTransactionAdvisor'
15:44:18.851 [Test worker] DEBUG o.s.b.f.s.DefaultListableBeanFactory - Returning cached instance of singleton bean 'org.springframework.transaction.config.internalTransactionAdvisor'
15:44:18.853 [Test worker] DEBUG o.s.b.f.s.DefaultListableBeanFactory - Invoking afterPropertiesSet() on bean with name 'org.springframework.security.web.authentication.www.BasicAuthenticationEntryPoint@14221f48'
15:44:18.853 [Test worker] DEBUG o.s.b.f.s.DefaultListableBeanFactory - Returning cached instance of singleton bean 'org.springframework.transaction.config.internalTransactionAdvisor'
15:44:18.853 [Test worker] DEBUG o.s.b.f.s.DefaultListableBeanFactory - Returning cached instance of singleton bean 'org.springframework.transaction.config.internalTransactionAdvisor'
15:44:18.854 [Test worker] DEBUG o.s.b.f.s.DefaultListableBeanFactory - Invoking afterPropertiesSet() on bean with name 'org.springframework.security.authentication.ProviderManager@330eaa4c'
15:44:18.854 [Test worker] DEBUG o.s.b.f.s.DefaultListableBeanFactory - Returning cached instance of singleton bean 'org.springframework.transaction.config.internalTransactionAdvisor'
15:44:18.854 [Test worker] DEBUG o.s.b.f.s.DefaultListableBeanFactory - Returning cached instance of singleton bean 'org.springframework.transaction.config.internalTransactionAdvisor'
15:44:18.858 [Test worker] DEBUG o.s.w.c.s.StandardServletEnvironment - Adding [servletConfigInitParams] PropertySource with lowest search precedence
15:44:18.858 [Test worker] DEBUG o.s.w.c.s.StandardServletEnvironment - Adding [servletContextInitParams] PropertySource with lowest search precedence
15:44:18.858 [Test worker] DEBUG o.s.w.c.s.StandardServletEnvironment - Adding [systemProperties] PropertySource with lowest search precedence
15:44:18.858 [Test worker] DEBUG o.s.w.c.s.StandardServletEnvironment - Adding [systemEnvironment] PropertySource with lowest search precedence
15:44:18.858 [Test worker] DEBUG o.s.w.c.s.StandardServletEnvironment - Initialized StandardServletEnvironment with PropertySources [servletConfigInitParams,servletContextInitParams,systemProperties,systemEnvironment]
15:44:18.871 [Test worker] DEBUG o.s.b.f.s.DefaultListableBeanFactory - Invoking afterPropertiesSet() on bean with name 'org.springframework.security.web.access.ExceptionTranslationFilter@6b15e67c'
15:44:18.871 [Test worker] DEBUG o.s.b.f.s.DefaultListableBeanFactory - Returning cached instance of singleton bean 'org.springframework.transaction.config.internalTransactionAdvisor'
15:44:18.871 [Test worker] DEBUG o.s.b.f.s.DefaultListableBeanFactory - Returning cached instance of singleton bean 'org.springframework.transaction.config.internalTransactionAdvisor'
15:44:18.872 [Test worker] DEBUG o.s.w.c.s.StandardServletEnvironment - Adding [servletConfigInitParams] PropertySource with lowest search precedence
15:44:18.872 [Test worker] DEBUG o.s.w.c.s.StandardServletEnvironment - Adding [servletContextInitParams] PropertySource with lowest search precedence
15:44:18.873 [Test worker] DEBUG o.s.w.c.s.StandardServletEnvironment - Adding [systemProperties] PropertySource with lowest search precedence
15:44:18.873 [Test worker] DEBUG o.s.w.c.s.StandardServletEnvironment - Adding [systemEnvironment] PropertySource with lowest search precedence
15:44:18.873 [Test worker] DEBUG o.s.w.c.s.StandardServletEnvironment - Initialized StandardServletEnvironment with PropertySources [servletConfigInitParams,servletContextInitParams,systemProperties,systemEnvironment]
15:44:18.873 [Test worker] DEBUG o.s.b.f.s.DefaultListableBeanFactory - Invoking afterPropertiesSet() on bean with name 'org.springframework.security.web.header.HeaderWriterFilter@34daee0f'
15:44:18.873 [Test worker] DEBUG o.s.b.f.s.DefaultListableBeanFactory - Returning cached instance of singleton bean 'org.springframework.transaction.config.internalTransactionAdvisor'
15:44:18.873 [Test worker] DEBUG o.s.b.f.s.DefaultListableBeanFactory - Returning cached instance of singleton bean 'org.springframework.transaction.config.internalTransactionAdvisor'
15:44:18.874 [Test worker] DEBUG o.s.w.c.s.StandardServletEnvironment - Adding [servletConfigInitParams] PropertySource with lowest search precedence
15:44:18.874 [Test worker] DEBUG o.s.w.c.s.StandardServletEnvironment - Adding [servletContextInitParams] PropertySource with lowest search precedence
15:44:18.874 [Test worker] DEBUG o.s.w.c.s.StandardServletEnvironment - Adding [systemProperties] PropertySource with lowest search precedence
15:44:18.875 [Test worker] DEBUG o.s.w.c.s.StandardServletEnvironment - Adding [systemEnvironment] PropertySource with lowest search precedence
15:44:18.875 [Test worker] DEBUG o.s.w.c.s.StandardServletEnvironment - Initialized StandardServletEnvironment with PropertySources [servletConfigInitParams,servletContextInitParams,systemProperties,systemEnvironment]
15:44:18.878 [Test worker] DEBUG o.s.b.f.s.DefaultListableBeanFactory - Invoking afterPropertiesSet() on bean with name 'org.springframework.security.web.session.SessionManagementFilter@edc9cb0'
15:44:18.879 [Test worker] DEBUG o.s.b.f.s.DefaultListableBeanFactory - Returning cached instance of singleton bean 'org.springframework.transaction.config.internalTransactionAdvisor'
15:44:18.879 [Test worker] DEBUG o.s.b.f.s.DefaultListableBeanFactory - Returning cached instance of singleton bean 'org.springframework.transaction.config.internalTransactionAdvisor'
15:44:18.880 [Test worker] DEBUG o.s.w.c.s.StandardServletEnvironment - Adding [servletConfigInitParams] PropertySource with lowest search precedence
15:44:18.880 [Test worker] DEBUG o.s.w.c.s.StandardServletEnvironment - Adding [servletContextInitParams] PropertySource with lowest search precedence
15:44:18.880 [Test worker] DEBUG o.s.w.c.s.StandardServletEnvironment - Adding [systemProperties] PropertySource with lowest search precedence
15:44:18.880 [Test worker] DEBUG o.s.w.c.s.StandardServletEnvironment - Adding [systemEnvironment] PropertySource with lowest search precedence
15:44:18.880 [Test worker] DEBUG o.s.w.c.s.StandardServletEnvironment - Initialized StandardServletEnvironment with PropertySources [servletConfigInitParams,servletContextInitParams,systemProperties,systemEnvironment]
15:44:18.881 [Test worker] DEBUG o.s.b.f.s.DefaultListableBeanFactory - Invoking afterPropertiesSet() on bean with name 'org.springframework.security.web.context.SecurityContextPersistenceFilter@6046ebce'
15:44:18.881 [Test worker] DEBUG o.s.b.f.s.DefaultListableBeanFactory - Returning cached instance of singleton bean 'org.springframework.transaction.config.internalTransactionAdvisor'
15:44:18.881 [Test worker] DEBUG o.s.b.f.s.DefaultListableBeanFactory - Returning cached instance of singleton bean 'org.springframework.transaction.config.internalTransactionAdvisor'
15:44:18.882 [Test worker] DEBUG o.s.w.c.s.StandardServletEnvironment - Adding [servletConfigInitParams] PropertySource with lowest search precedence
15:44:18.882 [Test worker] DEBUG o.s.w.c.s.StandardServletEnvironment - Adding [servletContextInitParams] PropertySource with lowest search precedence
15:44:18.882 [Test worker] DEBUG o.s.w.c.s.StandardServletEnvironment - Adding [systemProperties] PropertySource with lowest search precedence
15:44:18.882 [Test worker] DEBUG o.s.w.c.s.StandardServletEnvironment - Adding [systemEnvironment] PropertySource with lowest search precedence
15:44:18.882 [Test worker] DEBUG o.s.w.c.s.StandardServletEnvironment - Initialized StandardServletEnvironment with PropertySources [servletConfigInitParams,servletContextInitParams,systemProperties,systemEnvironment]
15:44:18.883 [Test worker] DEBUG o.s.b.f.s.DefaultListableBeanFactory - Invoking afterPropertiesSet() on bean with name 'org.springframework.security.web.savedrequest.RequestCacheAwareFilter@39b7b975'
15:44:18.883 [Test worker] DEBUG o.s.b.f.s.DefaultListableBeanFactory - Returning cached instance of singleton bean 'org.springframework.transaction.config.internalTransactionAdvisor'
15:44:18.883 [Test worker] DEBUG o.s.b.f.s.DefaultListableBeanFactory - Returning cached instance of singleton bean 'org.springframework.transaction.config.internalTransactionAdvisor'
15:44:18.884 [Test worker] DEBUG o.s.b.f.s.DefaultListableBeanFactory - Invoking afterPropertiesSet() on bean with name 'org.springframework.security.web.servletapi.SecurityContextHolderAwareRequestFilter@4f11f52a'
15:44:18.885 [Test worker] DEBUG o.s.b.f.s.DefaultListableBeanFactory - Returning cached instance of singleton bean 'org.springframework.transaction.config.internalTransactionAdvisor'
15:44:18.885 [Test worker] DEBUG o.s.b.f.s.DefaultListableBeanFactory - Returning cached instance of singleton bean 'org.springframework.transaction.config.internalTransactionAdvisor'
15:44:18.890 [Test worker] DEBUG o.s.w.c.s.StandardServletEnvironment - Adding [servletConfigInitParams] PropertySource with lowest search precedence
15:44:18.890 [Test worker] DEBUG o.s.w.c.s.StandardServletEnvironment - Adding [servletContextInitParams] PropertySource with lowest search precedence
15:44:18.890 [Test worker] DEBUG o.s.w.c.s.StandardServletEnvironment - Adding [systemProperties] PropertySource with lowest search precedence
15:44:18.890 [Test worker] DEBUG o.s.w.c.s.StandardServletEnvironment - Adding [systemEnvironment] PropertySource with lowest search precedence
15:44:18.890 [Test worker] DEBUG o.s.w.c.s.StandardServletEnvironment - Initialized StandardServletEnvironment with PropertySources [servletConfigInitParams,servletContextInitParams,systemProperties,systemEnvironment]
15:44:18.892 [Test worker] DEBUG o.s.b.f.s.DefaultListableBeanFactory - Invoking afterPropertiesSet() on bean with name 'org.springframework.security.web.authentication.logout.LogoutFilter@1be9fa7c'
15:44:18.892 [Test worker] DEBUG o.s.b.f.s.DefaultListableBeanFactory - Returning cached instance of singleton bean 'org.springframework.transaction.config.internalTransactionAdvisor'
15:44:18.892 [Test worker] DEBUG o.s.b.f.s.DefaultListableBeanFactory - Returning cached instance of singleton bean 'org.springframework.transaction.config.internalTransactionAdvisor'
15:44:18.895 [Test worker] DEBUG o.s.w.c.s.StandardServletEnvironment - Adding [servletConfigInitParams] PropertySource with lowest search precedence
15:44:18.895 [Test worker] DEBUG o.s.w.c.s.StandardServletEnvironment - Adding [servletContextInitParams] PropertySource with lowest search precedence
15:44:18.895 [Test worker] DEBUG o.s.w.c.s.StandardServletEnvironment - Adding [systemProperties] PropertySource with lowest search precedence
15:44:18.895 [Test worker] DEBUG o.s.w.c.s.StandardServletEnvironment - Adding [systemEnvironment] PropertySource with lowest search precedence
15:44:18.895 [Test worker] DEBUG o.s.w.c.s.StandardServletEnvironment - Initialized StandardServletEnvironment with PropertySources [servletConfigInitParams,servletContextInitParams,systemProperties,systemEnvironment]
15:44:18.897 [Test worker] DEBUG o.s.b.f.s.DefaultListableBeanFactory - Invoking afterPropertiesSet() on bean with name 'org.springframework.security.web.authentication.www.BasicAuthenticationFilter@184cffbe'
15:44:18.897 [Test worker] DEBUG o.s.b.f.s.DefaultListableBeanFactory - Returning cached instance of singleton bean 'org.springframework.transaction.config.internalTransactionAdvisor'
15:44:18.897 [Test worker] DEBUG o.s.b.f.s.DefaultListableBeanFactory - Returning cached instance of singleton bean 'org.springframework.transaction.config.internalTransactionAdvisor'
15:44:18.904 [Test worker] DEBUG o.s.s.w.a.e.ExpressionBasedFilterInvocationSecurityMetadataSource - Adding web access control expression 'hasAnyRole('ROLE_USER')', for org.springframework.security.web.util.matcher.AnyRequestMatcher@1
15:44:18.929 [Test worker] DEBUG o.s.b.f.s.DefaultListableBeanFactory - Invoking afterPropertiesSet() on bean with name 'org.springframework.security.access.vote.AffirmativeBased@5e975953'
15:44:18.929 [Test worker] DEBUG o.s.b.f.s.DefaultListableBeanFactory - Returning cached instance of singleton bean 'org.springframework.transaction.config.internalTransactionAdvisor'
15:44:18.929 [Test worker] DEBUG o.s.b.f.s.DefaultListableBeanFactory - Returning cached instance of singleton bean 'org.springframework.transaction.config.internalTransactionAdvisor'
15:44:18.930 [Test worker] DEBUG o.s.s.w.a.i.FilterSecurityInterceptor - Validated configuration attributes
15:44:18.933 [Test worker] DEBUG o.s.b.f.s.DefaultListableBeanFactory - Invoking afterPropertiesSet() on bean with name 'org.springframework.security.web.access.intercept.FilterSecurityInterceptor@700817db'
15:44:18.933 [Test worker] DEBUG o.s.s.w.a.i.FilterSecurityInterceptor - Validated configuration attributes
15:44:18.933 [Test worker] DEBUG o.s.b.f.s.DefaultListableBeanFactory - Returning cached instance of singleton bean 'org.springframework.transaction.config.internalTransactionAdvisor'
15:44:18.933 [Test worker] DEBUG o.s.b.f.s.DefaultListableBeanFactory - Returning cached instance of singleton bean 'org.springframework.transaction.config.internalTransactionAdvisor'
15:44:18.934 [Test worker] INFO  o.s.s.web.DefaultSecurityFilterChain - Creating filter chain: OrRequestMatcher [requestMatchers=[Ant [pattern='/**']]], [org.springframework.security.web.context.request.async.WebAsyncManagerIntegrationFilter@275a5ac6, org.springframework.security.web.context.SecurityContextPersistenceFilter@6046ebce, org.springframework.security.web.header.HeaderWriterFilter@34daee0f, org.springframework.security.web.authentication.logout.LogoutFilter@1be9fa7c, org.springframework.security.web.authentication.www.BasicAuthenticationFilter@184cffbe, org.springframework.security.web.savedrequest.RequestCacheAwareFilter@39b7b975, org.springframework.security.web.servletapi.SecurityContextHolderAwareRequestFilter@4f11f52a, org.springframework.security.web.authentication.AnonymousAuthenticationFilter@792e76da, org.springframework.security.web.session.SessionManagementFilter@edc9cb0, org.springframework.security.web.access.ExceptionTranslationFilter@6b15e67c, org.springframework.security.web.access.intercept.FilterSecurityInterceptor@700817db]
15:44:18.952 [Test worker] DEBUG o.s.w.c.s.StandardServletEnvironment - Adding [servletConfigInitParams] PropertySource with lowest search precedence
15:44:18.952 [Test worker] DEBUG o.s.w.c.s.StandardServletEnvironment - Adding [servletContextInitParams] PropertySource with lowest search precedence
15:44:18.952 [Test worker] DEBUG o.s.w.c.s.StandardServletEnvironment - Adding [systemProperties] PropertySource with lowest search precedence
15:44:18.952 [Test worker] DEBUG o.s.w.c.s.StandardServletEnvironment - Adding [systemEnvironment] PropertySource with lowest search precedence
15:44:18.952 [Test worker] DEBUG o.s.w.c.s.StandardServletEnvironment - Initialized StandardServletEnvironment with PropertySources [servletConfigInitParams,servletContextInitParams,systemProperties,systemEnvironment]
15:44:18.960 [Test worker] DEBUG o.s.b.f.s.DefaultListableBeanFactory - Eagerly caching bean 'springSecurityFilterChain' to allow for resolving potential circular references
15:44:18.965 [Test worker] DEBUG o.s.b.f.s.DefaultListableBeanFactory - Invoking afterPropertiesSet() on bean with name 'springSecurityFilterChain'
15:44:18.965 [Test worker] DEBUG o.s.b.f.s.DefaultListableBeanFactory - Returning cached instance of singleton bean 'org.springframework.transaction.config.internalTransactionAdvisor'
15:44:18.965 [Test worker] DEBUG o.s.b.f.s.DefaultListableBeanFactory - Returning cached instance of singleton bean 'org.springframework.transaction.config.internalTransactionAdvisor'
15:44:18.966 [Test worker] DEBUG o.s.b.f.s.DefaultListableBeanFactory - Finished creating instance of bean 'springSecurityFilterChain'
15:44:18.966 [Test worker] DEBUG o.s.b.f.s.DefaultListableBeanFactory - Creating shared instance of singleton bean 'webSecurityExpressionHandler'
15:44:18.966 [Test worker] DEBUG o.s.b.f.s.DefaultListableBeanFactory - Creating instance of bean 'webSecurityExpressionHandler'
15:44:18.966 [Test worker] DEBUG o.s.b.f.s.DefaultListableBeanFactory - Returning cached instance of singleton bean 'org.springframework.security.config.annotation.web.configuration.WebSecurityConfiguration'
15:44:18.967 [Test worker] DEBUG o.s.b.f.s.DefaultListableBeanFactory - Eagerly caching bean 'webSecurityExpressionHandler' to allow for resolving potential circular references
15:44:18.978 [Test worker] DEBUG o.s.b.f.s.DefaultListableBeanFactory - Finished creating instance of bean 'webSecurityExpressionHandler'
15:44:18.978 [Test worker] DEBUG o.s.b.f.s.DefaultListableBeanFactory - Returning cached instance of singleton bean 'springSecurityFilterChain'
15:44:18.978 [Test worker] DEBUG o.s.b.f.s.DefaultListableBeanFactory - Returning cached instance of singleton bean 'springSecurityFilterChain'
15:44:18.978 [Test worker] DEBUG o.s.b.f.s.DefaultListableBeanFactory - Creating shared instance of singleton bean 'privilegeEvaluator'
15:44:18.978 [Test worker] DEBUG o.s.b.f.s.DefaultListableBeanFactory - Creating instance of bean 'privilegeEvaluator'
15:44:18.978 [Test worker] DEBUG o.s.b.f.s.DefaultListableBeanFactory - Returning cached instance of singleton bean 'org.springframework.transaction.config.internalTransactionAdvisor'
15:44:18.978 [Test worker] DEBUG o.s.b.f.s.DefaultListableBeanFactory - Returning cached instance of singleton bean 'org.springframework.security.config.annotation.web.configuration.WebSecurityConfiguration'
15:44:18.980 [Test worker] DEBUG o.s.b.f.s.DefaultListableBeanFactory - Eagerly caching bean 'privilegeEvaluator' to allow for resolving potential circular references
15:44:18.986 [Test worker] DEBUG o.s.b.f.s.DefaultListableBeanFactory - Returning cached instance of singleton bean 'org.springframework.transaction.config.internalTransactionAdvisor'
15:44:18.986 [Test worker] DEBUG o.s.b.f.s.DefaultListableBeanFactory - Returning cached instance of singleton bean 'org.springframework.transaction.config.internalTransactionAdvisor'
15:44:18.988 [Test worker] DEBUG o.s.b.f.s.DefaultListableBeanFactory - Finished creating instance of bean 'privilegeEvaluator'
15:44:18.988 [Test worker] DEBUG o.s.b.f.s.DefaultListableBeanFactory - Returning cached instance of singleton bean 'autowiredWebSecurityConfigurersIgnoreParents'
15:44:18.988 [Test worker] DEBUG o.s.b.f.s.DefaultListableBeanFactory - Returning cached instance of singleton bean 'org.springframework.security.config.annotation.configuration.ObjectPostProcessorConfiguration'
15:44:18.988 [Test worker] DEBUG o.s.b.f.s.DefaultListableBeanFactory - Returning cached instance of singleton bean 'objectPostProcessor'
15:44:18.988 [Test worker] DEBUG o.s.b.f.s.DefaultListableBeanFactory - Returning cached instance of singleton bean 'org.springframework.security.config.annotation.web.servlet.configuration.WebMvcSecurityConfiguration'
15:44:18.988 [Test worker] DEBUG o.s.b.f.s.DefaultListableBeanFactory - Creating shared instance of singleton bean 'requestDataValueProcessor'
15:44:18.988 [Test worker] DEBUG o.s.b.f.s.DefaultListableBeanFactory - Creating instance of bean 'requestDataValueProcessor'
15:44:18.988 [Test worker] DEBUG o.s.b.f.s.DefaultListableBeanFactory - Returning cached instance of singleton bean 'org.springframework.transaction.config.internalTransactionAdvisor'
15:44:18.989 [Test worker] DEBUG o.s.b.f.s.DefaultListableBeanFactory - Returning cached instance of singleton bean 'org.springframework.security.config.annotation.web.servlet.configuration.WebMvcSecurityConfiguration'
15:44:19.001 [Test worker] DEBUG o.s.b.f.s.DefaultListableBeanFactory - Eagerly caching bean 'requestDataValueProcessor' to allow for resolving potential circular references
15:44:19.010 [Test worker] DEBUG o.s.b.f.s.DefaultListableBeanFactory - Returning cached instance of singleton bean 'org.springframework.transaction.config.internalTransactionAdvisor'
15:44:19.010 [Test worker] DEBUG o.s.b.f.s.DefaultListableBeanFactory - Returning cached instance of singleton bean 'org.springframework.transaction.config.internalTransactionAdvisor'
15:44:19.011 [Test worker] DEBUG o.s.b.f.s.DefaultListableBeanFactory - Finished creating instance of bean 'requestDataValueProcessor'
15:44:19.011 [Test worker] DEBUG o.s.b.f.s.DefaultListableBeanFactory - Returning cached instance of singleton bean 'org.springframework.boot.autoconfigure.security.SpringBootWebSecurityConfiguration$WebMvcSecurityConfigurationConditions$DefaultWebMvcSecurityConfiguration'
15:44:19.011 [Test worker] DEBUG o.s.b.f.s.DefaultListableBeanFactory - Creating shared instance of singleton bean 'org.springframework.boot.autoconfigure.security.SpringBootWebSecurityConfiguration$WebMvcSecurityConfigurationConditions'
15:44:19.011 [Test worker] DEBUG o.s.b.f.s.DefaultListableBeanFactory - Creating instance of bean 'org.springframework.boot.autoconfigure.security.SpringBootWebSecurityConfiguration$WebMvcSecurityConfigurationConditions'
15:44:19.011 [Test worker] DEBUG o.s.b.f.s.DefaultListableBeanFactory - Returning cached instance of singleton bean 'org.springframework.transaction.config.internalTransactionAdvisor'
15:44:19.012 [Test worker] DEBUG o.s.b.f.s.DefaultListableBeanFactory - Eagerly caching bean 'org.springframework.boot.autoconfigure.security.SpringBootWebSecurityConfiguration$WebMvcSecurityConfigurationConditions' to allow for resolving potential circular references
15:44:19.019 [Test worker] DEBUG o.s.b.f.s.DefaultListableBeanFactory - Returning cached instance of singleton bean 'org.springframework.transaction.config.internalTransactionAdvisor'
15:44:19.019 [Test worker] DEBUG o.s.b.f.s.DefaultListableBeanFactory - Returning cached instance of singleton bean 'org.springframework.transaction.config.internalTransactionAdvisor'
15:44:19.021 [Test worker] DEBUG o.s.b.f.s.DefaultListableBeanFactory - Finished creating instance of bean 'org.springframework.boot.autoconfigure.security.SpringBootWebSecurityConfiguration$WebMvcSecurityConfigurationConditions'
15:44:19.021 [Test worker] DEBUG o.s.b.f.s.DefaultListableBeanFactory - Returning cached instance of singleton bean 'org.springframework.boot.autoconfigure.security.SpringBootWebSecurityConfiguration'
15:44:19.021 [Test worker] DEBUG o.s.b.f.s.DefaultListableBeanFactory - Returning cached instance of singleton bean 'ignoredPathsWebSecurityConfigurerAdapter'
15:44:19.021 [Test worker] DEBUG o.s.b.f.s.DefaultListableBeanFactory - Creating shared instance of singleton bean 'securityFilterChainRegistration'
15:44:19.021 [Test worker] DEBUG o.s.b.f.s.DefaultListableBeanFactory - Creating instance of bean 'securityFilterChainRegistration'
15:44:19.021 [Test worker] DEBUG o.s.b.f.s.DefaultListableBeanFactory - Returning cached instance of singleton bean 'org.springframework.transaction.config.internalTransactionAdvisor'
15:44:19.021 [Test worker] DEBUG o.s.b.f.s.DefaultListableBeanFactory - Returning cached instance of singleton bean 'org.springframework.boot.autoconfigure.security.SpringBootWebSecurityConfiguration'
15:44:19.024 [Test worker] DEBUG o.s.b.f.s.DefaultListableBeanFactory - Returning cached instance of singleton bean 'springSecurityFilterChain'
15:44:19.025 [Test worker] DEBUG o.s.b.f.s.DefaultListableBeanFactory - Returning cached instance of singleton bean 'securityProperties'
15:44:19.025 [Test worker] DEBUG o.s.b.f.s.DefaultListableBeanFactory - Autowiring by type from bean name 'securityFilterChainRegistration' via factory method to bean named 'springSecurityFilterChain'
15:44:19.025 [Test worker] DEBUG o.s.b.f.s.DefaultListableBeanFactory - Autowiring by type from bean name 'securityFilterChainRegistration' via factory method to bean named 'securityProperties'
15:44:19.028 [Test worker] DEBUG o.s.b.f.s.DefaultListableBeanFactory - Eagerly caching bean 'securityFilterChainRegistration' to allow for resolving potential circular references
15:44:19.033 [Test worker] DEBUG o.s.b.f.s.DefaultListableBeanFactory - Returning cached instance of singleton bean 'org.springframework.transaction.config.internalTransactionAdvisor'
15:44:19.033 [Test worker] DEBUG o.s.b.f.s.DefaultListableBeanFactory - Returning cached instance of singleton bean 'org.springframework.transaction.config.internalTransactionAdvisor'
15:44:19.033 [Test worker] DEBUG o.s.b.f.s.DefaultListableBeanFactory - Finished creating instance of bean 'securityFilterChainRegistration'
15:44:19.034 [Test worker] DEBUG o.s.b.f.s.DefaultListableBeanFactory - Creating shared instance of singleton bean 'org.springframework.boot.autoconfigure.security.AuthenticationManagerConfiguration$AuthenticationManagerConfigurationListener'
15:44:19.034 [Test worker] DEBUG o.s.b.f.s.DefaultListableBeanFactory - Creating instance of bean 'org.springframework.boot.autoconfigure.security.AuthenticationManagerConfiguration$AuthenticationManagerConfigurationListener'
15:44:19.034 [Test worker] DEBUG o.s.b.f.s.DefaultListableBeanFactory - Returning cached instance of singleton bean 'org.springframework.transaction.config.internalTransactionAdvisor'
15:44:19.035 [Test worker] DEBUG o.s.b.f.annotation.InjectionMetadata - Registered injected element on class [org.springframework.boot.autoconfigure.security.AuthenticationManagerConfiguration$AuthenticationManagerConfigurationListener]: AutowiredFieldElement for private org.springframework.security.authentication.AuthenticationEventPublisher org.springframework.boot.autoconfigure.security.AuthenticationManagerConfiguration$AuthenticationManagerConfigurationListener.eventPublisher
15:44:19.035 [Test worker] DEBUG o.s.b.f.annotation.InjectionMetadata - Registered injected element on class [org.springframework.boot.autoconfigure.security.AuthenticationManagerConfiguration$AuthenticationManagerConfigurationListener]: AutowiredFieldElement for private org.springframework.context.ApplicationContext org.springframework.boot.autoconfigure.security.AuthenticationManagerConfiguration$AuthenticationManagerConfigurationListener.context
15:44:19.035 [Test worker] DEBUG o.s.b.f.s.DefaultListableBeanFactory - Eagerly caching bean 'org.springframework.boot.autoconfigure.security.AuthenticationManagerConfiguration$AuthenticationManagerConfigurationListener' to allow for resolving potential circular references
15:44:19.038 [Test worker] DEBUG o.s.b.f.annotation.InjectionMetadata - Processing injected element of bean 'org.springframework.boot.autoconfigure.security.AuthenticationManagerConfiguration$AuthenticationManagerConfigurationListener': AutowiredFieldElement for private org.springframework.security.authentication.AuthenticationEventPublisher org.springframework.boot.autoconfigure.security.AuthenticationManagerConfiguration$AuthenticationManagerConfigurationListener.eventPublisher
15:44:19.039 [Test worker] DEBUG o.s.b.f.s.DefaultListableBeanFactory - Creating shared instance of singleton bean 'authenticationEventPublisher'
15:44:19.039 [Test worker] DEBUG o.s.b.f.s.DefaultListableBeanFactory - Creating instance of bean 'authenticationEventPublisher'
15:44:19.039 [Test worker] DEBUG o.s.b.f.s.DefaultListableBeanFactory - Returning cached instance of singleton bean 'org.springframework.transaction.config.internalTransactionAdvisor'
15:44:19.039 [Test worker] DEBUG o.s.b.f.s.DefaultListableBeanFactory - Returning cached instance of singleton bean 'org.springframework.boot.autoconfigure.security.SecurityAutoConfiguration'
15:44:19.041 [Test worker] DEBUG o.s.b.f.s.DefaultListableBeanFactory - Autowiring by type from bean name 'authenticationEventPublisher' via factory method to bean named 'org.springframework.web.context.support.GenericWebApplicationContext@69735d79'
15:44:19.042 [Test worker] DEBUG o.s.b.f.s.DefaultListableBeanFactory - Eagerly caching bean 'authenticationEventPublisher' to allow for resolving potential circular references
15:44:19.046 [Test worker] DEBUG o.s.b.f.s.DefaultListableBeanFactory - Returning cached instance of singleton bean 'org.springframework.transaction.config.internalTransactionAdvisor'
15:44:19.046 [Test worker] DEBUG o.s.b.f.s.DefaultListableBeanFactory - Returning cached instance of singleton bean 'org.springframework.transaction.config.internalTransactionAdvisor'
15:44:19.046 [Test worker] DEBUG o.s.b.f.s.DefaultListableBeanFactory - Finished creating instance of bean 'authenticationEventPublisher'
15:44:19.046 [Test worker] DEBUG o.s.b.f.a.AutowiredAnnotationBeanPostProcessor - Autowiring by type from bean name 'org.springframework.boot.autoconfigure.security.AuthenticationManagerConfiguration$AuthenticationManagerConfigurationListener' to bean named 'authenticationEventPublisher'
15:44:19.046 [Test worker] DEBUG o.s.b.f.annotation.InjectionMetadata - Processing injected element of bean 'org.springframework.boot.autoconfigure.security.AuthenticationManagerConfiguration$AuthenticationManagerConfigurationListener': AutowiredFieldElement for private org.springframework.context.ApplicationContext org.springframework.boot.autoconfigure.security.AuthenticationManagerConfiguration$AuthenticationManagerConfigurationListener.context
15:44:19.046 [Test worker] DEBUG o.s.b.f.a.AutowiredAnnotationBeanPostProcessor - Autowiring by type from bean name 'org.springframework.boot.autoconfigure.security.AuthenticationManagerConfiguration$AuthenticationManagerConfigurationListener' to bean named 'org.springframework.web.context.support.GenericWebApplicationContext@69735d79'
15:44:19.046 [Test worker] DEBUG o.s.b.f.s.DefaultListableBeanFactory - Returning cached instance of singleton bean 'org.springframework.transaction.config.internalTransactionAdvisor'
15:44:19.046 [Test worker] DEBUG o.s.b.f.s.DefaultListableBeanFactory - Returning cached instance of singleton bean 'org.springframework.transaction.config.internalTransactionAdvisor'
15:44:19.047 [Test worker] DEBUG o.s.b.f.s.DefaultListableBeanFactory - Finished creating instance of bean 'org.springframework.boot.autoconfigure.security.AuthenticationManagerConfiguration$AuthenticationManagerConfigurationListener'
15:44:19.047 [Test worker] DEBUG o.s.b.f.s.DefaultListableBeanFactory - Creating shared instance of singleton bean 'org.springframework.boot.autoconfigure.security.AuthenticationManagerConfiguration'
15:44:19.047 [Test worker] DEBUG o.s.b.f.s.DefaultListableBeanFactory - Creating instance of bean 'org.springframework.boot.autoconfigure.security.AuthenticationManagerConfiguration'
15:44:19.047 [Test worker] DEBUG o.s.b.f.s.DefaultListableBeanFactory - Returning cached instance of singleton bean 'org.springframework.transaction.config.internalTransactionAdvisor'
15:44:19.048 [Test worker] DEBUG o.s.b.f.annotation.InjectionMetadata - Registered injected element on class [org.springframework.boot.autoconfigure.security.AuthenticationManagerConfiguration$$EnhancerBySpringCGLIB$$33d74d1d]: AutowiredFieldElement for private java.util.List org.springframework.boot.autoconfigure.security.AuthenticationManagerConfiguration.dependencies
15:44:19.048 [Test worker] DEBUG o.s.b.f.s.DefaultListableBeanFactory - Eagerly caching bean 'org.springframework.boot.autoconfigure.security.AuthenticationManagerConfiguration' to allow for resolving potential circular references
15:44:19.055 [Test worker] DEBUG o.s.b.f.annotation.InjectionMetadata - Processing injected element of bean 'org.springframework.boot.autoconfigure.security.AuthenticationManagerConfiguration': AutowiredFieldElement for private java.util.List org.springframework.boot.autoconfigure.security.AuthenticationManagerConfiguration.dependencies
15:44:19.055 [Test worker] DEBUG o.s.b.f.s.DefaultListableBeanFactory - Returning cached instance of singleton bean 'securityProperties'
15:44:19.056 [Test worker] DEBUG o.s.b.f.a.AutowiredAnnotationBeanPostProcessor - Autowiring by type from bean name 'org.springframework.boot.autoconfigure.security.AuthenticationManagerConfiguration' to bean named 'securityProperties'
15:44:19.057 [Test worker] DEBUG o.s.b.f.s.DefaultListableBeanFactory - Returning cached instance of singleton bean 'org.springframework.transaction.config.internalTransactionAdvisor'
15:44:19.057 [Test worker] DEBUG o.s.b.f.s.DefaultListableBeanFactory - Returning cached instance of singleton bean 'org.springframework.transaction.config.internalTransactionAdvisor'
15:44:19.058 [Test worker] DEBUG o.s.b.f.s.DefaultListableBeanFactory - Finished creating instance of bean 'org.springframework.boot.autoconfigure.security.AuthenticationManagerConfiguration'
15:44:19.058 [Test worker] DEBUG o.s.b.f.s.DefaultListableBeanFactory - Creating shared instance of singleton bean 'authenticationManager'
15:44:19.058 [Test worker] DEBUG o.s.b.f.s.DefaultListableBeanFactory - Creating instance of bean 'authenticationManager'
15:44:19.058 [Test worker] DEBUG o.s.b.f.s.DefaultListableBeanFactory - Returning cached instance of singleton bean 'org.springframework.transaction.config.internalTransactionAdvisor'
15:44:19.058 [Test worker] DEBUG o.s.b.f.s.DefaultListableBeanFactory - Returning cached instance of singleton bean 'org.springframework.boot.autoconfigure.security.AuthenticationManagerConfiguration'
15:44:19.059 [Test worker] DEBUG o.s.b.f.s.DefaultListableBeanFactory - Returning cached instance of singleton bean 'org.springframework.security.config.annotation.authentication.configuration.AuthenticationConfiguration'
15:44:19.059 [Test worker] DEBUG o.s.b.f.s.DefaultListableBeanFactory - Autowiring by type from bean name 'authenticationManager' via factory method to bean named 'org.springframework.security.config.annotation.authentication.configuration.AuthenticationConfiguration'
15:44:19.064 [Test worker] DEBUG o.s.b.f.s.DefaultListableBeanFactory - Eagerly caching bean 'authenticationManager' to allow for resolving potential circular references
15:44:19.068 [Test worker] DEBUG o.s.b.f.s.DefaultListableBeanFactory - Invoking afterPropertiesSet() on bean with name 'authenticationManager'
15:44:19.068 [Test worker] DEBUG o.s.b.f.s.DefaultListableBeanFactory - Returning cached instance of singleton bean 'org.springframework.transaction.config.internalTransactionAdvisor'
15:44:19.068 [Test worker] DEBUG o.s.b.f.s.DefaultListableBeanFactory - Returning cached instance of singleton bean 'org.springframework.transaction.config.internalTransactionAdvisor'
15:44:19.068 [Test worker] DEBUG o.s.b.f.s.DefaultListableBeanFactory - Finished creating instance of bean 'authenticationManager'
15:44:19.068 [Test worker] DEBUG o.s.b.f.s.DefaultListableBeanFactory - Returning cached instance of singleton bean 'springBootAuthenticationConfigurerAdapter'
15:44:19.068 [Test worker] DEBUG o.s.b.f.s.DefaultListableBeanFactory - Creating shared instance of singleton bean 'org.springframework.boot.autoconfigure.security.BootGlobalAuthenticationConfiguration'
15:44:19.068 [Test worker] DEBUG o.s.b.f.s.DefaultListableBeanFactory - Creating instance of bean 'org.springframework.boot.autoconfigure.security.BootGlobalAuthenticationConfiguration'
15:44:19.068 [Test worker] DEBUG o.s.b.f.s.DefaultListableBeanFactory - Returning cached instance of singleton bean 'org.springframework.transaction.config.internalTransactionAdvisor'
15:44:19.069 [Test worker] DEBUG o.s.b.f.s.DefaultListableBeanFactory - Eagerly caching bean 'org.springframework.boot.autoconfigure.security.BootGlobalAuthenticationConfiguration' to allow for resolving potential circular references
15:44:19.075 [Test worker] DEBUG o.s.b.f.s.DefaultListableBeanFactory - Returning cached instance of singleton bean 'org.springframework.transaction.config.internalTransactionAdvisor'
15:44:19.075 [Test worker] DEBUG o.s.b.f.s.DefaultListableBeanFactory - Returning cached instance of singleton bean 'org.springframework.transaction.config.internalTransactionAdvisor'
15:44:19.076 [Test worker] DEBUG o.s.b.f.s.DefaultListableBeanFactory - Finished creating instance of bean 'org.springframework.boot.autoconfigure.security.BootGlobalAuthenticationConfiguration'
15:44:19.076 [Test worker] DEBUG o.s.b.f.s.DefaultListableBeanFactory - Returning cached instance of singleton bean 'bootGlobalAuthenticationConfigurationAdapter'
15:44:19.076 [Test worker] DEBUG o.s.b.f.s.DefaultListableBeanFactory - Returning cached instance of singleton bean 'org.springframework.boot.autoconfigure.security.SecurityAutoConfiguration'
15:44:19.076 [Test worker] DEBUG o.s.b.f.s.DefaultListableBeanFactory - Returning cached instance of singleton bean 'authenticationEventPublisher'
15:44:19.076 [Test worker] DEBUG o.s.b.f.s.DefaultListableBeanFactory - Returning cached instance of singleton bean 'securityProperties'
15:44:19.076 [Test worker] DEBUG o.s.b.f.s.DefaultListableBeanFactory - Creating shared instance of singleton bean 'org.springframework.boot.autoconfigure.web.HttpEncodingAutoConfiguration'
15:44:19.076 [Test worker] DEBUG o.s.b.f.s.DefaultListableBeanFactory - Creating instance of bean 'org.springframework.boot.autoconfigure.web.HttpEncodingAutoConfiguration'
15:44:19.076 [Test worker] DEBUG o.s.b.f.s.DefaultListableBeanFactory - Returning cached instance of singleton bean 'org.springframework.transaction.config.internalTransactionAdvisor'
15:44:19.077 [Test worker] DEBUG o.s.b.f.annotation.InjectionMetadata - Registered injected element on class [org.springframework.boot.autoconfigure.web.HttpEncodingAutoConfiguration$$EnhancerBySpringCGLIB$$5dc37a40]: AutowiredFieldElement for private org.springframework.boot.autoconfigure.web.HttpEncodingProperties org.springframework.boot.autoconfigure.web.HttpEncodingAutoConfiguration.httpEncodingProperties
15:44:19.077 [Test worker] DEBUG o.s.b.f.s.DefaultListableBeanFactory - Eagerly caching bean 'org.springframework.boot.autoconfigure.web.HttpEncodingAutoConfiguration' to allow for resolving potential circular references
15:44:19.086 [Test worker] DEBUG o.s.b.f.annotation.InjectionMetadata - Processing injected element of bean 'org.springframework.boot.autoconfigure.web.HttpEncodingAutoConfiguration': AutowiredFieldElement for private org.springframework.boot.autoconfigure.web.HttpEncodingProperties org.springframework.boot.autoconfigure.web.HttpEncodingAutoConfiguration.httpEncodingProperties
15:44:19.088 [Test worker] DEBUG o.s.b.f.s.DefaultListableBeanFactory - Returning cached instance of singleton bean 'spring.http.encoding.CONFIGURATION_PROPERTIES'
15:44:19.088 [Test worker] DEBUG o.s.b.f.a.AutowiredAnnotationBeanPostProcessor - Autowiring by type from bean name 'org.springframework.boot.autoconfigure.web.HttpEncodingAutoConfiguration' to bean named 'spring.http.encoding.CONFIGURATION_PROPERTIES'
15:44:19.089 [Test worker] DEBUG o.s.b.f.s.DefaultListableBeanFactory - Returning cached instance of singleton bean 'org.springframework.transaction.config.internalTransactionAdvisor'
15:44:19.089 [Test worker] DEBUG o.s.b.f.s.DefaultListableBeanFactory - Returning cached instance of singleton bean 'org.springframework.transaction.config.internalTransactionAdvisor'
15:44:19.089 [Test worker] DEBUG o.s.b.f.s.DefaultListableBeanFactory - Finished creating instance of bean 'org.springframework.boot.autoconfigure.web.HttpEncodingAutoConfiguration'
15:44:19.089 [Test worker] DEBUG o.s.b.f.s.DefaultListableBeanFactory - Creating shared instance of singleton bean 'characterEncodingFilter'
15:44:19.089 [Test worker] DEBUG o.s.b.f.s.DefaultListableBeanFactory - Creating instance of bean 'characterEncodingFilter'
15:44:19.089 [Test worker] DEBUG o.s.b.f.s.DefaultListableBeanFactory - Returning cached instance of singleton bean 'org.springframework.transaction.config.internalTransactionAdvisor'
15:44:19.090 [Test worker] DEBUG o.s.b.f.s.DefaultListableBeanFactory - Returning cached instance of singleton bean 'org.springframework.boot.autoconfigure.web.HttpEncodingAutoConfiguration'
15:44:19.094 [Test worker] DEBUG o.s.w.c.s.StandardServletEnvironment - Adding [servletConfigInitParams] PropertySource with lowest search precedence
15:44:19.094 [Test worker] DEBUG o.s.w.c.s.StandardServletEnvironment - Adding [servletContextInitParams] PropertySource with lowest search precedence
15:44:19.094 [Test worker] DEBUG o.s.w.c.s.StandardServletEnvironment - Adding [systemProperties] PropertySource with lowest search precedence
15:44:19.094 [Test worker] DEBUG o.s.w.c.s.StandardServletEnvironment - Adding [systemEnvironment] PropertySource with lowest search precedence
15:44:19.094 [Test worker] DEBUG o.s.w.c.s.StandardServletEnvironment - Initialized StandardServletEnvironment with PropertySources [servletConfigInitParams,servletContextInitParams,systemProperties,systemEnvironment]
15:44:19.095 [Test worker] DEBUG o.s.b.f.s.DefaultListableBeanFactory - Eagerly caching bean 'characterEncodingFilter' to allow for resolving potential circular references
15:44:19.106 [Test worker] DEBUG o.s.b.f.s.DefaultListableBeanFactory - Invoking afterPropertiesSet() on bean with name 'characterEncodingFilter'
15:44:19.106 [Test worker] DEBUG o.s.b.f.s.DefaultListableBeanFactory - Returning cached instance of singleton bean 'org.springframework.transaction.config.internalTransactionAdvisor'
15:44:19.106 [Test worker] DEBUG o.s.b.f.s.DefaultListableBeanFactory - Returning cached instance of singleton bean 'org.springframework.transaction.config.internalTransactionAdvisor'
15:44:19.106 [Test worker] DEBUG o.s.b.f.s.DefaultListableBeanFactory - Finished creating instance of bean 'characterEncodingFilter'
15:44:19.106 [Test worker] DEBUG o.s.b.f.s.DefaultListableBeanFactory - Returning cached instance of singleton bean 'org.springframework.boot.autoconfigure.web.MultipartAutoConfiguration'
15:44:19.106 [Test worker] DEBUG o.s.b.f.s.DefaultListableBeanFactory - Returning cached instance of singleton bean 'multipartConfigElement'
15:44:19.106 [Test worker] DEBUG o.s.b.f.s.DefaultListableBeanFactory - Creating shared instance of singleton bean 'multipartResolver'
15:44:19.107 [Test worker] DEBUG o.s.b.f.s.DefaultListableBeanFactory - Creating instance of bean 'multipartResolver'
15:44:19.107 [Test worker] DEBUG o.s.b.f.s.DefaultListableBeanFactory - Returning cached instance of singleton bean 'org.springframework.transaction.config.internalTransactionAdvisor'
15:44:19.107 [Test worker] DEBUG o.s.b.f.s.DefaultListableBeanFactory - Returning cached instance of singleton bean 'org.springframework.boot.autoconfigure.web.MultipartAutoConfiguration'
15:44:19.111 [Test worker] DEBUG o.s.b.f.s.DefaultListableBeanFactory - Eagerly caching bean 'multipartResolver' to allow for resolving potential circular references
15:44:19.114 [Test worker] DEBUG o.s.b.f.s.DefaultListableBeanFactory - Returning cached instance of singleton bean 'org.springframework.transaction.config.internalTransactionAdvisor'
15:44:19.114 [Test worker] DEBUG o.s.b.f.s.DefaultListableBeanFactory - Returning cached instance of singleton bean 'org.springframework.transaction.config.internalTransactionAdvisor'
15:44:19.115 [Test worker] DEBUG o.s.b.f.s.DefaultListableBeanFactory - Finished creating instance of bean 'multipartResolver'
15:44:19.115 [Test worker] DEBUG o.s.b.f.s.DefaultListableBeanFactory - Returning cached instance of singleton bean 'multipart.CONFIGURATION_PROPERTIES'
15:44:19.115 [Test worker] DEBUG o.s.b.f.s.DefaultListableBeanFactory - Returning cached instance of singleton bean 'org.springframework.boot.autoconfigure.web.ServerPropertiesAutoConfiguration'
15:44:19.115 [Test worker] DEBUG o.s.b.f.s.DefaultListableBeanFactory - Returning cached instance of singleton bean 'serverProperties'
15:44:19.115 [Test worker] INFO  o.s.j.e.a.AnnotationMBeanExporter - Registering beans for JMX exposure on startup
15:44:19.115 [Test worker] DEBUG o.s.j.e.a.AnnotationMBeanExporter - Autodetecting user-defined JMX MBeans
15:44:19.131 [Test worker] DEBUG o.s.b.f.s.DefaultListableBeanFactory - Returning cached instance of singleton bean 'authenticationManager'
15:44:19.133 [Test worker] DEBUG o.s.w.c.s.GenericWebApplicationContext - Unable to locate LifecycleProcessor with name 'lifecycleProcessor': using default [org.springframework.context.support.DefaultLifecycleProcessor@4bba8340]
15:44:19.135 [Test worker] DEBUG o.s.b.f.s.DefaultListableBeanFactory - Returning cached instance of singleton bean 'lifecycleProcessor'
15:44:19.139 [Test worker] DEBUG o.s.b.f.s.DefaultListableBeanFactory - Returning cached instance of singleton bean 'mvcResourceUrlProvider'
15:44:19.139 [Test worker] DEBUG o.s.b.f.s.DefaultListableBeanFactory - Returning cached instance of singleton bean 'delegatingApplicationListener'
15:44:19.139 [Test worker] DEBUG o.s.w.s.resource.ResourceUrlProvider - Looking for resource handler mappings
15:44:19.140 [Test worker] DEBUG o.s.b.f.s.DefaultListableBeanFactory - Returning cached instance of singleton bean 'resourceHandlerMapping'
15:44:19.140 [Test worker] DEBUG o.s.b.f.s.DefaultListableBeanFactory - Returning cached instance of singleton bean 'faviconHandlerMapping'
15:44:19.141 [Test worker] DEBUG o.s.w.s.resource.ResourceUrlProvider - Found resource handler mapping: URL pattern="/**/favicon.ico", locations=[class path resource [META-INF/resources/], class path resource [resources/], class path resource [static/], class path resource [public/], class path resource []], resolvers=[org.springframework.web.servlet.resource.PathResourceResolver@2ad8dc5a]
15:44:19.141 [Test worker] DEBUG o.s.w.s.resource.ResourceUrlProvider - Found resource handler mapping: URL pattern="/webjars/**", locations=[class path resource [META-INF/resources/webjars/]], resolvers=[org.springframework.web.servlet.resource.PathResourceResolver@34d2ff9]
15:44:19.141 [Test worker] DEBUG o.s.w.s.resource.ResourceUrlProvider - Found resource handler mapping: URL pattern="/**", locations=[ServletContext resource [/], class path resource [META-INF/resources/], class path resource [resources/], class path resource [static/], class path resource [public/]], resolvers=[org.springframework.web.servlet.resource.PathResourceResolver@77907589]
15:44:19.221 [Test worker] DEBUG o.s.c.e.PropertySourcesPropertyResolver - Searching for key 'spring.liveBeansView.mbeanDomain' in [servletConfigInitParams]
15:44:19.222 [Test worker] DEBUG o.s.c.e.PropertySourcesPropertyResolver - Searching for key 'spring.liveBeansView.mbeanDomain' in [servletContextInitParams]
15:44:19.222 [Test worker] DEBUG o.s.c.e.PropertySourcesPropertyResolver - Searching for key 'spring.liveBeansView.mbeanDomain' in [systemProperties]
15:44:19.222 [Test worker] DEBUG o.s.c.e.PropertySourcesPropertyResolver - Searching for key 'spring.liveBeansView.mbeanDomain' in [systemEnvironment]
15:44:19.222 [Test worker] DEBUG o.s.c.e.PropertySourcesPropertyResolver - Could not find key 'spring.liveBeansView.mbeanDomain' in any property source. Returning [null]
15:44:19.223 [Test worker] DEBUG o.s.t.c.DefaultCacheAwareContextLoaderDelegate - Storing ApplicationContext in cache under key [[WebMergedContextConfiguration@74bdc681 testClass = IndexControllerTest, locations = '{}', classes = '{class io.github.thisisnozaku.charactercreator.NeoneCoreApplication}', contextInitializerClasses = '[]', activeProfiles = '{}', propertySourceLocations = '{}', propertySourceProperties = '{}', resourceBasePath = 'src/main/webapp', contextLoader = 'org.springframework.test.context.web.WebDelegatingSmartContextLoader', parent = [null]]]
15:44:19.223 [Test worker] DEBUG o.springframework.test.context.cache - Spring test ApplicationContext cache statistics: [ContextCache@28b3be47 size = 1, hitCount = 0, missCount = 1, parentContextCount = 0]
15:44:19.223 [Test worker] DEBUG o.s.t.c.w.ServletTestExecutionListener - Setting up MockHttpServletRequest, MockHttpServletResponse, ServletWebRequest, and RequestContextHolder for test context [DefaultTestContext@112c28f testClass = IndexControllerTest, testInstance = io.github.thisisnozaku.charactercreator.controllers.IndexControllerTest@1c439e1e, testMethod = [null], testException = [null], mergedContextConfiguration = [WebMergedContextConfiguration@74bdc681 testClass = IndexControllerTest, locations = '{}', classes = '{class io.github.thisisnozaku.charactercreator.NeoneCoreApplication}', contextInitializerClasses = '[]', activeProfiles = '{}', propertySourceLocations = '{}', propertySourceProperties = '{}', resourceBasePath = 'src/main/webapp', contextLoader = 'org.springframework.test.context.web.WebDelegatingSmartContextLoader', parent = [null]]].
15:44:19.242 [Test worker] DEBUG o.s.t.c.s.DependencyInjectionTestExecutionListener - Performing dependency injection for test context [[DefaultTestContext@112c28f testClass = IndexControllerTest, testInstance = io.github.thisisnozaku.charactercreator.controllers.IndexControllerTest@1c439e1e, testMethod = [null], testException = [null], mergedContextConfiguration = [WebMergedContextConfiguration@74bdc681 testClass = IndexControllerTest, locations = '{}', classes = '{class io.github.thisisnozaku.charactercreator.NeoneCoreApplication}', contextInitializerClasses = '[]', activeProfiles = '{}', propertySourceLocations = '{}', propertySourceProperties = '{}', resourceBasePath = 'src/main/webapp', contextLoader = 'org.springframework.test.context.web.WebDelegatingSmartContextLoader', parent = [null]]]].
15:44:19.242 [Test worker] DEBUG o.s.t.c.DefaultCacheAwareContextLoaderDelegate - Retrieved ApplicationContext from cache with key [[WebMergedContextConfiguration@74bdc681 testClass = IndexControllerTest, locations = '{}', classes = '{class io.github.thisisnozaku.charactercreator.NeoneCoreApplication}', contextInitializerClasses = '[]', activeProfiles = '{}', propertySourceLocations = '{}', propertySourceProperties = '{}', resourceBasePath = 'src/main/webapp', contextLoader = 'org.springframework.test.context.web.WebDelegatingSmartContextLoader', parent = [null]]]
15:44:19.242 [Test worker] DEBUG o.springframework.test.context.cache - Spring test ApplicationContext cache statistics: [ContextCache@28b3be47 size = 1, hitCount = 1, missCount = 1, parentContextCount = 0]
15:44:19.317 [Test worker] DEBUG o.s.b.f.annotation.InjectionMetadata - Processing injected element of bean 'io.github.thisisnozaku.charactercreator.controllers.IndexControllerTest': AutowiredFieldElement for io.github.thisisnozaku.charactercreator.controllers.IndexController io.github.thisisnozaku.charactercreator.controllers.IndexControllerTest.controller
15:44:19.318 [Test worker] DEBUG o.s.b.f.s.DefaultListableBeanFactory - Returning cached instance of singleton bean 'indexController'
15:44:19.319 [Test worker] DEBUG o.s.b.f.a.AutowiredAnnotationBeanPostProcessor - Autowiring by type from bean name 'io.github.thisisnozaku.charactercreator.controllers.IndexControllerTest' to bean named 'indexController'
15:44:19.319 [Test worker] DEBUG o.s.b.f.s.DefaultListableBeanFactory - Returning cached instance of singleton bean 'org.springframework.transaction.config.internalTransactionAdvisor'
15:44:19.319 [Test worker] DEBUG o.s.b.f.s.DefaultListableBeanFactory - Returning cached instance of singleton bean 'org.springframework.transaction.config.internalTransactionAdvisor'
15:44:19.343 [Test worker] DEBUG o.s.core.env.StandardEnvironment - Adding [systemProperties] PropertySource with lowest search precedence
15:44:19.344 [Test worker] DEBUG o.s.core.env.StandardEnvironment - Adding [systemEnvironment] PropertySource with lowest search precedence
15:44:19.344 [Test worker] DEBUG o.s.core.env.StandardEnvironment - Initialized StandardEnvironment with PropertySources [systemProperties,systemEnvironment]
15:44:19.350 [Test worker] INFO  o.s.t.w.s.s.StandaloneMockMvcBuilder$StaticRequestMappingHandlerMapping - Mapped "{[/],methods=[GET]}" onto public org.springframework.web.servlet.ModelAndView io.github.thisisnozaku.charactercreator.controllers.IndexController.index()
15:44:19.366 [Test worker] DEBUG o.h.v.i.e.r.DefaultTraversableResolver - Found javax.persistence.Persistence on classpath containing 'getPersistenceUtil'. Assuming JPA 2 environment. Trying to instantiate JPA aware TraversableResolver
15:44:19.367 [Test worker] DEBUG o.h.v.i.e.r.DefaultTraversableResolver - Instantiated JPA aware TraversableResolver of type org.hibernate.validator.internal.engine.resolver.JPATraversableResolver.
15:44:19.367 [Test worker] DEBUG o.h.v.i.engine.ConfigurationImpl - Setting custom MessageInterpolator of type org.springframework.validation.beanvalidation.LocaleContextMessageInterpolator
15:44:19.367 [Test worker] DEBUG o.h.v.i.engine.ConfigurationImpl - Setting custom ParameterNameProvider of type com.sun.proxy.$Proxy45
15:44:19.368 [Test worker] DEBUG o.h.v.i.xml.ValidationXmlParser - Trying to load META-INF/validation.xml for XML based Validator configuration.
15:44:19.369 [Test worker] DEBUG o.h.v.i.xml.ValidationXmlParser - No META-INF/validation.xml found. Using annotation based configuration only.
15:44:19.373 [Test worker] INFO  o.s.w.s.m.m.a.RequestMappingHandlerAdapter - Looking for @ControllerAdvice: org.springframework.test.web.servlet.setup.StubWebApplicationContext@5dc6b820
15:44:19.388 [Test worker] DEBUG o.s.t.w.s.TestDispatcherServlet - Initializing servlet ''
15:44:19.390 [Test worker] DEBUG o.s.w.c.s.StandardServletEnvironment - Adding [servletConfigInitParams] PropertySource with lowest search precedence
15:44:19.390 [Test worker] DEBUG o.s.w.c.s.StandardServletEnvironment - Adding [servletContextInitParams] PropertySource with lowest search precedence
15:44:19.391 [Test worker] DEBUG o.s.w.c.s.StandardServletEnvironment - Adding [systemProperties] PropertySource with lowest search precedence
15:44:19.391 [Test worker] DEBUG o.s.w.c.s.StandardServletEnvironment - Adding [systemEnvironment] PropertySource with lowest search precedence
15:44:19.391 [Test worker] DEBUG o.s.w.c.s.StandardServletEnvironment - Initialized StandardServletEnvironment with PropertySources [servletConfigInitParams,servletContextInitParams,systemProperties,systemEnvironment]
15:44:19.391 [Test worker] INFO  o.s.mock.web.MockServletContext - Initializing Spring FrameworkServlet ''
15:44:19.391 [Test worker] INFO  o.s.t.w.s.TestDispatcherServlet - FrameworkServlet '': initialization started
15:44:19.392 [Test worker] DEBUG o.s.t.w.s.TestDispatcherServlet - Unable to locate MultipartResolver with name 'multipartResolver': no multipart request handling provided
15:44:19.392 [Test worker] DEBUG o.s.t.w.s.TestDispatcherServlet - Using LocaleResolver [org.springframework.web.servlet.i18n.AcceptHeaderLocaleResolver@4323e3d9]
15:44:19.393 [Test worker] DEBUG o.s.t.w.s.TestDispatcherServlet - Using ThemeResolver [org.springframework.web.servlet.theme.FixedThemeResolver@77ecb2b0]
15:44:19.393 [Test worker] DEBUG o.s.t.w.s.TestDispatcherServlet - Using RequestToViewNameTranslator [org.springframework.web.servlet.view.DefaultRequestToViewNameTranslator@7789e4cc]
15:44:19.393 [Test worker] DEBUG o.s.t.w.s.TestDispatcherServlet - Using FlashMapManager [org.springframework.web.servlet.support.SessionFlashMapManager@65916f3f]
15:44:19.393 [Test worker] DEBUG o.s.t.w.s.TestDispatcherServlet - Published WebApplicationContext of servlet '' as ServletContext attribute with name [org.springframework.web.servlet.FrameworkServlet.CONTEXT.]
15:44:19.394 [Test worker] INFO  o.s.t.w.s.TestDispatcherServlet - FrameworkServlet '': initialization completed in 2 ms
15:44:19.394 [Test worker] DEBUG o.s.t.w.s.TestDispatcherServlet - Servlet '' configured successfully
15:44:19.460 [Test worker] DEBUG o.s.t.w.s.TestDispatcherServlet - DispatcherServlet with name '' processing GET request for [/]
15:44:19.465 [Test worker] DEBUG o.s.t.w.s.s.StandaloneMockMvcBuilder$StaticRequestMappingHandlerMapping - Looking up handler method for path /
15:44:19.471 [Test worker] DEBUG o.s.t.w.s.s.StandaloneMockMvcBuilder$StaticRequestMappingHandlerMapping - Returning handler method [public org.springframework.web.servlet.ModelAndView io.github.thisisnozaku.charactercreator.controllers.IndexController.index()]
15:44:19.472 [Test worker] DEBUG o.s.t.w.s.TestDispatcherServlet - Last-Modified value for [/] is: -1
15:44:19.528 [Test worker] DEBUG o.s.t.w.s.TestDispatcherServlet - Rendering view [org.springframework.web.servlet.view.InternalResourceView: unnamed; URL [index]] in DispatcherServlet with name ''
15:44:19.528 [Test worker] DEBUG o.s.w.s.view.InternalResourceView - Forwarding to resource [index] in InternalResourceView 'null'
15:44:19.528 [Test worker] DEBUG o.s.mock.web.MockRequestDispatcher - MockRequestDispatcher: forwarding to [index]
15:44:19.528 [Test worker] DEBUG o.s.t.w.s.TestDispatcherServlet - Successfully completed request
15:44:19.543 [Test worker] DEBUG o.s.t.c.s.DirtiesContextTestExecutionListener - After test method: context [DefaultTestContext@112c28f testClass = IndexControllerTest, testInstance = io.github.thisisnozaku.charactercreator.controllers.IndexControllerTest@1c439e1e, testMethod = testGettingIndexUnauthenticated@IndexControllerTest, testException = java.lang.AssertionError, mergedContextConfiguration = [WebMergedContextConfiguration@74bdc681 testClass = IndexControllerTest, locations = '{}', classes = '{class io.github.thisisnozaku.charactercreator.NeoneCoreApplication}', contextInitializerClasses = '[]', activeProfiles = '{}', propertySourceLocations = '{}', propertySourceProperties = '{}', resourceBasePath = 'src/main/webapp', contextLoader = 'org.springframework.test.context.web.WebDelegatingSmartContextLoader', parent = [null]]], class dirties context [false], class mode [null], method dirties context [false].
15:44:19.545 [Test worker] DEBUG o.s.t.c.w.ServletTestExecutionListener - Resetting RequestContextHolder for test context [DefaultTestContext@112c28f testClass = IndexControllerTest, testInstance = io.github.thisisnozaku.charactercreator.controllers.IndexControllerTest@1c439e1e, testMethod = testGettingIndexUnauthenticated@IndexControllerTest, testException = java.lang.AssertionError, mergedContextConfiguration = [WebMergedContextConfiguration@74bdc681 testClass = IndexControllerTest, locations = '{}', classes = '{class io.github.thisisnozaku.charactercreator.NeoneCoreApplication}', contextInitializerClasses = '[]', activeProfiles = '{}', propertySourceLocations = '{}', propertySourceProperties = '{}', resourceBasePath = 'src/main/webapp', contextLoader = 'org.springframework.test.context.web.WebDelegatingSmartContextLoader', parent = [null]]].
15:44:19.549 [Test worker] DEBUG o.s.t.c.s.DirtiesContextTestExecutionListener - After test class: context [DefaultTestContext@112c28f testClass = IndexControllerTest, testInstance = [null], testMethod = [null], testException = [null], mergedContextConfiguration = [WebMergedContextConfiguration@74bdc681 testClass = IndexControllerTest, locations = '{}', classes = '{class io.github.thisisnozaku.charactercreator.NeoneCoreApplication}', contextInitializerClasses = '[]', activeProfiles = '{}', propertySourceLocations = '{}', propertySourceProperties = '{}', resourceBasePath = 'src/main/webapp', contextLoader = 'org.springframework.test.context.web.WebDelegatingSmartContextLoader', parent = [null]]], dirtiesContext [false].
]]></system-out>
  <system-err><![CDATA[]]></system-err>
</testsuite>
